Current configuration:
[NAME]		[DEFLT]	[VALUE]
-allphones	no	no
-cntthresh	0.00001	1.000000e-05
-csplitmax	100	2000
-csplitmin	1	1
-csplitthr	8e-4	0.000000e+00
-example	no	no
-fullvar	no	no
-help		no	no
-meanfn			/home/simone/Documenti/Elaborazione/project-NLP/model_parameters/android_db.cd_cont_untied/means
-mixwfn			/home/simone/Documenti/Elaborazione/project-NLP/model_parameters/android_db.cd_cont_untied/mixture_weights
-moddeffn		/home/simone/Documenti/Elaborazione/project-NLP/model_architecture/android_db.untied.mdef
-mwfloor	1e-4	1.000000e-08
-phone			n
-psetfn			/home/simone/Documenti/Elaborazione/project-NLP/model_architecture/android_db.tree_questions
-ssplitmax	5	7
-ssplitmin	1	1
-ssplitthr	8e-4	0.000000e+00
-state			2
-stwt			1.0,0.05,0.0,
-treefn			/home/simone/Documenti/Elaborazione/project-NLP/trees/android_db.unpruned/n-2.dtree
-ts2cbfn	.semi.	.cont.
-varfloor	0.00001	1.000000e-05
-varfn			/home/simone/Documenti/Elaborazione/project-NLP/model_parameters/android_db.cd_cont_untied/variances

INFO: main.c(223): Reading: /home/simone/Documenti/Elaborazione/project-NLP/model_architecture/android_db.untied.mdef
INFO: model_def_io.c(573): Model definition info:
INFO: model_def_io.c(574): 207 total models defined (27 base, 180 tri)
INFO: model_def_io.c(575): 828 total states
INFO: model_def_io.c(576): 621 total tied states
INFO: model_def_io.c(577): 81 total tied CI states
INFO: model_def_io.c(578): 27 total tied transition matrices
INFO: model_def_io.c(579): 4 max state/model
INFO: model_def_io.c(580): 4 min state/model
INFO: main.c(242): Building trees for [n a OO b] through [n u1 o i]
INFO: main.c(269): Covering states |[357 392]| == 36
INFO: main.c(275): Reading: /home/simone/Documenti/Elaborazione/project-NLP/model_parameters/android_db.cd_cont_untied/mixture_weights
INFO: s3mixw_io.c(173): Read /home/simone/Documenti/Elaborazione/project-NLP/model_parameters/android_db.cd_cont_untied/mixture_weights [36x1x1 array]
INFO: main.c(311): 12 of 12 models have observation count greater than 0.000010
INFO: main.c(95): nrm stwt: 0.000 0.048 0.952 
INFO: s3gau_io.c(169): Read /home/simone/Documenti/Elaborazione/project-NLP/model_parameters/android_db.cd_cont_untied/means [621x1x1 array]
INFO: s3gau_io.c(169): Read /home/simone/Documenti/Elaborazione/project-NLP/model_parameters/android_db.cd_cont_untied/variances [621x1x1 array]
INFO: main.c(549): Reading: /home/simone/Documenti/Elaborazione/project-NLP/model_architecture/android_db.tree_questions
INFO: main.c(588): 180 total simple questions (172 phone; 8 word bndry)
INFO: main.c(590): 42 Left Only questions, and 42 Right Only questions
INFO: dtree.c(1478): Final simple tree
|( QUESTION0_0_R 1 -1.784e+05 1.482e+03 8.205e+02
|    ( WDBNDRY_B 0 -5.305e+04 1.057e+03 2.363e+02
|        ( - -1.999e+04 3 0 QUESTION0 -1 1.171e+02 9.092e+01)
|        ( QUESTION0_2_R 1 -3.200e+04 5.528e+02 1.454e+02
|            ( - -9.993e+03 1 0)
|            ( QUESTION0_1_R 1 -2.145e+04 2.748e+02 9.860e+01
|                ( - -1.305e+04 1 0)
|                ( - -8.123e+03 1 0))))
|    ( QUESTION0 1 -1.239e+05 7.636e+02 5.842e+02
|        ( - -7.010e+04 1 0)
|        ( WDBNDRY_B 0 -5.300e+04 4.639e+02 2.545e+02
|            ( QUESTION0 -1 -3.453e+04 3.703e+02 1.671e+02
|                ( - -1.729e+04 1 0)
|                ( - -1.687e+04 2 0 QUESTION7 -1 1.566e+02 8.296e+01))
|            ( - -1.800e+04 2 0 QUESTION0 -1 2.083e+02 8.742e+01))))
s>    ( QUESTION0_0_R 1 -1.784e+05 1.482e+03 8.205e+02
s>        ( WDBNDRY_B 0 -5.305e+04 1.057e+03 2.363e+02
s>            ( - -1.999e+04 3 0 QUESTION0 -1 1.171e+02 9.092e+01)
s>            ( QUESTION0_2_R 1 -3.200e+04 5.528e+02 1.454e+02
s>                ( - -9.993e+03 1 0)
s>                ( QUESTION0_1_R 1 -2.145e+04 2.748e+02 9.860e+01
s>                    ( - -1.305e+04 1 0)
s>                    ( - -8.123e+03 1 0))))
s>        ( QUESTION0 1 -1.239e+05 7.636e+02 5.842e+02
s>            ( - -7.010e+04 1 0)
s>            ( WDBNDRY_B 0 -5.300e+04 4.639e+02 2.545e+02
s>                ( QUESTION0 -1 -3.453e+04 3.703e+02 1.671e+02
s>                    ( - -1.729e+04 1 0)
s>                    ( - -1.687e+04 2 0 QUESTION7 -1 1.566e+02 8.296e+01))
s>                ( - -1.800e+04 2 0 QUESTION0 -1 2.083e+02 8.742e+01))))INFO: dtree.c(1315): Comp split 0
INFO: dtree.c(1439): stop. leaf nodes are specific
INFO: dtree.c(1478): Final simple tree
|( QUESTION0_2_R 1 -3.200e+04 5.528e+02 1.454e+02
|    ( - -9.993e+03 1 0)
|    ( QUESTION0_1_R 1 -2.145e+04 2.748e+02 9.860e+01
|        ( - -1.305e+04 1 0)
|        ( - -8.123e+03 1 0)))
s>    ( QUESTION0_2_R 1 -3.200e+04 5.528e+02 1.454e+02
s>        ( - -9.993e+03 1 0)
s>        ( QUESTION0_1_R 1 -2.145e+04 2.748e+02 9.860e+01
s>            ( - -1.305e+04 1 0)
s>            ( - -8.123e+03 1 0)))INFO: dtree.c(1478): Final simple tree
|( QUESTION0_0_R 1 -1.448e+05 9.066e+02 6.751e+02
|    ( QUESTION0 -1 -1.999e+04 1.171e+02 9.092e+01
|        ( - -1.911e+04 2 0)
|        ( - -7.647e+02 1 0))
|    ( QUESTION0 1 -1.239e+05 7.636e+02 5.842e+02
|        ( - -7.010e+04 1 0)
|        ( WDBNDRY_B 0 -5.300e+04 4.639e+02 2.545e+02
|            ( QUESTION0 -1 -3.453e+04 3.703e+02 1.671e+02
|                ( - -1.729e+04 1 0)
|                ( QUESTION7 -1 -1.687e+04 1.566e+02 8.296e+01
|                    ( - -7.917e+03 1 0)
|                    ( - -8.799e+03 1 0)))
|            ( QUESTION0 -1 -1.800e+04 2.083e+02 8.742e+01
|                ( - -7.967e+03 1 0)
|                ( - -9.827e+03 1 0)))))
s>    ( QUESTION0_0_R 1 -1.448e+05 9.066e+02 6.751e+02
s>        ( QUESTION0 -1 -1.999e+04 1.171e+02 9.092e+01
s>            ( - -1.911e+04 2 0)
s>            ( - -7.647e+02 1 0))
s>        ( QUESTION0 1 -1.239e+05 7.636e+02 5.842e+02
s>            ( - -7.010e+04 1 0)
s>            ( WDBNDRY_B 0 -5.300e+04 4.639e+02 2.545e+02
s>                ( QUESTION0 -1 -3.453e+04 3.703e+02 1.671e+02
s>                    ( - -1.729e+04 1 0)
s>                    ( QUESTION7 -1 -1.687e+04 1.566e+02 8.296e+01
s>                        ( - -7.917e+03 1 0)
s>                        ( - -8.799e+03 1 0)))
s>                ( QUESTION0 -1 -1.800e+04 2.083e+02 8.742e+01
s>                    ( - -7.967e+03 1 0)
s>                    ( - -9.827e+03 1 0)))))INFO: dtree.c(1315): Comp split 1
INFO: dtree.c(1439): stop. leaf nodes are specific
INFO: dtree.c(1478): Final simple tree
|( QUESTION0 1 -1.239e+05 7.636e+02 5.842e+02
|    ( - -7.010e+04 1 0)
|    ( WDBNDRY_B 0 -5.300e+04 4.639e+02 2.545e+02
|        ( QUESTION0 -1 -3.453e+04 3.703e+02 1.671e+02
|            ( - -1.729e+04 1 0)
|            ( QUESTION7 -1 -1.687e+04 1.566e+02 8.296e+01
|                ( - -7.917e+03 1 0)
|                ( - -8.799e+03 1 0)))
|        ( QUESTION0 -1 -1.800e+04 2.083e+02 8.742e+01
|            ( - -7.967e+03 1 0)
|            ( - -9.827e+03 1 0))))
s>    ( QUESTION0 1 -1.239e+05 7.636e+02 5.842e+02
s>        ( - -7.010e+04 1 0)
s>        ( WDBNDRY_B 0 -5.300e+04 4.639e+02 2.545e+02
s>            ( QUESTION0 -1 -3.453e+04 3.703e+02 1.671e+02
s>                ( - -1.729e+04 1 0)
s>                ( QUESTION7 -1 -1.687e+04 1.566e+02 8.296e+01
s>                    ( - -7.917e+03 1 0)
s>                    ( - -8.799e+03 1 0)))
s>            ( QUESTION0 -1 -1.800e+04 2.083e+02 8.742e+01
s>                ( - -7.967e+03 1 0)
s>                ( - -9.827e+03 1 0))))INFO: dtree.c(1439): stop. leaf nodes are specific
INFO: dtree.c(1478): Final simple tree
|( QUESTION0 -1 -1.999e+04 1.171e+02 9.092e+01
|    ( - -1.911e+04 2 0)
|    ( - -7.647e+02 1 0))
s>    ( QUESTION0 -1 -1.999e+04 1.171e+02 9.092e+01
s>        ( - -1.911e+04 2 0)
s>        ( - -7.647e+02 1 0))INFO: dtree.c(1315): Comp split 2
INFO: dtree.c(1439): stop. leaf nodes are specific
INFO: dtree.c(1478): Final simple tree
|( WDBNDRY_B 0 -5.300e+04 4.639e+02 2.545e+02
|    ( QUESTION0 -1 -3.453e+04 3.703e+02 1.671e+02
|        ( - -1.729e+04 1 0)
|        ( QUESTION7 -1 -1.687e+04 1.566e+02 8.296e+01
|            ( - -7.917e+03 1 0)
|            ( - -8.799e+03 1 0)))
|    ( QUESTION0 -1 -1.800e+04 2.083e+02 8.742e+01
|        ( - -7.967e+03 1 0)
|        ( - -9.827e+03 1 0)))
s>    ( WDBNDRY_B 0 -5.300e+04 4.639e+02 2.545e+02
s>        ( QUESTION0 -1 -3.453e+04 3.703e+02 1.671e+02
s>            ( - -1.729e+04 1 0)
s>            ( QUESTION7 -1 -1.687e+04 1.566e+02 8.296e+01
s>                ( - -7.917e+03 1 0)
s>                ( - -8.799e+03 1 0)))
s>        ( QUESTION0 -1 -1.800e+04 2.083e+02 8.742e+01
s>            ( - -7.967e+03 1 0)
s>            ( - -9.827e+03 1 0)))INFO: dtree.c(1315): Comp split 3
INFO: dtree.c(1439): stop. leaf nodes are specific
INFO: dtree.c(1478): Final simple tree
|( QUESTION0_1_R 1 -2.145e+04 2.748e+02 9.860e+01
|    ( - -1.305e+04 1 0)
|    ( - -8.123e+03 1 0))
s>    ( QUESTION0_1_R 1 -2.145e+04 2.748e+02 9.860e+01
s>        ( - -1.305e+04 1 0)
s>        ( - -8.123e+03 1 0))INFO: dtree.c(1315): Comp split 4
INFO: dtree.c(1439): stop. leaf nodes are specific
INFO: dtree.c(1478): Final simple tree
|( QUESTION0 -1 -3.453e+04 3.703e+02 1.671e+02
|    ( - -1.729e+04 1 0)
|    ( QUESTION7 -1 -1.687e+04 1.566e+02 8.296e+01
|        ( - -7.917e+03 1 0)
|        ( - -8.799e+03 1 0)))
s>    ( QUESTION0 -1 -3.453e+04 3.703e+02 1.671e+02
s>        ( - -1.729e+04 1 0)
s>        ( QUESTION7 -1 -1.687e+04 1.566e+02 8.296e+01
s>            ( - -7.917e+03 1 0)
s>            ( - -8.799e+03 1 0)))INFO: dtree.c(1439): stop. leaf nodes are specific
INFO: dtree.c(1478): Final simple tree
|( QUESTION0 -1 -1.800e+04 2.083e+02 8.742e+01
|    ( - -7.967e+03 1 0)
|    ( - -9.827e+03 1 0))
s>    ( QUESTION0 -1 -1.800e+04 2.083e+02 8.742e+01
s>        ( - -7.967e+03 1 0)
s>        ( - -9.827e+03 1 0))INFO: dtree.c(1315): Comp split 5
INFO: dtree.c(1439): stop. leaf nodes are specific
INFO: dtree.c(1478): Final simple tree
|( QUESTION7 -1 -1.687e+04 1.566e+02 8.296e+01
|    ( - -7.917e+03 1 0)
|    ( - -8.799e+03 1 0))
s>    ( QUESTION7 -1 -1.687e+04 1.566e+02 8.296e+01
s>        ( - -7.917e+03 1 0)
s>        ( - -8.799e+03 1 0))INFO: dtree.c(1315): Comp split 6
INFO: dtree.c(1315): Comp split 7
INFO: dtree.c(1315): Comp split 8
INFO: dtree.c(1315): Comp split 9
INFO: dtree.c(1315): Comp split 10
INFO: dtree.c(1318): stop. leaf nodes are specific
Sat Dec  3 19:23:21 2016
