Current configuration:
[NAME]		[DEFLT]	[VALUE]
-allphones	no	no
-cntthresh	0.00001	1.000000e-05
-csplitmax	100	2000
-csplitmin	1	1
-csplitthr	8e-4	0.000000e+00
-example	no	no
-fullvar	no	no
-help		no	no
-meanfn			/home/simone/Documenti/Elaborazione/project-NLP/model_parameters/android_db.cd_cont_untied/means
-mixwfn			/home/simone/Documenti/Elaborazione/project-NLP/model_parameters/android_db.cd_cont_untied/mixture_weights
-moddeffn		/home/simone/Documenti/Elaborazione/project-NLP/model_architecture/android_db.untied.mdef
-mwfloor	1e-4	1.000000e-08
-phone			a1
-psetfn			/home/simone/Documenti/Elaborazione/project-NLP/model_architecture/android_db.tree_questions
-ssplitmax	5	7
-ssplitmin	1	1
-ssplitthr	8e-4	0.000000e+00
-state			0
-stwt			1.0,0.05,0.0,
-treefn			/home/simone/Documenti/Elaborazione/project-NLP/trees/android_db.unpruned/a1-0.dtree
-ts2cbfn	.semi.	.cont.
-varfloor	0.00001	1.000000e-05
-varfn			/home/simone/Documenti/Elaborazione/project-NLP/model_parameters/android_db.cd_cont_untied/variances

INFO: main.c(223): Reading: /home/simone/Documenti/Elaborazione/project-NLP/model_architecture/android_db.untied.mdef
INFO: model_def_io.c(573): Model definition info:
INFO: model_def_io.c(574): 211 total models defined (27 base, 184 tri)
INFO: model_def_io.c(575): 844 total states
INFO: model_def_io.c(576): 633 total tied states
INFO: model_def_io.c(577): 81 total tied CI states
INFO: model_def_io.c(578): 27 total tied transition matrices
INFO: model_def_io.c(579): 4 max state/model
INFO: model_def_io.c(580): 4 min state/model
INFO: main.c(242): Building trees for [a1 SIL p b] through [a1 w t i]
INFO: main.c(269): Covering states |[147 167]| == 21
INFO: main.c(275): Reading: /home/simone/Documenti/Elaborazione/project-NLP/model_parameters/android_db.cd_cont_untied/mixture_weights
INFO: s3mixw_io.c(173): Read /home/simone/Documenti/Elaborazione/project-NLP/model_parameters/android_db.cd_cont_untied/mixture_weights [21x1x1 array]
INFO: main.c(311): 7 of 7 models have observation count greater than 0.000010
INFO: main.c(95): nrm stwt: 0.952 0.048 0.000 
INFO: s3gau_io.c(169): Read /home/simone/Documenti/Elaborazione/project-NLP/model_parameters/android_db.cd_cont_untied/means [633x1x1 array]
INFO: s3gau_io.c(169): Read /home/simone/Documenti/Elaborazione/project-NLP/model_parameters/android_db.cd_cont_untied/variances [633x1x1 array]
INFO: main.c(549): Reading: /home/simone/Documenti/Elaborazione/project-NLP/model_architecture/android_db.tree_questions
INFO: main.c(588): 178 total simple questions (170 phone; 8 word bndry)
INFO: main.c(590): 40 Left Only questions, and 42 Right Only questions
INFO: dtree.c(1439): stop. leaf nodes are specific
INFO: dtree.c(1478): Final simple tree
|( WDBNDRY_B 0 -6.718e+05 2.786e+03 3.215e+03
|    ( - -1.630e+05 1 0)
|    ( QUESTION0_11_R 1 -5.059e+05 2.365e+03 2.398e+03
|        ( QUESTION0_12_R 1 -4.106e+05 1.815e+03 1.923e+03
|            ( QUESTION4 -1 -3.331e+05 1.542e+03 1.561e+03
|                ( QUESTION5 -1 -2.623e+05 1.019e+03 1.232e+03
|                    ( - -1.497e+05 1 0)
|                    ( - -1.116e+05 1 0))
|                ( QUESTION0_13_R 1 -6.928e+04 3.108e+02 3.292e+02
|                    ( - -3.949e+04 1 0)
|                    ( - -2.947e+04 1 0)))
|            ( - -7.565e+04 1 0))
|        ( - -9.296e+04 1 0)))
s>    ( WDBNDRY_B 0 -6.718e+05 2.786e+03 3.215e+03
s>        ( - -1.630e+05 1 0)
s>        ( QUESTION0_11_R 1 -5.059e+05 2.365e+03 2.398e+03
s>            ( QUESTION0_12_R 1 -4.106e+05 1.815e+03 1.923e+03
s>                ( QUESTION4 -1 -3.331e+05 1.542e+03 1.561e+03
s>                    ( QUESTION5 -1 -2.623e+05 1.019e+03 1.232e+03
s>                        ( - -1.497e+05 1 0)
s>                        ( - -1.116e+05 1 0))
s>                    ( QUESTION0_13_R 1 -6.928e+04 3.108e+02 3.292e+02
s>                        ( - -3.949e+04 1 0)
s>                        ( - -2.947e+04 1 0)))
s>                ( - -7.565e+04 1 0))
s>            ( - -9.296e+04 1 0)))INFO: dtree.c(1315): Comp split 0
INFO: dtree.c(1439): stop. leaf nodes are specific
INFO: dtree.c(1478): Final simple tree
|( QUESTION0_12_R 1 -4.106e+05 1.815e+03 1.923e+03
|    ( QUESTION4 -1 -3.331e+05 1.542e+03 1.561e+03
|        ( QUESTION5 -1 -2.623e+05 1.019e+03 1.232e+03
|            ( - -1.497e+05 1 0)
|            ( - -1.116e+05 1 0))
|        ( QUESTION0_13_R 1 -6.928e+04 3.108e+02 3.292e+02
|            ( - -3.949e+04 1 0)
|            ( - -2.947e+04 1 0)))
|    ( - -7.565e+04 1 0))
s>    ( QUESTION0_12_R 1 -4.106e+05 1.815e+03 1.923e+03
s>        ( QUESTION4 -1 -3.331e+05 1.542e+03 1.561e+03
s>            ( QUESTION5 -1 -2.623e+05 1.019e+03 1.232e+03
s>                ( - -1.497e+05 1 0)
s>                ( - -1.116e+05 1 0))
s>            ( QUESTION0_13_R 1 -6.928e+04 3.108e+02 3.292e+02
s>                ( - -3.949e+04 1 0)
s>                ( - -2.947e+04 1 0)))
s>        ( - -7.565e+04 1 0))INFO: dtree.c(1439): stop. leaf nodes are specific
INFO: dtree.c(1478): Final simple tree
|( WDBNDRY_B 0 -2.579e+05 1.888e+03 1.292e+03
|    ( - -1.630e+05 1 0)
|    ( - -9.296e+04 1 0))
s>    ( WDBNDRY_B 0 -2.579e+05 1.888e+03 1.292e+03
s>        ( - -1.630e+05 1 0)
s>        ( - -9.296e+04 1 0))INFO: dtree.c(1315): Comp split 1
INFO: dtree.c(1315): Comp split 2
INFO: dtree.c(1439): stop. leaf nodes are specific
INFO: dtree.c(1478): Final simple tree
|( QUESTION4 -1 -3.331e+05 1.542e+03 1.561e+03
|    ( QUESTION5 -1 -2.623e+05 1.019e+03 1.232e+03
|        ( - -1.497e+05 1 0)
|        ( - -1.116e+05 1 0))
|    ( QUESTION0_13_R 1 -6.928e+04 3.108e+02 3.292e+02
|        ( - -3.949e+04 1 0)
|        ( - -2.947e+04 1 0)))
s>    ( QUESTION4 -1 -3.331e+05 1.542e+03 1.561e+03
s>        ( QUESTION5 -1 -2.623e+05 1.019e+03 1.232e+03
s>            ( - -1.497e+05 1 0)
s>            ( - -1.116e+05 1 0))
s>        ( QUESTION0_13_R 1 -6.928e+04 3.108e+02 3.292e+02
s>            ( - -3.949e+04 1 0)
s>            ( - -2.947e+04 1 0)))INFO: dtree.c(1315): Comp split 3
INFO: dtree.c(1439): stop. leaf nodes are specific
INFO: dtree.c(1478): Final simple tree
|( QUESTION0_13_R 1 -6.928e+04 3.108e+02 3.292e+02
|    ( - -3.949e+04 1 0)
|    ( - -2.947e+04 1 0))
s>    ( QUESTION0_13_R 1 -6.928e+04 3.108e+02 3.292e+02
s>        ( - -3.949e+04 1 0)
s>        ( - -2.947e+04 1 0))INFO: dtree.c(1439): stop. leaf nodes are specific
INFO: dtree.c(1478): Final simple tree
|( QUESTION5 -1 -2.623e+05 1.019e+03 1.232e+03
|    ( - -1.497e+05 1 0)
|    ( - -1.116e+05 1 0))
s>    ( QUESTION5 -1 -2.623e+05 1.019e+03 1.232e+03
s>        ( - -1.497e+05 1 0)
s>        ( - -1.116e+05 1 0))INFO: dtree.c(1315): Comp split 4
INFO: dtree.c(1315): Comp split 5
INFO: dtree.c(1315): Comp split 6
INFO: dtree.c(1318): stop. leaf nodes are specific
Mon Jan 23 11:22:18 2017
