Current configuration:
[NAME]		[DEFLT]	[VALUE]
-allphones	no	no
-cntthresh	0.00001	1.000000e-05
-csplitmax	100	2000
-csplitmin	1	1
-csplitthr	8e-4	0.000000e+00
-example	no	no
-fullvar	no	no
-help		no	no
-meanfn			/home/simone/Documenti/Elaborazione/project-NLP/model_parameters/android_db.cd_cont_untied/means
-mixwfn			/home/simone/Documenti/Elaborazione/project-NLP/model_parameters/android_db.cd_cont_untied/mixture_weights
-moddeffn		/home/simone/Documenti/Elaborazione/project-NLP/model_architecture/android_db.untied.mdef
-mwfloor	1e-4	1.000000e-08
-phone			r
-psetfn			/home/simone/Documenti/Elaborazione/project-NLP/model_architecture/android_db.tree_questions
-ssplitmax	5	7
-ssplitmin	1	1
-ssplitthr	8e-4	0.000000e+00
-state			2
-stwt			1.0,0.05,0.0,
-treefn			/home/simone/Documenti/Elaborazione/project-NLP/trees/android_db.unpruned/r-2.dtree
-ts2cbfn	.semi.	.cont.
-varfloor	0.00001	1.000000e-05
-varfn			/home/simone/Documenti/Elaborazione/project-NLP/model_parameters/android_db.cd_cont_untied/variances

INFO: main.c(223): Reading: /home/simone/Documenti/Elaborazione/project-NLP/model_architecture/android_db.untied.mdef
INFO: model_def_io.c(573): Model definition info:
INFO: model_def_io.c(574): 207 total models defined (27 base, 180 tri)
INFO: model_def_io.c(575): 828 total states
INFO: model_def_io.c(576): 621 total tied states
INFO: model_def_io.c(577): 81 total tied CI states
INFO: model_def_io.c(578): 27 total tied transition matrices
INFO: model_def_io.c(579): 4 max state/model
INFO: model_def_io.c(580): 4 min state/model
INFO: main.c(242): Building trees for [r a1 j i] through [r t o i]
INFO: main.c(269): Covering states |[477 500]| == 24
INFO: main.c(275): Reading: /home/simone/Documenti/Elaborazione/project-NLP/model_parameters/android_db.cd_cont_untied/mixture_weights
INFO: s3mixw_io.c(173): Read /home/simone/Documenti/Elaborazione/project-NLP/model_parameters/android_db.cd_cont_untied/mixture_weights [24x1x1 array]
INFO: main.c(311): 8 of 8 models have observation count greater than 0.000010
INFO: main.c(95): nrm stwt: 0.000 0.048 0.952 
INFO: s3gau_io.c(169): Read /home/simone/Documenti/Elaborazione/project-NLP/model_parameters/android_db.cd_cont_untied/means [621x1x1 array]
INFO: s3gau_io.c(169): Read /home/simone/Documenti/Elaborazione/project-NLP/model_parameters/android_db.cd_cont_untied/variances [621x1x1 array]
INFO: main.c(549): Reading: /home/simone/Documenti/Elaborazione/project-NLP/model_architecture/android_db.tree_questions
INFO: main.c(588): 180 total simple questions (172 phone; 8 word bndry)
INFO: main.c(590): 42 Left Only questions, and 42 Right Only questions
INFO: dtree.c(1478): Final simple tree
|( QUESTION0_14_R 1 -3.216e+05 3.615e+03 1.522e+03
|    ( QUESTION0_15_R 1 -1.612e+05 1.206e+03 7.491e+02
|        ( - -1.233e+05 1 0)
|        ( QUESTION16 -1 -3.668e+04 2.864e+02 1.729e+02
|            ( - -1.109e+04 1 0)
|            ( - -2.530e+04 1 0)))
|    ( QUESTION0_11_R 1 -1.568e+05 5.482e+02 7.729e+02
|        ( QUESTION10 -1 -1.288e+05 4.012e+02 6.410e+02
|            ( - -2.372e+04 1 0)
|            ( QUESTION0 -1 -1.047e+05 3.443e+02 5.251e+02
|                ( - -3.874e+04 1 0)
|                ( - -6.558e+04 1 0)))
|        ( QUESTION0_0_R 1 -2.749e+04 4.947e+02 1.319e+02
|            ( - -1.098e+04 1 0)
|            ( - -1.601e+04 1 0))))
s>    ( QUESTION0_14_R 1 -3.216e+05 3.615e+03 1.522e+03
s>        ( QUESTION0_15_R 1 -1.612e+05 1.206e+03 7.491e+02
s>            ( - -1.233e+05 1 0)
s>            ( QUESTION16 -1 -3.668e+04 2.864e+02 1.729e+02
s>                ( - -1.109e+04 1 0)
s>                ( - -2.530e+04 1 0)))
s>        ( QUESTION0_11_R 1 -1.568e+05 5.482e+02 7.729e+02
s>            ( QUESTION10 -1 -1.288e+05 4.012e+02 6.410e+02
s>                ( - -2.372e+04 1 0)
s>                ( QUESTION0 -1 -1.047e+05 3.443e+02 5.251e+02
s>                    ( - -3.874e+04 1 0)
s>                    ( - -6.558e+04 1 0)))
s>            ( QUESTION0_0_R 1 -2.749e+04 4.947e+02 1.319e+02
s>                ( - -1.098e+04 1 0)
s>                ( - -1.601e+04 1 0))))INFO: dtree.c(1315): Comp split 0
INFO: dtree.c(1439): stop. leaf nodes are specific
INFO: dtree.c(1478): Final simple tree
|( QUESTION0_11_R 1 -1.568e+05 5.482e+02 7.729e+02
|    ( QUESTION10 -1 -1.288e+05 4.012e+02 6.410e+02
|        ( - -2.372e+04 1 0)
|        ( QUESTION0 -1 -1.047e+05 3.443e+02 5.251e+02
|            ( - -3.874e+04 1 0)
|            ( - -6.558e+04 1 0)))
|    ( QUESTION0_0_R 1 -2.749e+04 4.947e+02 1.319e+02
|        ( - -1.098e+04 1 0)
|        ( - -1.601e+04 1 0)))
s>    ( QUESTION0_11_R 1 -1.568e+05 5.482e+02 7.729e+02
s>        ( QUESTION10 -1 -1.288e+05 4.012e+02 6.410e+02
s>            ( - -2.372e+04 1 0)
s>            ( QUESTION0 -1 -1.047e+05 3.443e+02 5.251e+02
s>                ( - -3.874e+04 1 0)
s>                ( - -6.558e+04 1 0)))
s>        ( QUESTION0_0_R 1 -2.749e+04 4.947e+02 1.319e+02
s>            ( - -1.098e+04 1 0)
s>            ( - -1.601e+04 1 0)))INFO: dtree.c(1439): stop. leaf nodes are specific
INFO: dtree.c(1478): Final simple tree
|( QUESTION0_15_R 1 -1.612e+05 1.206e+03 7.491e+02
|    ( - -1.233e+05 1 0)
|    ( QUESTION16 -1 -3.668e+04 2.864e+02 1.729e+02
|        ( - -1.109e+04 1 0)
|        ( - -2.530e+04 1 0)))
s>    ( QUESTION0_15_R 1 -1.612e+05 1.206e+03 7.491e+02
s>        ( - -1.233e+05 1 0)
s>        ( QUESTION16 -1 -3.668e+04 2.864e+02 1.729e+02
s>            ( - -1.109e+04 1 0)
s>            ( - -2.530e+04 1 0)))INFO: dtree.c(1315): Comp split 1
INFO: dtree.c(1439): stop. leaf nodes are specific
INFO: dtree.c(1478): Final simple tree
|( QUESTION16 -1 -3.668e+04 2.864e+02 1.729e+02
|    ( - -1.109e+04 1 0)
|    ( - -2.530e+04 1 0))
s>    ( QUESTION16 -1 -3.668e+04 2.864e+02 1.729e+02
s>        ( - -1.109e+04 1 0)
s>        ( - -2.530e+04 1 0))INFO: dtree.c(1315): Comp split 2
INFO: dtree.c(1439): stop. leaf nodes are specific
INFO: dtree.c(1478): Final simple tree
|( QUESTION0_0_R 1 -1.162e+05 5.138e+02 5.799e+02
|    ( - -1.098e+04 1 0)
|    ( QUESTION0 -1 -1.047e+05 3.443e+02 5.251e+02
|        ( - -3.874e+04 1 0)
|        ( - -6.558e+04 1 0)))
s>    ( QUESTION0_0_R 1 -1.162e+05 5.138e+02 5.799e+02
s>        ( - -1.098e+04 1 0)
s>        ( QUESTION0 -1 -1.047e+05 3.443e+02 5.251e+02
s>            ( - -3.874e+04 1 0)
s>            ( - -6.558e+04 1 0)))INFO: dtree.c(1439): stop. leaf nodes are specific
INFO: dtree.c(1478): Final simple tree
|( QUESTION0_11_R 1 -4.010e+04 3.728e+02 1.930e+02
|    ( - -2.372e+04 1 0)
|    ( - -1.601e+04 1 0))
s>    ( QUESTION0_11_R 1 -4.010e+04 3.728e+02 1.930e+02
s>        ( - -2.372e+04 1 0)
s>        ( - -1.601e+04 1 0))INFO: dtree.c(1315): Comp split 3
INFO: dtree.c(1439): stop. leaf nodes are specific
INFO: dtree.c(1478): Final simple tree
|( QUESTION0 -1 -1.047e+05 3.443e+02 5.251e+02
|    ( - -3.874e+04 1 0)
|    ( - -6.558e+04 1 0))
s>    ( QUESTION0 -1 -1.047e+05 3.443e+02 5.251e+02
s>        ( - -3.874e+04 1 0)
s>        ( - -6.558e+04 1 0))INFO: dtree.c(1315): Comp split 4
INFO: dtree.c(1315): Comp split 5
INFO: dtree.c(1315): Comp split 6
INFO: dtree.c(1315): Comp split 7
INFO: dtree.c(1318): stop. leaf nodes are specific
Sat Dec  3 19:23:22 2016
