Current configuration:
[NAME]		[DEFLT]	[VALUE]
-allphones	no	no
-cntthresh	0.00001	1.000000e-05
-csplitmax	100	2000
-csplitmin	1	1
-csplitthr	8e-4	0.000000e+00
-example	no	no
-fullvar	no	no
-help		no	no
-meanfn			/home/simone/Documenti/Elaborazione/project-NLP/model_parameters/android_db.cd_cont_untied/means
-mixwfn			/home/simone/Documenti/Elaborazione/project-NLP/model_parameters/android_db.cd_cont_untied/mixture_weights
-moddeffn		/home/simone/Documenti/Elaborazione/project-NLP/model_architecture/android_db.untied.mdef
-mwfloor	1e-4	1.000000e-08
-phone			EE
-psetfn			/home/simone/Documenti/Elaborazione/project-NLP/model_architecture/android_db.tree_questions
-ssplitmax	5	7
-ssplitmin	1	1
-ssplitthr	8e-4	0.000000e+00
-state			0
-stwt			1.0,0.05,0.0,
-treefn			/home/simone/Documenti/Elaborazione/project-NLP/trees/android_db.unpruned/EE-0.dtree
-ts2cbfn	.semi.	.cont.
-varfloor	0.00001	1.000000e-05
-varfn			/home/simone/Documenti/Elaborazione/project-NLP/model_parameters/android_db.cd_cont_untied/variances

INFO: main.c(223): Reading: /home/simone/Documenti/Elaborazione/project-NLP/model_architecture/android_db.untied.mdef
INFO: model_def_io.c(573): Model definition info:
INFO: model_def_io.c(574): 207 total models defined (27 base, 180 tri)
INFO: model_def_io.c(575): 828 total states
INFO: model_def_io.c(576): 621 total tied states
INFO: model_def_io.c(577): 81 total tied CI states
INFO: model_def_io.c(578): 27 total tied transition matrices
INFO: model_def_io.c(579): 4 max state/model
INFO: model_def_io.c(580): 4 min state/model
INFO: main.c(242): Building trees for [EE r SIL e] through [EE tSS l i]
INFO: main.c(269): Covering states |[81 104]| == 24
INFO: main.c(275): Reading: /home/simone/Documenti/Elaborazione/project-NLP/model_parameters/android_db.cd_cont_untied/mixture_weights
INFO: s3mixw_io.c(173): Read /home/simone/Documenti/Elaborazione/project-NLP/model_parameters/android_db.cd_cont_untied/mixture_weights [24x1x1 array]
INFO: main.c(311): 8 of 8 models have observation count greater than 0.000010
INFO: main.c(95): nrm stwt: 0.952 0.048 0.000 
INFO: s3gau_io.c(169): Read /home/simone/Documenti/Elaborazione/project-NLP/model_parameters/android_db.cd_cont_untied/means [621x1x1 array]
INFO: s3gau_io.c(169): Read /home/simone/Documenti/Elaborazione/project-NLP/model_parameters/android_db.cd_cont_untied/variances [621x1x1 array]
INFO: main.c(549): Reading: /home/simone/Documenti/Elaborazione/project-NLP/model_architecture/android_db.tree_questions
INFO: main.c(588): 180 total simple questions (172 phone; 8 word bndry)
INFO: main.c(590): 42 Left Only questions, and 42 Right Only questions
INFO: dtree.c(1478): Final simple tree
|( QUESTION0_12_R 1 -5.171e+05 2.958e+03 2.521e+03
|    ( QUESTION0_17_R 1 -1.541e+05 3.271e+02 7.846e+02
|        ( - -9.634e+03 1 0)
|        ( - -1.441e+05 1 0))
|    ( WDBNDRY_E 0 -3.601e+05 9.190e+02 1.737e+03
|        ( SILENCE 1 -2.565e+05 3.993e+02 1.231e+03
|            ( - -1.738e+04 1 0)
|            ( QUESTION0_2_R 1 -2.387e+05 2.655e+02 1.148e+03
|                ( - -2.555e+04 1 0)
|                ( QUESTION0_4_R 1 -2.129e+05 1.582e+02 1.026e+03
|                    ( - -1.204e+05 1 0)
|                    ( QUESTION0_0_R 1 -9.231e+04 7.954e+01 4.470e+02
|                        ( - -2.961e+04 1 0)
|                        ( - -6.262e+04 1 0)))))
|        ( - -1.027e+05 1 0)))
s>    ( QUESTION0_12_R 1 -5.171e+05 2.958e+03 2.521e+03
s>        ( QUESTION0_17_R 1 -1.541e+05 3.271e+02 7.846e+02
s>            ( - -9.634e+03 1 0)
s>            ( - -1.441e+05 1 0))
s>        ( WDBNDRY_E 0 -3.601e+05 9.190e+02 1.737e+03
s>            ( SILENCE 1 -2.565e+05 3.993e+02 1.231e+03
s>                ( - -1.738e+04 1 0)
s>                ( QUESTION0_2_R 1 -2.387e+05 2.655e+02 1.148e+03
s>                    ( - -2.555e+04 1 0)
s>                    ( QUESTION0_4_R 1 -2.129e+05 1.582e+02 1.026e+03
s>                        ( - -1.204e+05 1 0)
s>                        ( QUESTION0_0_R 1 -9.231e+04 7.954e+01 4.470e+02
s>                            ( - -2.961e+04 1 0)
s>                            ( - -6.262e+04 1 0)))))
s>            ( - -1.027e+05 1 0)))INFO: dtree.c(1315): Comp split 0
INFO: dtree.c(1439): stop. leaf nodes are specific
INFO: dtree.c(1478): Final simple tree
|( WDBNDRY_E 0 -3.601e+05 9.190e+02 1.737e+03
|    ( SILENCE 1 -2.565e+05 3.993e+02 1.231e+03
|        ( - -1.738e+04 1 0)
|        ( QUESTION0_2_R 1 -2.387e+05 2.655e+02 1.148e+03
|            ( - -2.555e+04 1 0)
|            ( QUESTION0_4_R 1 -2.129e+05 1.582e+02 1.026e+03
|                ( - -1.204e+05 1 0)
|                ( QUESTION0_0_R 1 -9.231e+04 7.954e+01 4.470e+02
|                    ( - -2.961e+04 1 0)
|                    ( - -6.262e+04 1 0)))))
|    ( - -1.027e+05 1 0))
s>    ( WDBNDRY_E 0 -3.601e+05 9.190e+02 1.737e+03
s>        ( SILENCE 1 -2.565e+05 3.993e+02 1.231e+03
s>            ( - -1.738e+04 1 0)
s>            ( QUESTION0_2_R 1 -2.387e+05 2.655e+02 1.148e+03
s>                ( - -2.555e+04 1 0)
s>                ( QUESTION0_4_R 1 -2.129e+05 1.582e+02 1.026e+03
s>                    ( - -1.204e+05 1 0)
s>                    ( QUESTION0_0_R 1 -9.231e+04 7.954e+01 4.470e+02
s>                        ( - -2.961e+04 1 0)
s>                        ( - -6.262e+04 1 0)))))
s>        ( - -1.027e+05 1 0))INFO: dtree.c(1439): stop. leaf nodes are specific
INFO: dtree.c(1478): Final simple tree
|( QUESTION0_17_R 1 -1.541e+05 3.271e+02 7.846e+02
|    ( - -9.634e+03 1 0)
|    ( - -1.441e+05 1 0))
s>    ( QUESTION0_17_R 1 -1.541e+05 3.271e+02 7.846e+02
s>        ( - -9.634e+03 1 0)
s>        ( - -1.441e+05 1 0))INFO: dtree.c(1315): Comp split 1
INFO: dtree.c(1439): stop. leaf nodes are specific
INFO: dtree.c(1478): Final simple tree
|( SILENCE 1 -2.565e+05 3.993e+02 1.231e+03
|    ( - -1.738e+04 1 0)
|    ( QUESTION0_2_R 1 -2.387e+05 2.655e+02 1.148e+03
|        ( - -2.555e+04 1 0)
|        ( QUESTION0_4_R 1 -2.129e+05 1.582e+02 1.026e+03
|            ( - -1.204e+05 1 0)
|            ( QUESTION0_0_R 1 -9.231e+04 7.954e+01 4.470e+02
|                ( - -2.961e+04 1 0)
|                ( - -6.262e+04 1 0)))))
s>    ( SILENCE 1 -2.565e+05 3.993e+02 1.231e+03
s>        ( - -1.738e+04 1 0)
s>        ( QUESTION0_2_R 1 -2.387e+05 2.655e+02 1.148e+03
s>            ( - -2.555e+04 1 0)
s>            ( QUESTION0_4_R 1 -2.129e+05 1.582e+02 1.026e+03
s>                ( - -1.204e+05 1 0)
s>                ( QUESTION0_0_R 1 -9.231e+04 7.954e+01 4.470e+02
s>                    ( - -2.961e+04 1 0)
s>                    ( - -6.262e+04 1 0)))))INFO: dtree.c(1315): Comp split 2
INFO: dtree.c(1439): stop. leaf nodes are specific
INFO: dtree.c(1478): Final simple tree
|( QUESTION0_2_R 1 -2.387e+05 2.655e+02 1.148e+03
|    ( - -2.555e+04 1 0)
|    ( QUESTION0_4_R 1 -2.129e+05 1.582e+02 1.026e+03
|        ( - -1.204e+05 1 0)
|        ( QUESTION0_0_R 1 -9.231e+04 7.954e+01 4.470e+02
|            ( - -2.961e+04 1 0)
|            ( - -6.262e+04 1 0))))
s>    ( QUESTION0_2_R 1 -2.387e+05 2.655e+02 1.148e+03
s>        ( - -2.555e+04 1 0)
s>        ( QUESTION0_4_R 1 -2.129e+05 1.582e+02 1.026e+03
s>            ( - -1.204e+05 1 0)
s>            ( QUESTION0_0_R 1 -9.231e+04 7.954e+01 4.470e+02
s>                ( - -2.961e+04 1 0)
s>                ( - -6.262e+04 1 0))))INFO: dtree.c(1315): Comp split 3
INFO: dtree.c(1315): Comp split 4
INFO: dtree.c(1439): stop. leaf nodes are specific
INFO: dtree.c(1478): Final simple tree
|( QUESTION0_4_R 1 -2.129e+05 1.582e+02 1.026e+03
|    ( - -1.204e+05 1 0)
|    ( QUESTION0_0_R 1 -9.231e+04 7.954e+01 4.470e+02
|        ( - -2.961e+04 1 0)
|        ( - -6.262e+04 1 0)))
s>    ( QUESTION0_4_R 1 -2.129e+05 1.582e+02 1.026e+03
s>        ( - -1.204e+05 1 0)
s>        ( QUESTION0_0_R 1 -9.231e+04 7.954e+01 4.470e+02
s>            ( - -2.961e+04 1 0)
s>            ( - -6.262e+04 1 0)))INFO: dtree.c(1315): Comp split 5
INFO: dtree.c(1439): stop. leaf nodes are specific
INFO: dtree.c(1478): Final simple tree
|( QUESTION0_0_R 1 -9.231e+04 7.954e+01 4.470e+02
|    ( - -2.961e+04 1 0)
|    ( - -6.262e+04 1 0))
s>    ( QUESTION0_0_R 1 -9.231e+04 7.954e+01 4.470e+02
s>        ( - -2.961e+04 1 0)
s>        ( - -6.262e+04 1 0))INFO: dtree.c(1315): Comp split 6
INFO: dtree.c(1315): Comp split 7
INFO: dtree.c(1318): stop. leaf nodes are specific
Sat Dec  3 19:23:19 2016
