Current configuration:
[NAME]		[DEFLT]	[VALUE]
-allphones	no	no
-cntthresh	0.00001	1.000000e-05
-csplitmax	100	2000
-csplitmin	1	1
-csplitthr	8e-4	0.000000e+00
-example	no	no
-fullvar	no	no
-help		no	no
-meanfn			/home/simone/Documenti/Elaborazione/project-NLP/model_parameters/android_db.cd_cont_untied/means
-mixwfn			/home/simone/Documenti/Elaborazione/project-NLP/model_parameters/android_db.cd_cont_untied/mixture_weights
-moddeffn		/home/simone/Documenti/Elaborazione/project-NLP/model_architecture/android_db.untied.mdef
-mwfloor	1e-4	1.000000e-08
-phone			r
-psetfn			/home/simone/Documenti/Elaborazione/project-NLP/model_architecture/android_db.tree_questions
-ssplitmax	5	7
-ssplitmin	1	1
-ssplitthr	8e-4	0.000000e+00
-state			0
-stwt			1.0,0.05,0.0,
-treefn			/home/simone/Documenti/Elaborazione/project-NLP/trees/android_db.unpruned/r-0.dtree
-ts2cbfn	.semi.	.cont.
-varfloor	0.00001	1.000000e-05
-varfn			/home/simone/Documenti/Elaborazione/project-NLP/model_parameters/android_db.cd_cont_untied/variances

INFO: main.c(223): Reading: /home/simone/Documenti/Elaborazione/project-NLP/model_architecture/android_db.untied.mdef
INFO: model_def_io.c(573): Model definition info:
INFO: model_def_io.c(574): 207 total models defined (27 base, 180 tri)
INFO: model_def_io.c(575): 828 total states
INFO: model_def_io.c(576): 621 total tied states
INFO: model_def_io.c(577): 81 total tied CI states
INFO: model_def_io.c(578): 27 total tied transition matrices
INFO: model_def_io.c(579): 4 max state/model
INFO: model_def_io.c(580): 4 min state/model
INFO: main.c(242): Building trees for [r a1 j i] through [r t o i]
INFO: main.c(269): Covering states |[477 500]| == 24
INFO: main.c(275): Reading: /home/simone/Documenti/Elaborazione/project-NLP/model_parameters/android_db.cd_cont_untied/mixture_weights
INFO: s3mixw_io.c(173): Read /home/simone/Documenti/Elaborazione/project-NLP/model_parameters/android_db.cd_cont_untied/mixture_weights [24x1x1 array]
INFO: main.c(311): 8 of 8 models have observation count greater than 0.000010
INFO: main.c(95): nrm stwt: 0.952 0.048 0.000 
INFO: s3gau_io.c(169): Read /home/simone/Documenti/Elaborazione/project-NLP/model_parameters/android_db.cd_cont_untied/means [621x1x1 array]
INFO: s3gau_io.c(169): Read /home/simone/Documenti/Elaborazione/project-NLP/model_parameters/android_db.cd_cont_untied/variances [621x1x1 array]
INFO: main.c(549): Reading: /home/simone/Documenti/Elaborazione/project-NLP/model_architecture/android_db.tree_questions
INFO: main.c(588): 180 total simple questions (172 phone; 8 word bndry)
INFO: main.c(590): 42 Left Only questions, and 42 Right Only questions
INFO: dtree.c(1478): Final simple tree
|( QUESTION0_12_R 1 -2.861e+05 1.779e+03 1.320e+03
|    ( QUESTION0_15_R 1 -1.936e+05 1.544e+03 8.924e+02
|        ( - -1.310e+05 1 0)
|        ( QUESTION0_13_R 1 -6.106e+04 5.048e+02 2.892e+02
|            ( - -2.549e+04 1 0)
|            ( QUESTION16 -1 -3.507e+04 4.356e+02 1.647e+02
|                ( - -1.243e+04 1 0)
|                ( - -2.220e+04 1 0))))
|    ( QUESTION2 -1 -9.068e+04 5.251e+02 4.279e+02
|        ( - -4.642e+04 1 0)
|        ( QUESTION0_0_R 1 -4.374e+04 3.279e+02 2.054e+02
|            ( - -1.124e+04 1 0)
|            ( QUESTION0 -1 -3.217e+04 2.974e+02 1.504e+02
|                ( - -1.780e+04 1 0)
|                ( - -1.407e+04 1 0)))))
s>    ( QUESTION0_12_R 1 -2.861e+05 1.779e+03 1.320e+03
s>        ( QUESTION0_15_R 1 -1.936e+05 1.544e+03 8.924e+02
s>            ( - -1.310e+05 1 0)
s>            ( QUESTION0_13_R 1 -6.106e+04 5.048e+02 2.892e+02
s>                ( - -2.549e+04 1 0)
s>                ( QUESTION16 -1 -3.507e+04 4.356e+02 1.647e+02
s>                    ( - -1.243e+04 1 0)
s>                    ( - -2.220e+04 1 0))))
s>        ( QUESTION2 -1 -9.068e+04 5.251e+02 4.279e+02
s>            ( - -4.642e+04 1 0)
s>            ( QUESTION0_0_R 1 -4.374e+04 3.279e+02 2.054e+02
s>                ( - -1.124e+04 1 0)
s>                ( QUESTION0 -1 -3.217e+04 2.974e+02 1.504e+02
s>                    ( - -1.780e+04 1 0)
s>                    ( - -1.407e+04 1 0)))))INFO: dtree.c(1315): Comp split 0
INFO: dtree.c(1439): stop. leaf nodes are specific
INFO: dtree.c(1478): Final simple tree
|( QUESTION2 -1 -9.068e+04 5.251e+02 4.279e+02
|    ( - -4.642e+04 1 0)
|    ( QUESTION0_0_R 1 -4.374e+04 3.279e+02 2.054e+02
|        ( - -1.124e+04 1 0)
|        ( QUESTION0 -1 -3.217e+04 2.974e+02 1.504e+02
|            ( - -1.780e+04 1 0)
|            ( - -1.407e+04 1 0))))
s>    ( QUESTION2 -1 -9.068e+04 5.251e+02 4.279e+02
s>        ( - -4.642e+04 1 0)
s>        ( QUESTION0_0_R 1 -4.374e+04 3.279e+02 2.054e+02
s>            ( - -1.124e+04 1 0)
s>            ( QUESTION0 -1 -3.217e+04 2.974e+02 1.504e+02
s>                ( - -1.780e+04 1 0)
s>                ( - -1.407e+04 1 0))))INFO: dtree.c(1439): stop. leaf nodes are specific
INFO: dtree.c(1478): Final simple tree
|( QUESTION0_15_R 1 -1.936e+05 1.544e+03 8.924e+02
|    ( - -1.310e+05 1 0)
|    ( QUESTION0_13_R 1 -6.106e+04 5.048e+02 2.892e+02
|        ( - -2.549e+04 1 0)
|        ( QUESTION16 -1 -3.507e+04 4.356e+02 1.647e+02
|            ( - -1.243e+04 1 0)
|            ( - -2.220e+04 1 0))))
s>    ( QUESTION0_15_R 1 -1.936e+05 1.544e+03 8.924e+02
s>        ( - -1.310e+05 1 0)
s>        ( QUESTION0_13_R 1 -6.106e+04 5.048e+02 2.892e+02
s>            ( - -2.549e+04 1 0)
s>            ( QUESTION16 -1 -3.507e+04 4.356e+02 1.647e+02
s>                ( - -1.243e+04 1 0)
s>                ( - -2.220e+04 1 0))))INFO: dtree.c(1315): Comp split 1
INFO: dtree.c(1439): stop. leaf nodes are specific
INFO: dtree.c(1478): Final simple tree
|( QUESTION0_13_R 1 -6.106e+04 5.048e+02 2.892e+02
|    ( - -2.549e+04 1 0)
|    ( QUESTION16 -1 -3.507e+04 4.356e+02 1.647e+02
|        ( - -1.243e+04 1 0)
|        ( - -2.220e+04 1 0)))
s>    ( QUESTION0_13_R 1 -6.106e+04 5.048e+02 2.892e+02
s>        ( - -2.549e+04 1 0)
s>        ( QUESTION16 -1 -3.507e+04 4.356e+02 1.647e+02
s>            ( - -1.243e+04 1 0)
s>            ( - -2.220e+04 1 0)))INFO: dtree.c(1315): Comp split 2
INFO: dtree.c(1439): stop. leaf nodes are specific
INFO: dtree.c(1478): Final simple tree
|( QUESTION0_0_R 1 -4.374e+04 3.279e+02 2.054e+02
|    ( - -1.124e+04 1 0)
|    ( QUESTION0 -1 -3.217e+04 2.974e+02 1.504e+02
|        ( - -1.780e+04 1 0)
|        ( - -1.407e+04 1 0)))
s>    ( QUESTION0_0_R 1 -4.374e+04 3.279e+02 2.054e+02
s>        ( - -1.124e+04 1 0)
s>        ( QUESTION0 -1 -3.217e+04 2.974e+02 1.504e+02
s>            ( - -1.780e+04 1 0)
s>            ( - -1.407e+04 1 0)))INFO: dtree.c(1315): Comp split 3
INFO: dtree.c(1439): stop. leaf nodes are specific
INFO: dtree.c(1478): Final simple tree
|( QUESTION16 -1 -3.507e+04 4.356e+02 1.647e+02
|    ( - -1.243e+04 1 0)
|    ( - -2.220e+04 1 0))
s>    ( QUESTION16 -1 -3.507e+04 4.356e+02 1.647e+02
s>        ( - -1.243e+04 1 0)
s>        ( - -2.220e+04 1 0))INFO: dtree.c(1315): Comp split 4
INFO: dtree.c(1315): Comp split 5
INFO: dtree.c(1439): stop. leaf nodes are specific
INFO: dtree.c(1478): Final simple tree
|( QUESTION0_0_R 1 -2.932e+04 2.803e+02 1.399e+02
|    ( - -1.124e+04 1 0)
|    ( - -1.780e+04 1 0))
s>    ( QUESTION0_0_R 1 -2.932e+04 2.803e+02 1.399e+02
s>        ( - -1.124e+04 1 0)
s>        ( - -1.780e+04 1 0))INFO: dtree.c(1315): Comp split 6
INFO: dtree.c(1315): Comp split 7
INFO: dtree.c(1318): stop. leaf nodes are specific
Sat Dec  3 19:23:22 2016
