Current configuration:
[NAME]		[DEFLT]	[VALUE]
-allphones	no	no
-cntthresh	0.00001	1.000000e-05
-csplitmax	100	2000
-csplitmin	1	1
-csplitthr	8e-4	0.000000e+00
-example	no	no
-fullvar	no	no
-help		no	no
-meanfn			/home/simone/Documenti/Elaborazione/project-NLP/model_parameters/android_db.cd_cont_untied/means
-mixwfn			/home/simone/Documenti/Elaborazione/project-NLP/model_parameters/android_db.cd_cont_untied/mixture_weights
-moddeffn		/home/simone/Documenti/Elaborazione/project-NLP/model_architecture/android_db.untied.mdef
-mwfloor	1e-4	1.000000e-08
-phone			s
-psetfn			/home/simone/Documenti/Elaborazione/project-NLP/model_architecture/android_db.tree_questions
-ssplitmax	5	7
-ssplitmin	1	1
-ssplitthr	8e-4	0.000000e+00
-state			2
-stwt			1.0,0.05,0.0,
-treefn			/home/simone/Documenti/Elaborazione/project-NLP/trees/android_db.unpruned/s-2.dtree
-ts2cbfn	.semi.	.cont.
-varfloor	0.00001	1.000000e-05
-varfn			/home/simone/Documenti/Elaborazione/project-NLP/model_parameters/android_db.cd_cont_untied/variances

INFO: main.c(223): Reading: /home/simone/Documenti/Elaborazione/project-NLP/model_architecture/android_db.untied.mdef
INFO: model_def_io.c(573): Model definition info:
INFO: model_def_io.c(574): 211 total models defined (27 base, 184 tri)
INFO: model_def_io.c(575): 844 total states
INFO: model_def_io.c(576): 633 total tied states
INFO: model_def_io.c(577): 81 total tied CI states
INFO: model_def_io.c(578): 27 total tied transition matrices
INFO: model_def_io.c(579): 4 max state/model
INFO: model_def_io.c(580): 4 min state/model
INFO: main.c(242): Building trees for [s EE EE b] through [s o EE b]
INFO: main.c(269): Covering states |[507 524]| == 18
INFO: main.c(275): Reading: /home/simone/Documenti/Elaborazione/project-NLP/model_parameters/android_db.cd_cont_untied/mixture_weights
INFO: s3mixw_io.c(173): Read /home/simone/Documenti/Elaborazione/project-NLP/model_parameters/android_db.cd_cont_untied/mixture_weights [18x1x1 array]
INFO: main.c(311): 6 of 6 models have observation count greater than 0.000010
INFO: main.c(95): nrm stwt: 0.000 0.048 0.952 
INFO: s3gau_io.c(169): Read /home/simone/Documenti/Elaborazione/project-NLP/model_parameters/android_db.cd_cont_untied/means [633x1x1 array]
INFO: s3gau_io.c(169): Read /home/simone/Documenti/Elaborazione/project-NLP/model_parameters/android_db.cd_cont_untied/variances [633x1x1 array]
INFO: main.c(549): Reading: /home/simone/Documenti/Elaborazione/project-NLP/model_architecture/android_db.tree_questions
INFO: main.c(588): 178 total simple questions (170 phone; 8 word bndry)
INFO: main.c(590): 40 Left Only questions, and 42 Right Only questions
INFO: dtree.c(1439): stop. leaf nodes are specific
INFO: dtree.c(1478): Final simple tree
|( WDBNDRY_B 0 -1.282e+05 1.525e+03 5.777e+02
|    ( QUESTION15 -1 -1.127e+05 8.602e+01 5.149e+02
|        ( - -6.533e+03 1 0)
|        ( QUESTION12 -1 -1.061e+05 7.668e+01 4.847e+02
|            ( - -2.023e+04 1 0)
|            ( - -8.581e+04 3 0)))
|    ( - -1.390e+04 1 0))
s>    ( WDBNDRY_B 0 -1.282e+05 1.525e+03 5.777e+02
s>        ( QUESTION15 -1 -1.127e+05 8.602e+01 5.149e+02
s>            ( - -6.533e+03 1 0)
s>            ( QUESTION12 -1 -1.061e+05 7.668e+01 4.847e+02
s>                ( - -2.023e+04 1 0)
s>                ( - -8.581e+04 3 0)))
s>        ( - -1.390e+04 1 0))INFO: dtree.c(1315): Comp split 0
INFO: dtree.c(1439): stop. leaf nodes are specific
INFO: dtree.c(1478): Final simple tree
|( QUESTION15 -1 -1.127e+05 8.602e+01 5.149e+02
|    ( - -6.533e+03 1 0)
|    ( QUESTION12 -1 -1.061e+05 7.668e+01 4.847e+02
|        ( - -2.023e+04 1 0)
|        ( - -8.581e+04 3 0)))
s>    ( QUESTION15 -1 -1.127e+05 8.602e+01 5.149e+02
s>        ( - -6.533e+03 1 0)
s>        ( QUESTION12 -1 -1.061e+05 7.668e+01 4.847e+02
s>            ( - -2.023e+04 1 0)
s>            ( - -8.581e+04 3 0)))INFO: dtree.c(1315): Comp split 1
INFO: dtree.c(1439): stop. leaf nodes are specific
INFO: dtree.c(1478): Final simple tree
|( QUESTION12 -1 -1.061e+05 7.668e+01 4.847e+02
|    ( - -2.023e+04 1 0)
|    ( - -8.581e+04 3 0))
s>    ( QUESTION12 -1 -1.061e+05 7.668e+01 4.847e+02
s>        ( - -2.023e+04 1 0)
s>        ( - -8.581e+04 3 0))INFO: dtree.c(1315): Comp split 2
INFO: dtree.c(1315): Comp split 3
INFO: dtree.c(1318): stop. leaf nodes are specific
Thu Feb 16 16:24:33 2017
