Current configuration:
[NAME]		[DEFLT]	[VALUE]
-allphones	no	no
-cntthresh	0.00001	1.000000e-05
-csplitmax	100	2000
-csplitmin	1	1
-csplitthr	8e-4	0.000000e+00
-example	no	no
-fullvar	no	no
-help		no	no
-meanfn			/home/simone/Documenti/Elaborazione/project-NLP/model_parameters/android_db.cd_cont_untied/means
-mixwfn			/home/simone/Documenti/Elaborazione/project-NLP/model_parameters/android_db.cd_cont_untied/mixture_weights
-moddeffn		/home/simone/Documenti/Elaborazione/project-NLP/model_architecture/android_db.untied.mdef
-mwfloor	1e-4	1.000000e-08
-phone			k
-psetfn			/home/simone/Documenti/Elaborazione/project-NLP/model_architecture/android_db.tree_questions
-ssplitmax	5	7
-ssplitmin	1	1
-ssplitthr	8e-4	0.000000e+00
-state			2
-stwt			1.0,0.05,0.0,
-treefn			/home/simone/Documenti/Elaborazione/project-NLP/trees/android_db.unpruned/k-2.dtree
-ts2cbfn	.semi.	.cont.
-varfloor	0.00001	1.000000e-05
-varfn			/home/simone/Documenti/Elaborazione/project-NLP/model_parameters/android_db.cd_cont_untied/variances

INFO: main.c(223): Reading: /home/simone/Documenti/Elaborazione/project-NLP/model_architecture/android_db.untied.mdef
INFO: model_def_io.c(573): Model definition info:
INFO: model_def_io.c(574): 207 total models defined (27 base, 180 tri)
INFO: model_def_io.c(575): 828 total states
INFO: model_def_io.c(576): 621 total tied states
INFO: model_def_io.c(577): 81 total tied CI states
INFO: model_def_io.c(578): 27 total tied transition matrices
INFO: model_def_io.c(579): 4 max state/model
INFO: model_def_io.c(580): 4 min state/model
INFO: main.c(242): Building trees for [k SIL a b] through [k o w b]
INFO: main.c(269): Covering states |[288 323]| == 36
INFO: main.c(275): Reading: /home/simone/Documenti/Elaborazione/project-NLP/model_parameters/android_db.cd_cont_untied/mixture_weights
INFO: s3mixw_io.c(173): Read /home/simone/Documenti/Elaborazione/project-NLP/model_parameters/android_db.cd_cont_untied/mixture_weights [36x1x1 array]
INFO: main.c(311): 12 of 12 models have observation count greater than 0.000010
INFO: main.c(95): nrm stwt: 0.000 0.048 0.952 
INFO: s3gau_io.c(169): Read /home/simone/Documenti/Elaborazione/project-NLP/model_parameters/android_db.cd_cont_untied/means [621x1x1 array]
INFO: s3gau_io.c(169): Read /home/simone/Documenti/Elaborazione/project-NLP/model_parameters/android_db.cd_cont_untied/variances [621x1x1 array]
INFO: main.c(549): Reading: /home/simone/Documenti/Elaborazione/project-NLP/model_architecture/android_db.tree_questions
INFO: main.c(588): 180 total simple questions (172 phone; 8 word bndry)
INFO: main.c(590): 42 Left Only questions, and 42 Right Only questions
INFO: dtree.c(1478): Final simple tree
|( QUESTION9 1 -1.510e+05 2.525e+03 6.946e+02
|    ( SILENCE -1 -8.296e+04 8.128e+02 3.899e+02
|        ( QUESTION0_13_R 1 -5.720e+04 5.405e+02 2.728e+02
|            ( - -5.054e+04 1 0)
|            ( - -6.119e+03 1 0))
|        ( QUESTION0 -1 -2.495e+04 1.831e+02 1.170e+02
|            ( - -1.083e+04 2 0 QUESTION0_13_R 1 1.370e+02 5.140e+01)
|            ( - -1.394e+04 2 0 QUESTION0_13_R 1 1.133e+02 6.565e+01)))
|    ( QUESTION0_0_R 1 -6.550e+04 1.444e+03 3.047e+02
|        ( WDBNDRY_B 0 -2.900e+04 4.966e+02 1.342e+02
|            ( - -1.563e+04 2 0)
|            ( - -1.288e+04 1 0))
|        ( QUESTION6 -1 -3.505e+04 2.868e+02 1.705e+02
|            ( - -1.880e+04 1 0)
|            ( - -1.596e+04 2 0 WDBNDRY_B 0 1.808e+02 7.631e+01))))
s>    ( QUESTION9 1 -1.510e+05 2.525e+03 6.946e+02
s>        ( SILENCE -1 -8.296e+04 8.128e+02 3.899e+02
s>            ( QUESTION0_13_R 1 -5.720e+04 5.405e+02 2.728e+02
s>                ( - -5.054e+04 1 0)
s>                ( - -6.119e+03 1 0))
s>            ( QUESTION0 -1 -2.495e+04 1.831e+02 1.170e+02
s>                ( - -1.083e+04 2 0 QUESTION0_13_R 1 1.370e+02 5.140e+01)
s>                ( - -1.394e+04 2 0 QUESTION0_13_R 1 1.133e+02 6.565e+01)))
s>        ( QUESTION0_0_R 1 -6.550e+04 1.444e+03 3.047e+02
s>            ( WDBNDRY_B 0 -2.900e+04 4.966e+02 1.342e+02
s>                ( - -1.563e+04 2 0)
s>                ( - -1.288e+04 1 0))
s>            ( QUESTION6 -1 -3.505e+04 2.868e+02 1.705e+02
s>                ( - -1.880e+04 1 0)
s>                ( - -1.596e+04 2 0 WDBNDRY_B 0 1.808e+02 7.631e+01))))INFO: dtree.c(1315): Comp split 0
INFO: dtree.c(1478): Final simple tree
|( QUESTION0_0_R 1 -9.780e+04 1.680e+03 4.513e+02
|    ( WDBNDRY_B 0 -2.900e+04 4.966e+02 1.342e+02
|        ( - -1.563e+04 2 0)
|        ( - -1.288e+04 1 0))
|    ( QUESTION9 1 -6.712e+04 8.104e+02 3.171e+02
|        ( QUESTION0 -1 -3.126e+04 2.121e+02 1.465e+02
|            ( - -1.083e+04 2 0 QUESTION0_13_R 1 1.370e+02 5.140e+01)
|            ( SILENCE -1 -2.022e+04 1.614e+02 9.514e+01
|                ( - -6.119e+03 1 0)
|                ( - -1.394e+04 2 0 QUESTION0_13_R 1 1.133e+02 6.565e+01)))
|        ( QUESTION6 -1 -3.505e+04 2.868e+02 1.705e+02
|            ( - -1.880e+04 1 0)
|            ( WDBNDRY_B 0 -1.596e+04 1.808e+02 7.631e+01
|                ( - -6.830e+03 1 0)
|                ( - -8.949e+03 1 0)))))
s>    ( QUESTION0_0_R 1 -9.780e+04 1.680e+03 4.513e+02
s>        ( WDBNDRY_B 0 -2.900e+04 4.966e+02 1.342e+02
s>            ( - -1.563e+04 2 0)
s>            ( - -1.288e+04 1 0))
s>        ( QUESTION9 1 -6.712e+04 8.104e+02 3.171e+02
s>            ( QUESTION0 -1 -3.126e+04 2.121e+02 1.465e+02
s>                ( - -1.083e+04 2 0 QUESTION0_13_R 1 1.370e+02 5.140e+01)
s>                ( SILENCE -1 -2.022e+04 1.614e+02 9.514e+01
s>                    ( - -6.119e+03 1 0)
s>                    ( - -1.394e+04 2 0 QUESTION0_13_R 1 1.133e+02 6.565e+01)))
s>            ( QUESTION6 -1 -3.505e+04 2.868e+02 1.705e+02
s>                ( - -1.880e+04 1 0)
s>                ( WDBNDRY_B 0 -1.596e+04 1.808e+02 7.631e+01
s>                    ( - -6.830e+03 1 0)
s>                    ( - -8.949e+03 1 0)))))INFO: dtree.c(1315): Comp split 1
INFO: dtree.c(1478): Final simple tree
|( QUESTION9 1 -6.712e+04 8.104e+02 3.171e+02
|    ( QUESTION0 -1 -3.126e+04 2.121e+02 1.465e+02
|        ( QUESTION0_13_R 1 -1.083e+04 1.370e+02 5.140e+01
|            ( - -6.416e+03 1 0)
|            ( - -4.274e+03 1 0))
|        ( SILENCE -1 -2.022e+04 1.614e+02 9.514e+01
|            ( - -6.119e+03 1 0)
|            ( QUESTION0_13_R 1 -1.394e+04 1.133e+02 6.565e+01
|                ( - -7.597e+03 1 0)
|                ( - -6.229e+03 1 0))))
|    ( QUESTION6 -1 -3.505e+04 2.868e+02 1.705e+02
|        ( - -1.880e+04 1 0)
|        ( WDBNDRY_B 0 -1.596e+04 1.808e+02 7.631e+01
|            ( - -6.830e+03 1 0)
|            ( - -8.949e+03 1 0))))
s>    ( QUESTION9 1 -6.712e+04 8.104e+02 3.171e+02
s>        ( QUESTION0 -1 -3.126e+04 2.121e+02 1.465e+02
s>            ( QUESTION0_13_R 1 -1.083e+04 1.370e+02 5.140e+01
s>                ( - -6.416e+03 1 0)
s>                ( - -4.274e+03 1 0))
s>            ( SILENCE -1 -2.022e+04 1.614e+02 9.514e+01
s>                ( - -6.119e+03 1 0)
s>                ( QUESTION0_13_R 1 -1.394e+04 1.133e+02 6.565e+01
s>                    ( - -7.597e+03 1 0)
s>                    ( - -6.229e+03 1 0))))
s>        ( QUESTION6 -1 -3.505e+04 2.868e+02 1.705e+02
s>            ( - -1.880e+04 1 0)
s>            ( WDBNDRY_B 0 -1.596e+04 1.808e+02 7.631e+01
s>                ( - -6.830e+03 1 0)
s>                ( - -8.949e+03 1 0))))INFO: dtree.c(1439): stop. leaf nodes are specific
INFO: dtree.c(1478): Final simple tree
|( WDBNDRY_B 0 -2.900e+04 4.966e+02 1.342e+02
|    ( - -1.563e+04 2 0)
|    ( - -1.288e+04 1 0))
s>    ( WDBNDRY_B 0 -2.900e+04 4.966e+02 1.342e+02
s>        ( - -1.563e+04 2 0)
s>        ( - -1.288e+04 1 0))INFO: dtree.c(1315): Comp split 2
INFO: dtree.c(1439): stop. leaf nodes are specific
INFO: dtree.c(1478): Final simple tree
|( QUESTION0 -1 -3.126e+04 2.121e+02 1.465e+02
|    ( QUESTION0_13_R 1 -1.083e+04 1.370e+02 5.140e+01
|        ( - -6.416e+03 1 0)
|        ( - -4.274e+03 1 0))
|    ( SILENCE -1 -2.022e+04 1.614e+02 9.514e+01
|        ( - -6.119e+03 1 0)
|        ( QUESTION0_13_R 1 -1.394e+04 1.133e+02 6.565e+01
|            ( - -7.597e+03 1 0)
|            ( - -6.229e+03 1 0))))
s>    ( QUESTION0 -1 -3.126e+04 2.121e+02 1.465e+02
s>        ( QUESTION0_13_R 1 -1.083e+04 1.370e+02 5.140e+01
s>            ( - -6.416e+03 1 0)
s>            ( - -4.274e+03 1 0))
s>        ( SILENCE -1 -2.022e+04 1.614e+02 9.514e+01
s>            ( - -6.119e+03 1 0)
s>            ( QUESTION0_13_R 1 -1.394e+04 1.133e+02 6.565e+01
s>                ( - -7.597e+03 1 0)
s>                ( - -6.229e+03 1 0))))INFO: dtree.c(1439): stop. leaf nodes are specific
INFO: dtree.c(1478): Final simple tree
|( QUESTION6 -1 -3.505e+04 2.868e+02 1.705e+02
|    ( - -1.880e+04 1 0)
|    ( WDBNDRY_B 0 -1.596e+04 1.808e+02 7.631e+01
|        ( - -6.830e+03 1 0)
|        ( - -8.949e+03 1 0)))
s>    ( QUESTION6 -1 -3.505e+04 2.868e+02 1.705e+02
s>        ( - -1.880e+04 1 0)
s>        ( WDBNDRY_B 0 -1.596e+04 1.808e+02 7.631e+01
s>            ( - -6.830e+03 1 0)
s>            ( - -8.949e+03 1 0)))INFO: dtree.c(1315): Comp split 3
INFO: dtree.c(1315): Comp split 4
INFO: dtree.c(1439): stop. leaf nodes are specific
INFO: dtree.c(1478): Final simple tree
|( WDBNDRY_B 0 -1.596e+04 1.808e+02 7.631e+01
|    ( - -6.830e+03 1 0)
|    ( - -8.949e+03 1 0))
s>    ( WDBNDRY_B 0 -1.596e+04 1.808e+02 7.631e+01
s>        ( - -6.830e+03 1 0)
s>        ( - -8.949e+03 1 0))INFO: dtree.c(1315): Comp split 5
INFO: dtree.c(1439): stop. leaf nodes are specific
INFO: dtree.c(1478): Final simple tree
|( SILENCE -1 -2.022e+04 1.614e+02 9.514e+01
|    ( - -6.119e+03 1 0)
|    ( QUESTION0_13_R 1 -1.394e+04 1.133e+02 6.565e+01
|        ( - -7.597e+03 1 0)
|        ( - -6.229e+03 1 0)))
s>    ( SILENCE -1 -2.022e+04 1.614e+02 9.514e+01
s>        ( - -6.119e+03 1 0)
s>        ( QUESTION0_13_R 1 -1.394e+04 1.133e+02 6.565e+01
s>            ( - -7.597e+03 1 0)
s>            ( - -6.229e+03 1 0)))INFO: dtree.c(1439): stop. leaf nodes are specific
INFO: dtree.c(1478): Final simple tree
|( QUESTION0_13_R 1 -1.083e+04 1.370e+02 5.140e+01
|    ( - -6.416e+03 1 0)
|    ( - -4.274e+03 1 0))
s>    ( QUESTION0_13_R 1 -1.083e+04 1.370e+02 5.140e+01
s>        ( - -6.416e+03 1 0)
s>        ( - -4.274e+03 1 0))INFO: dtree.c(1315): Comp split 6
INFO: dtree.c(1315): Comp split 7
INFO: dtree.c(1439): stop. leaf nodes are specific
INFO: dtree.c(1478): Final simple tree
|( QUESTION0_13_R 1 -1.394e+04 1.133e+02 6.565e+01
|    ( - -7.597e+03 1 0)
|    ( - -6.229e+03 1 0))
s>    ( QUESTION0_13_R 1 -1.394e+04 1.133e+02 6.565e+01
s>        ( - -7.597e+03 1 0)
s>        ( - -6.229e+03 1 0))INFO: dtree.c(1315): Comp split 8
INFO: dtree.c(1315): Comp split 9
INFO: dtree.c(1315): Comp split 10
INFO: dtree.c(1318): stop. leaf nodes are specific
Sat Dec  3 19:23:21 2016
