Current configuration:
[NAME]		[DEFLT]	[VALUE]
-allphones	no	no
-cntthresh	0.00001	1.000000e-05
-csplitmax	100	2000
-csplitmin	1	1
-csplitthr	8e-4	0.000000e+00
-example	no	no
-fullvar	no	no
-help		no	no
-meanfn			/home/simone/Documenti/Elaborazione/project-NLP/model_parameters/android_db.cd_cont_untied/means
-mixwfn			/home/simone/Documenti/Elaborazione/project-NLP/model_parameters/android_db.cd_cont_untied/mixture_weights
-moddeffn		/home/simone/Documenti/Elaborazione/project-NLP/model_architecture/android_db.untied.mdef
-mwfloor	1e-4	1.000000e-08
-phone			OO
-psetfn			/home/simone/Documenti/Elaborazione/project-NLP/model_architecture/android_db.tree_questions
-ssplitmax	5	7
-ssplitmin	1	1
-ssplitthr	8e-4	0.000000e+00
-state			0
-stwt			1.0,0.05,0.0,
-treefn			/home/simone/Documenti/Elaborazione/project-NLP/trees/android_db.unpruned/OO-0.dtree
-ts2cbfn	.semi.	.cont.
-varfloor	0.00001	1.000000e-05
-varfn			/home/simone/Documenti/Elaborazione/project-NLP/model_parameters/android_db.cd_cont_untied/variances

INFO: main.c(223): Reading: /home/simone/Documenti/Elaborazione/project-NLP/model_architecture/android_db.untied.mdef
INFO: model_def_io.c(573): Model definition info:
INFO: model_def_io.c(574): 211 total models defined (27 base, 184 tri)
INFO: model_def_io.c(575): 844 total states
INFO: model_def_io.c(576): 633 total tied states
INFO: model_def_io.c(577): 81 total tied CI states
INFO: model_def_io.c(578): 27 total tied transition matrices
INFO: model_def_io.c(579): 4 max state/model
INFO: model_def_io.c(580): 4 min state/model
INFO: main.c(242): Building trees for [OO e t b] through [OO r v i]
INFO: main.c(269): Covering states |[108 122]| == 15
INFO: main.c(275): Reading: /home/simone/Documenti/Elaborazione/project-NLP/model_parameters/android_db.cd_cont_untied/mixture_weights
INFO: s3mixw_io.c(173): Read /home/simone/Documenti/Elaborazione/project-NLP/model_parameters/android_db.cd_cont_untied/mixture_weights [15x1x1 array]
INFO: main.c(311): 5 of 5 models have observation count greater than 0.000010
INFO: main.c(95): nrm stwt: 0.952 0.048 0.000 
INFO: s3gau_io.c(169): Read /home/simone/Documenti/Elaborazione/project-NLP/model_parameters/android_db.cd_cont_untied/means [633x1x1 array]
INFO: s3gau_io.c(169): Read /home/simone/Documenti/Elaborazione/project-NLP/model_parameters/android_db.cd_cont_untied/variances [633x1x1 array]
INFO: main.c(549): Reading: /home/simone/Documenti/Elaborazione/project-NLP/model_architecture/android_db.tree_questions
INFO: main.c(588): 180 total simple questions (172 phone; 8 word bndry)
INFO: main.c(590): 42 Left Only questions, and 42 Right Only questions
INFO: dtree.c(1439): stop. leaf nodes are specific
INFO: dtree.c(1478): Final simple tree
|( QUESTION16 -1 -2.225e+05 1.839e+03 9.386e+02
|    ( - -2.548e+04 1 0)
|    ( WDBNDRY_B 0 -1.952e+05 1.358e+03 8.215e+02
|        ( QUESTION1 -1 -1.543e+05 3.414e+02 6.483e+02
|            ( - -5.522e+04 1 0)
|            ( - -9.879e+04 1 0))
|        ( QUESTION0_0_R 1 -3.947e+04 6.726e+02 1.732e+02
|            ( - -2.546e+04 1 0)
|            ( - -1.334e+04 1 0))))
s>    ( QUESTION16 -1 -2.225e+05 1.839e+03 9.386e+02
s>        ( - -2.548e+04 1 0)
s>        ( WDBNDRY_B 0 -1.952e+05 1.358e+03 8.215e+02
s>            ( QUESTION1 -1 -1.543e+05 3.414e+02 6.483e+02
s>                ( - -5.522e+04 1 0)
s>                ( - -9.879e+04 1 0))
s>            ( QUESTION0_0_R 1 -3.947e+04 6.726e+02 1.732e+02
s>                ( - -2.546e+04 1 0)
s>                ( - -1.334e+04 1 0))))INFO: dtree.c(1315): Comp split 0
INFO: dtree.c(1439): stop. leaf nodes are specific
INFO: dtree.c(1478): Final simple tree
|( WDBNDRY_B 0 -1.952e+05 1.358e+03 8.215e+02
|    ( QUESTION1 -1 -1.543e+05 3.414e+02 6.483e+02
|        ( - -5.522e+04 1 0)
|        ( - -9.879e+04 1 0))
|    ( QUESTION0_0_R 1 -3.947e+04 6.726e+02 1.732e+02
|        ( - -2.546e+04 1 0)
|        ( - -1.334e+04 1 0)))
s>    ( WDBNDRY_B 0 -1.952e+05 1.358e+03 8.215e+02
s>        ( QUESTION1 -1 -1.543e+05 3.414e+02 6.483e+02
s>            ( - -5.522e+04 1 0)
s>            ( - -9.879e+04 1 0))
s>        ( QUESTION0_0_R 1 -3.947e+04 6.726e+02 1.732e+02
s>            ( - -2.546e+04 1 0)
s>            ( - -1.334e+04 1 0)))INFO: dtree.c(1315): Comp split 1
INFO: dtree.c(1439): stop. leaf nodes are specific
INFO: dtree.c(1478): Final simple tree
|( QUESTION0_0_R 1 -3.947e+04 6.726e+02 1.732e+02
|    ( - -2.546e+04 1 0)
|    ( - -1.334e+04 1 0))
s>    ( QUESTION0_0_R 1 -3.947e+04 6.726e+02 1.732e+02
s>        ( - -2.546e+04 1 0)
s>        ( - -1.334e+04 1 0))INFO: dtree.c(1439): stop. leaf nodes are specific
INFO: dtree.c(1478): Final simple tree
|( QUESTION1 -1 -1.543e+05 3.414e+02 6.483e+02
|    ( - -5.522e+04 1 0)
|    ( - -9.879e+04 1 0))
s>    ( QUESTION1 -1 -1.543e+05 3.414e+02 6.483e+02
s>        ( - -5.522e+04 1 0)
s>        ( - -9.879e+04 1 0))INFO: dtree.c(1315): Comp split 2
INFO: dtree.c(1315): Comp split 3
INFO: dtree.c(1315): Comp split 4
INFO: dtree.c(1318): stop. leaf nodes are specific
Sun Dec 11 12:12:05 2016
