Current configuration:
[NAME]		[DEFLT]	[VALUE]
-allphones	no	no
-cntthresh	0.00001	1.000000e-05
-csplitmax	100	2000
-csplitmin	1	1
-csplitthr	8e-4	0.000000e+00
-example	no	no
-fullvar	no	no
-help		no	no
-meanfn			/home/simone/Documenti/Elaborazione/project-NLP/model_parameters/android_db.cd_cont_untied/means
-mixwfn			/home/simone/Documenti/Elaborazione/project-NLP/model_parameters/android_db.cd_cont_untied/mixture_weights
-moddeffn		/home/simone/Documenti/Elaborazione/project-NLP/model_architecture/android_db.untied.mdef
-mwfloor	1e-4	1.000000e-08
-phone			n
-psetfn			/home/simone/Documenti/Elaborazione/project-NLP/model_architecture/android_db.tree_questions
-ssplitmax	5	7
-ssplitmin	1	1
-ssplitthr	8e-4	0.000000e+00
-state			1
-stwt			1.0,0.05,0.0,
-treefn			/home/simone/Documenti/Elaborazione/project-NLP/trees/android_db.unpruned/n-1.dtree
-ts2cbfn	.semi.	.cont.
-varfloor	0.00001	1.000000e-05
-varfn			/home/simone/Documenti/Elaborazione/project-NLP/model_parameters/android_db.cd_cont_untied/variances

INFO: main.c(223): Reading: /home/simone/Documenti/Elaborazione/project-NLP/model_architecture/android_db.untied.mdef
INFO: model_def_io.c(573): Model definition info:
INFO: model_def_io.c(574): 207 total models defined (27 base, 180 tri)
INFO: model_def_io.c(575): 828 total states
INFO: model_def_io.c(576): 621 total tied states
INFO: model_def_io.c(577): 81 total tied CI states
INFO: model_def_io.c(578): 27 total tied transition matrices
INFO: model_def_io.c(579): 4 max state/model
INFO: model_def_io.c(580): 4 min state/model
INFO: main.c(242): Building trees for [n a OO b] through [n u1 o i]
INFO: main.c(269): Covering states |[357 392]| == 36
INFO: main.c(275): Reading: /home/simone/Documenti/Elaborazione/project-NLP/model_parameters/android_db.cd_cont_untied/mixture_weights
INFO: s3mixw_io.c(173): Read /home/simone/Documenti/Elaborazione/project-NLP/model_parameters/android_db.cd_cont_untied/mixture_weights [36x1x1 array]
INFO: main.c(311): 12 of 12 models have observation count greater than 0.000010
INFO: main.c(95): nrm stwt: 0.045 0.909 0.045 
INFO: s3gau_io.c(169): Read /home/simone/Documenti/Elaborazione/project-NLP/model_parameters/android_db.cd_cont_untied/means [621x1x1 array]
INFO: s3gau_io.c(169): Read /home/simone/Documenti/Elaborazione/project-NLP/model_parameters/android_db.cd_cont_untied/variances [621x1x1 array]
INFO: main.c(549): Reading: /home/simone/Documenti/Elaborazione/project-NLP/model_architecture/android_db.tree_questions
INFO: main.c(588): 180 total simple questions (172 phone; 8 word bndry)
INFO: main.c(590): 42 Left Only questions, and 42 Right Only questions
INFO: dtree.c(1478): Final simple tree
|( QUESTION0_1_R 1 -1.846e+05 8.692e+02 8.996e+02
|    ( QUESTION0_2_R 1 -3.905e+04 3.232e+02 2.049e+02
|        ( - -9.587e+03 1 0)
|        ( - -2.914e+04 1 0))
|    ( QUESTION0_6_R 1 -1.447e+05 6.702e+02 6.947e+02
|        ( - -1.510e+04 1 0)
|        ( QUESTION0 -1 -1.289e+05 6.705e+02 6.154e+02
|            ( QUESTION0_0_R 1 -5.131e+04 4.577e+02 2.463e+02
|                ( - -2.896e+04 2 0)
|                ( WDBNDRY_B 0 -2.189e+04 3.167e+02 1.042e+02
|                    ( - -1.574e+04 1 0)
|                    ( - -5.831e+03 1 0)))
|            ( QUESTION0 1 -7.694e+04 4.280e+02 3.691e+02
|                ( - -5.025e+04 1 0)
|                ( - -2.626e+04 4 0 QUESTION0_11_R 1 2.887e+02 1.293e+02)))))
s>    ( QUESTION0_1_R 1 -1.846e+05 8.692e+02 8.996e+02
s>        ( QUESTION0_2_R 1 -3.905e+04 3.232e+02 2.049e+02
s>            ( - -9.587e+03 1 0)
s>            ( - -2.914e+04 1 0))
s>        ( QUESTION0_6_R 1 -1.447e+05 6.702e+02 6.947e+02
s>            ( - -1.510e+04 1 0)
s>            ( QUESTION0 -1 -1.289e+05 6.705e+02 6.154e+02
s>                ( QUESTION0_0_R 1 -5.131e+04 4.577e+02 2.463e+02
s>                    ( - -2.896e+04 2 0)
s>                    ( WDBNDRY_B 0 -2.189e+04 3.167e+02 1.042e+02
s>                        ( - -1.574e+04 1 0)
s>                        ( - -5.831e+03 1 0)))
s>                ( QUESTION0 1 -7.694e+04 4.280e+02 3.691e+02
s>                    ( - -5.025e+04 1 0)
s>                    ( - -2.626e+04 4 0 QUESTION0_11_R 1 2.887e+02 1.293e+02)))))INFO: dtree.c(1315): Comp split 0
INFO: dtree.c(1478): Final simple tree
|( QUESTION0 -1 -1.289e+05 6.705e+02 6.154e+02
|    ( QUESTION0_0_R 1 -5.131e+04 4.577e+02 2.463e+02
|        ( - -2.896e+04 2 0)
|        ( WDBNDRY_B 0 -2.189e+04 3.167e+02 1.042e+02
|            ( - -1.574e+04 1 0)
|            ( - -5.831e+03 1 0)))
|    ( QUESTION0 1 -7.694e+04 4.280e+02 3.691e+02
|        ( - -5.025e+04 1 0)
|        ( QUESTION0_11_R 1 -2.626e+04 2.887e+02 1.293e+02
|            ( QUESTION7 -1 -1.491e+04 1.430e+02 7.556e+01
|                ( - -5.525e+03 1 0)
|                ( - -9.241e+03 1 0))
|            ( WDBNDRY_B 0 -1.106e+04 1.880e+02 5.372e+01
|                ( - -1.085e+03 1 0)
|                ( - -9.786e+03 1 0)))))
s>    ( QUESTION0 -1 -1.289e+05 6.705e+02 6.154e+02
s>        ( QUESTION0_0_R 1 -5.131e+04 4.577e+02 2.463e+02
s>            ( - -2.896e+04 2 0)
s>            ( WDBNDRY_B 0 -2.189e+04 3.167e+02 1.042e+02
s>                ( - -1.574e+04 1 0)
s>                ( - -5.831e+03 1 0)))
s>        ( QUESTION0 1 -7.694e+04 4.280e+02 3.691e+02
s>            ( - -5.025e+04 1 0)
s>            ( QUESTION0_11_R 1 -2.626e+04 2.887e+02 1.293e+02
s>                ( QUESTION7 -1 -1.491e+04 1.430e+02 7.556e+01
s>                    ( - -5.525e+03 1 0)
s>                    ( - -9.241e+03 1 0))
s>                ( WDBNDRY_B 0 -1.106e+04 1.880e+02 5.372e+01
s>                    ( - -1.085e+03 1 0)
s>                    ( - -9.786e+03 1 0)))))INFO: dtree.c(1439): stop. leaf nodes are specific
INFO: dtree.c(1478): Final simple tree
|( QUESTION0_3_R 1 -5.451e+04 3.850e+02 2.843e+02
|    ( - -2.914e+04 1 0)
|    ( QUESTION0_1_R 1 -2.498e+04 2.996e+02 1.276e+02
|        ( - -9.587e+03 1 0)
|        ( - -1.510e+04 1 0)))
s>    ( QUESTION0_3_R 1 -5.451e+04 3.850e+02 2.843e+02
s>        ( - -2.914e+04 1 0)
s>        ( QUESTION0_1_R 1 -2.498e+04 2.996e+02 1.276e+02
s>            ( - -9.587e+03 1 0)
s>            ( - -1.510e+04 1 0)))INFO: dtree.c(1315): Comp split 1
INFO: dtree.c(1439): stop. leaf nodes are specific
INFO: dtree.c(1478): Final simple tree
|( QUESTION0_0_R 1 -4.627e+04 3.343e+02 2.240e+02
|    ( QUESTION0 -1 -3.019e+04 1.463e+02 1.480e+02
|        ( - -2.896e+04 2 0)
|        ( - -1.085e+03 1 0))
|    ( - -1.574e+04 1 0))
s>    ( QUESTION0_0_R 1 -4.627e+04 3.343e+02 2.240e+02
s>        ( QUESTION0 -1 -3.019e+04 1.463e+02 1.480e+02
s>            ( - -2.896e+04 2 0)
s>            ( - -1.085e+03 1 0))
s>        ( - -1.574e+04 1 0))INFO: dtree.c(1439): stop. leaf nodes are specific
INFO: dtree.c(1478): Final simple tree
|( QUESTION0 1 -8.191e+04 5.448e+02 3.914e+02
|    ( - -5.025e+04 1 0)
|    ( WDBNDRY_B 0 -3.111e+04 3.186e+02 1.515e+02
|        ( QUESTION7 -1 -1.491e+04 1.430e+02 7.556e+01
|            ( - -5.525e+03 1 0)
|            ( - -9.241e+03 1 0))
|        ( QUESTION0 -1 -1.589e+04 2.683e+02 7.599e+01
|            ( - -5.831e+03 1 0)
|            ( - -9.786e+03 1 0))))
s>    ( QUESTION0 1 -8.191e+04 5.448e+02 3.914e+02
s>        ( - -5.025e+04 1 0)
s>        ( WDBNDRY_B 0 -3.111e+04 3.186e+02 1.515e+02
s>            ( QUESTION7 -1 -1.491e+04 1.430e+02 7.556e+01
s>                ( - -5.525e+03 1 0)
s>                ( - -9.241e+03 1 0))
s>            ( QUESTION0 -1 -1.589e+04 2.683e+02 7.599e+01
s>                ( - -5.831e+03 1 0)
s>                ( - -9.786e+03 1 0))))INFO: dtree.c(1315): Comp split 2
INFO: dtree.c(1439): stop. leaf nodes are specific
INFO: dtree.c(1478): Final simple tree
|( WDBNDRY_B 0 -3.111e+04 3.186e+02 1.515e+02
|    ( QUESTION7 -1 -1.491e+04 1.430e+02 7.556e+01
|        ( - -5.525e+03 1 0)
|        ( - -9.241e+03 1 0))
|    ( QUESTION0 -1 -1.589e+04 2.683e+02 7.599e+01
|        ( - -5.831e+03 1 0)
|        ( - -9.786e+03 1 0)))
s>    ( WDBNDRY_B 0 -3.111e+04 3.186e+02 1.515e+02
s>        ( QUESTION7 -1 -1.491e+04 1.430e+02 7.556e+01
s>            ( - -5.525e+03 1 0)
s>            ( - -9.241e+03 1 0))
s>        ( QUESTION0 -1 -1.589e+04 2.683e+02 7.599e+01
s>            ( - -5.831e+03 1 0)
s>            ( - -9.786e+03 1 0)))INFO: dtree.c(1315): Comp split 3
INFO: dtree.c(1439): stop. leaf nodes are specific
INFO: dtree.c(1478): Final simple tree
|( QUESTION0_1_R 1 -2.498e+04 2.996e+02 1.276e+02
|    ( - -9.587e+03 1 0)
|    ( - -1.510e+04 1 0))
s>    ( QUESTION0_1_R 1 -2.498e+04 2.996e+02 1.276e+02
s>        ( - -9.587e+03 1 0)
s>        ( - -1.510e+04 1 0))INFO: dtree.c(1315): Comp split 4
INFO: dtree.c(1439): stop. leaf nodes are specific
INFO: dtree.c(1478): Final simple tree
|( QUESTION0 -1 -3.019e+04 1.463e+02 1.480e+02
|    ( - -2.896e+04 2 0)
|    ( - -1.085e+03 1 0))
s>    ( QUESTION0 -1 -3.019e+04 1.463e+02 1.480e+02
s>        ( - -2.896e+04 2 0)
s>        ( - -1.085e+03 1 0))INFO: dtree.c(1315): Comp split 5
INFO: dtree.c(1439): stop. leaf nodes are specific
INFO: dtree.c(1478): Final simple tree
|( QUESTION0 -1 -1.589e+04 2.683e+02 7.599e+01
|    ( - -5.831e+03 1 0)
|    ( - -9.786e+03 1 0))
s>    ( QUESTION0 -1 -1.589e+04 2.683e+02 7.599e+01
s>        ( - -5.831e+03 1 0)
s>        ( - -9.786e+03 1 0))INFO: dtree.c(1439): stop. leaf nodes are specific
INFO: dtree.c(1478): Final simple tree
|( QUESTION7 -1 -1.491e+04 1.430e+02 7.556e+01
|    ( - -5.525e+03 1 0)
|    ( - -9.241e+03 1 0))
s>    ( QUESTION7 -1 -1.491e+04 1.430e+02 7.556e+01
s>        ( - -5.525e+03 1 0)
s>        ( - -9.241e+03 1 0))INFO: dtree.c(1315): Comp split 6
INFO: dtree.c(1315): Comp split 7
INFO: dtree.c(1315): Comp split 8
INFO: dtree.c(1315): Comp split 9
INFO: dtree.c(1315): Comp split 10
INFO: dtree.c(1318): stop. leaf nodes are specific
Sat Dec  3 19:23:21 2016
