Current configuration:
[NAME]		[DEFLT]	[VALUE]
-allphones	no	no
-cntthresh	0.00001	1.000000e-05
-csplitmax	100	2000
-csplitmin	1	1
-csplitthr	8e-4	0.000000e+00
-example	no	no
-fullvar	no	no
-help		no	no
-meanfn			/home/simone/Documenti/Elaborazione/project-NLP/model_parameters/android_db.cd_cont_untied/means
-mixwfn			/home/simone/Documenti/Elaborazione/project-NLP/model_parameters/android_db.cd_cont_untied/mixture_weights
-moddeffn		/home/simone/Documenti/Elaborazione/project-NLP/model_architecture/android_db.untied.mdef
-mwfloor	1e-4	1.000000e-08
-phone			EE
-psetfn			/home/simone/Documenti/Elaborazione/project-NLP/model_architecture/android_db.tree_questions
-ssplitmax	5	7
-ssplitmin	1	1
-ssplitthr	8e-4	0.000000e+00
-state			2
-stwt			1.0,0.05,0.0,
-treefn			/home/simone/Documenti/Elaborazione/project-NLP/trees/android_db.unpruned/EE-2.dtree
-ts2cbfn	.semi.	.cont.
-varfloor	0.00001	1.000000e-05
-varfn			/home/simone/Documenti/Elaborazione/project-NLP/model_parameters/android_db.cd_cont_untied/variances

INFO: main.c(223): Reading: /home/simone/Documenti/Elaborazione/project-NLP/model_architecture/android_db.untied.mdef
INFO: model_def_io.c(573): Model definition info:
INFO: model_def_io.c(574): 207 total models defined (27 base, 180 tri)
INFO: model_def_io.c(575): 828 total states
INFO: model_def_io.c(576): 621 total tied states
INFO: model_def_io.c(577): 81 total tied CI states
INFO: model_def_io.c(578): 27 total tied transition matrices
INFO: model_def_io.c(579): 4 max state/model
INFO: model_def_io.c(580): 4 min state/model
INFO: main.c(242): Building trees for [EE r SIL e] through [EE tSS l i]
INFO: main.c(269): Covering states |[81 104]| == 24
INFO: main.c(275): Reading: /home/simone/Documenti/Elaborazione/project-NLP/model_parameters/android_db.cd_cont_untied/mixture_weights
INFO: s3mixw_io.c(173): Read /home/simone/Documenti/Elaborazione/project-NLP/model_parameters/android_db.cd_cont_untied/mixture_weights [24x1x1 array]
INFO: main.c(311): 8 of 8 models have observation count greater than 0.000010
INFO: main.c(95): nrm stwt: 0.000 0.048 0.952 
INFO: s3gau_io.c(169): Read /home/simone/Documenti/Elaborazione/project-NLP/model_parameters/android_db.cd_cont_untied/means [621x1x1 array]
INFO: s3gau_io.c(169): Read /home/simone/Documenti/Elaborazione/project-NLP/model_parameters/android_db.cd_cont_untied/variances [621x1x1 array]
INFO: main.c(549): Reading: /home/simone/Documenti/Elaborazione/project-NLP/model_architecture/android_db.tree_questions
INFO: main.c(588): 180 total simple questions (172 phone; 8 word bndry)
INFO: main.c(590): 42 Left Only questions, and 42 Right Only questions
INFO: dtree.c(1478): Final simple tree
|( WDBNDRY_E 0 -6.580e+05 1.372e+03 3.441e+03
|    ( SILENCE 1 -5.202e+05 3.915e+02 2.747e+03
|        ( - -3.779e+04 1 0)
|        ( QUESTION0_1_R 1 -4.820e+05 3.685e+02 2.546e+03
|            ( QUESTION0_2_R 1 -1.156e+05 2.732e+02 6.084e+02
|                ( - -3.727e+04 1 0)
|                ( - -7.808e+04 1 0))
|            ( QUESTION0_0_R 1 -3.660e+05 1.311e+02 1.938e+03
|                ( - -2.527e+05 1 0)
|                ( - -1.132e+05 1 0))))
|    ( QUESTION6 1 -1.365e+05 1.146e+03 6.938e+02
|        ( - -7.725e+04 1 0)
|        ( QUESTION0_0_R 1 -5.812e+04 4.238e+02 2.948e+02
|            ( - -5.278e+04 1 0)
|            ( - -4.916e+03 1 0))))
s>    ( WDBNDRY_E 0 -6.580e+05 1.372e+03 3.441e+03
s>        ( SILENCE 1 -5.202e+05 3.915e+02 2.747e+03
s>            ( - -3.779e+04 1 0)
s>            ( QUESTION0_1_R 1 -4.820e+05 3.685e+02 2.546e+03
s>                ( QUESTION0_2_R 1 -1.156e+05 2.732e+02 6.084e+02
s>                    ( - -3.727e+04 1 0)
s>                    ( - -7.808e+04 1 0))
s>                ( QUESTION0_0_R 1 -3.660e+05 1.311e+02 1.938e+03
s>                    ( - -2.527e+05 1 0)
s>                    ( - -1.132e+05 1 0))))
s>        ( QUESTION6 1 -1.365e+05 1.146e+03 6.938e+02
s>            ( - -7.725e+04 1 0)
s>            ( QUESTION0_0_R 1 -5.812e+04 4.238e+02 2.948e+02
s>                ( - -5.278e+04 1 0)
s>                ( - -4.916e+03 1 0))))INFO: dtree.c(1315): Comp split 0
INFO: dtree.c(1439): stop. leaf nodes are specific
INFO: dtree.c(1478): Final simple tree
|( SILENCE 1 -5.202e+05 3.915e+02 2.747e+03
|    ( - -3.779e+04 1 0)
|    ( QUESTION0_1_R 1 -4.820e+05 3.685e+02 2.546e+03
|        ( QUESTION0_2_R 1 -1.156e+05 2.732e+02 6.084e+02
|            ( - -3.727e+04 1 0)
|            ( - -7.808e+04 1 0))
|        ( QUESTION0_0_R 1 -3.660e+05 1.311e+02 1.938e+03
|            ( - -2.527e+05 1 0)
|            ( - -1.132e+05 1 0))))
s>    ( SILENCE 1 -5.202e+05 3.915e+02 2.747e+03
s>        ( - -3.779e+04 1 0)
s>        ( QUESTION0_1_R 1 -4.820e+05 3.685e+02 2.546e+03
s>            ( QUESTION0_2_R 1 -1.156e+05 2.732e+02 6.084e+02
s>                ( - -3.727e+04 1 0)
s>                ( - -7.808e+04 1 0))
s>            ( QUESTION0_0_R 1 -3.660e+05 1.311e+02 1.938e+03
s>                ( - -2.527e+05 1 0)
s>                ( - -1.132e+05 1 0))))INFO: dtree.c(1439): stop. leaf nodes are specific
INFO: dtree.c(1478): Final simple tree
|( QUESTION6 1 -1.365e+05 1.146e+03 6.938e+02
|    ( - -7.725e+04 1 0)
|    ( QUESTION0_0_R 1 -5.812e+04 4.238e+02 2.948e+02
|        ( - -5.278e+04 1 0)
|        ( - -4.916e+03 1 0)))
s>    ( QUESTION6 1 -1.365e+05 1.146e+03 6.938e+02
s>        ( - -7.725e+04 1 0)
s>        ( QUESTION0_0_R 1 -5.812e+04 4.238e+02 2.948e+02
s>            ( - -5.278e+04 1 0)
s>            ( - -4.916e+03 1 0)))INFO: dtree.c(1315): Comp split 1
INFO: dtree.c(1439): stop. leaf nodes are specific
INFO: dtree.c(1478): Final simple tree
|( QUESTION0_0_R 1 -5.812e+04 4.238e+02 2.948e+02
|    ( - -5.278e+04 1 0)
|    ( - -4.916e+03 1 0))
s>    ( QUESTION0_0_R 1 -5.812e+04 4.238e+02 2.948e+02
s>        ( - -5.278e+04 1 0)
s>        ( - -4.916e+03 1 0))INFO: dtree.c(1315): Comp split 2
INFO: dtree.c(1315): Comp split 3
INFO: dtree.c(1439): stop. leaf nodes are specific
INFO: dtree.c(1478): Final simple tree
|( QUESTION0_1_R 1 -4.444e+05 3.142e+02 2.350e+03
|    ( - -7.808e+04 1 0)
|    ( QUESTION0_0_R 1 -3.660e+05 1.311e+02 1.938e+03
|        ( - -2.527e+05 1 0)
|        ( - -1.132e+05 1 0)))
s>    ( QUESTION0_1_R 1 -4.444e+05 3.142e+02 2.350e+03
s>        ( - -7.808e+04 1 0)
s>        ( QUESTION0_0_R 1 -3.660e+05 1.311e+02 1.938e+03
s>            ( - -2.527e+05 1 0)
s>            ( - -1.132e+05 1 0)))INFO: dtree.c(1439): stop. leaf nodes are specific
INFO: dtree.c(1478): Final simple tree
|( SILENCE 1 -7.536e+04 3.019e+02 3.969e+02
|    ( - -3.779e+04 1 0)
|    ( - -3.727e+04 1 0))
s>    ( SILENCE 1 -7.536e+04 3.019e+02 3.969e+02
s>        ( - -3.779e+04 1 0)
s>        ( - -3.727e+04 1 0))INFO: dtree.c(1315): Comp split 4
INFO: dtree.c(1439): stop. leaf nodes are specific
INFO: dtree.c(1478): Final simple tree
|( QUESTION0_0_R 1 -3.660e+05 1.311e+02 1.938e+03
|    ( - -2.527e+05 1 0)
|    ( - -1.132e+05 1 0))
s>    ( QUESTION0_0_R 1 -3.660e+05 1.311e+02 1.938e+03
s>        ( - -2.527e+05 1 0)
s>        ( - -1.132e+05 1 0))INFO: dtree.c(1315): Comp split 5
INFO: dtree.c(1315): Comp split 6
INFO: dtree.c(1315): Comp split 7
INFO: dtree.c(1318): stop. leaf nodes are specific
Sat Dec  3 19:23:19 2016
