Current configuration:
[NAME]		[DEFLT]	[VALUE]
-allphones	no	no
-cntthresh	0.00001	1.000000e-05
-csplitmax	100	2000
-csplitmin	1	1
-csplitthr	8e-4	0.000000e+00
-example	no	no
-fullvar	no	no
-help		no	no
-meanfn			/home/simone/Documenti/Elaborazione/project-NLP/model_parameters/android_db.cd_cont_untied/means
-mixwfn			/home/simone/Documenti/Elaborazione/project-NLP/model_parameters/android_db.cd_cont_untied/mixture_weights
-moddeffn		/home/simone/Documenti/Elaborazione/project-NLP/model_architecture/android_db.untied.mdef
-mwfloor	1e-4	1.000000e-08
-phone			t
-psetfn			/home/simone/Documenti/Elaborazione/project-NLP/model_architecture/android_db.tree_questions
-ssplitmax	5	7
-ssplitmin	1	1
-ssplitthr	8e-4	0.000000e+00
-state			1
-stwt			1.0,0.05,0.0,
-treefn			/home/simone/Documenti/Elaborazione/project-NLP/trees/android_db.unpruned/t-1.dtree
-ts2cbfn	.semi.	.cont.
-varfloor	0.00001	1.000000e-05
-varfn			/home/simone/Documenti/Elaborazione/project-NLP/model_parameters/android_db.cd_cont_untied/variances

INFO: main.c(223): Reading: /home/simone/Documenti/Elaborazione/project-NLP/model_architecture/android_db.untied.mdef
INFO: model_def_io.c(573): Model definition info:
INFO: model_def_io.c(574): 207 total models defined (27 base, 180 tri)
INFO: model_def_io.c(575): 828 total states
INFO: model_def_io.c(576): 621 total tied states
INFO: model_def_io.c(577): 81 total tied CI states
INFO: model_def_io.c(578): 27 total tied transition matrices
INFO: model_def_io.c(579): 4 max state/model
INFO: model_def_io.c(580): 4 min state/model
INFO: main.c(242): Building trees for [t EE r b] through [t t r i]
INFO: main.c(269): Covering states |[516 563]| == 48
INFO: main.c(275): Reading: /home/simone/Documenti/Elaborazione/project-NLP/model_parameters/android_db.cd_cont_untied/mixture_weights
INFO: s3mixw_io.c(173): Read /home/simone/Documenti/Elaborazione/project-NLP/model_parameters/android_db.cd_cont_untied/mixture_weights [48x1x1 array]
INFO: main.c(311): 16 of 16 models have observation count greater than 0.000010
INFO: main.c(95): nrm stwt: 0.045 0.909 0.045 
INFO: s3gau_io.c(169): Read /home/simone/Documenti/Elaborazione/project-NLP/model_parameters/android_db.cd_cont_untied/means [621x1x1 array]
INFO: s3gau_io.c(169): Read /home/simone/Documenti/Elaborazione/project-NLP/model_parameters/android_db.cd_cont_untied/variances [621x1x1 array]
INFO: main.c(549): Reading: /home/simone/Documenti/Elaborazione/project-NLP/model_architecture/android_db.tree_questions
INFO: main.c(588): 180 total simple questions (172 phone; 8 word bndry)
INFO: main.c(590): 42 Left Only questions, and 42 Right Only questions
INFO: dtree.c(1478): Final simple tree
|( QUESTION0_11_R 1 -2.721e+05 2.828e+03 1.191e+03
|    ( - -3.341e+04 1 0)
|    ( QUESTION0_0_R 1 -2.359e+05 1.655e+03 1.035e+03
|        ( QUESTION0 -1 -7.764e+04 6.615e+02 3.485e+02
|            ( - -9.091e+03 1 0)
|            ( - -6.788e+04 2 0 QUESTION3 -1 5.407e+02 3.066e+02))
|        ( QUESTION2_0_L -1 -1.566e+05 1.160e+03 6.867e+02
|            ( - -6.586e+04 4 0 QUESTION2_5_L -1 1.746e+02 2.862e+02)
|            ( QUESTION9 1 -8.957e+04 7.449e+02 4.005e+02
|                ( - -2.441e+04 2 0 QUESTION0_13_R 1 3.403e+02 1.117e+02)
|                ( QUESTION0_19_R 1 -6.442e+04 5.477e+02 2.888e+02
|                    ( QUESTION11 -1 -4.622e+04 6.465e+02 2.084e+02
|                        ( - -1.335e+04 1 0)
|                        ( - -3.222e+04 3 0 QUESTION2 -1 4.185e+02 1.468e+02))
|                    ( - -1.765e+04 2 0 QUESTION0_17_R 1 2.164e+02 8.045e+01))))))
s>    ( QUESTION0_11_R 1 -2.721e+05 2.828e+03 1.191e+03
s>        ( - -3.341e+04 1 0)
s>        ( QUESTION0_0_R 1 -2.359e+05 1.655e+03 1.035e+03
s>            ( QUESTION0 -1 -7.764e+04 6.615e+02 3.485e+02
s>                ( - -9.091e+03 1 0)
s>                ( - -6.788e+04 2 0 QUESTION3 -1 5.407e+02 3.066e+02))
s>            ( QUESTION2_0_L -1 -1.566e+05 1.160e+03 6.867e+02
s>                ( - -6.586e+04 4 0 QUESTION2_5_L -1 1.746e+02 2.862e+02)
s>                ( QUESTION9 1 -8.957e+04 7.449e+02 4.005e+02
s>                    ( - -2.441e+04 2 0 QUESTION0_13_R 1 3.403e+02 1.117e+02)
s>                    ( QUESTION0_19_R 1 -6.442e+04 5.477e+02 2.888e+02
s>                        ( QUESTION11 -1 -4.622e+04 6.465e+02 2.084e+02
s>                            ( - -1.335e+04 1 0)
s>                            ( - -3.222e+04 3 0 QUESTION2 -1 4.185e+02 1.468e+02))
s>                        ( - -1.765e+04 2 0 QUESTION0_17_R 1 2.164e+02 8.045e+01))))))INFO: dtree.c(1315): Comp split 0
INFO: dtree.c(1439): stop. leaf nodes are specific
INFO: dtree.c(1478): Final simple tree
|( QUESTION0_11_R 1 -4.746e+04 7.029e+02 2.173e+02
|    ( - -3.341e+04 1 0)
|    ( - -1.335e+04 1 0))
s>    ( QUESTION0_11_R 1 -4.746e+04 7.029e+02 2.173e+02
s>        ( - -3.341e+04 1 0)
s>        ( - -1.335e+04 1 0))INFO: dtree.c(1478): Final simple tree
|( QUESTION0_0_R 1 -2.216e+05 1.579e+03 9.736e+02
|    ( QUESTION0 -1 -7.764e+04 6.615e+02 3.485e+02
|        ( - -9.091e+03 1 0)
|        ( QUESTION3 -1 -6.788e+04 5.407e+02 3.066e+02
|            ( - -3.969e+04 1 0)
|            ( - -2.765e+04 1 0)))
|    ( QUESTION2_0_L -1 -1.424e+05 1.055e+03 6.250e+02
|        ( - -6.586e+04 4 0 QUESTION2_5_L -1 1.746e+02 2.862e+02)
|        ( QUESTION9 1 -7.548e+04 6.947e+02 3.389e+02
|            ( - -2.441e+04 2 0 QUESTION0_13_R 1 3.403e+02 1.117e+02)
|            ( QUESTION0_19_R 1 -5.037e+04 5.003e+02 2.272e+02
|                ( QUESTION2 -1 -3.222e+04 4.185e+02 1.468e+02
|                    ( - -2.171e+04 2 0 WDBNDRY_B 0 2.680e+02 9.969e+01)
|                    ( - -1.010e+04 1 0))
|                ( - -1.765e+04 2 0 QUESTION0_17_R 1 2.164e+02 8.045e+01)))))
s>    ( QUESTION0_0_R 1 -2.216e+05 1.579e+03 9.736e+02
s>        ( QUESTION0 -1 -7.764e+04 6.615e+02 3.485e+02
s>            ( - -9.091e+03 1 0)
s>            ( QUESTION3 -1 -6.788e+04 5.407e+02 3.066e+02
s>                ( - -3.969e+04 1 0)
s>                ( - -2.765e+04 1 0)))
s>        ( QUESTION2_0_L -1 -1.424e+05 1.055e+03 6.250e+02
s>            ( - -6.586e+04 4 0 QUESTION2_5_L -1 1.746e+02 2.862e+02)
s>            ( QUESTION9 1 -7.548e+04 6.947e+02 3.389e+02
s>                ( - -2.441e+04 2 0 QUESTION0_13_R 1 3.403e+02 1.117e+02)
s>                ( QUESTION0_19_R 1 -5.037e+04 5.003e+02 2.272e+02
s>                    ( QUESTION2 -1 -3.222e+04 4.185e+02 1.468e+02
s>                        ( - -2.171e+04 2 0 WDBNDRY_B 0 2.680e+02 9.969e+01)
s>                        ( - -1.010e+04 1 0))
s>                    ( - -1.765e+04 2 0 QUESTION0_17_R 1 2.164e+02 8.045e+01)))))INFO: dtree.c(1315): Comp split 1
INFO: dtree.c(1439): stop. leaf nodes are specific
INFO: dtree.c(1478): Final simple tree
|( QUESTION3 -1 -6.788e+04 5.407e+02 3.066e+02
|    ( - -3.969e+04 1 0)
|    ( - -2.765e+04 1 0))
s>    ( QUESTION3 -1 -6.788e+04 5.407e+02 3.066e+02
s>        ( - -3.969e+04 1 0)
s>        ( - -2.765e+04 1 0))INFO: dtree.c(1478): Final simple tree
|( QUESTION2_0_L -1 -1.521e+05 1.045e+03 6.669e+02
|    ( WDBNDRY_B 0 -7.556e+04 6.018e+02 3.281e+02
|        ( - -6.586e+04 4 0 QUESTION2_5_L -1 1.746e+02 2.862e+02)
|        ( - -9.091e+03 1 0))
|    ( QUESTION9 1 -7.548e+04 6.947e+02 3.389e+02
|        ( QUESTION0_13_R 1 -2.441e+04 3.403e+02 1.117e+02
|            ( - -1.242e+04 1 0)
|            ( - -1.165e+04 1 0))
|        ( QUESTION0_19_R 1 -5.037e+04 5.003e+02 2.272e+02
|            ( QUESTION2 -1 -3.222e+04 4.185e+02 1.468e+02
|                ( WDBNDRY_B 0 -2.171e+04 2.680e+02 9.969e+01
|                    ( - -1.328e+04 1 0)
|                    ( - -8.154e+03 1 0))
|                ( - -1.010e+04 1 0))
|            ( - -1.765e+04 2 0 QUESTION0_17_R 1 2.164e+02 8.045e+01))))
s>    ( QUESTION2_0_L -1 -1.521e+05 1.045e+03 6.669e+02
s>        ( WDBNDRY_B 0 -7.556e+04 6.018e+02 3.281e+02
s>            ( - -6.586e+04 4 0 QUESTION2_5_L -1 1.746e+02 2.862e+02)
s>            ( - -9.091e+03 1 0))
s>        ( QUESTION9 1 -7.548e+04 6.947e+02 3.389e+02
s>            ( QUESTION0_13_R 1 -2.441e+04 3.403e+02 1.117e+02
s>                ( - -1.242e+04 1 0)
s>                ( - -1.165e+04 1 0))
s>            ( QUESTION0_19_R 1 -5.037e+04 5.003e+02 2.272e+02
s>                ( QUESTION2 -1 -3.222e+04 4.185e+02 1.468e+02
s>                    ( WDBNDRY_B 0 -2.171e+04 2.680e+02 9.969e+01
s>                        ( - -1.328e+04 1 0)
s>                        ( - -8.154e+03 1 0))
s>                    ( - -1.010e+04 1 0))
s>                ( - -1.765e+04 2 0 QUESTION0_17_R 1 2.164e+02 8.045e+01))))INFO: dtree.c(1315): Comp split 2
INFO: dtree.c(1439): stop. leaf nodes are specific
INFO: dtree.c(1478): Final simple tree
|( WDBNDRY_B 0 -8.407e+04 6.438e+02 3.663e+02
|    ( QUESTION2_5_L -1 -6.586e+04 1.746e+02 2.862e+02
|        ( - -1.163e+04 2 0)
|        ( QUESTION0 -1 -5.406e+04 7.021e+01 2.342e+02
|            ( - -4.514e+04 1 0)
|            ( - -8.858e+03 1 0)))
|    ( QUESTION0_0_R 1 -1.756e+04 3.163e+02 8.018e+01
|        ( - -9.091e+03 1 0)
|        ( - -8.154e+03 1 0)))
s>    ( WDBNDRY_B 0 -8.407e+04 6.438e+02 3.663e+02
s>        ( QUESTION2_5_L -1 -6.586e+04 1.746e+02 2.862e+02
s>            ( - -1.163e+04 2 0)
s>            ( QUESTION0 -1 -5.406e+04 7.021e+01 2.342e+02
s>                ( - -4.514e+04 1 0)
s>                ( - -8.858e+03 1 0)))
s>        ( QUESTION0_0_R 1 -1.756e+04 3.163e+02 8.018e+01
s>            ( - -9.091e+03 1 0)
s>            ( - -8.154e+03 1 0)))INFO: dtree.c(1439): stop. leaf nodes are specific
INFO: dtree.c(1478): Final simple tree
|( QUESTION11 -1 -6.695e+04 6.857e+02 3.006e+02
|    ( QUESTION0_17_R 1 -1.765e+04 2.164e+02 8.045e+01
|        ( - -1.118e+04 1 0)
|        ( - -6.259e+03 1 0))
|    ( QUESTION9 -1 -4.861e+04 4.727e+02 2.202e+02
|        ( - -1.328e+04 1 0)
|        ( QUESTION0_20_R 1 -3.486e+04 3.529e+02 1.587e+02
|            ( - -1.165e+04 1 0)
|            ( WDBNDRY_B 0 -2.285e+04 3.339e+02 1.041e+02
|                ( - -1.010e+04 1 0)
|                ( - -1.242e+04 1 0)))))
s>    ( QUESTION11 -1 -6.695e+04 6.857e+02 3.006e+02
s>        ( QUESTION0_17_R 1 -1.765e+04 2.164e+02 8.045e+01
s>            ( - -1.118e+04 1 0)
s>            ( - -6.259e+03 1 0))
s>        ( QUESTION9 -1 -4.861e+04 4.727e+02 2.202e+02
s>            ( - -1.328e+04 1 0)
s>            ( QUESTION0_20_R 1 -3.486e+04 3.529e+02 1.587e+02
s>                ( - -1.165e+04 1 0)
s>                ( WDBNDRY_B 0 -2.285e+04 3.339e+02 1.041e+02
s>                    ( - -1.010e+04 1 0)
s>                    ( - -1.242e+04 1 0)))))INFO: dtree.c(1315): Comp split 3
INFO: dtree.c(1439): stop. leaf nodes are specific
INFO: dtree.c(1478): Final simple tree
|( QUESTION0_20_R 1 -3.486e+04 3.529e+02 1.587e+02
|    ( - -1.165e+04 1 0)
|    ( WDBNDRY_B 0 -2.285e+04 3.339e+02 1.041e+02
|        ( - -1.010e+04 1 0)
|        ( - -1.242e+04 1 0)))
s>    ( QUESTION0_20_R 1 -3.486e+04 3.529e+02 1.587e+02
s>        ( - -1.165e+04 1 0)
s>        ( WDBNDRY_B 0 -2.285e+04 3.339e+02 1.041e+02
s>            ( - -1.010e+04 1 0)
s>            ( - -1.242e+04 1 0)))INFO: dtree.c(1439): stop. leaf nodes are specific
INFO: dtree.c(1478): Final simple tree
|( WDBNDRY_B 0 -3.133e+04 3.926e+02 1.419e+02
|    ( - -1.328e+04 1 0)
|    ( QUESTION0_17_R 1 -1.765e+04 2.164e+02 8.045e+01
|        ( - -1.118e+04 1 0)
|        ( - -6.259e+03 1 0)))
s>    ( WDBNDRY_B 0 -3.133e+04 3.926e+02 1.419e+02
s>        ( - -1.328e+04 1 0)
s>        ( QUESTION0_17_R 1 -1.765e+04 2.164e+02 8.045e+01
s>            ( - -1.118e+04 1 0)
s>            ( - -6.259e+03 1 0)))INFO: dtree.c(1315): Comp split 4
INFO: dtree.c(1315): Comp split 5
INFO: dtree.c(1439): stop. leaf nodes are specific
INFO: dtree.c(1478): Final simple tree
|( QUESTION2_5_L -1 -6.586e+04 1.746e+02 2.862e+02
|    ( - -1.163e+04 2 0)
|    ( QUESTION0 -1 -5.406e+04 7.021e+01 2.342e+02
|        ( - -4.514e+04 1 0)
|        ( - -8.858e+03 1 0)))
s>    ( QUESTION2_5_L -1 -6.586e+04 1.746e+02 2.862e+02
s>        ( - -1.163e+04 2 0)
s>        ( QUESTION0 -1 -5.406e+04 7.021e+01 2.342e+02
s>            ( - -4.514e+04 1 0)
s>            ( - -8.858e+03 1 0)))INFO: dtree.c(1439): stop. leaf nodes are specific
INFO: dtree.c(1478): Final simple tree
|( QUESTION0_0_R 1 -1.756e+04 3.163e+02 8.018e+01
|    ( - -9.091e+03 1 0)
|    ( - -8.154e+03 1 0))
s>    ( QUESTION0_0_R 1 -1.756e+04 3.163e+02 8.018e+01
s>        ( - -9.091e+03 1 0)
s>        ( - -8.154e+03 1 0))INFO: dtree.c(1315): Comp split 6
INFO: dtree.c(1315): Comp split 7
INFO: dtree.c(1439): stop. leaf nodes are specific
INFO: dtree.c(1478): Final simple tree
|( QUESTION0_17_R 1 -1.765e+04 2.164e+02 8.045e+01
|    ( - -1.118e+04 1 0)
|    ( - -6.259e+03 1 0))
s>    ( QUESTION0_17_R 1 -1.765e+04 2.164e+02 8.045e+01
s>        ( - -1.118e+04 1 0)
s>        ( - -6.259e+03 1 0))INFO: dtree.c(1315): Comp split 8
INFO: dtree.c(1439): stop. leaf nodes are specific
INFO: dtree.c(1478): Final simple tree
|( WDBNDRY_B 0 -2.285e+04 3.339e+02 1.041e+02
|    ( - -1.010e+04 1 0)
|    ( - -1.242e+04 1 0))
s>    ( WDBNDRY_B 0 -2.285e+04 3.339e+02 1.041e+02
s>        ( - -1.010e+04 1 0)
s>        ( - -1.242e+04 1 0))INFO: dtree.c(1315): Comp split 9
INFO: dtree.c(1315): Comp split 10
INFO: dtree.c(1315): Comp split 11
INFO: dtree.c(1315): Comp split 12
INFO: dtree.c(1439): stop. leaf nodes are specific
INFO: dtree.c(1478): Final simple tree
|( QUESTION0 -1 -5.406e+04 7.021e+01 2.342e+02
|    ( - -4.514e+04 1 0)
|    ( - -8.858e+03 1 0))
s>    ( QUESTION0 -1 -5.406e+04 7.021e+01 2.342e+02
s>        ( - -4.514e+04 1 0)
s>        ( - -8.858e+03 1 0))INFO: dtree.c(1315): Comp split 13
INFO: dtree.c(1315): Comp split 14
INFO: dtree.c(1318): stop. leaf nodes are specific
Sat Dec  3 19:23:23 2016
