Current configuration:
[NAME]		[DEFLT]	[VALUE]
-allphones	no	no
-cntthresh	0.00001	1.000000e-05
-csplitmax	100	2000
-csplitmin	1	1
-csplitthr	8e-4	0.000000e+00
-example	no	no
-fullvar	no	no
-help		no	no
-meanfn			/home/simone/Documenti/Elaborazione/project-NLP/model_parameters/android_db.cd_cont_untied/means
-mixwfn			/home/simone/Documenti/Elaborazione/project-NLP/model_parameters/android_db.cd_cont_untied/mixture_weights
-moddeffn		/home/simone/Documenti/Elaborazione/project-NLP/model_architecture/android_db.untied.mdef
-mwfloor	1e-4	1.000000e-08
-phone			m
-psetfn			/home/simone/Documenti/Elaborazione/project-NLP/model_architecture/android_db.tree_questions
-ssplitmax	5	7
-ssplitmin	1	1
-ssplitthr	8e-4	0.000000e+00
-state			2
-stwt			1.0,0.05,0.0,
-treefn			/home/simone/Documenti/Elaborazione/project-NLP/trees/android_db.unpruned/m-2.dtree
-ts2cbfn	.semi.	.cont.
-varfloor	0.00001	1.000000e-05
-varfn			/home/simone/Documenti/Elaborazione/project-NLP/model_parameters/android_db.cd_cont_untied/variances

INFO: main.c(223): Reading: /home/simone/Documenti/Elaborazione/project-NLP/model_architecture/android_db.untied.mdef
INFO: model_def_io.c(573): Model definition info:
INFO: model_def_io.c(574): 211 total models defined (27 base, 184 tri)
INFO: model_def_io.c(575): 844 total states
INFO: model_def_io.c(576): 633 total tied states
INFO: model_def_io.c(577): 81 total tied CI states
INFO: model_def_io.c(578): 27 total tied transition matrices
INFO: model_def_io.c(579): 4 max state/model
INFO: model_def_io.c(580): 4 min state/model
INFO: main.c(242): Building trees for [m a1 a i] through [m u1 e i]
INFO: main.c(269): Covering states |[342 359]| == 18
INFO: main.c(275): Reading: /home/simone/Documenti/Elaborazione/project-NLP/model_parameters/android_db.cd_cont_untied/mixture_weights
INFO: s3mixw_io.c(173): Read /home/simone/Documenti/Elaborazione/project-NLP/model_parameters/android_db.cd_cont_untied/mixture_weights [18x1x1 array]
INFO: main.c(311): 6 of 6 models have observation count greater than 0.000010
INFO: main.c(95): nrm stwt: 0.000 0.048 0.952 
INFO: s3gau_io.c(169): Read /home/simone/Documenti/Elaborazione/project-NLP/model_parameters/android_db.cd_cont_untied/means [633x1x1 array]
INFO: s3gau_io.c(169): Read /home/simone/Documenti/Elaborazione/project-NLP/model_parameters/android_db.cd_cont_untied/variances [633x1x1 array]
INFO: main.c(549): Reading: /home/simone/Documenti/Elaborazione/project-NLP/model_architecture/android_db.tree_questions
INFO: main.c(588): 180 total simple questions (172 phone; 8 word bndry)
INFO: main.c(590): 42 Left Only questions, and 42 Right Only questions
INFO: dtree.c(1439): stop. leaf nodes are specific
INFO: dtree.c(1478): Final simple tree
|( QUESTION0_3_R 1 -1.302e+05 1.288e+03 5.886e+02
|    ( - -3.093e+04 1 0)
|    ( QUESTION0_12_R 1 -9.797e+04 1.178e+03 4.418e+02
|        ( QUESTION2_0_L -1 -4.055e+04 3.473e+02 1.853e+02
|            ( - -2.444e+04 1 0)
|            ( - -1.576e+04 1 0))
|        ( WDBNDRY_B 0 -5.624e+04 7.684e+02 2.565e+02
|            ( QUESTION1 -1 -2.758e+04 2.713e+02 1.304e+02
|                ( - -1.590e+04 1 0)
|                ( - -1.141e+04 1 0))
|            ( - -2.790e+04 1 0))))
s>    ( QUESTION0_3_R 1 -1.302e+05 1.288e+03 5.886e+02
s>        ( - -3.093e+04 1 0)
s>        ( QUESTION0_12_R 1 -9.797e+04 1.178e+03 4.418e+02
s>            ( QUESTION2_0_L -1 -4.055e+04 3.473e+02 1.853e+02
s>                ( - -2.444e+04 1 0)
s>                ( - -1.576e+04 1 0))
s>            ( WDBNDRY_B 0 -5.624e+04 7.684e+02 2.565e+02
s>                ( QUESTION1 -1 -2.758e+04 2.713e+02 1.304e+02
s>                    ( - -1.590e+04 1 0)
s>                    ( - -1.141e+04 1 0))
s>                ( - -2.790e+04 1 0))))INFO: dtree.c(1315): Comp split 0
INFO: dtree.c(1439): stop. leaf nodes are specific
INFO: dtree.c(1478): Final simple tree
|( WDBNDRY_B 0 -5.624e+04 7.684e+02 2.565e+02
|    ( QUESTION1 -1 -2.758e+04 2.713e+02 1.304e+02
|        ( - -1.590e+04 1 0)
|        ( - -1.141e+04 1 0))
|    ( - -2.790e+04 1 0))
s>    ( WDBNDRY_B 0 -5.624e+04 7.684e+02 2.565e+02
s>        ( QUESTION1 -1 -2.758e+04 2.713e+02 1.304e+02
s>            ( - -1.590e+04 1 0)
s>            ( - -1.141e+04 1 0))
s>        ( - -2.790e+04 1 0))INFO: dtree.c(1439): stop. leaf nodes are specific
INFO: dtree.c(1478): Final simple tree
|( QUESTION0_0_R 1 -7.257e+04 1.094e+03 3.321e+02
|    ( - -3.093e+04 1 0)
|    ( QUESTION2_0_L -1 -4.055e+04 3.473e+02 1.853e+02
|        ( - -2.444e+04 1 0)
|        ( - -1.576e+04 1 0)))
s>    ( QUESTION0_0_R 1 -7.257e+04 1.094e+03 3.321e+02
s>        ( - -3.093e+04 1 0)
s>        ( QUESTION2_0_L -1 -4.055e+04 3.473e+02 1.853e+02
s>            ( - -2.444e+04 1 0)
s>            ( - -1.576e+04 1 0)))INFO: dtree.c(1315): Comp split 1
INFO: dtree.c(1439): stop. leaf nodes are specific
INFO: dtree.c(1478): Final simple tree
|( QUESTION2_0_L -1 -4.055e+04 3.473e+02 1.853e+02
|    ( - -2.444e+04 1 0)
|    ( - -1.576e+04 1 0))
s>    ( QUESTION2_0_L -1 -4.055e+04 3.473e+02 1.853e+02
s>        ( - -2.444e+04 1 0)
s>        ( - -1.576e+04 1 0))INFO: dtree.c(1315): Comp split 2
INFO: dtree.c(1439): stop. leaf nodes are specific
INFO: dtree.c(1478): Final simple tree
|( QUESTION1 -1 -2.758e+04 2.713e+02 1.304e+02
|    ( - -1.590e+04 1 0)
|    ( - -1.141e+04 1 0))
s>    ( QUESTION1 -1 -2.758e+04 2.713e+02 1.304e+02
s>        ( - -1.590e+04 1 0)
s>        ( - -1.141e+04 1 0))INFO: dtree.c(1315): Comp split 3
INFO: dtree.c(1315): Comp split 4
INFO: dtree.c(1315): Comp split 5
INFO: dtree.c(1318): stop. leaf nodes are specific
Sun Dec 11 12:12:07 2016
