Current configuration:
[NAME]		[DEFLT]			[VALUE]
-example	no			no
-fullvar	no			no
-help		no			no
-meanfn					/home/simone/Documenti/Elaborazione/project-NLP/model_parameters/android_db.ci_cont/means
-mixwfn					/home/simone/Documenti/Elaborazione/project-NLP/model_parameters/android_db.ci_cont/mixture_weights
-moddeffn				/home/simone/Documenti/Elaborazione/project-NLP/model_architecture/android_db.ci.mdef
-niter		0			1
-npermute	6			12
-qstperstt	8			20
-questfn				/home/simone/Documenti/Elaborazione/project-NLP/model_architecture/android_db.tree_questions
-tempfn		/tmp/TEMP.QUESTS	/tmp/TEMP.QUESTS
-type					.cont.
-varfloor	1.0e-08			1.000000e-08
-varfn					/home/simone/Documenti/Elaborazione/project-NLP/model_parameters/android_db.ci_cont/variances

INFO: main.c(792): Reading: /home/simone/Documenti/Elaborazione/project-NLP/model_architecture/android_db.ci.mdef
INFO: model_def_io.c(573): Model definition info:
INFO: model_def_io.c(574): 14 total models defined (14 base, 0 tri)
INFO: model_def_io.c(575): 56 total states
INFO: model_def_io.c(576): 42 total tied states
INFO: model_def_io.c(577): 42 total tied CI states
INFO: model_def_io.c(578): 14 total tied transition matrices
INFO: model_def_io.c(579): 4 max state/model
INFO: model_def_io.c(580): 4 min state/model
INFO: main.c(811): Reading: /home/simone/Documenti/Elaborazione/project-NLP/model_parameters/android_db.ci_cont/mixture_weights
INFO: s3mixw_io.c(117): Read /home/simone/Documenti/Elaborazione/project-NLP/model_parameters/android_db.ci_cont/mixture_weights [42x1x1 array]
INFO: s3gau_io.c(169): Read /home/simone/Documenti/Elaborazione/project-NLP/model_parameters/android_db.ci_cont/means [42x1x1 array]
INFO: s3gau_io.c(169): Read /home/simone/Documenti/Elaborazione/project-NLP/model_parameters/android_db.ci_cont/variances [42x1x1 array]
INFO: main.c(1109): Done building questions using state 0
INFO: main.c(1110):  16 questions from state 0
INFO: main.c(1109): Done building questions using state 1
INFO: main.c(1110):  15 questions from state 1
INFO: main.c(1109): Done building questions using state 2
INFO: main.c(1110):  15 questions from state 2
INFO: main.c(1115): Stored questions in /home/simone/Documenti/Elaborazione/project-NLP/model_architecture/android_db.tree_questions
Mon Nov 14 20:50:21 2016
