Current configuration:
[NAME]		[DEFLT]	[VALUE]
-allphones	no	no
-cntthresh	0.00001	1.000000e-05
-csplitmax	100	2000
-csplitmin	1	1
-csplitthr	8e-4	0.000000e+00
-example	no	no
-fullvar	no	no
-help		no	no
-meanfn			/home/simone/Documenti/Elaborazione/project-NLP/model_parameters/android_db.cd_cont_untied/means
-mixwfn			/home/simone/Documenti/Elaborazione/project-NLP/model_parameters/android_db.cd_cont_untied/mixture_weights
-moddeffn		/home/simone/Documenti/Elaborazione/project-NLP/model_architecture/android_db.untied.mdef
-mwfloor	1e-4	1.000000e-08
-phone			t
-psetfn			/home/simone/Documenti/Elaborazione/project-NLP/model_architecture/android_db.tree_questions
-ssplitmax	5	7
-ssplitmin	1	1
-ssplitthr	8e-4	0.000000e+00
-state			0
-stwt			1.0,0.05,0.0,
-treefn			/home/simone/Documenti/Elaborazione/project-NLP/trees/android_db.unpruned/t-0.dtree
-ts2cbfn	.semi.	.cont.
-varfloor	0.00001	1.000000e-05
-varfn			/home/simone/Documenti/Elaborazione/project-NLP/model_parameters/android_db.cd_cont_untied/variances

INFO: main.c(223): Reading: /home/simone/Documenti/Elaborazione/project-NLP/model_architecture/android_db.untied.mdef
INFO: model_def_io.c(573): Model definition info:
INFO: model_def_io.c(574): 211 total models defined (27 base, 184 tri)
INFO: model_def_io.c(575): 844 total states
INFO: model_def_io.c(576): 633 total tied states
INFO: model_def_io.c(577): 81 total tied CI states
INFO: model_def_io.c(578): 27 total tied transition matrices
INFO: model_def_io.c(579): 4 max state/model
INFO: model_def_io.c(580): 4 min state/model
INFO: main.c(242): Building trees for [t EE r b] through [t t r i]
INFO: main.c(269): Covering states |[525 572]| == 48
INFO: main.c(275): Reading: /home/simone/Documenti/Elaborazione/project-NLP/model_parameters/android_db.cd_cont_untied/mixture_weights
INFO: s3mixw_io.c(173): Read /home/simone/Documenti/Elaborazione/project-NLP/model_parameters/android_db.cd_cont_untied/mixture_weights [48x1x1 array]
INFO: main.c(311): 16 of 16 models have observation count greater than 0.000010
INFO: main.c(95): nrm stwt: 0.952 0.048 0.000 
INFO: s3gau_io.c(169): Read /home/simone/Documenti/Elaborazione/project-NLP/model_parameters/android_db.cd_cont_untied/means [633x1x1 array]
INFO: s3gau_io.c(169): Read /home/simone/Documenti/Elaborazione/project-NLP/model_parameters/android_db.cd_cont_untied/variances [633x1x1 array]
INFO: main.c(549): Reading: /home/simone/Documenti/Elaborazione/project-NLP/model_architecture/android_db.tree_questions
INFO: main.c(588): 180 total simple questions (172 phone; 8 word bndry)
INFO: main.c(590): 42 Left Only questions, and 42 Right Only questions
INFO: dtree.c(1478): Final simple tree
|( QUESTION6 -1 -4.834e+05 5.418e+03 2.204e+03
|    ( QUESTION0_1_R 1 -1.248e+05 1.329e+03 5.521e+02
|        ( - -3.636e+04 1 0)
|        ( QUESTION0 1 -8.707e+04 8.934e+02 3.891e+02
|            ( - -2.898e+04 2 0 QUESTION0_0_R 1 2.972e+02 1.319e+02)
|            ( QUESTION10 -1 -5.719e+04 1.159e+03 2.572e+02
|                ( - -2.752e+04 2 0 WDBNDRY_B 0 7.534e+02 1.243e+02)
|                ( - -2.851e+04 1 0))))
|    ( QUESTION4 -1 -3.532e+05 2.943e+03 1.651e+03
|        ( WDBNDRY_B 0 -1.745e+05 1.081e+03 8.470e+02
|            ( - -1.473e+05 3 0)
|            ( - -2.612e+04 1 0))
|        ( QUESTION0_12_R 1 -1.758e+05 1.150e+03 8.044e+02
|            ( - -1.060e+05 2 0 QUESTION0 -1 8.820e+02 4.932e+02)
|            ( - -6.867e+04 4 0 QUESTION2 -1 7.130e+02 3.112e+02))))
s>    ( QUESTION6 -1 -4.834e+05 5.418e+03 2.204e+03
s>        ( QUESTION0_1_R 1 -1.248e+05 1.329e+03 5.521e+02
s>            ( - -3.636e+04 1 0)
s>            ( QUESTION0 1 -8.707e+04 8.934e+02 3.891e+02
s>                ( - -2.898e+04 2 0 QUESTION0_0_R 1 2.972e+02 1.319e+02)
s>                ( QUESTION10 -1 -5.719e+04 1.159e+03 2.572e+02
s>                    ( - -2.752e+04 2 0 WDBNDRY_B 0 7.534e+02 1.243e+02)
s>                    ( - -2.851e+04 1 0))))
s>        ( QUESTION4 -1 -3.532e+05 2.943e+03 1.651e+03
s>            ( WDBNDRY_B 0 -1.745e+05 1.081e+03 8.470e+02
s>                ( - -1.473e+05 3 0)
s>                ( - -2.612e+04 1 0))
s>            ( QUESTION0_12_R 1 -1.758e+05 1.150e+03 8.044e+02
s>                ( - -1.060e+05 2 0 QUESTION0 -1 8.820e+02 4.932e+02)
s>                ( - -6.867e+04 4 0 QUESTION2 -1 7.130e+02 3.112e+02))))INFO: dtree.c(1315): Comp split 0
INFO: dtree.c(1478): Final simple tree
|( QUESTION4 -1 -3.532e+05 2.943e+03 1.651e+03
|    ( WDBNDRY_B 0 -1.745e+05 1.081e+03 8.470e+02
|        ( - -1.473e+05 3 0)
|        ( - -2.612e+04 1 0))
|    ( QUESTION0_12_R 1 -1.758e+05 1.150e+03 8.044e+02
|        ( QUESTION0 -1 -1.060e+05 8.820e+02 4.932e+02
|            ( - -3.361e+04 1 0)
|            ( - -7.146e+04 1 0))
|        ( QUESTION2 -1 -6.867e+04 7.130e+02 3.112e+02
|            ( - -1.519e+04 1 0)
|            ( WDBNDRY_B 0 -5.277e+04 5.128e+02 2.388e+02
|                ( QUESTION0 -1 -3.400e+04 2.224e+02 1.544e+02
|                    ( - -1.280e+04 1 0)
|                    ( - -2.098e+04 1 0))
|                ( - -1.825e+04 1 0)))))
s>    ( QUESTION4 -1 -3.532e+05 2.943e+03 1.651e+03
s>        ( WDBNDRY_B 0 -1.745e+05 1.081e+03 8.470e+02
s>            ( - -1.473e+05 3 0)
s>            ( - -2.612e+04 1 0))
s>        ( QUESTION0_12_R 1 -1.758e+05 1.150e+03 8.044e+02
s>            ( QUESTION0 -1 -1.060e+05 8.820e+02 4.932e+02
s>                ( - -3.361e+04 1 0)
s>                ( - -7.146e+04 1 0))
s>            ( QUESTION2 -1 -6.867e+04 7.130e+02 3.112e+02
s>                ( - -1.519e+04 1 0)
s>                ( WDBNDRY_B 0 -5.277e+04 5.128e+02 2.388e+02
s>                    ( QUESTION0 -1 -3.400e+04 2.224e+02 1.544e+02
s>                        ( - -1.280e+04 1 0)
s>                        ( - -2.098e+04 1 0))
s>                    ( - -1.825e+04 1 0)))))INFO: dtree.c(1439): stop. leaf nodes are specific
INFO: dtree.c(1478): Final simple tree
|( QUESTION0_1_R 1 -1.248e+05 1.329e+03 5.521e+02
|    ( - -3.636e+04 1 0)
|    ( QUESTION0 1 -8.707e+04 8.934e+02 3.891e+02
|        ( QUESTION0_0_R 1 -2.898e+04 2.972e+02 1.319e+02
|            ( - -1.811e+04 1 0)
|            ( - -1.057e+04 1 0))
|        ( QUESTION10 -1 -5.719e+04 1.159e+03 2.572e+02
|            ( WDBNDRY_B 0 -2.752e+04 7.534e+02 1.243e+02
|                ( - -1.372e+04 1 0)
|                ( - -1.305e+04 1 0))
|            ( - -2.851e+04 1 0))))
s>    ( QUESTION0_1_R 1 -1.248e+05 1.329e+03 5.521e+02
s>        ( - -3.636e+04 1 0)
s>        ( QUESTION0 1 -8.707e+04 8.934e+02 3.891e+02
s>            ( QUESTION0_0_R 1 -2.898e+04 2.972e+02 1.319e+02
s>                ( - -1.811e+04 1 0)
s>                ( - -1.057e+04 1 0))
s>            ( QUESTION10 -1 -5.719e+04 1.159e+03 2.572e+02
s>                ( WDBNDRY_B 0 -2.752e+04 7.534e+02 1.243e+02
s>                    ( - -1.372e+04 1 0)
s>                    ( - -1.305e+04 1 0))
s>                ( - -2.851e+04 1 0))))INFO: dtree.c(1315): Comp split 1
INFO: dtree.c(1439): stop. leaf nodes are specific
INFO: dtree.c(1478): Final simple tree
|( QUESTION0_12_R 1 -1.758e+05 1.150e+03 8.044e+02
|    ( QUESTION0 -1 -1.060e+05 8.820e+02 4.932e+02
|        ( - -3.361e+04 1 0)
|        ( - -7.146e+04 1 0))
|    ( QUESTION2 -1 -6.867e+04 7.130e+02 3.112e+02
|        ( - -1.519e+04 1 0)
|        ( WDBNDRY_B 0 -5.277e+04 5.128e+02 2.388e+02
|            ( QUESTION0 -1 -3.400e+04 2.224e+02 1.544e+02
|                ( - -1.280e+04 1 0)
|                ( - -2.098e+04 1 0))
|            ( - -1.825e+04 1 0))))
s>    ( QUESTION0_12_R 1 -1.758e+05 1.150e+03 8.044e+02
s>        ( QUESTION0 -1 -1.060e+05 8.820e+02 4.932e+02
s>            ( - -3.361e+04 1 0)
s>            ( - -7.146e+04 1 0))
s>        ( QUESTION2 -1 -6.867e+04 7.130e+02 3.112e+02
s>            ( - -1.519e+04 1 0)
s>            ( WDBNDRY_B 0 -5.277e+04 5.128e+02 2.388e+02
s>                ( QUESTION0 -1 -3.400e+04 2.224e+02 1.544e+02
s>                    ( - -1.280e+04 1 0)
s>                    ( - -2.098e+04 1 0))
s>                ( - -1.825e+04 1 0))))INFO: dtree.c(1439): stop. leaf nodes are specific
INFO: dtree.c(1478): Final simple tree
|( WDBNDRY_B 0 -1.745e+05 1.081e+03 8.470e+02
|    ( - -1.473e+05 3 0)
|    ( - -2.612e+04 1 0))
s>    ( WDBNDRY_B 0 -1.745e+05 1.081e+03 8.470e+02
s>        ( - -1.473e+05 3 0)
s>        ( - -2.612e+04 1 0))INFO: dtree.c(1315): Comp split 2
INFO: dtree.c(1439): stop. leaf nodes are specific
INFO: dtree.c(1478): Final simple tree
|( WDBNDRY_B 0 -4.329e+04 5.853e+02 1.952e+02
|    ( - -1.372e+04 1 0)
|    ( QUESTION0_0_R 1 -2.898e+04 2.972e+02 1.319e+02
|        ( - -1.811e+04 1 0)
|        ( - -1.057e+04 1 0)))
s>    ( WDBNDRY_B 0 -4.329e+04 5.853e+02 1.952e+02
s>        ( - -1.372e+04 1 0)
s>        ( QUESTION0_0_R 1 -2.898e+04 2.972e+02 1.319e+02
s>            ( - -1.811e+04 1 0)
s>            ( - -1.057e+04 1 0)))INFO: dtree.c(1439): stop. leaf nodes are specific
INFO: dtree.c(1478): Final simple tree
|( QUESTION0_2_R 1 -7.945e+04 8.238e+02 3.569e+02
|    ( - -1.305e+04 1 0)
|    ( QUESTION0_0_R 1 -6.557e+04 7.036e+02 2.959e+02
|        ( - -3.636e+04 1 0)
|        ( - -2.851e+04 1 0)))
s>    ( QUESTION0_2_R 1 -7.945e+04 8.238e+02 3.569e+02
s>        ( - -1.305e+04 1 0)
s>        ( QUESTION0_0_R 1 -6.557e+04 7.036e+02 2.959e+02
s>            ( - -3.636e+04 1 0)
s>            ( - -2.851e+04 1 0)))INFO: dtree.c(1315): Comp split 3
INFO: dtree.c(1439): stop. leaf nodes are specific
INFO: dtree.c(1478): Final simple tree
|( WDBNDRY_B 0 -5.277e+04 5.128e+02 2.388e+02
|    ( QUESTION0 -1 -3.400e+04 2.224e+02 1.544e+02
|        ( - -1.280e+04 1 0)
|        ( - -2.098e+04 1 0))
|    ( - -1.825e+04 1 0))
s>    ( WDBNDRY_B 0 -5.277e+04 5.128e+02 2.388e+02
s>        ( QUESTION0 -1 -3.400e+04 2.224e+02 1.544e+02
s>            ( - -1.280e+04 1 0)
s>            ( - -2.098e+04 1 0))
s>        ( - -1.825e+04 1 0))INFO: dtree.c(1439): stop. leaf nodes are specific
INFO: dtree.c(1478): Final simple tree
|( QUESTION0 -1 -1.217e+05 9.248e+02 5.657e+02
|    ( QUESTION0_9_R 1 -4.934e+04 5.369e+02 2.289e+02
|        ( - -1.519e+04 1 0)
|        ( - -3.361e+04 1 0))
|    ( - -7.146e+04 1 0))
s>    ( QUESTION0 -1 -1.217e+05 9.248e+02 5.657e+02
s>        ( QUESTION0_9_R 1 -4.934e+04 5.369e+02 2.289e+02
s>            ( - -1.519e+04 1 0)
s>            ( - -3.361e+04 1 0))
s>        ( - -7.146e+04 1 0))INFO: dtree.c(1315): Comp split 4
INFO: dtree.c(1315): Comp split 5
INFO: dtree.c(1439): stop. leaf nodes are specific
INFO: dtree.c(1478): Final simple tree
|( QUESTION0_9_R 1 -4.934e+04 5.369e+02 2.289e+02
|    ( - -1.519e+04 1 0)
|    ( - -3.361e+04 1 0))
s>    ( QUESTION0_9_R 1 -4.934e+04 5.369e+02 2.289e+02
s>        ( - -1.519e+04 1 0)
s>        ( - -3.361e+04 1 0))INFO: dtree.c(1315): Comp split 6
INFO: dtree.c(1439): stop. leaf nodes are specific
INFO: dtree.c(1478): Final simple tree
|( QUESTION0_0_R 1 -6.557e+04 7.036e+02 2.959e+02
|    ( - -3.636e+04 1 0)
|    ( - -2.851e+04 1 0))
s>    ( QUESTION0_0_R 1 -6.557e+04 7.036e+02 2.959e+02
s>        ( - -3.636e+04 1 0)
s>        ( - -2.851e+04 1 0))INFO: dtree.c(1315): Comp split 7
INFO: dtree.c(1315): Comp split 8
INFO: dtree.c(1439): stop. leaf nodes are specific
INFO: dtree.c(1478): Final simple tree
|( QUESTION0_0_R 1 -2.898e+04 2.972e+02 1.319e+02
|    ( - -1.811e+04 1 0)
|    ( - -1.057e+04 1 0))
s>    ( QUESTION0_0_R 1 -2.898e+04 2.972e+02 1.319e+02
s>        ( - -1.811e+04 1 0)
s>        ( - -1.057e+04 1 0))INFO: dtree.c(1315): Comp split 9
INFO: dtree.c(1315): Comp split 10
INFO: dtree.c(1439): stop. leaf nodes are specific
INFO: dtree.c(1478): Final simple tree
|( QUESTION0 -1 -3.400e+04 2.224e+02 1.544e+02
|    ( - -1.280e+04 1 0)
|    ( - -2.098e+04 1 0))
s>    ( QUESTION0 -1 -3.400e+04 2.224e+02 1.544e+02
s>        ( - -1.280e+04 1 0)
s>        ( - -2.098e+04 1 0))INFO: dtree.c(1315): Comp split 11
INFO: dtree.c(1315): Comp split 12
INFO: dtree.c(1315): Comp split 13
INFO: dtree.c(1318): stop. leaf nodes are specific
Sun Dec 11 12:12:08 2016
