Current configuration:
[NAME]		[DEFLT]	[VALUE]
-allphones	no	no
-cntthresh	0.00001	1.000000e-05
-csplitmax	100	2000
-csplitmin	1	1
-csplitthr	8e-4	0.000000e+00
-example	no	no
-fullvar	no	no
-help		no	no
-meanfn			/home/simone/Documenti/Elaborazione/project-NLP/model_parameters/android_db.cd_cont_untied/means
-mixwfn			/home/simone/Documenti/Elaborazione/project-NLP/model_parameters/android_db.cd_cont_untied/mixture_weights
-moddeffn		/home/simone/Documenti/Elaborazione/project-NLP/model_architecture/android_db.untied.mdef
-mwfloor	1e-4	1.000000e-08
-phone			k
-psetfn			/home/simone/Documenti/Elaborazione/project-NLP/model_architecture/android_db.tree_questions
-ssplitmax	5	7
-ssplitmin	1	1
-ssplitthr	8e-4	0.000000e+00
-state			0
-stwt			1.0,0.05,0.0,
-treefn			/home/simone/Documenti/Elaborazione/project-NLP/trees/android_db.unpruned/k-0.dtree
-ts2cbfn	.semi.	.cont.
-varfloor	0.00001	1.000000e-05
-varfn			/home/simone/Documenti/Elaborazione/project-NLP/model_parameters/android_db.cd_cont_untied/variances

INFO: main.c(223): Reading: /home/simone/Documenti/Elaborazione/project-NLP/model_architecture/android_db.untied.mdef
INFO: model_def_io.c(573): Model definition info:
INFO: model_def_io.c(574): 211 total models defined (27 base, 184 tri)
INFO: model_def_io.c(575): 844 total states
INFO: model_def_io.c(576): 633 total tied states
INFO: model_def_io.c(577): 81 total tied CI states
INFO: model_def_io.c(578): 27 total tied transition matrices
INFO: model_def_io.c(579): 4 max state/model
INFO: model_def_io.c(580): 4 min state/model
INFO: main.c(242): Building trees for [k SIL a b] through [k o w b]
INFO: main.c(269): Covering states |[291 326]| == 36
INFO: main.c(275): Reading: /home/simone/Documenti/Elaborazione/project-NLP/model_parameters/android_db.cd_cont_untied/mixture_weights
INFO: s3mixw_io.c(173): Read /home/simone/Documenti/Elaborazione/project-NLP/model_parameters/android_db.cd_cont_untied/mixture_weights [36x1x1 array]
INFO: main.c(311): 12 of 12 models have observation count greater than 0.000010
INFO: main.c(95): nrm stwt: 0.952 0.048 0.000 
INFO: s3gau_io.c(169): Read /home/simone/Documenti/Elaborazione/project-NLP/model_parameters/android_db.cd_cont_untied/means [633x1x1 array]
INFO: s3gau_io.c(169): Read /home/simone/Documenti/Elaborazione/project-NLP/model_parameters/android_db.cd_cont_untied/variances [633x1x1 array]
INFO: main.c(549): Reading: /home/simone/Documenti/Elaborazione/project-NLP/model_architecture/android_db.tree_questions
INFO: main.c(588): 180 total simple questions (172 phone; 8 word bndry)
INFO: main.c(590): 42 Left Only questions, and 42 Right Only questions
INFO: dtree.c(1478): Final simple tree
|( SILENCE -1 -4.106e+05 3.163e+03 1.836e+03
|    ( QUESTION0_7_R 1 -1.434e+05 9.913e+02 6.339e+02
|        ( - -1.132e+05 1 0)
|        ( QUESTION0_3_R 1 -2.921e+04 5.477e+02 1.278e+02
|            ( - -1.568e+04 1 0)
|            ( - -1.298e+04 1 0)))
|    ( QUESTION0_0_R 1 -2.641e+05 1.964e+03 1.202e+03
|        ( QUESTION0_1_R 1 -1.967e+05 1.288e+03 8.904e+02
|            ( WDBNDRY_B 0 -8.551e+04 6.804e+02 3.889e+02
|                ( - -6.173e+04 1 0)
|                ( - -2.310e+04 1 0))
|            ( - -1.099e+05 4 0 QUESTION1 -1 2.096e+02 5.015e+02))
|        ( WDBNDRY_B 0 -6.537e+04 1.084e+03 3.115e+02
|            ( - -3.312e+04 2 0 QUESTION1 -1 1.537e+02 1.601e+02)
|            ( - -3.117e+04 1 0))))
s>    ( SILENCE -1 -4.106e+05 3.163e+03 1.836e+03
s>        ( QUESTION0_7_R 1 -1.434e+05 9.913e+02 6.339e+02
s>            ( - -1.132e+05 1 0)
s>            ( QUESTION0_3_R 1 -2.921e+04 5.477e+02 1.278e+02
s>                ( - -1.568e+04 1 0)
s>                ( - -1.298e+04 1 0)))
s>        ( QUESTION0_0_R 1 -2.641e+05 1.964e+03 1.202e+03
s>            ( QUESTION0_1_R 1 -1.967e+05 1.288e+03 8.904e+02
s>                ( WDBNDRY_B 0 -8.551e+04 6.804e+02 3.889e+02
s>                    ( - -6.173e+04 1 0)
s>                    ( - -2.310e+04 1 0))
s>                ( - -1.099e+05 4 0 QUESTION1 -1 2.096e+02 5.015e+02))
s>            ( WDBNDRY_B 0 -6.537e+04 1.084e+03 3.115e+02
s>                ( - -3.312e+04 2 0 QUESTION1 -1 1.537e+02 1.601e+02)
s>                ( - -3.117e+04 1 0))))INFO: dtree.c(1315): Comp split 0
INFO: dtree.c(1478): Final simple tree
|( QUESTION0_0_R 1 -2.941e+05 2.171e+03 1.330e+03
|    ( QUESTION0_6_R 1 -2.265e+05 1.602e+03 1.018e+03
|        ( SILENCE -1 -1.233e+05 3.883e+02 5.591e+02
|            ( - -1.298e+04 1 0)
|            ( QUESTION1 -1 -1.099e+05 2.096e+02 5.015e+02
|                ( - -3.137e+04 1 0)
|                ( - -7.833e+04 3 0 QUESTION0_7_R 1 2.576e+02 3.586e+02)))
|        ( WDBNDRY_B 0 -1.016e+05 6.639e+02 4.592e+02
|            ( SILENCE -1 -7.786e+04 4.509e+02 3.525e+02
|                ( - -1.568e+04 1 0)
|                ( - -6.173e+04 1 0))
|            ( - -2.310e+04 1 0)))
|    ( WDBNDRY_B 0 -6.537e+04 1.084e+03 3.115e+02
|        ( - -3.312e+04 2 0 QUESTION1 -1 1.537e+02 1.601e+02)
|        ( - -3.117e+04 1 0)))
s>    ( QUESTION0_0_R 1 -2.941e+05 2.171e+03 1.330e+03
s>        ( QUESTION0_6_R 1 -2.265e+05 1.602e+03 1.018e+03
s>            ( SILENCE -1 -1.233e+05 3.883e+02 5.591e+02
s>                ( - -1.298e+04 1 0)
s>                ( QUESTION1 -1 -1.099e+05 2.096e+02 5.015e+02
s>                    ( - -3.137e+04 1 0)
s>                    ( - -7.833e+04 3 0 QUESTION0_7_R 1 2.576e+02 3.586e+02)))
s>            ( WDBNDRY_B 0 -1.016e+05 6.639e+02 4.592e+02
s>                ( SILENCE -1 -7.786e+04 4.509e+02 3.525e+02
s>                    ( - -1.568e+04 1 0)
s>                    ( - -6.173e+04 1 0))
s>                ( - -2.310e+04 1 0)))
s>        ( WDBNDRY_B 0 -6.537e+04 1.084e+03 3.115e+02
s>            ( - -3.312e+04 2 0 QUESTION1 -1 1.537e+02 1.601e+02)
s>            ( - -3.117e+04 1 0)))INFO: dtree.c(1315): Comp split 1
INFO: dtree.c(1439): stop. leaf nodes are specific
INFO: dtree.c(1478): Final simple tree
|( QUESTION0_6_R 1 -2.265e+05 1.602e+03 1.018e+03
|    ( SILENCE -1 -1.233e+05 3.883e+02 5.591e+02
|        ( - -1.298e+04 1 0)
|        ( QUESTION1 -1 -1.099e+05 2.096e+02 5.015e+02
|            ( - -3.137e+04 1 0)
|            ( QUESTION0_7_R 1 -7.833e+04 2.576e+02 3.586e+02
|                ( - -5.966e+04 2 0)
|                ( - -1.842e+04 1 0))))
|    ( WDBNDRY_B 0 -1.016e+05 6.639e+02 4.592e+02
|        ( SILENCE -1 -7.786e+04 4.509e+02 3.525e+02
|            ( - -1.568e+04 1 0)
|            ( - -6.173e+04 1 0))
|        ( - -2.310e+04 1 0)))
s>    ( QUESTION0_6_R 1 -2.265e+05 1.602e+03 1.018e+03
s>        ( SILENCE -1 -1.233e+05 3.883e+02 5.591e+02
s>            ( - -1.298e+04 1 0)
s>            ( QUESTION1 -1 -1.099e+05 2.096e+02 5.015e+02
s>                ( - -3.137e+04 1 0)
s>                ( QUESTION0_7_R 1 -7.833e+04 2.576e+02 3.586e+02
s>                    ( - -5.966e+04 2 0)
s>                    ( - -1.842e+04 1 0))))
s>        ( WDBNDRY_B 0 -1.016e+05 6.639e+02 4.592e+02
s>            ( SILENCE -1 -7.786e+04 4.509e+02 3.525e+02
s>                ( - -1.568e+04 1 0)
s>                ( - -6.173e+04 1 0))
s>            ( - -2.310e+04 1 0)))INFO: dtree.c(1439): stop. leaf nodes are specific
INFO: dtree.c(1478): Final simple tree
|( WDBNDRY_B 0 -6.537e+04 1.084e+03 3.115e+02
|    ( QUESTION1 -1 -3.312e+04 1.537e+02 1.601e+02
|        ( - -1.762e+04 1 0)
|        ( - -1.535e+04 1 0))
|    ( - -3.117e+04 1 0))
s>    ( WDBNDRY_B 0 -6.537e+04 1.084e+03 3.115e+02
s>        ( QUESTION1 -1 -3.312e+04 1.537e+02 1.601e+02
s>            ( - -1.762e+04 1 0)
s>            ( - -1.535e+04 1 0))
s>        ( - -3.117e+04 1 0))INFO: dtree.c(1315): Comp split 2
INFO: dtree.c(1439): stop. leaf nodes are specific
INFO: dtree.c(1478): Final simple tree
|( SILENCE -1 -1.233e+05 3.883e+02 5.591e+02
|    ( - -1.298e+04 1 0)
|    ( QUESTION1 -1 -1.099e+05 2.096e+02 5.015e+02
|        ( - -3.137e+04 1 0)
|        ( QUESTION0_7_R 1 -7.833e+04 2.576e+02 3.586e+02
|            ( - -5.966e+04 2 0)
|            ( - -1.842e+04 1 0))))
s>    ( SILENCE -1 -1.233e+05 3.883e+02 5.591e+02
s>        ( - -1.298e+04 1 0)
s>        ( QUESTION1 -1 -1.099e+05 2.096e+02 5.015e+02
s>            ( - -3.137e+04 1 0)
s>            ( QUESTION0_7_R 1 -7.833e+04 2.576e+02 3.586e+02
s>                ( - -5.966e+04 2 0)
s>                ( - -1.842e+04 1 0))))INFO: dtree.c(1439): stop. leaf nodes are specific
INFO: dtree.c(1478): Final simple tree
|( WDBNDRY_B 0 -1.016e+05 6.639e+02 4.592e+02
|    ( SILENCE -1 -7.786e+04 4.509e+02 3.525e+02
|        ( - -1.568e+04 1 0)
|        ( - -6.173e+04 1 0))
|    ( - -2.310e+04 1 0))
s>    ( WDBNDRY_B 0 -1.016e+05 6.639e+02 4.592e+02
s>        ( SILENCE -1 -7.786e+04 4.509e+02 3.525e+02
s>            ( - -1.568e+04 1 0)
s>            ( - -6.173e+04 1 0))
s>        ( - -2.310e+04 1 0))INFO: dtree.c(1315): Comp split 3
INFO: dtree.c(1439): stop. leaf nodes are specific
INFO: dtree.c(1478): Final simple tree
|( QUESTION1 -1 -3.312e+04 1.537e+02 1.601e+02
|    ( - -1.762e+04 1 0)
|    ( - -1.535e+04 1 0))
s>    ( QUESTION1 -1 -3.312e+04 1.537e+02 1.601e+02
s>        ( - -1.762e+04 1 0)
s>        ( - -1.535e+04 1 0))INFO: dtree.c(1315): Comp split 4
INFO: dtree.c(1439): stop. leaf nodes are specific
INFO: dtree.c(1478): Final simple tree
|( SILENCE -1 -7.786e+04 4.509e+02 3.525e+02
|    ( - -1.568e+04 1 0)
|    ( - -6.173e+04 1 0))
s>    ( SILENCE -1 -7.786e+04 4.509e+02 3.525e+02
s>        ( - -1.568e+04 1 0)
s>        ( - -6.173e+04 1 0))INFO: dtree.c(1315): Comp split 5
INFO: dtree.c(1315): Comp split 6
INFO: dtree.c(1439): stop. leaf nodes are specific
INFO: dtree.c(1478): Final simple tree
|( QUESTION0_7_R 1 -9.120e+04 1.760e+02 4.177e+02
|    ( - -5.966e+04 2 0)
|    ( - -3.137e+04 1 0))
s>    ( QUESTION0_7_R 1 -9.120e+04 1.760e+02 4.177e+02
s>        ( - -5.966e+04 2 0)
s>        ( - -3.137e+04 1 0))INFO: dtree.c(1439): stop. leaf nodes are specific
INFO: dtree.c(1478): Final simple tree
|( SILENCE -1 -3.166e+04 2.588e+02 1.413e+02
|    ( - -1.298e+04 1 0)
|    ( - -1.842e+04 1 0))
s>    ( SILENCE -1 -3.166e+04 2.588e+02 1.413e+02
s>        ( - -1.298e+04 1 0)
s>        ( - -1.842e+04 1 0))INFO: dtree.c(1315): Comp split 7
INFO: dtree.c(1315): Comp split 8
INFO: dtree.c(1315): Comp split 9
INFO: dtree.c(1315): Comp split 10
INFO: dtree.c(1318): stop. leaf nodes are specific
Sun Dec 11 12:12:06 2016
