Current configuration:
[NAME]		[DEFLT]	[VALUE]
-allphones	no	no
-cntthresh	0.00001	1.000000e-05
-csplitmax	100	2000
-csplitmin	1	1
-csplitthr	8e-4	0.000000e+00
-example	no	no
-fullvar	no	no
-help		no	no
-meanfn			/home/simone/Documenti/Elaborazione/project-NLP/model_parameters/android_db.cd_cont_untied/means
-mixwfn			/home/simone/Documenti/Elaborazione/project-NLP/model_parameters/android_db.cd_cont_untied/mixture_weights
-moddeffn		/home/simone/Documenti/Elaborazione/project-NLP/model_architecture/android_db.untied.mdef
-mwfloor	1e-4	1.000000e-08
-phone			t
-psetfn			/home/simone/Documenti/Elaborazione/project-NLP/model_architecture/android_db.tree_questions
-ssplitmax	5	7
-ssplitmin	1	1
-ssplitthr	8e-4	0.000000e+00
-state			2
-stwt			1.0,0.05,0.0,
-treefn			/home/simone/Documenti/Elaborazione/project-NLP/trees/android_db.unpruned/t-2.dtree
-ts2cbfn	.semi.	.cont.
-varfloor	0.00001	1.000000e-05
-varfn			/home/simone/Documenti/Elaborazione/project-NLP/model_parameters/android_db.cd_cont_untied/variances

INFO: main.c(223): Reading: /home/simone/Documenti/Elaborazione/project-NLP/model_architecture/android_db.untied.mdef
INFO: model_def_io.c(573): Model definition info:
INFO: model_def_io.c(574): 207 total models defined (27 base, 180 tri)
INFO: model_def_io.c(575): 828 total states
INFO: model_def_io.c(576): 621 total tied states
INFO: model_def_io.c(577): 81 total tied CI states
INFO: model_def_io.c(578): 27 total tied transition matrices
INFO: model_def_io.c(579): 4 max state/model
INFO: model_def_io.c(580): 4 min state/model
INFO: main.c(242): Building trees for [t EE r b] through [t t r i]
INFO: main.c(269): Covering states |[516 563]| == 48
INFO: main.c(275): Reading: /home/simone/Documenti/Elaborazione/project-NLP/model_parameters/android_db.cd_cont_untied/mixture_weights
INFO: s3mixw_io.c(173): Read /home/simone/Documenti/Elaborazione/project-NLP/model_parameters/android_db.cd_cont_untied/mixture_weights [48x1x1 array]
INFO: main.c(311): 16 of 16 models have observation count greater than 0.000010
INFO: main.c(95): nrm stwt: 0.000 0.048 0.952 
INFO: s3gau_io.c(169): Read /home/simone/Documenti/Elaborazione/project-NLP/model_parameters/android_db.cd_cont_untied/means [621x1x1 array]
INFO: s3gau_io.c(169): Read /home/simone/Documenti/Elaborazione/project-NLP/model_parameters/android_db.cd_cont_untied/variances [621x1x1 array]
INFO: main.c(549): Reading: /home/simone/Documenti/Elaborazione/project-NLP/model_architecture/android_db.tree_questions
INFO: main.c(588): 180 total simple questions (172 phone; 8 word bndry)
INFO: main.c(590): 42 Left Only questions, and 42 Right Only questions
INFO: dtree.c(1478): Final simple tree
|( QUESTION0_11_R 1 -2.859e+05 3.016e+03 1.287e+03
|    ( - -6.069e+04 1 0)
|    ( QUESTION0_0_R 1 -2.222e+05 1.674e+03 9.894e+02
|        ( QUESTION3 -1 -5.982e+04 7.057e+02 2.622e+02
|            ( - -2.373e+04 1 0)
|            ( QUESTION0 -1 -3.539e+04 5.132e+02 1.574e+02
|                ( - -8.950e+03 1 0)
|                ( - -2.593e+04 1 0)))
|        ( QUESTION9 1 -1.607e+05 1.105e+03 7.272e+02
|            ( - -2.823e+04 2 0 QUESTION0_13_R 1 3.919e+02 1.328e+02)
|            ( QUESTION0_19_R 1 -1.314e+05 5.733e+02 5.944e+02
|                ( QUESTION11 -1 -1.094e+05 6.174e+02 4.945e+02
|                    ( - -1.261e+04 1 0)
|                    ( - -9.613e+04 7 0 QUESTION9 -1 3.551e+02 4.351e+02))
|                ( - -2.143e+04 2 0 QUESTION0_17_R 1 3.113e+02 9.984e+01)))))
s>    ( QUESTION0_11_R 1 -2.859e+05 3.016e+03 1.287e+03
s>        ( - -6.069e+04 1 0)
s>        ( QUESTION0_0_R 1 -2.222e+05 1.674e+03 9.894e+02
s>            ( QUESTION3 -1 -5.982e+04 7.057e+02 2.622e+02
s>                ( - -2.373e+04 1 0)
s>                ( QUESTION0 -1 -3.539e+04 5.132e+02 1.574e+02
s>                    ( - -8.950e+03 1 0)
s>                    ( - -2.593e+04 1 0)))
s>            ( QUESTION9 1 -1.607e+05 1.105e+03 7.272e+02
s>                ( - -2.823e+04 2 0 QUESTION0_13_R 1 3.919e+02 1.328e+02)
s>                ( QUESTION0_19_R 1 -1.314e+05 5.733e+02 5.944e+02
s>                    ( QUESTION11 -1 -1.094e+05 6.174e+02 4.945e+02
s>                        ( - -1.261e+04 1 0)
s>                        ( - -9.613e+04 7 0 QUESTION9 -1 3.551e+02 4.351e+02))
s>                    ( - -2.143e+04 2 0 QUESTION0_17_R 1 3.113e+02 9.984e+01)))))INFO: dtree.c(1315): Comp split 0
INFO: dtree.c(1478): Final simple tree
|( QUESTION0_0_R 1 -2.222e+05 1.674e+03 9.894e+02
|    ( QUESTION3 -1 -5.982e+04 7.057e+02 2.622e+02
|        ( - -2.373e+04 1 0)
|        ( QUESTION0 -1 -3.539e+04 5.132e+02 1.574e+02
|            ( - -8.950e+03 1 0)
|            ( - -2.593e+04 1 0)))
|    ( QUESTION9 1 -1.607e+05 1.105e+03 7.272e+02
|        ( QUESTION0_13_R 1 -2.823e+04 3.919e+02 1.328e+02
|            ( - -1.515e+04 1 0)
|            ( - -1.269e+04 1 0))
|        ( QUESTION0_19_R 1 -1.314e+05 5.733e+02 5.944e+02
|            ( QUESTION11 -1 -1.094e+05 6.174e+02 4.945e+02
|                ( - -1.261e+04 1 0)
|                ( - -9.613e+04 7 0 QUESTION9 -1 3.551e+02 4.351e+02))
|            ( - -2.143e+04 2 0 QUESTION0_17_R 1 3.113e+02 9.984e+01))))
s>    ( QUESTION0_0_R 1 -2.222e+05 1.674e+03 9.894e+02
s>        ( QUESTION3 -1 -5.982e+04 7.057e+02 2.622e+02
s>            ( - -2.373e+04 1 0)
s>            ( QUESTION0 -1 -3.539e+04 5.132e+02 1.574e+02
s>                ( - -8.950e+03 1 0)
s>                ( - -2.593e+04 1 0)))
s>        ( QUESTION9 1 -1.607e+05 1.105e+03 7.272e+02
s>            ( QUESTION0_13_R 1 -2.823e+04 3.919e+02 1.328e+02
s>                ( - -1.515e+04 1 0)
s>                ( - -1.269e+04 1 0))
s>            ( QUESTION0_19_R 1 -1.314e+05 5.733e+02 5.944e+02
s>                ( QUESTION11 -1 -1.094e+05 6.174e+02 4.945e+02
s>                    ( - -1.261e+04 1 0)
s>                    ( - -9.613e+04 7 0 QUESTION9 -1 3.551e+02 4.351e+02))
s>                ( - -2.143e+04 2 0 QUESTION0_17_R 1 3.113e+02 9.984e+01))))INFO: dtree.c(1315): Comp split 1
INFO: dtree.c(1478): Final simple tree
|( QUESTION9 1 -1.607e+05 1.105e+03 7.272e+02
|    ( QUESTION0_13_R 1 -2.823e+04 3.919e+02 1.328e+02
|        ( - -1.515e+04 1 0)
|        ( - -1.269e+04 1 0))
|    ( QUESTION0_19_R 1 -1.314e+05 5.733e+02 5.944e+02
|        ( QUESTION11 -1 -1.094e+05 6.174e+02 4.945e+02
|            ( - -1.261e+04 1 0)
|            ( QUESTION9 -1 -9.613e+04 3.551e+02 4.351e+02
|                ( - -2.154e+04 2 0 WDBNDRY_B 0 2.563e+02 9.858e+01)
|                ( QUESTION10 -1 -7.424e+04 2.984e+02 3.365e+02
|                    ( - -9.478e+03 1 0)
|                    ( - -6.446e+04 4 0 QUESTION2_3_L -1 1.120e+02 2.925e+02))))
|        ( QUESTION0_17_R 1 -2.143e+04 3.113e+02 9.984e+01
|            ( - -1.446e+04 1 0)
|            ( - -6.658e+03 1 0))))
s>    ( QUESTION9 1 -1.607e+05 1.105e+03 7.272e+02
s>        ( QUESTION0_13_R 1 -2.823e+04 3.919e+02 1.328e+02
s>            ( - -1.515e+04 1 0)
s>            ( - -1.269e+04 1 0))
s>        ( QUESTION0_19_R 1 -1.314e+05 5.733e+02 5.944e+02
s>            ( QUESTION11 -1 -1.094e+05 6.174e+02 4.945e+02
s>                ( - -1.261e+04 1 0)
s>                ( QUESTION9 -1 -9.613e+04 3.551e+02 4.351e+02
s>                    ( - -2.154e+04 2 0 WDBNDRY_B 0 2.563e+02 9.858e+01)
s>                    ( QUESTION10 -1 -7.424e+04 2.984e+02 3.365e+02
s>                        ( - -9.478e+03 1 0)
s>                        ( - -6.446e+04 4 0 QUESTION2_3_L -1 1.120e+02 2.925e+02))))
s>            ( QUESTION0_17_R 1 -2.143e+04 3.113e+02 9.984e+01
s>                ( - -1.446e+04 1 0)
s>                ( - -6.658e+03 1 0))))INFO: dtree.c(1439): stop. leaf nodes are specific
INFO: dtree.c(1478): Final simple tree
|( QUESTION3 -1 -5.982e+04 7.057e+02 2.622e+02
|    ( - -2.373e+04 1 0)
|    ( QUESTION0 -1 -3.539e+04 5.132e+02 1.574e+02
|        ( - -8.950e+03 1 0)
|        ( - -2.593e+04 1 0)))
s>    ( QUESTION3 -1 -5.982e+04 7.057e+02 2.622e+02
s>        ( - -2.373e+04 1 0)
s>        ( QUESTION0 -1 -3.539e+04 5.132e+02 1.574e+02
s>            ( - -8.950e+03 1 0)
s>            ( - -2.593e+04 1 0)))INFO: dtree.c(1315): Comp split 2
INFO: dtree.c(1478): Final simple tree
|( QUESTION0_19_R 1 -1.314e+05 5.733e+02 5.944e+02
|    ( QUESTION11 -1 -1.094e+05 6.174e+02 4.945e+02
|        ( - -1.261e+04 1 0)
|        ( QUESTION9 -1 -9.613e+04 3.551e+02 4.351e+02
|            ( WDBNDRY_B 0 -2.154e+04 2.563e+02 9.858e+01
|                ( - -1.249e+04 1 0)
|                ( - -8.796e+03 1 0))
|            ( QUESTION10 -1 -7.424e+04 2.984e+02 3.365e+02
|                ( - -9.478e+03 1 0)
|                ( QUESTION2_3_L -1 -6.446e+04 1.120e+02 2.925e+02
|                    ( - -4.065e+04 1 0)
|                    ( - -2.370e+04 3 0 QUESTION0 -1 7.979e+01 1.084e+02)))))
|    ( QUESTION0_17_R 1 -2.143e+04 3.113e+02 9.984e+01
|        ( - -1.446e+04 1 0)
|        ( - -6.658e+03 1 0)))
s>    ( QUESTION0_19_R 1 -1.314e+05 5.733e+02 5.944e+02
s>        ( QUESTION11 -1 -1.094e+05 6.174e+02 4.945e+02
s>            ( - -1.261e+04 1 0)
s>            ( QUESTION9 -1 -9.613e+04 3.551e+02 4.351e+02
s>                ( WDBNDRY_B 0 -2.154e+04 2.563e+02 9.858e+01
s>                    ( - -1.249e+04 1 0)
s>                    ( - -8.796e+03 1 0))
s>                ( QUESTION10 -1 -7.424e+04 2.984e+02 3.365e+02
s>                    ( - -9.478e+03 1 0)
s>                    ( QUESTION2_3_L -1 -6.446e+04 1.120e+02 2.925e+02
s>                        ( - -4.065e+04 1 0)
s>                        ( - -2.370e+04 3 0 QUESTION0 -1 7.979e+01 1.084e+02)))))
s>        ( QUESTION0_17_R 1 -2.143e+04 3.113e+02 9.984e+01
s>            ( - -1.446e+04 1 0)
s>            ( - -6.658e+03 1 0)))INFO: dtree.c(1439): stop. leaf nodes are specific
INFO: dtree.c(1478): Final simple tree
|( QUESTION0_13_R 1 -2.823e+04 3.919e+02 1.328e+02
|    ( - -1.515e+04 1 0)
|    ( - -1.269e+04 1 0))
s>    ( QUESTION0_13_R 1 -2.823e+04 3.919e+02 1.328e+02
s>        ( - -1.515e+04 1 0)
s>        ( - -1.269e+04 1 0))INFO: dtree.c(1315): Comp split 3
INFO: dtree.c(1439): stop. leaf nodes are specific
INFO: dtree.c(1478): Final simple tree
|( QUESTION0 -1 -3.539e+04 5.132e+02 1.574e+02
|    ( - -8.950e+03 1 0)
|    ( - -2.593e+04 1 0))
s>    ( QUESTION0 -1 -3.539e+04 5.132e+02 1.574e+02
s>        ( - -8.950e+03 1 0)
s>        ( - -2.593e+04 1 0))INFO: dtree.c(1315): Comp split 4
INFO: dtree.c(1439): stop. leaf nodes are specific
INFO: dtree.c(1478): Final simple tree
|( QUESTION0_17_R 1 -3.419e+04 3.370e+02 1.569e+02
|    ( WDBNDRY_B 0 -2.720e+04 2.473e+02 1.251e+02
|        ( - -1.249e+04 1 0)
|        ( - -1.446e+04 1 0))
|    ( - -6.658e+03 1 0))
s>    ( QUESTION0_17_R 1 -3.419e+04 3.370e+02 1.569e+02
s>        ( WDBNDRY_B 0 -2.720e+04 2.473e+02 1.251e+02
s>            ( - -1.249e+04 1 0)
s>            ( - -1.446e+04 1 0))
s>        ( - -6.658e+03 1 0))INFO: dtree.c(1439): stop. leaf nodes are specific
INFO: dtree.c(1478): Final simple tree
|( QUESTION11 -1 -9.653e+04 6.168e+02 4.375e+02
|    ( - -1.261e+04 1 0)
|    ( QUESTION10 -1 -8.330e+04 3.091e+02 3.780e+02
|        ( - -9.478e+03 1 0)
|        ( WDBNDRY_B 0 -7.351e+04 2.591e+02 3.341e+02
|            ( QUESTION2_3_L -1 -6.446e+04 1.120e+02 2.925e+02
|                ( - -4.065e+04 1 0)
|                ( QUESTION0 -1 -2.370e+04 7.979e+01 1.084e+02
|                    ( - -1.468e+04 2 0)
|                    ( - -8.943e+03 1 0)))
|            ( - -8.796e+03 1 0))))
s>    ( QUESTION11 -1 -9.653e+04 6.168e+02 4.375e+02
s>        ( - -1.261e+04 1 0)
s>        ( QUESTION10 -1 -8.330e+04 3.091e+02 3.780e+02
s>            ( - -9.478e+03 1 0)
s>            ( WDBNDRY_B 0 -7.351e+04 2.591e+02 3.341e+02
s>                ( QUESTION2_3_L -1 -6.446e+04 1.120e+02 2.925e+02
s>                    ( - -4.065e+04 1 0)
s>                    ( QUESTION0 -1 -2.370e+04 7.979e+01 1.084e+02
s>                        ( - -1.468e+04 2 0)
s>                        ( - -8.943e+03 1 0)))
s>                ( - -8.796e+03 1 0))))INFO: dtree.c(1315): Comp split 5
INFO: dtree.c(1439): stop. leaf nodes are specific
INFO: dtree.c(1478): Final simple tree
|( QUESTION10 -1 -8.330e+04 3.091e+02 3.780e+02
|    ( - -9.478e+03 1 0)
|    ( WDBNDRY_B 0 -7.351e+04 2.591e+02 3.341e+02
|        ( QUESTION2_3_L -1 -6.446e+04 1.120e+02 2.925e+02
|            ( - -4.065e+04 1 0)
|            ( QUESTION0 -1 -2.370e+04 7.979e+01 1.084e+02
|                ( - -1.468e+04 2 0)
|                ( - -8.943e+03 1 0)))
|        ( - -8.796e+03 1 0)))
s>    ( QUESTION10 -1 -8.330e+04 3.091e+02 3.780e+02
s>        ( - -9.478e+03 1 0)
s>        ( WDBNDRY_B 0 -7.351e+04 2.591e+02 3.341e+02
s>            ( QUESTION2_3_L -1 -6.446e+04 1.120e+02 2.925e+02
s>                ( - -4.065e+04 1 0)
s>                ( QUESTION0 -1 -2.370e+04 7.979e+01 1.084e+02
s>                    ( - -1.468e+04 2 0)
s>                    ( - -8.943e+03 1 0)))
s>            ( - -8.796e+03 1 0)))INFO: dtree.c(1315): Comp split 6
INFO: dtree.c(1315): Comp split 7
INFO: dtree.c(1315): Comp split 8
INFO: dtree.c(1439): stop. leaf nodes are specific
INFO: dtree.c(1478): Final simple tree
|( WDBNDRY_B 0 -2.720e+04 2.473e+02 1.251e+02
|    ( - -1.249e+04 1 0)
|    ( - -1.446e+04 1 0))
s>    ( WDBNDRY_B 0 -2.720e+04 2.473e+02 1.251e+02
s>        ( - -1.249e+04 1 0)
s>        ( - -1.446e+04 1 0))INFO: dtree.c(1315): Comp split 9
INFO: dtree.c(1439): stop. leaf nodes are specific
INFO: dtree.c(1478): Final simple tree
|( WDBNDRY_B 0 -7.351e+04 2.591e+02 3.341e+02
|    ( QUESTION2_3_L -1 -6.446e+04 1.120e+02 2.925e+02
|        ( - -4.065e+04 1 0)
|        ( QUESTION0 -1 -2.370e+04 7.979e+01 1.084e+02
|            ( - -1.468e+04 2 0)
|            ( - -8.943e+03 1 0)))
|    ( - -8.796e+03 1 0))
s>    ( WDBNDRY_B 0 -7.351e+04 2.591e+02 3.341e+02
s>        ( QUESTION2_3_L -1 -6.446e+04 1.120e+02 2.925e+02
s>            ( - -4.065e+04 1 0)
s>            ( QUESTION0 -1 -2.370e+04 7.979e+01 1.084e+02
s>                ( - -1.468e+04 2 0)
s>                ( - -8.943e+03 1 0)))
s>        ( - -8.796e+03 1 0))INFO: dtree.c(1315): Comp split 10
INFO: dtree.c(1439): stop. leaf nodes are specific
INFO: dtree.c(1478): Final simple tree
|( QUESTION2_3_L -1 -6.446e+04 1.120e+02 2.925e+02
|    ( - -4.065e+04 1 0)
|    ( QUESTION0 -1 -2.370e+04 7.979e+01 1.084e+02
|        ( - -1.468e+04 2 0)
|        ( - -8.943e+03 1 0)))
s>    ( QUESTION2_3_L -1 -6.446e+04 1.120e+02 2.925e+02
s>        ( - -4.065e+04 1 0)
s>        ( QUESTION0 -1 -2.370e+04 7.979e+01 1.084e+02
s>            ( - -1.468e+04 2 0)
s>            ( - -8.943e+03 1 0)))INFO: dtree.c(1315): Comp split 11
INFO: dtree.c(1315): Comp split 12
INFO: dtree.c(1439): stop. leaf nodes are specific
INFO: dtree.c(1478): Final simple tree
|( QUESTION0 -1 -2.370e+04 7.979e+01 1.084e+02
|    ( - -1.468e+04 2 0)
|    ( - -8.943e+03 1 0))
s>    ( QUESTION0 -1 -2.370e+04 7.979e+01 1.084e+02
s>        ( - -1.468e+04 2 0)
s>        ( - -8.943e+03 1 0))INFO: dtree.c(1315): Comp split 13
INFO: dtree.c(1315): Comp split 14
INFO: dtree.c(1318): stop. leaf nodes are specific
Sat Dec  3 19:23:23 2016
