Current configuration:
[NAME]		[DEFLT]	[VALUE]
-allphones	no	no
-cntthresh	0.00001	1.000000e-05
-csplitmax	100	2000
-csplitmin	1	1
-csplitthr	8e-4	0.000000e+00
-example	no	no
-fullvar	no	no
-help		no	no
-meanfn			/home/simone/Documenti/Elaborazione/project-NLP/model_parameters/android_db.cd_cont_untied/means
-mixwfn			/home/simone/Documenti/Elaborazione/project-NLP/model_parameters/android_db.cd_cont_untied/mixture_weights
-moddeffn		/home/simone/Documenti/Elaborazione/project-NLP/model_architecture/android_db.untied.mdef
-mwfloor	1e-4	1.000000e-08
-phone			o
-psetfn			/home/simone/Documenti/Elaborazione/project-NLP/model_architecture/android_db.tree_questions
-ssplitmax	5	7
-ssplitmin	1	1
-ssplitthr	8e-4	0.000000e+00
-state			0
-stwt			1.0,0.05,0.0,
-treefn			/home/simone/Documenti/Elaborazione/project-NLP/trees/android_db.unpruned/o-0.dtree
-ts2cbfn	.semi.	.cont.
-varfloor	0.00001	1.000000e-05
-varfn			/home/simone/Documenti/Elaborazione/project-NLP/model_parameters/android_db.cd_cont_untied/variances

INFO: main.c(223): Reading: /home/simone/Documenti/Elaborazione/project-NLP/model_architecture/android_db.untied.mdef
INFO: model_def_io.c(573): Model definition info:
INFO: model_def_io.c(574): 207 total models defined (27 base, 180 tri)
INFO: model_def_io.c(575): 828 total states
INFO: model_def_io.c(576): 621 total tied states
INFO: model_def_io.c(577): 81 total tied CI states
INFO: model_def_io.c(578): 27 total tied transition matrices
INFO: model_def_io.c(579): 4 max state/model
INFO: model_def_io.c(580): 4 min state/model
INFO: main.c(242): Building trees for [o j SIL e] through [o v m e]
INFO: main.c(269): Covering states |[396 458]| == 63
INFO: main.c(275): Reading: /home/simone/Documenti/Elaborazione/project-NLP/model_parameters/android_db.cd_cont_untied/mixture_weights
INFO: s3mixw_io.c(173): Read /home/simone/Documenti/Elaborazione/project-NLP/model_parameters/android_db.cd_cont_untied/mixture_weights [63x1x1 array]
INFO: main.c(311): 21 of 21 models have observation count greater than 0.000010
INFO: main.c(95): nrm stwt: 0.952 0.048 0.000 
INFO: s3gau_io.c(169): Read /home/simone/Documenti/Elaborazione/project-NLP/model_parameters/android_db.cd_cont_untied/means [621x1x1 array]
INFO: s3gau_io.c(169): Read /home/simone/Documenti/Elaborazione/project-NLP/model_parameters/android_db.cd_cont_untied/variances [621x1x1 array]
INFO: main.c(549): Reading: /home/simone/Documenti/Elaborazione/project-NLP/model_architecture/android_db.tree_questions
INFO: main.c(588): 180 total simple questions (172 phone; 8 word bndry)
INFO: main.c(590): 42 Left Only questions, and 42 Right Only questions
INFO: dtree.c(1478): Final simple tree
|( QUESTION16 -1 -6.166e+05 1.364e+03 2.900e+03
|    ( - -1.277e+05 5 0 QUESTION0_5_R 1 2.824e+02 5.974e+02)
|    ( WDBNDRY_E 0 -4.875e+05 1.105e+03 2.302e+03
|        ( QUESTION7 -1 -4.513e+05 9.586e+02 2.132e+03
|            ( - -1.003e+05 3 0 QUESTION17 1 2.394e+02 4.831e+02)
|            ( QUESTION2_12_L -1 -3.500e+05 6.284e+02 1.649e+03
|                ( - -5.666e+04 2 0 SILENCE 1 1.757e+02 2.708e+02)
|                ( SILENCE 1 -2.928e+05 5.660e+02 1.378e+03
|                    ( QUESTION3 -1 -6.650e+04 4.004e+02 3.130e+02
|                        ( - -5.249e+04 1 0)
|                        ( - -1.361e+04 1 0))
|                    ( QUESTION0_3_R 1 -2.257e+05 3.611e+02 1.065e+03
|                        ( - -1.068e+05 1 0)
|                        ( - -1.185e+05 5 0 QUESTION3 1 3.288e+02 5.613e+02)))))
|        ( - -3.517e+04 3 0 QUESTION0_0_R 1 2.857e+02 1.704e+02)))
s>    ( QUESTION16 -1 -6.166e+05 1.364e+03 2.900e+03
s>        ( - -1.277e+05 5 0 QUESTION0_5_R 1 2.824e+02 5.974e+02)
s>        ( WDBNDRY_E 0 -4.875e+05 1.105e+03 2.302e+03
s>            ( QUESTION7 -1 -4.513e+05 9.586e+02 2.132e+03
s>                ( - -1.003e+05 3 0 QUESTION17 1 2.394e+02 4.831e+02)
s>                ( QUESTION2_12_L -1 -3.500e+05 6.284e+02 1.649e+03
s>                    ( - -5.666e+04 2 0 SILENCE 1 1.757e+02 2.708e+02)
s>                    ( SILENCE 1 -2.928e+05 5.660e+02 1.378e+03
s>                        ( QUESTION3 -1 -6.650e+04 4.004e+02 3.130e+02
s>                            ( - -5.249e+04 1 0)
s>                            ( - -1.361e+04 1 0))
s>                        ( QUESTION0_3_R 1 -2.257e+05 3.611e+02 1.065e+03
s>                            ( - -1.068e+05 1 0)
s>                            ( - -1.185e+05 5 0 QUESTION3 1 3.288e+02 5.613e+02)))))
s>            ( - -3.517e+04 3 0 QUESTION0_0_R 1 2.857e+02 1.704e+02)))INFO: dtree.c(1315): Comp split 0
INFO: dtree.c(1478): Final simple tree
|( WDBNDRY_E 0 -4.875e+05 1.105e+03 2.302e+03
|    ( QUESTION7 -1 -4.513e+05 9.586e+02 2.132e+03
|        ( - -1.003e+05 3 0 QUESTION17 1 2.394e+02 4.831e+02)
|        ( QUESTION2_12_L -1 -3.500e+05 6.284e+02 1.649e+03
|            ( - -5.666e+04 2 0 SILENCE 1 1.757e+02 2.708e+02)
|            ( SILENCE 1 -2.928e+05 5.660e+02 1.378e+03
|                ( QUESTION3 -1 -6.650e+04 4.004e+02 3.130e+02
|                    ( - -5.249e+04 1 0)
|                    ( - -1.361e+04 1 0))
|                ( QUESTION0_3_R 1 -2.257e+05 3.611e+02 1.065e+03
|                    ( - -1.068e+05 1 0)
|                    ( QUESTION3 1 -1.185e+05 3.288e+02 5.613e+02
|                        ( - -1.990e+04 1 0)
|                        ( - -9.830e+04 4 0 QUESTION0_5_R 1 3.306e+02 4.702e+02))))))
|    ( - -3.517e+04 3 0 QUESTION0_0_R 1 2.857e+02 1.704e+02))
s>    ( WDBNDRY_E 0 -4.875e+05 1.105e+03 2.302e+03
s>        ( QUESTION7 -1 -4.513e+05 9.586e+02 2.132e+03
s>            ( - -1.003e+05 3 0 QUESTION17 1 2.394e+02 4.831e+02)
s>            ( QUESTION2_12_L -1 -3.500e+05 6.284e+02 1.649e+03
s>                ( - -5.666e+04 2 0 SILENCE 1 1.757e+02 2.708e+02)
s>                ( SILENCE 1 -2.928e+05 5.660e+02 1.378e+03
s>                    ( QUESTION3 -1 -6.650e+04 4.004e+02 3.130e+02
s>                        ( - -5.249e+04 1 0)
s>                        ( - -1.361e+04 1 0))
s>                    ( QUESTION0_3_R 1 -2.257e+05 3.611e+02 1.065e+03
s>                        ( - -1.068e+05 1 0)
s>                        ( QUESTION3 1 -1.185e+05 3.288e+02 5.613e+02
s>                            ( - -1.990e+04 1 0)
s>                            ( - -9.830e+04 4 0 QUESTION0_5_R 1 3.306e+02 4.702e+02))))))
s>        ( - -3.517e+04 3 0 QUESTION0_0_R 1 2.857e+02 1.704e+02))INFO: dtree.c(1439): stop. leaf nodes are specific
INFO: dtree.c(1478): Final simple tree
|( QUESTION0_5_R 1 -1.277e+05 2.824e+02 5.974e+02
|    ( QUESTION2 1 -4.970e+04 8.753e+01 2.332e+02
|        ( - -2.477e+04 1 0)
|        ( - -2.484e+04 1 0))
|    ( QUESTION0_8_R 1 -7.772e+04 2.649e+02 3.642e+02
|        ( - -2.542e+04 1 0)
|        ( QUESTION0_0_R 1 -5.204e+04 1.578e+02 2.444e+02
|            ( - -2.372e+04 1 0)
|            ( - -2.816e+04 1 0))))
s>    ( QUESTION0_5_R 1 -1.277e+05 2.824e+02 5.974e+02
s>        ( QUESTION2 1 -4.970e+04 8.753e+01 2.332e+02
s>            ( - -2.477e+04 1 0)
s>            ( - -2.484e+04 1 0))
s>        ( QUESTION0_8_R 1 -7.772e+04 2.649e+02 3.642e+02
s>            ( - -2.542e+04 1 0)
s>            ( QUESTION0_0_R 1 -5.204e+04 1.578e+02 2.444e+02
s>                ( - -2.372e+04 1 0)
s>                ( - -2.816e+04 1 0))))INFO: dtree.c(1315): Comp split 1
INFO: dtree.c(1478): Final simple tree
|( QUESTION7 -1 -4.513e+05 9.586e+02 2.132e+03
|    ( - -1.003e+05 3 0 QUESTION17 1 2.394e+02 4.831e+02)
|    ( QUESTION2_12_L -1 -3.500e+05 6.284e+02 1.649e+03
|        ( - -5.666e+04 2 0 SILENCE 1 1.757e+02 2.708e+02)
|        ( SILENCE 1 -2.928e+05 5.660e+02 1.378e+03
|            ( QUESTION3 -1 -6.650e+04 4.004e+02 3.130e+02
|                ( - -5.249e+04 1 0)
|                ( - -1.361e+04 1 0))
|            ( QUESTION0_3_R 1 -2.257e+05 3.611e+02 1.065e+03
|                ( - -1.068e+05 1 0)
|                ( QUESTION3 1 -1.185e+05 3.288e+02 5.613e+02
|                    ( - -1.990e+04 1 0)
|                    ( QUESTION0_5_R 1 -9.830e+04 3.306e+02 4.702e+02
|                        ( - -4.362e+04 2 0 QUESTION3 -1 2.517e+02 2.093e+02)
|                        ( - -5.435e+04 2 0 QUESTION0_1_R 1 2.226e+02 2.610e+02)))))))
s>    ( QUESTION7 -1 -4.513e+05 9.586e+02 2.132e+03
s>        ( - -1.003e+05 3 0 QUESTION17 1 2.394e+02 4.831e+02)
s>        ( QUESTION2_12_L -1 -3.500e+05 6.284e+02 1.649e+03
s>            ( - -5.666e+04 2 0 SILENCE 1 1.757e+02 2.708e+02)
s>            ( SILENCE 1 -2.928e+05 5.660e+02 1.378e+03
s>                ( QUESTION3 -1 -6.650e+04 4.004e+02 3.130e+02
s>                    ( - -5.249e+04 1 0)
s>                    ( - -1.361e+04 1 0))
s>                ( QUESTION0_3_R 1 -2.257e+05 3.611e+02 1.065e+03
s>                    ( - -1.068e+05 1 0)
s>                    ( QUESTION3 1 -1.185e+05 3.288e+02 5.613e+02
s>                        ( - -1.990e+04 1 0)
s>                        ( QUESTION0_5_R 1 -9.830e+04 3.306e+02 4.702e+02
s>                            ( - -4.362e+04 2 0 QUESTION3 -1 2.517e+02 2.093e+02)
s>                            ( - -5.435e+04 2 0 QUESTION0_1_R 1 2.226e+02 2.610e+02)))))))INFO: dtree.c(1439): stop. leaf nodes are specific
INFO: dtree.c(1478): Final simple tree
|( QUESTION0_0_R 1 -3.517e+04 2.857e+02 1.704e+02
|    ( QUESTION12 -1 -2.589e+04 2.912e+02 1.266e+02
|        ( - -1.955e+04 1 0)
|        ( - -6.045e+03 1 0))
|    ( - -8.995e+03 1 0))
s>    ( QUESTION0_0_R 1 -3.517e+04 2.857e+02 1.704e+02
s>        ( QUESTION12 -1 -2.589e+04 2.912e+02 1.266e+02
s>            ( - -1.955e+04 1 0)
s>            ( - -6.045e+03 1 0))
s>        ( - -8.995e+03 1 0))INFO: dtree.c(1315): Comp split 2
INFO: dtree.c(1439): stop. leaf nodes are specific
INFO: dtree.c(1478): Final simple tree
|( SILENCE 1 -2.726e+05 5.744e+02 1.287e+03
|    ( QUESTION3 -1 -6.650e+04 4.004e+02 3.130e+02
|        ( - -5.249e+04 1 0)
|        ( - -1.361e+04 1 0))
|    ( QUESTION0_1_R 1 -2.055e+05 4.538e+02 9.739e+02
|        ( QUESTION0_2_R 1 -1.328e+05 1.923e+02 6.299e+02
|            ( - -2.585e+04 1 0)
|            ( - -1.068e+05 1 0))
|        ( QUESTION0_5_R 1 -7.224e+04 3.388e+02 3.441e+02
|            ( QUESTION3 -1 -4.362e+04 2.517e+02 2.093e+02
|                ( - -2.686e+04 1 0)
|                ( - -1.651e+04 1 0))
|            ( - -2.828e+04 1 0))))
s>    ( SILENCE 1 -2.726e+05 5.744e+02 1.287e+03
s>        ( QUESTION3 -1 -6.650e+04 4.004e+02 3.130e+02
s>            ( - -5.249e+04 1 0)
s>            ( - -1.361e+04 1 0))
s>        ( QUESTION0_1_R 1 -2.055e+05 4.538e+02 9.739e+02
s>            ( QUESTION0_2_R 1 -1.328e+05 1.923e+02 6.299e+02
s>                ( - -2.585e+04 1 0)
s>                ( - -1.068e+05 1 0))
s>            ( QUESTION0_5_R 1 -7.224e+04 3.388e+02 3.441e+02
s>                ( QUESTION3 -1 -4.362e+04 2.517e+02 2.093e+02
s>                    ( - -2.686e+04 1 0)
s>                    ( - -1.651e+04 1 0))
s>                ( - -2.828e+04 1 0))))INFO: dtree.c(1439): stop. leaf nodes are specific
INFO: dtree.c(1478): Final simple tree
|( QUESTION9 -1 -1.777e+05 6.211e+02 8.450e+02
|    ( SILENCE 1 -5.666e+04 1.757e+02 2.708e+02
|        ( - -3.132e+04 1 0)
|        ( - -2.516e+04 1 0))
|    ( QUESTION17 1 -1.204e+05 2.821e+02 5.741e+02
|        ( - -4.471e+04 1 0)
|        ( QUESTION0_4_R 1 -7.540e+04 1.841e+02 3.553e+02
|            ( - -1.990e+04 1 0)
|            ( SILENCE 1 -5.531e+04 1.266e+02 2.642e+02
|                ( - -2.122e+04 1 0)
|                ( - -3.396e+04 1 0)))))
s>    ( QUESTION9 -1 -1.777e+05 6.211e+02 8.450e+02
s>        ( SILENCE 1 -5.666e+04 1.757e+02 2.708e+02
s>            ( - -3.132e+04 1 0)
s>            ( - -2.516e+04 1 0))
s>        ( QUESTION17 1 -1.204e+05 2.821e+02 5.741e+02
s>            ( - -4.471e+04 1 0)
s>            ( QUESTION0_4_R 1 -7.540e+04 1.841e+02 3.553e+02
s>                ( - -1.990e+04 1 0)
s>                ( SILENCE 1 -5.531e+04 1.266e+02 2.642e+02
s>                    ( - -2.122e+04 1 0)
s>                    ( - -3.396e+04 1 0)))))INFO: dtree.c(1315): Comp split 3
INFO: dtree.c(1439): stop. leaf nodes are specific
INFO: dtree.c(1478): Final simple tree
|( QUESTION17 1 -1.204e+05 2.821e+02 5.741e+02
|    ( - -4.471e+04 1 0)
|    ( QUESTION0_4_R 1 -7.540e+04 1.841e+02 3.553e+02
|        ( - -1.990e+04 1 0)
|        ( SILENCE 1 -5.531e+04 1.266e+02 2.642e+02
|            ( - -2.122e+04 1 0)
|            ( - -3.396e+04 1 0))))
s>    ( QUESTION17 1 -1.204e+05 2.821e+02 5.741e+02
s>        ( - -4.471e+04 1 0)
s>        ( QUESTION0_4_R 1 -7.540e+04 1.841e+02 3.553e+02
s>            ( - -1.990e+04 1 0)
s>            ( SILENCE 1 -5.531e+04 1.266e+02 2.642e+02
s>                ( - -2.122e+04 1 0)
s>                ( - -3.396e+04 1 0))))INFO: dtree.c(1439): stop. leaf nodes are specific
INFO: dtree.c(1478): Final simple tree
|( SILENCE 1 -5.666e+04 1.757e+02 2.708e+02
|    ( - -3.132e+04 1 0)
|    ( - -2.516e+04 1 0))
s>    ( SILENCE 1 -5.666e+04 1.757e+02 2.708e+02
s>        ( - -3.132e+04 1 0)
s>        ( - -2.516e+04 1 0))INFO: dtree.c(1315): Comp split 4
INFO: dtree.c(1439): stop. leaf nodes are specific
INFO: dtree.c(1478): Final simple tree
|( QUESTION0_1_R 1 -2.055e+05 4.538e+02 9.739e+02
|    ( QUESTION0_2_R 1 -1.328e+05 1.923e+02 6.299e+02
|        ( - -2.585e+04 1 0)
|        ( - -1.068e+05 1 0))
|    ( QUESTION0_5_R 1 -7.224e+04 3.388e+02 3.441e+02
|        ( QUESTION3 -1 -4.362e+04 2.517e+02 2.093e+02
|            ( - -2.686e+04 1 0)
|            ( - -1.651e+04 1 0))
|        ( - -2.828e+04 1 0)))
s>    ( QUESTION0_1_R 1 -2.055e+05 4.538e+02 9.739e+02
s>        ( QUESTION0_2_R 1 -1.328e+05 1.923e+02 6.299e+02
s>            ( - -2.585e+04 1 0)
s>            ( - -1.068e+05 1 0))
s>        ( QUESTION0_5_R 1 -7.224e+04 3.388e+02 3.441e+02
s>            ( QUESTION3 -1 -4.362e+04 2.517e+02 2.093e+02
s>                ( - -2.686e+04 1 0)
s>                ( - -1.651e+04 1 0))
s>            ( - -2.828e+04 1 0)))INFO: dtree.c(1439): stop. leaf nodes are specific
INFO: dtree.c(1478): Final simple tree
|( QUESTION3 -1 -6.650e+04 4.004e+02 3.130e+02
|    ( - -5.249e+04 1 0)
|    ( - -1.361e+04 1 0))
s>    ( QUESTION3 -1 -6.650e+04 4.004e+02 3.130e+02
s>        ( - -5.249e+04 1 0)
s>        ( - -1.361e+04 1 0))INFO: dtree.c(1315): Comp split 5
INFO: dtree.c(1439): stop. leaf nodes are specific
INFO: dtree.c(1478): Final simple tree
|( QUESTION0_5_R 1 -7.224e+04 3.388e+02 3.441e+02
|    ( QUESTION3 -1 -4.362e+04 2.517e+02 2.093e+02
|        ( - -2.686e+04 1 0)
|        ( - -1.651e+04 1 0))
|    ( - -2.828e+04 1 0))
s>    ( QUESTION0_5_R 1 -7.224e+04 3.388e+02 3.441e+02
s>        ( QUESTION3 -1 -4.362e+04 2.517e+02 2.093e+02
s>            ( - -2.686e+04 1 0)
s>            ( - -1.651e+04 1 0))
s>        ( - -2.828e+04 1 0))INFO: dtree.c(1439): stop. leaf nodes are specific
INFO: dtree.c(1478): Final simple tree
|( QUESTION0_2_R 1 -1.328e+05 1.923e+02 6.299e+02
|    ( - -2.585e+04 1 0)
|    ( - -1.068e+05 1 0))
s>    ( QUESTION0_2_R 1 -1.328e+05 1.923e+02 6.299e+02
s>        ( - -2.585e+04 1 0)
s>        ( - -1.068e+05 1 0))INFO: dtree.c(1315): Comp split 6
INFO: dtree.c(1315): Comp split 7
INFO: dtree.c(1439): stop. leaf nodes are specific
INFO: dtree.c(1478): Final simple tree
|( QUESTION0_0_R 1 -1.522e+04 1.834e+02 7.259e+01
|    ( - -6.045e+03 1 0)
|    ( - -8.995e+03 1 0))
s>    ( QUESTION0_0_R 1 -1.522e+04 1.834e+02 7.259e+01
s>        ( - -6.045e+03 1 0)
s>        ( - -8.995e+03 1 0))INFO: dtree.c(1315): Comp split 8
INFO: dtree.c(1439): stop. leaf nodes are specific
INFO: dtree.c(1478): Final simple tree
|( QUESTION0_5_R 1 -4.502e+04 2.296e+02 2.125e+02
|    ( - -1.651e+04 1 0)
|    ( - -2.828e+04 1 0))
s>    ( QUESTION0_5_R 1 -4.502e+04 2.296e+02 2.125e+02
s>        ( - -1.651e+04 1 0)
s>        ( - -2.828e+04 1 0))INFO: dtree.c(1315): Comp split 9
INFO: dtree.c(1439): stop. leaf nodes are specific
INFO: dtree.c(1478): Final simple tree
|( QUESTION0_0_R 1 -5.204e+04 1.578e+02 2.444e+02
|    ( - -2.372e+04 1 0)
|    ( - -2.816e+04 1 0))
s>    ( QUESTION0_0_R 1 -5.204e+04 1.578e+02 2.444e+02
s>        ( - -2.372e+04 1 0)
s>        ( - -2.816e+04 1 0))INFO: dtree.c(1439): stop. leaf nodes are specific
INFO: dtree.c(1478): Final simple tree
|( QUESTION0_5_R 1 -7.531e+04 1.949e+02 3.530e+02
|    ( QUESTION2 1 -4.970e+04 8.753e+01 2.332e+02
|        ( - -2.477e+04 1 0)
|        ( - -2.484e+04 1 0))
|    ( - -2.542e+04 1 0))
s>    ( QUESTION0_5_R 1 -7.531e+04 1.949e+02 3.530e+02
s>        ( QUESTION2 1 -4.970e+04 8.753e+01 2.332e+02
s>            ( - -2.477e+04 1 0)
s>            ( - -2.484e+04 1 0))
s>        ( - -2.542e+04 1 0))INFO: dtree.c(1315): Comp split 10
INFO: dtree.c(1439): stop. leaf nodes are specific
INFO: dtree.c(1478): Final simple tree
|( QUESTION0_4_R 1 -7.540e+04 1.841e+02 3.553e+02
|    ( - -1.990e+04 1 0)
|    ( SILENCE 1 -5.531e+04 1.266e+02 2.642e+02
|        ( - -2.122e+04 1 0)
|        ( - -3.396e+04 1 0)))
s>    ( QUESTION0_4_R 1 -7.540e+04 1.841e+02 3.553e+02
s>        ( - -1.990e+04 1 0)
s>        ( SILENCE 1 -5.531e+04 1.266e+02 2.642e+02
s>            ( - -2.122e+04 1 0)
s>            ( - -3.396e+04 1 0)))INFO: dtree.c(1315): Comp split 11
INFO: dtree.c(1315): Comp split 12
INFO: dtree.c(1439): stop. leaf nodes are specific
INFO: dtree.c(1478): Final simple tree
|( QUESTION2 1 -4.970e+04 8.753e+01 2.332e+02
|    ( - -2.477e+04 1 0)
|    ( - -2.484e+04 1 0))
s>    ( QUESTION2 1 -4.970e+04 8.753e+01 2.332e+02
s>        ( - -2.477e+04 1 0)
s>        ( - -2.484e+04 1 0))INFO: dtree.c(1315): Comp split 13
INFO: dtree.c(1315): Comp split 14
INFO: dtree.c(1439): stop. leaf nodes are specific
INFO: dtree.c(1478): Final simple tree
|( SILENCE 1 -5.531e+04 1.266e+02 2.642e+02
|    ( - -2.122e+04 1 0)
|    ( - -3.396e+04 1 0))
s>    ( SILENCE 1 -5.531e+04 1.266e+02 2.642e+02
s>        ( - -2.122e+04 1 0)
s>        ( - -3.396e+04 1 0))INFO: dtree.c(1315): Comp split 15
INFO: dtree.c(1315): Comp split 16
INFO: dtree.c(1315): Comp split 17
INFO: dtree.c(1315): Comp split 18
INFO: dtree.c(1315): Comp split 19
INFO: dtree.c(1315): Comp split 20
INFO: dtree.c(1318): stop. leaf nodes are specific
Sat Dec  3 19:23:22 2016
