Current configuration:
[NAME]		[DEFLT]	[VALUE]
-allphones	no	no
-cntthresh	0.00001	1.000000e-05
-csplitmax	100	2000
-csplitmin	1	1
-csplitthr	8e-4	0.000000e+00
-example	no	no
-fullvar	no	no
-help		no	no
-meanfn			/home/simone/Documenti/Elaborazione/project-NLP/model_parameters/android_db.cd_cont_untied/means
-mixwfn			/home/simone/Documenti/Elaborazione/project-NLP/model_parameters/android_db.cd_cont_untied/mixture_weights
-moddeffn		/home/simone/Documenti/Elaborazione/project-NLP/model_architecture/android_db.untied.mdef
-mwfloor	1e-4	1.000000e-08
-phone			k
-psetfn			/home/simone/Documenti/Elaborazione/project-NLP/model_architecture/android_db.tree_questions
-ssplitmax	5	7
-ssplitmin	1	1
-ssplitthr	8e-4	0.000000e+00
-state			1
-stwt			1.0,0.05,0.0,
-treefn			/home/simone/Documenti/Elaborazione/project-NLP/trees/android_db.unpruned/k-1.dtree
-ts2cbfn	.semi.	.cont.
-varfloor	0.00001	1.000000e-05
-varfn			/home/simone/Documenti/Elaborazione/project-NLP/model_parameters/android_db.cd_cont_untied/variances

INFO: main.c(223): Reading: /home/simone/Documenti/Elaborazione/project-NLP/model_architecture/android_db.untied.mdef
INFO: model_def_io.c(573): Model definition info:
INFO: model_def_io.c(574): 207 total models defined (27 base, 180 tri)
INFO: model_def_io.c(575): 828 total states
INFO: model_def_io.c(576): 621 total tied states
INFO: model_def_io.c(577): 81 total tied CI states
INFO: model_def_io.c(578): 27 total tied transition matrices
INFO: model_def_io.c(579): 4 max state/model
INFO: model_def_io.c(580): 4 min state/model
INFO: main.c(242): Building trees for [k SIL a b] through [k o w b]
INFO: main.c(269): Covering states |[288 323]| == 36
INFO: main.c(275): Reading: /home/simone/Documenti/Elaborazione/project-NLP/model_parameters/android_db.cd_cont_untied/mixture_weights
INFO: s3mixw_io.c(173): Read /home/simone/Documenti/Elaborazione/project-NLP/model_parameters/android_db.cd_cont_untied/mixture_weights [36x1x1 array]
INFO: main.c(311): 12 of 12 models have observation count greater than 0.000010
INFO: main.c(95): nrm stwt: 0.045 0.909 0.045 
INFO: s3gau_io.c(169): Read /home/simone/Documenti/Elaborazione/project-NLP/model_parameters/android_db.cd_cont_untied/means [621x1x1 array]
INFO: s3gau_io.c(169): Read /home/simone/Documenti/Elaborazione/project-NLP/model_parameters/android_db.cd_cont_untied/variances [621x1x1 array]
INFO: main.c(549): Reading: /home/simone/Documenti/Elaborazione/project-NLP/model_architecture/android_db.tree_questions
INFO: main.c(588): 180 total simple questions (172 phone; 8 word bndry)
INFO: main.c(590): 42 Left Only questions, and 42 Right Only questions
INFO: dtree.c(1478): Final simple tree
|( QUESTION9 1 -1.532e+05 1.703e+03 6.698e+02
|    ( SILENCE -1 -8.651e+04 8.746e+02 3.784e+02
|        ( QUESTION0_13_R 1 -5.440e+04 6.011e+02 2.388e+02
|            ( - -4.576e+04 1 0)
|            ( - -8.042e+03 1 0))
|        ( QUESTION0 -1 -3.124e+04 2.916e+02 1.396e+02
|            ( - -1.425e+04 2 0 QUESTION0_13_R 1 8.430e+01 6.282e+01)
|            ( - -1.669e+04 2 0 QUESTION0_13_R 1 9.722e+01 7.673e+01)))
|    ( QUESTION0_0_R 1 -6.498e+04 1.199e+03 2.915e+02
|        ( WDBNDRY_B 0 -2.598e+04 4.593e+02 1.179e+02
|            ( - -1.408e+04 2 0)
|            ( - -1.144e+04 1 0))
|        ( WDBNDRY_B 0 -3.780e+04 3.236e+02 1.736e+02
|            ( - -2.671e+04 2 0 SILENCE -1 1.913e+02 1.225e+02)
|            ( - -1.077e+04 1 0))))
s>    ( QUESTION9 1 -1.532e+05 1.703e+03 6.698e+02
s>        ( SILENCE -1 -8.651e+04 8.746e+02 3.784e+02
s>            ( QUESTION0_13_R 1 -5.440e+04 6.011e+02 2.388e+02
s>                ( - -4.576e+04 1 0)
s>                ( - -8.042e+03 1 0))
s>            ( QUESTION0 -1 -3.124e+04 2.916e+02 1.396e+02
s>                ( - -1.425e+04 2 0 QUESTION0_13_R 1 8.430e+01 6.282e+01)
s>                ( - -1.669e+04 2 0 QUESTION0_13_R 1 9.722e+01 7.673e+01)))
s>        ( QUESTION0_0_R 1 -6.498e+04 1.199e+03 2.915e+02
s>            ( WDBNDRY_B 0 -2.598e+04 4.593e+02 1.179e+02
s>                ( - -1.408e+04 2 0)
s>                ( - -1.144e+04 1 0))
s>            ( WDBNDRY_B 0 -3.780e+04 3.236e+02 1.736e+02
s>                ( - -2.671e+04 2 0 SILENCE -1 1.913e+02 1.225e+02)
s>                ( - -1.077e+04 1 0))))INFO: dtree.c(1315): Comp split 0
INFO: dtree.c(1478): Final simple tree
|( QUESTION0_0_R 1 -1.054e+05 1.356e+03 4.692e+02
|    ( WDBNDRY_B 0 -2.598e+04 4.593e+02 1.179e+02
|        ( - -1.408e+04 2 0)
|        ( - -1.144e+04 1 0))
|    ( QUESTION9 1 -7.809e+04 8.432e+02 3.513e+02
|        ( QUESTION1 -1 -3.945e+04 3.199e+02 1.777e+02
|            ( - -1.669e+04 2 0 QUESTION0_13_R 1 9.722e+01 7.673e+01)
|            ( SILENCE -1 -2.244e+04 1.448e+02 1.010e+02
|                ( - -8.042e+03 1 0)
|                ( - -1.425e+04 2 0 QUESTION0_13_R 1 8.430e+01 6.282e+01)))
|        ( WDBNDRY_B 0 -3.780e+04 3.236e+02 1.736e+02
|            ( SILENCE -1 -2.671e+04 1.913e+02 1.225e+02
|                ( - -8.272e+03 1 0)
|                ( - -1.825e+04 1 0))
|            ( - -1.077e+04 1 0))))
s>    ( QUESTION0_0_R 1 -1.054e+05 1.356e+03 4.692e+02
s>        ( WDBNDRY_B 0 -2.598e+04 4.593e+02 1.179e+02
s>            ( - -1.408e+04 2 0)
s>            ( - -1.144e+04 1 0))
s>        ( QUESTION9 1 -7.809e+04 8.432e+02 3.513e+02
s>            ( QUESTION1 -1 -3.945e+04 3.199e+02 1.777e+02
s>                ( - -1.669e+04 2 0 QUESTION0_13_R 1 9.722e+01 7.673e+01)
s>                ( SILENCE -1 -2.244e+04 1.448e+02 1.010e+02
s>                    ( - -8.042e+03 1 0)
s>                    ( - -1.425e+04 2 0 QUESTION0_13_R 1 8.430e+01 6.282e+01)))
s>            ( WDBNDRY_B 0 -3.780e+04 3.236e+02 1.736e+02
s>                ( SILENCE -1 -2.671e+04 1.913e+02 1.225e+02
s>                    ( - -8.272e+03 1 0)
s>                    ( - -1.825e+04 1 0))
s>                ( - -1.077e+04 1 0))))INFO: dtree.c(1315): Comp split 1
INFO: dtree.c(1478): Final simple tree
|( QUESTION9 1 -7.809e+04 8.432e+02 3.513e+02
|    ( QUESTION1 -1 -3.945e+04 3.199e+02 1.777e+02
|        ( QUESTION0_13_R 1 -1.669e+04 9.722e+01 7.673e+01
|            ( - -8.513e+03 1 0)
|            ( - -8.082e+03 1 0))
|        ( SILENCE -1 -2.244e+04 1.448e+02 1.010e+02
|            ( - -8.042e+03 1 0)
|            ( QUESTION0_13_R 1 -1.425e+04 8.430e+01 6.282e+01
|                ( - -7.115e+03 1 0)
|                ( - -7.054e+03 1 0))))
|    ( WDBNDRY_B 0 -3.780e+04 3.236e+02 1.736e+02
|        ( SILENCE -1 -2.671e+04 1.913e+02 1.225e+02
|            ( - -8.272e+03 1 0)
|            ( - -1.825e+04 1 0))
|        ( - -1.077e+04 1 0)))
s>    ( QUESTION9 1 -7.809e+04 8.432e+02 3.513e+02
s>        ( QUESTION1 -1 -3.945e+04 3.199e+02 1.777e+02
s>            ( QUESTION0_13_R 1 -1.669e+04 9.722e+01 7.673e+01
s>                ( - -8.513e+03 1 0)
s>                ( - -8.082e+03 1 0))
s>            ( SILENCE -1 -2.244e+04 1.448e+02 1.010e+02
s>                ( - -8.042e+03 1 0)
s>                ( QUESTION0_13_R 1 -1.425e+04 8.430e+01 6.282e+01
s>                    ( - -7.115e+03 1 0)
s>                    ( - -7.054e+03 1 0))))
s>        ( WDBNDRY_B 0 -3.780e+04 3.236e+02 1.736e+02
s>            ( SILENCE -1 -2.671e+04 1.913e+02 1.225e+02
s>                ( - -8.272e+03 1 0)
s>                ( - -1.825e+04 1 0))
s>            ( - -1.077e+04 1 0)))INFO: dtree.c(1439): stop. leaf nodes are specific
INFO: dtree.c(1478): Final simple tree
|( WDBNDRY_B 0 -2.598e+04 4.593e+02 1.179e+02
|    ( - -1.408e+04 2 0)
|    ( - -1.144e+04 1 0))
s>    ( WDBNDRY_B 0 -2.598e+04 4.593e+02 1.179e+02
s>        ( - -1.408e+04 2 0)
s>        ( - -1.144e+04 1 0))INFO: dtree.c(1315): Comp split 2
INFO: dtree.c(1439): stop. leaf nodes are specific
INFO: dtree.c(1478): Final simple tree
|( QUESTION1 -1 -3.945e+04 3.199e+02 1.777e+02
|    ( QUESTION0_13_R 1 -1.669e+04 9.722e+01 7.673e+01
|        ( - -8.513e+03 1 0)
|        ( - -8.082e+03 1 0))
|    ( SILENCE -1 -2.244e+04 1.448e+02 1.010e+02
|        ( - -8.042e+03 1 0)
|        ( QUESTION0_13_R 1 -1.425e+04 8.430e+01 6.282e+01
|            ( - -7.115e+03 1 0)
|            ( - -7.054e+03 1 0))))
s>    ( QUESTION1 -1 -3.945e+04 3.199e+02 1.777e+02
s>        ( QUESTION0_13_R 1 -1.669e+04 9.722e+01 7.673e+01
s>            ( - -8.513e+03 1 0)
s>            ( - -8.082e+03 1 0))
s>        ( SILENCE -1 -2.244e+04 1.448e+02 1.010e+02
s>            ( - -8.042e+03 1 0)
s>            ( QUESTION0_13_R 1 -1.425e+04 8.430e+01 6.282e+01
s>                ( - -7.115e+03 1 0)
s>                ( - -7.054e+03 1 0))))INFO: dtree.c(1439): stop. leaf nodes are specific
INFO: dtree.c(1478): Final simple tree
|( WDBNDRY_B 0 -3.780e+04 3.236e+02 1.736e+02
|    ( SILENCE -1 -2.671e+04 1.913e+02 1.225e+02
|        ( - -8.272e+03 1 0)
|        ( - -1.825e+04 1 0))
|    ( - -1.077e+04 1 0))
s>    ( WDBNDRY_B 0 -3.780e+04 3.236e+02 1.736e+02
s>        ( SILENCE -1 -2.671e+04 1.913e+02 1.225e+02
s>            ( - -8.272e+03 1 0)
s>            ( - -1.825e+04 1 0))
s>        ( - -1.077e+04 1 0))INFO: dtree.c(1315): Comp split 3
INFO: dtree.c(1315): Comp split 4
INFO: dtree.c(1439): stop. leaf nodes are specific
INFO: dtree.c(1478): Final simple tree
|( SILENCE -1 -2.671e+04 1.913e+02 1.225e+02
|    ( - -8.272e+03 1 0)
|    ( - -1.825e+04 1 0))
s>    ( SILENCE -1 -2.671e+04 1.913e+02 1.225e+02
s>        ( - -8.272e+03 1 0)
s>        ( - -1.825e+04 1 0))INFO: dtree.c(1315): Comp split 5
INFO: dtree.c(1439): stop. leaf nodes are specific
INFO: dtree.c(1478): Final simple tree
|( SILENCE -1 -2.244e+04 1.448e+02 1.010e+02
|    ( - -8.042e+03 1 0)
|    ( QUESTION0_13_R 1 -1.425e+04 8.430e+01 6.282e+01
|        ( - -7.115e+03 1 0)
|        ( - -7.054e+03 1 0)))
s>    ( SILENCE -1 -2.244e+04 1.448e+02 1.010e+02
s>        ( - -8.042e+03 1 0)
s>        ( QUESTION0_13_R 1 -1.425e+04 8.430e+01 6.282e+01
s>            ( - -7.115e+03 1 0)
s>            ( - -7.054e+03 1 0)))INFO: dtree.c(1439): stop. leaf nodes are specific
INFO: dtree.c(1478): Final simple tree
|( QUESTION0_13_R 1 -1.669e+04 9.722e+01 7.673e+01
|    ( - -8.513e+03 1 0)
|    ( - -8.082e+03 1 0))
s>    ( QUESTION0_13_R 1 -1.669e+04 9.722e+01 7.673e+01
s>        ( - -8.513e+03 1 0)
s>        ( - -8.082e+03 1 0))INFO: dtree.c(1315): Comp split 6
INFO: dtree.c(1315): Comp split 7
INFO: dtree.c(1439): stop. leaf nodes are specific
INFO: dtree.c(1478): Final simple tree
|( QUESTION0_13_R 1 -1.425e+04 8.430e+01 6.282e+01
|    ( - -7.115e+03 1 0)
|    ( - -7.054e+03 1 0))
s>    ( QUESTION0_13_R 1 -1.425e+04 8.430e+01 6.282e+01
s>        ( - -7.115e+03 1 0)
s>        ( - -7.054e+03 1 0))INFO: dtree.c(1315): Comp split 8
INFO: dtree.c(1315): Comp split 9
INFO: dtree.c(1315): Comp split 10
INFO: dtree.c(1318): stop. leaf nodes are specific
Sat Dec  3 19:23:21 2016
