Current configuration:
[NAME]		[DEFLT]	[VALUE]
-allphones	no	no
-cntthresh	0.00001	1.000000e-05
-csplitmax	100	2000
-csplitmin	1	1
-csplitthr	8e-4	0.000000e+00
-example	no	no
-fullvar	no	no
-help		no	no
-meanfn			/home/simone/Documenti/Elaborazione/project-NLP/model_parameters/android_db.cd_cont_untied/means
-mixwfn			/home/simone/Documenti/Elaborazione/project-NLP/model_parameters/android_db.cd_cont_untied/mixture_weights
-moddeffn		/home/simone/Documenti/Elaborazione/project-NLP/model_architecture/android_db.untied.mdef
-mwfloor	1e-4	1.000000e-08
-phone			o
-psetfn			/home/simone/Documenti/Elaborazione/project-NLP/model_architecture/android_db.tree_questions
-ssplitmax	5	7
-ssplitmin	1	1
-ssplitthr	8e-4	0.000000e+00
-state			1
-stwt			1.0,0.05,0.0,
-treefn			/home/simone/Documenti/Elaborazione/project-NLP/trees/android_db.unpruned/o-1.dtree
-ts2cbfn	.semi.	.cont.
-varfloor	0.00001	1.000000e-05
-varfn			/home/simone/Documenti/Elaborazione/project-NLP/model_parameters/android_db.cd_cont_untied/variances

INFO: main.c(223): Reading: /home/simone/Documenti/Elaborazione/project-NLP/model_architecture/android_db.untied.mdef
INFO: model_def_io.c(573): Model definition info:
INFO: model_def_io.c(574): 207 total models defined (27 base, 180 tri)
INFO: model_def_io.c(575): 828 total states
INFO: model_def_io.c(576): 621 total tied states
INFO: model_def_io.c(577): 81 total tied CI states
INFO: model_def_io.c(578): 27 total tied transition matrices
INFO: model_def_io.c(579): 4 max state/model
INFO: model_def_io.c(580): 4 min state/model
INFO: main.c(242): Building trees for [o j SIL e] through [o v m e]
INFO: main.c(269): Covering states |[396 458]| == 63
INFO: main.c(275): Reading: /home/simone/Documenti/Elaborazione/project-NLP/model_parameters/android_db.cd_cont_untied/mixture_weights
INFO: s3mixw_io.c(173): Read /home/simone/Documenti/Elaborazione/project-NLP/model_parameters/android_db.cd_cont_untied/mixture_weights [63x1x1 array]
INFO: main.c(311): 21 of 21 models have observation count greater than 0.000010
INFO: main.c(95): nrm stwt: 0.045 0.909 0.045 
INFO: s3gau_io.c(169): Read /home/simone/Documenti/Elaborazione/project-NLP/model_parameters/android_db.cd_cont_untied/means [621x1x1 array]
INFO: s3gau_io.c(169): Read /home/simone/Documenti/Elaborazione/project-NLP/model_parameters/android_db.cd_cont_untied/variances [621x1x1 array]
INFO: main.c(549): Reading: /home/simone/Documenti/Elaborazione/project-NLP/model_architecture/android_db.tree_questions
INFO: main.c(588): 180 total simple questions (172 phone; 8 word bndry)
INFO: main.c(590): 42 Left Only questions, and 42 Right Only questions
INFO: dtree.c(1478): Final simple tree
|( WDBNDRY_E 0 -8.860e+05 2.783e+03 4.701e+03
|    ( QUESTION2 -1 -8.531e+05 1.414e+03 4.554e+03
|        ( QUESTION2_12_L -1 -6.679e+05 1.095e+03 3.566e+03
|            ( QUESTION7 -1 -1.883e+05 6.059e+02 9.955e+02
|                ( - -1.090e+05 3 0 QUESTION17 1 2.626e+02 5.752e+02)
|                ( - -7.869e+04 2 0 SILENCE 1 1.765e+02 4.203e+02))
|            ( QUESTION3 -1 -4.786e+05 7.901e+02 2.571e+03
|                ( QUESTION0_3_R 1 -4.105e+05 5.830e+02 2.198e+03
|                    ( - -1.835e+05 1 0)
|                    ( - -2.264e+05 5 0 QUESTION10 1 3.633e+02 1.214e+03))
|                ( - -6.728e+04 2 0 SILENCE 1 2.650e+02 3.725e+02)))
|        ( - -1.837e+05 5 0 QUESTION0_0_R 1 3.474e+02 9.871e+02))
|    ( QUESTION0_0_R 1 -3.017e+04 3.874e+02 1.476e+02
|        ( - -1.908e+04 2 0 QUESTION12 -1 4.084e+02 9.418e+01)
|        ( - -1.070e+04 1 0)))
s>    ( WDBNDRY_E 0 -8.860e+05 2.783e+03 4.701e+03
s>        ( QUESTION2 -1 -8.531e+05 1.414e+03 4.554e+03
s>            ( QUESTION2_12_L -1 -6.679e+05 1.095e+03 3.566e+03
s>                ( QUESTION7 -1 -1.883e+05 6.059e+02 9.955e+02
s>                    ( - -1.090e+05 3 0 QUESTION17 1 2.626e+02 5.752e+02)
s>                    ( - -7.869e+04 2 0 SILENCE 1 1.765e+02 4.203e+02))
s>                ( QUESTION3 -1 -4.786e+05 7.901e+02 2.571e+03
s>                    ( QUESTION0_3_R 1 -4.105e+05 5.830e+02 2.198e+03
s>                        ( - -1.835e+05 1 0)
s>                        ( - -2.264e+05 5 0 QUESTION10 1 3.633e+02 1.214e+03))
s>                    ( - -6.728e+04 2 0 SILENCE 1 2.650e+02 3.725e+02)))
s>            ( - -1.837e+05 5 0 QUESTION0_0_R 1 3.474e+02 9.871e+02))
s>        ( QUESTION0_0_R 1 -3.017e+04 3.874e+02 1.476e+02
s>            ( - -1.908e+04 2 0 QUESTION12 -1 4.084e+02 9.418e+01)
s>            ( - -1.070e+04 1 0)))INFO: dtree.c(1315): Comp split 0
INFO: dtree.c(1439): stop. leaf nodes are specific
INFO: dtree.c(1478): Final simple tree
|( QUESTION0_0_R 1 -3.017e+04 3.874e+02 1.476e+02
|    ( QUESTION12 -1 -1.908e+04 4.084e+02 9.418e+01
|        ( - -1.229e+04 1 0)
|        ( - -6.384e+03 1 0))
|    ( - -1.070e+04 1 0))
s>    ( QUESTION0_0_R 1 -3.017e+04 3.874e+02 1.476e+02
s>        ( QUESTION12 -1 -1.908e+04 4.084e+02 9.418e+01
s>            ( - -1.229e+04 1 0)
s>            ( - -6.384e+03 1 0))
s>        ( - -1.070e+04 1 0))INFO: dtree.c(1478): Final simple tree
|( QUESTION2 -1 -8.531e+05 1.414e+03 4.554e+03
|    ( QUESTION2_12_L -1 -6.679e+05 1.095e+03 3.566e+03
|        ( QUESTION7 -1 -1.883e+05 6.059e+02 9.955e+02
|            ( - -1.090e+05 3 0 QUESTION17 1 2.626e+02 5.752e+02)
|            ( - -7.869e+04 2 0 SILENCE 1 1.765e+02 4.203e+02))
|        ( QUESTION3 -1 -4.786e+05 7.901e+02 2.571e+03
|            ( QUESTION0_3_R 1 -4.105e+05 5.830e+02 2.198e+03
|                ( - -1.835e+05 1 0)
|                ( QUESTION10 1 -2.264e+05 3.633e+02 1.214e+03
|                    ( - -6.152e+04 2 0 QUESTION0_1_R 1 1.684e+02 3.309e+02)
|                    ( - -1.645e+05 3 0 QUESTION0_5_R 1 3.446e+02 8.827e+02)))
|            ( - -6.728e+04 2 0 SILENCE 1 2.650e+02 3.725e+02)))
|    ( QUESTION0_0_R 1 -1.837e+05 3.474e+02 9.871e+02
|        ( - -1.495e+05 4 0 QUESTION0_7_R 1 2.870e+02 8.074e+02)
|        ( - -3.386e+04 1 0)))
s>    ( QUESTION2 -1 -8.531e+05 1.414e+03 4.554e+03
s>        ( QUESTION2_12_L -1 -6.679e+05 1.095e+03 3.566e+03
s>            ( QUESTION7 -1 -1.883e+05 6.059e+02 9.955e+02
s>                ( - -1.090e+05 3 0 QUESTION17 1 2.626e+02 5.752e+02)
s>                ( - -7.869e+04 2 0 SILENCE 1 1.765e+02 4.203e+02))
s>            ( QUESTION3 -1 -4.786e+05 7.901e+02 2.571e+03
s>                ( QUESTION0_3_R 1 -4.105e+05 5.830e+02 2.198e+03
s>                    ( - -1.835e+05 1 0)
s>                    ( QUESTION10 1 -2.264e+05 3.633e+02 1.214e+03
s>                        ( - -6.152e+04 2 0 QUESTION0_1_R 1 1.684e+02 3.309e+02)
s>                        ( - -1.645e+05 3 0 QUESTION0_5_R 1 3.446e+02 8.827e+02)))
s>                ( - -6.728e+04 2 0 SILENCE 1 2.650e+02 3.725e+02)))
s>        ( QUESTION0_0_R 1 -1.837e+05 3.474e+02 9.871e+02
s>            ( - -1.495e+05 4 0 QUESTION0_7_R 1 2.870e+02 8.074e+02)
s>            ( - -3.386e+04 1 0)))INFO: dtree.c(1315): Comp split 1
INFO: dtree.c(1478): Final simple tree
|( QUESTION3 -1 -4.786e+05 7.901e+02 2.571e+03
|    ( QUESTION0_3_R 1 -4.105e+05 5.830e+02 2.198e+03
|        ( - -1.835e+05 1 0)
|        ( QUESTION10 1 -2.264e+05 3.633e+02 1.214e+03
|            ( QUESTION0_1_R 1 -6.152e+04 1.684e+02 3.309e+02
|                ( - -2.987e+04 1 0)
|                ( - -3.149e+04 1 0))
|            ( QUESTION0_5_R 1 -1.645e+05 3.446e+02 8.827e+02
|                ( - -4.122e+04 1 0)
|                ( SILENCE 1 -1.230e+05 3.174e+02 6.585e+02
|                    ( - -7.060e+04 1 0)
|                    ( - -5.205e+04 1 0)))))
|    ( SILENCE 1 -6.728e+04 2.650e+02 3.725e+02
|        ( - -2.792e+04 1 0)
|        ( - -3.910e+04 1 0)))
s>    ( QUESTION3 -1 -4.786e+05 7.901e+02 2.571e+03
s>        ( QUESTION0_3_R 1 -4.105e+05 5.830e+02 2.198e+03
s>            ( - -1.835e+05 1 0)
s>            ( QUESTION10 1 -2.264e+05 3.633e+02 1.214e+03
s>                ( QUESTION0_1_R 1 -6.152e+04 1.684e+02 3.309e+02
s>                    ( - -2.987e+04 1 0)
s>                    ( - -3.149e+04 1 0))
s>                ( QUESTION0_5_R 1 -1.645e+05 3.446e+02 8.827e+02
s>                    ( - -4.122e+04 1 0)
s>                    ( SILENCE 1 -1.230e+05 3.174e+02 6.585e+02
s>                        ( - -7.060e+04 1 0)
s>                        ( - -5.205e+04 1 0)))))
s>        ( SILENCE 1 -6.728e+04 2.650e+02 3.725e+02
s>            ( - -2.792e+04 1 0)
s>            ( - -3.910e+04 1 0)))INFO: dtree.c(1478): Final simple tree
|( QUESTION2 -1 -3.731e+05 1.076e+03 1.983e+03
|    ( QUESTION7 -1 -1.883e+05 6.059e+02 9.955e+02
|        ( QUESTION17 1 -1.090e+05 2.626e+02 5.752e+02
|            ( - -3.439e+04 1 0)
|            ( SILENCE 1 -7.432e+04 2.009e+02 3.960e+02
|                ( - -2.486e+04 1 0)
|                ( - -4.926e+04 1 0)))
|        ( - -7.869e+04 2 0 SILENCE 1 1.765e+02 4.203e+02))
|    ( QUESTION0_0_R 1 -1.837e+05 3.474e+02 9.871e+02
|        ( QUESTION0_7_R 1 -1.495e+05 2.870e+02 8.074e+02
|            ( - -3.211e+04 1 0)
|            ( QUESTION0_5_R 1 -1.171e+05 1.786e+02 6.302e+02
|                ( - -8.090e+04 2 0 QUESTION2 1 1.647e+02 4.365e+02)
|                ( - -3.606e+04 1 0)))
|        ( - -3.386e+04 1 0)))
s>    ( QUESTION2 -1 -3.731e+05 1.076e+03 1.983e+03
s>        ( QUESTION7 -1 -1.883e+05 6.059e+02 9.955e+02
s>            ( QUESTION17 1 -1.090e+05 2.626e+02 5.752e+02
s>                ( - -3.439e+04 1 0)
s>                ( SILENCE 1 -7.432e+04 2.009e+02 3.960e+02
s>                    ( - -2.486e+04 1 0)
s>                    ( - -4.926e+04 1 0)))
s>            ( - -7.869e+04 2 0 SILENCE 1 1.765e+02 4.203e+02))
s>        ( QUESTION0_0_R 1 -1.837e+05 3.474e+02 9.871e+02
s>            ( QUESTION0_7_R 1 -1.495e+05 2.870e+02 8.074e+02
s>                ( - -3.211e+04 1 0)
s>                ( QUESTION0_5_R 1 -1.171e+05 1.786e+02 6.302e+02
s>                    ( - -8.090e+04 2 0 QUESTION2 1 1.647e+02 4.365e+02)
s>                    ( - -3.606e+04 1 0)))
s>            ( - -3.386e+04 1 0)))INFO: dtree.c(1315): Comp split 2
INFO: dtree.c(1439): stop. leaf nodes are specific
INFO: dtree.c(1478): Final simple tree
|( QUESTION0_0_R 1 -1.837e+05 3.474e+02 9.871e+02
|    ( QUESTION0_7_R 1 -1.495e+05 2.870e+02 8.074e+02
|        ( - -3.211e+04 1 0)
|        ( QUESTION0_5_R 1 -1.171e+05 1.786e+02 6.302e+02
|            ( QUESTION2 1 -8.090e+04 1.647e+02 4.365e+02
|                ( - -3.910e+04 1 0)
|                ( - -4.164e+04 1 0))
|            ( - -3.606e+04 1 0)))
|    ( - -3.386e+04 1 0))
s>    ( QUESTION0_0_R 1 -1.837e+05 3.474e+02 9.871e+02
s>        ( QUESTION0_7_R 1 -1.495e+05 2.870e+02 8.074e+02
s>            ( - -3.211e+04 1 0)
s>            ( QUESTION0_5_R 1 -1.171e+05 1.786e+02 6.302e+02
s>                ( QUESTION2 1 -8.090e+04 1.647e+02 4.365e+02
s>                    ( - -3.910e+04 1 0)
s>                    ( - -4.164e+04 1 0))
s>                ( - -3.606e+04 1 0)))
s>        ( - -3.386e+04 1 0))INFO: dtree.c(1439): stop. leaf nodes are specific
INFO: dtree.c(1478): Final simple tree
|( QUESTION7 -1 -1.883e+05 6.059e+02 9.955e+02
|    ( QUESTION17 1 -1.090e+05 2.626e+02 5.752e+02
|        ( - -3.439e+04 1 0)
|        ( SILENCE 1 -7.432e+04 2.009e+02 3.960e+02
|            ( - -2.486e+04 1 0)
|            ( - -4.926e+04 1 0)))
|    ( SILENCE 1 -7.869e+04 1.765e+02 4.203e+02
|        ( - -3.916e+04 1 0)
|        ( - -3.935e+04 1 0)))
s>    ( QUESTION7 -1 -1.883e+05 6.059e+02 9.955e+02
s>        ( QUESTION17 1 -1.090e+05 2.626e+02 5.752e+02
s>            ( - -3.439e+04 1 0)
s>            ( SILENCE 1 -7.432e+04 2.009e+02 3.960e+02
s>                ( - -2.486e+04 1 0)
s>                ( - -4.926e+04 1 0)))
s>        ( SILENCE 1 -7.869e+04 1.765e+02 4.203e+02
s>            ( - -3.916e+04 1 0)
s>            ( - -3.935e+04 1 0)))INFO: dtree.c(1315): Comp split 3
INFO: dtree.c(1439): stop. leaf nodes are specific
INFO: dtree.c(1478): Final simple tree
|( QUESTION0_3_R 1 -4.105e+05 5.830e+02 2.198e+03
|    ( - -1.835e+05 1 0)
|    ( QUESTION10 1 -2.264e+05 3.633e+02 1.214e+03
|        ( QUESTION0_1_R 1 -6.152e+04 1.684e+02 3.309e+02
|            ( - -2.987e+04 1 0)
|            ( - -3.149e+04 1 0))
|        ( QUESTION0_5_R 1 -1.645e+05 3.446e+02 8.827e+02
|            ( - -4.122e+04 1 0)
|            ( SILENCE 1 -1.230e+05 3.174e+02 6.585e+02
|                ( - -7.060e+04 1 0)
|                ( - -5.205e+04 1 0)))))
s>    ( QUESTION0_3_R 1 -4.105e+05 5.830e+02 2.198e+03
s>        ( - -1.835e+05 1 0)
s>        ( QUESTION10 1 -2.264e+05 3.633e+02 1.214e+03
s>            ( QUESTION0_1_R 1 -6.152e+04 1.684e+02 3.309e+02
s>                ( - -2.987e+04 1 0)
s>                ( - -3.149e+04 1 0))
s>            ( QUESTION0_5_R 1 -1.645e+05 3.446e+02 8.827e+02
s>                ( - -4.122e+04 1 0)
s>                ( SILENCE 1 -1.230e+05 3.174e+02 6.585e+02
s>                    ( - -7.060e+04 1 0)
s>                    ( - -5.205e+04 1 0)))))INFO: dtree.c(1439): stop. leaf nodes are specific
INFO: dtree.c(1478): Final simple tree
|( SILENCE 1 -6.728e+04 2.650e+02 3.725e+02
|    ( - -2.792e+04 1 0)
|    ( - -3.910e+04 1 0))
s>    ( SILENCE 1 -6.728e+04 2.650e+02 3.725e+02
s>        ( - -2.792e+04 1 0)
s>        ( - -3.910e+04 1 0))INFO: dtree.c(1315): Comp split 4
INFO: dtree.c(1439): stop. leaf nodes are specific
INFO: dtree.c(1478): Final simple tree
|( SILENCE 1 -1.848e+05 3.952e+02 9.893e+02
|    ( - -7.060e+04 1 0)
|    ( QUESTION0_6_R 1 -1.139e+05 2.877e+02 6.104e+02
|        ( - -5.205e+04 1 0)
|        ( QUESTION0_1_R 1 -6.152e+04 1.684e+02 3.309e+02
|            ( - -2.987e+04 1 0)
|            ( - -3.149e+04 1 0))))
s>    ( SILENCE 1 -1.848e+05 3.952e+02 9.893e+02
s>        ( - -7.060e+04 1 0)
s>        ( QUESTION0_6_R 1 -1.139e+05 2.877e+02 6.104e+02
s>            ( - -5.205e+04 1 0)
s>            ( QUESTION0_1_R 1 -6.152e+04 1.684e+02 3.309e+02
s>                ( - -2.987e+04 1 0)
s>                ( - -3.149e+04 1 0))))INFO: dtree.c(1439): stop. leaf nodes are specific
INFO: dtree.c(1478): Final simple tree
|( QUESTION0_1_R 1 -2.250e+05 2.295e+02 1.209e+03
|    ( - -1.835e+05 1 0)
|    ( - -4.122e+04 1 0))
s>    ( QUESTION0_1_R 1 -2.250e+05 2.295e+02 1.209e+03
s>        ( - -1.835e+05 1 0)
s>        ( - -4.122e+04 1 0))INFO: dtree.c(1315): Comp split 5
INFO: dtree.c(1439): stop. leaf nodes are specific
INFO: dtree.c(1478): Final simple tree
|( QUESTION17 1 -1.090e+05 2.626e+02 5.752e+02
|    ( - -3.439e+04 1 0)
|    ( SILENCE 1 -7.432e+04 2.009e+02 3.960e+02
|        ( - -2.486e+04 1 0)
|        ( - -4.926e+04 1 0)))
s>    ( QUESTION17 1 -1.090e+05 2.626e+02 5.752e+02
s>        ( - -3.439e+04 1 0)
s>        ( SILENCE 1 -7.432e+04 2.009e+02 3.960e+02
s>            ( - -2.486e+04 1 0)
s>            ( - -4.926e+04 1 0)))INFO: dtree.c(1439): stop. leaf nodes are specific
INFO: dtree.c(1478): Final simple tree
|( SILENCE 1 -7.869e+04 1.765e+02 4.203e+02
|    ( - -3.916e+04 1 0)
|    ( - -3.935e+04 1 0))
s>    ( SILENCE 1 -7.869e+04 1.765e+02 4.203e+02
s>        ( - -3.916e+04 1 0)
s>        ( - -3.935e+04 1 0))INFO: dtree.c(1315): Comp split 6
INFO: dtree.c(1439): stop. leaf nodes are specific
INFO: dtree.c(1478): Final simple tree
|( QUESTION0_0_R 1 -1.731e+04 2.292e+02 8.589e+01
|    ( - -6.384e+03 1 0)
|    ( - -1.070e+04 1 0))
s>    ( QUESTION0_0_R 1 -1.731e+04 2.292e+02 8.589e+01
s>        ( - -6.384e+03 1 0)
s>        ( - -1.070e+04 1 0))INFO: dtree.c(1315): Comp split 7
INFO: dtree.c(1439): stop. leaf nodes are specific
INFO: dtree.c(1478): Final simple tree
|( QUESTION0_6_R 1 -1.139e+05 2.877e+02 6.104e+02
|    ( - -5.205e+04 1 0)
|    ( QUESTION0_1_R 1 -6.152e+04 1.684e+02 3.309e+02
|        ( - -2.987e+04 1 0)
|        ( - -3.149e+04 1 0)))
s>    ( QUESTION0_6_R 1 -1.139e+05 2.877e+02 6.104e+02
s>        ( - -5.205e+04 1 0)
s>        ( QUESTION0_1_R 1 -6.152e+04 1.684e+02 3.309e+02
s>            ( - -2.987e+04 1 0)
s>            ( - -3.149e+04 1 0)))INFO: dtree.c(1315): Comp split 8
INFO: dtree.c(1439): stop. leaf nodes are specific
INFO: dtree.c(1478): Final simple tree
|( QUESTION0_5_R 1 -1.171e+05 1.786e+02 6.302e+02
|    ( QUESTION2 1 -8.090e+04 1.647e+02 4.365e+02
|        ( - -3.910e+04 1 0)
|        ( - -4.164e+04 1 0))
|    ( - -3.606e+04 1 0))
s>    ( QUESTION0_5_R 1 -1.171e+05 1.786e+02 6.302e+02
s>        ( QUESTION2 1 -8.090e+04 1.647e+02 4.365e+02
s>            ( - -3.910e+04 1 0)
s>            ( - -4.164e+04 1 0))
s>        ( - -3.606e+04 1 0))INFO: dtree.c(1439): stop. leaf nodes are specific
INFO: dtree.c(1478): Final simple tree
|( QUESTION0_0_R 1 -6.621e+04 2.432e+02 3.569e+02
|    ( - -3.211e+04 1 0)
|    ( - -3.386e+04 1 0))
s>    ( QUESTION0_0_R 1 -6.621e+04 2.432e+02 3.569e+02
s>        ( - -3.211e+04 1 0)
s>        ( - -3.386e+04 1 0))INFO: dtree.c(1315): Comp split 9
INFO: dtree.c(1439): stop. leaf nodes are specific
INFO: dtree.c(1478): Final simple tree
|( QUESTION0_1_R 1 -6.152e+04 1.684e+02 3.309e+02
|    ( - -2.987e+04 1 0)
|    ( - -3.149e+04 1 0))
s>    ( QUESTION0_1_R 1 -6.152e+04 1.684e+02 3.309e+02
s>        ( - -2.987e+04 1 0)
s>        ( - -3.149e+04 1 0))INFO: dtree.c(1315): Comp split 10
INFO: dtree.c(1315): Comp split 11
INFO: dtree.c(1439): stop. leaf nodes are specific
INFO: dtree.c(1478): Final simple tree
|( SILENCE 1 -7.432e+04 2.009e+02 3.960e+02
|    ( - -2.486e+04 1 0)
|    ( - -4.926e+04 1 0))
s>    ( SILENCE 1 -7.432e+04 2.009e+02 3.960e+02
s>        ( - -2.486e+04 1 0)
s>        ( - -4.926e+04 1 0))INFO: dtree.c(1315): Comp split 12
INFO: dtree.c(1315): Comp split 13
INFO: dtree.c(1315): Comp split 14
INFO: dtree.c(1315): Comp split 15
INFO: dtree.c(1315): Comp split 16
INFO: dtree.c(1439): stop. leaf nodes are specific
INFO: dtree.c(1478): Final simple tree
|( QUESTION2 1 -8.090e+04 1.647e+02 4.365e+02
|    ( - -3.910e+04 1 0)
|    ( - -4.164e+04 1 0))
s>    ( QUESTION2 1 -8.090e+04 1.647e+02 4.365e+02
s>        ( - -3.910e+04 1 0)
s>        ( - -4.164e+04 1 0))INFO: dtree.c(1315): Comp split 17
INFO: dtree.c(1315): Comp split 18
INFO: dtree.c(1315): Comp split 19
INFO: dtree.c(1315): Comp split 20
INFO: dtree.c(1318): stop. leaf nodes are specific
Sat Dec  3 19:23:22 2016
