Current configuration:
[NAME]		[DEFLT]	[VALUE]
-allphones	no	no
-cntthresh	0.00001	1.000000e-05
-csplitmax	100	2000
-csplitmin	1	1
-csplitthr	8e-4	0.000000e+00
-example	no	no
-fullvar	no	no
-help		no	no
-meanfn			/home/simone/Documenti/Elaborazione/project-NLP/model_parameters/android_db.cd_cont_untied/means
-mixwfn			/home/simone/Documenti/Elaborazione/project-NLP/model_parameters/android_db.cd_cont_untied/mixture_weights
-moddeffn		/home/simone/Documenti/Elaborazione/project-NLP/model_architecture/android_db.untied.mdef
-mwfloor	1e-4	1.000000e-08
-phone			a
-psetfn			/home/simone/Documenti/Elaborazione/project-NLP/model_architecture/android_db.tree_questions
-ssplitmax	5	7
-ssplitmin	1	1
-ssplitthr	8e-4	0.000000e+00
-state			1
-stwt			1.0,0.05,0.0,
-treefn			/home/simone/Documenti/Elaborazione/project-NLP/trees/android_db.unpruned/a-1.dtree
-ts2cbfn	.semi.	.cont.
-varfloor	0.00001	1.000000e-05
-varfn			/home/simone/Documenti/Elaborazione/project-NLP/model_parameters/android_db.cd_cont_untied/variances

INFO: main.c(223): Reading: /home/simone/Documenti/Elaborazione/project-NLP/model_architecture/android_db.untied.mdef
INFO: model_def_io.c(573): Model definition info:
INFO: model_def_io.c(574): 207 total models defined (27 base, 180 tri)
INFO: model_def_io.c(575): 828 total states
INFO: model_def_io.c(576): 621 total tied states
INFO: model_def_io.c(577): 81 total tied CI states
INFO: model_def_io.c(578): 27 total tied transition matrices
INFO: model_def_io.c(579): 4 max state/model
INFO: model_def_io.c(580): 4 min state/model
INFO: main.c(242): Building trees for [a k l i] through [a t ts i]
INFO: main.c(269): Covering states |[120 143]| == 24
INFO: main.c(275): Reading: /home/simone/Documenti/Elaborazione/project-NLP/model_parameters/android_db.cd_cont_untied/mixture_weights
INFO: s3mixw_io.c(173): Read /home/simone/Documenti/Elaborazione/project-NLP/model_parameters/android_db.cd_cont_untied/mixture_weights [24x1x1 array]
INFO: main.c(311): 8 of 8 models have observation count greater than 0.000010
INFO: main.c(95): nrm stwt: 0.045 0.909 0.045 
INFO: s3gau_io.c(169): Read /home/simone/Documenti/Elaborazione/project-NLP/model_parameters/android_db.cd_cont_untied/means [621x1x1 array]
INFO: s3gau_io.c(169): Read /home/simone/Documenti/Elaborazione/project-NLP/model_parameters/android_db.cd_cont_untied/variances [621x1x1 array]
INFO: main.c(549): Reading: /home/simone/Documenti/Elaborazione/project-NLP/model_architecture/android_db.tree_questions
INFO: main.c(588): 180 total simple questions (172 phone; 8 word bndry)
INFO: main.c(590): 42 Left Only questions, and 42 Right Only questions
INFO: dtree.c(1478): Final simple tree
|( QUESTION13 -1 -9.125e+04 6.811e+02 4.366e+02
|    ( WDBNDRY_E 0 -7.290e+04 5.243e+02 3.538e+02
|        ( QUESTION14 1 -3.683e+04 3.688e+02 1.775e+02
|            ( - -9.874e+03 1 0)
|            ( QUESTION0_7_R 1 -2.658e+04 1.276e+02 1.291e+02
|                ( - -4.662e+02 1 0)
|                ( QUESTION0_1_R 1 -2.599e+04 1.179e+02 1.261e+02
|                    ( - -3.910e+02 1 0)
|                    ( - -2.548e+04 1 0))))
|        ( - -3.555e+04 1 0))
|    ( QUESTION0_0_R 1 -1.767e+04 2.887e+02 8.274e+01
|        ( WDBNDRY_E 0 -1.013e+04 1.644e+02 4.763e+01
|            ( - -5.572e+03 1 0)
|            ( - -4.395e+03 1 0))
|        ( - -7.252e+03 1 0)))
s>    ( QUESTION13 -1 -9.125e+04 6.811e+02 4.366e+02
s>        ( WDBNDRY_E 0 -7.290e+04 5.243e+02 3.538e+02
s>            ( QUESTION14 1 -3.683e+04 3.688e+02 1.775e+02
s>                ( - -9.874e+03 1 0)
s>                ( QUESTION0_7_R 1 -2.658e+04 1.276e+02 1.291e+02
s>                    ( - -4.662e+02 1 0)
s>                    ( QUESTION0_1_R 1 -2.599e+04 1.179e+02 1.261e+02
s>                        ( - -3.910e+02 1 0)
s>                        ( - -2.548e+04 1 0))))
s>            ( - -3.555e+04 1 0))
s>        ( QUESTION0_0_R 1 -1.767e+04 2.887e+02 8.274e+01
s>            ( WDBNDRY_E 0 -1.013e+04 1.644e+02 4.763e+01
s>                ( - -5.572e+03 1 0)
s>                ( - -4.395e+03 1 0))
s>            ( - -7.252e+03 1 0)))INFO: dtree.c(1315): Comp split 0
INFO: dtree.c(1439): stop. leaf nodes are specific
INFO: dtree.c(1478): Final simple tree
|( QUESTION0_0_R 1 -1.819e+04 2.868e+02 8.474e+01
|    ( WDBNDRY_E 0 -1.065e+04 1.625e+02 4.963e+01
|        ( QUESTION0_1_R 1 -6.089e+03 1.259e+02 2.854e+01
|            ( - -3.910e+02 1 0)
|            ( - -5.572e+03 1 0))
|        ( - -4.395e+03 1 0))
|    ( - -7.252e+03 1 0))
s>    ( QUESTION0_0_R 1 -1.819e+04 2.868e+02 8.474e+01
s>        ( WDBNDRY_E 0 -1.065e+04 1.625e+02 4.963e+01
s>            ( QUESTION0_1_R 1 -6.089e+03 1.259e+02 2.854e+01
s>                ( - -3.910e+02 1 0)
s>                ( - -5.572e+03 1 0))
s>            ( - -4.395e+03 1 0))
s>        ( - -7.252e+03 1 0))INFO: dtree.c(1439): stop. leaf nodes are specific
INFO: dtree.c(1478): Final simple tree
|( WDBNDRY_E 0 -7.238e+04 5.196e+02 3.518e+02
|    ( QUESTION0_8_R 1 -3.631e+04 3.706e+02 1.755e+02
|        ( - -2.548e+04 1 0)
|        ( QUESTION0_1_R 1 -1.046e+04 1.203e+02 5.137e+01
|            ( - -9.874e+03 1 0)
|            ( - -4.662e+02 1 0)))
|    ( - -3.555e+04 1 0))
s>    ( WDBNDRY_E 0 -7.238e+04 5.196e+02 3.518e+02
s>        ( QUESTION0_8_R 1 -3.631e+04 3.706e+02 1.755e+02
s>            ( - -2.548e+04 1 0)
s>            ( QUESTION0_1_R 1 -1.046e+04 1.203e+02 5.137e+01
s>                ( - -9.874e+03 1 0)
s>                ( - -4.662e+02 1 0)))
s>        ( - -3.555e+04 1 0))INFO: dtree.c(1315): Comp split 1
INFO: dtree.c(1439): stop. leaf nodes are specific
INFO: dtree.c(1478): Final simple tree
|( QUESTION0_8_R 1 -3.631e+04 3.706e+02 1.755e+02
|    ( - -2.548e+04 1 0)
|    ( QUESTION0_1_R 1 -1.046e+04 1.203e+02 5.137e+01
|        ( - -9.874e+03 1 0)
|        ( - -4.662e+02 1 0)))
s>    ( QUESTION0_8_R 1 -3.631e+04 3.706e+02 1.755e+02
s>        ( - -2.548e+04 1 0)
s>        ( QUESTION0_1_R 1 -1.046e+04 1.203e+02 5.137e+01
s>            ( - -9.874e+03 1 0)
s>            ( - -4.662e+02 1 0)))INFO: dtree.c(1315): Comp split 2
INFO: dtree.c(1439): stop. leaf nodes are specific
INFO: dtree.c(1478): Final simple tree
|( QUESTION0_1_R 1 -1.046e+04 1.203e+02 5.137e+01
|    ( - -9.874e+03 1 0)
|    ( - -4.662e+02 1 0))
s>    ( QUESTION0_1_R 1 -1.046e+04 1.203e+02 5.137e+01
s>        ( - -9.874e+03 1 0)
s>        ( - -4.662e+02 1 0))INFO: dtree.c(1315): Comp split 3
INFO: dtree.c(1439): stop. leaf nodes are specific
INFO: dtree.c(1478): Final simple tree
|( WDBNDRY_E 0 -1.065e+04 1.625e+02 4.963e+01
|    ( QUESTION0_1_R 1 -6.089e+03 1.259e+02 2.854e+01
|        ( - -3.910e+02 1 0)
|        ( - -5.572e+03 1 0))
|    ( - -4.395e+03 1 0))
s>    ( WDBNDRY_E 0 -1.065e+04 1.625e+02 4.963e+01
s>        ( QUESTION0_1_R 1 -6.089e+03 1.259e+02 2.854e+01
s>            ( - -3.910e+02 1 0)
s>            ( - -5.572e+03 1 0))
s>        ( - -4.395e+03 1 0))INFO: dtree.c(1315): Comp split 4
INFO: dtree.c(1439): stop. leaf nodes are specific
INFO: dtree.c(1478): Final simple tree
|( QUESTION0_1_R 1 -6.089e+03 1.259e+02 2.854e+01
|    ( - -3.910e+02 1 0)
|    ( - -5.572e+03 1 0))
s>    ( QUESTION0_1_R 1 -6.089e+03 1.259e+02 2.854e+01
s>        ( - -3.910e+02 1 0)
s>        ( - -5.572e+03 1 0))INFO: dtree.c(1315): Comp split 5
INFO: dtree.c(1315): Comp split 6
INFO: dtree.c(1315): Comp split 7
INFO: dtree.c(1318): stop. leaf nodes are specific
Sat Dec  3 19:23:19 2016
