Current configuration:
[NAME]		[DEFLT]	[VALUE]
-allphones	no	no
-cntthresh	0.00001	1.000000e-05
-csplitmax	100	2000
-csplitmin	1	1
-csplitthr	8e-4	0.000000e+00
-example	no	no
-fullvar	no	no
-help		no	no
-meanfn			/home/simone/Documenti/Elaborazione/project-NLP/model_parameters/android_db.cd_cont_untied/means
-mixwfn			/home/simone/Documenti/Elaborazione/project-NLP/model_parameters/android_db.cd_cont_untied/mixture_weights
-moddeffn		/home/simone/Documenti/Elaborazione/project-NLP/model_architecture/android_db.untied.mdef
-mwfloor	1e-4	1.000000e-08
-phone			d
-psetfn			/home/simone/Documenti/Elaborazione/project-NLP/model_architecture/android_db.tree_questions
-ssplitmax	5	7
-ssplitmin	1	1
-ssplitthr	8e-4	0.000000e+00
-state			1
-stwt			1.0,0.05,0.0,
-treefn			/home/simone/Documenti/Elaborazione/project-NLP/trees/android_db.unpruned/d-1.dtree
-ts2cbfn	.semi.	.cont.
-varfloor	0.00001	1.000000e-05
-varfn			/home/simone/Documenti/Elaborazione/project-NLP/model_parameters/android_db.cd_cont_untied/variances

INFO: main.c(223): Reading: /home/simone/Documenti/Elaborazione/project-NLP/model_architecture/android_db.untied.mdef
INFO: model_def_io.c(573): Model definition info:
INFO: model_def_io.c(574): 211 total models defined (27 base, 184 tri)
INFO: model_def_io.c(575): 844 total states
INFO: model_def_io.c(576): 633 total tied states
INFO: model_def_io.c(577): 81 total tied CI states
INFO: model_def_io.c(578): 27 total tied transition matrices
INFO: model_def_io.c(579): 4 max state/model
INFO: model_def_io.c(580): 4 min state/model
INFO: main.c(242): Building trees for [d EE u1 b] through [d o u1 b]
INFO: main.c(269): Covering states |[168 179]| == 12
INFO: main.c(275): Reading: /home/simone/Documenti/Elaborazione/project-NLP/model_parameters/android_db.cd_cont_untied/mixture_weights
INFO: s3mixw_io.c(173): Read /home/simone/Documenti/Elaborazione/project-NLP/model_parameters/android_db.cd_cont_untied/mixture_weights [12x1x1 array]
INFO: main.c(311): 4 of 4 models have observation count greater than 0.000010
INFO: main.c(95): nrm stwt: 0.045 0.909 0.045 
INFO: s3gau_io.c(169): Read /home/simone/Documenti/Elaborazione/project-NLP/model_parameters/android_db.cd_cont_untied/means [633x1x1 array]
INFO: s3gau_io.c(169): Read /home/simone/Documenti/Elaborazione/project-NLP/model_parameters/android_db.cd_cont_untied/variances [633x1x1 array]
INFO: main.c(549): Reading: /home/simone/Documenti/Elaborazione/project-NLP/model_architecture/android_db.tree_questions
INFO: main.c(588): 178 total simple questions (170 phone; 8 word bndry)
INFO: main.c(590): 40 Left Only questions, and 42 Right Only questions
INFO: dtree.c(1439): stop. leaf nodes are specific
INFO: dtree.c(1478): Final simple tree
|( QUESTION0 1 -1.247e+05 1.759e+03 5.369e+02
|    ( QUESTION12 -1 -8.993e+04 1.474e+02 3.911e+02
|        ( - -6.662e+04 1 0)
|        ( - -2.316e+04 1 0))
|    ( WDBNDRY_B 0 -3.299e+04 6.842e+02 1.459e+02
|        ( - -1.104e+04 1 0)
|        ( - -2.127e+04 1 0)))
s>    ( QUESTION0 1 -1.247e+05 1.759e+03 5.369e+02
s>        ( QUESTION12 -1 -8.993e+04 1.474e+02 3.911e+02
s>            ( - -6.662e+04 1 0)
s>            ( - -2.316e+04 1 0))
s>        ( WDBNDRY_B 0 -3.299e+04 6.842e+02 1.459e+02
s>            ( - -1.104e+04 1 0)
s>            ( - -2.127e+04 1 0)))INFO: dtree.c(1315): Comp split 0
INFO: dtree.c(1439): stop. leaf nodes are specific
INFO: dtree.c(1478): Final simple tree
|( WDBNDRY_B 0 -3.299e+04 6.842e+02 1.459e+02
|    ( - -1.104e+04 1 0)
|    ( - -2.127e+04 1 0))
s>    ( WDBNDRY_B 0 -3.299e+04 6.842e+02 1.459e+02
s>        ( - -1.104e+04 1 0)
s>        ( - -2.127e+04 1 0))INFO: dtree.c(1439): stop. leaf nodes are specific
INFO: dtree.c(1478): Final simple tree
|( QUESTION12 -1 -8.993e+04 1.474e+02 3.911e+02
|    ( - -6.662e+04 1 0)
|    ( - -2.316e+04 1 0))
s>    ( QUESTION12 -1 -8.993e+04 1.474e+02 3.911e+02
s>        ( - -6.662e+04 1 0)
s>        ( - -2.316e+04 1 0))INFO: dtree.c(1315): Comp split 1
INFO: dtree.c(1315): Comp split 2
INFO: dtree.c(1315): Comp split 3
INFO: dtree.c(1318): stop. leaf nodes are specific
Thu Feb 16 16:24:30 2017
