Current configuration:
[NAME]		[DEFLT]	[VALUE]
-allphones	no	no
-cntthresh	0.00001	1.000000e-05
-csplitmax	100	2000
-csplitmin	1	1
-csplitthr	8e-4	0.000000e+00
-example	no	no
-fullvar	no	no
-help		no	no
-meanfn			/home/simone/Documenti/Elaborazione/project-NLP/model_parameters/android_db.cd_cont_untied/means
-mixwfn			/home/simone/Documenti/Elaborazione/project-NLP/model_parameters/android_db.cd_cont_untied/mixture_weights
-moddeffn		/home/simone/Documenti/Elaborazione/project-NLP/model_architecture/android_db.untied.mdef
-mwfloor	1e-4	1.000000e-08
-phone			i
-psetfn			/home/simone/Documenti/Elaborazione/project-NLP/model_architecture/android_db.tree_questions
-ssplitmax	5	7
-ssplitmin	1	1
-ssplitthr	8e-4	0.000000e+00
-state			1
-stwt			1.0,0.05,0.0,
-treefn			/home/simone/Documenti/Elaborazione/project-NLP/trees/android_db.unpruned/i-1.dtree
-ts2cbfn	.semi.	.cont.
-varfloor	0.00001	1.000000e-05
-varfn			/home/simone/Documenti/Elaborazione/project-NLP/model_parameters/android_db.cd_cont_untied/variances

INFO: main.c(223): Reading: /home/simone/Documenti/Elaborazione/project-NLP/model_architecture/android_db.untied.mdef
INFO: model_def_io.c(573): Model definition info:
INFO: model_def_io.c(574): 211 total models defined (27 base, 184 tri)
INFO: model_def_io.c(575): 844 total states
INFO: model_def_io.c(576): 633 total tied states
INFO: model_def_io.c(577): 81 total tied CI states
INFO: model_def_io.c(578): 27 total tied transition matrices
INFO: model_def_io.c(579): 4 max state/model
INFO: model_def_io.c(580): 4 min state/model
INFO: main.c(242): Building trees for [i EE s e] through [i t k e]
INFO: main.c(269): Covering states |[240 275]| == 36
INFO: main.c(275): Reading: /home/simone/Documenti/Elaborazione/project-NLP/model_parameters/android_db.cd_cont_untied/mixture_weights
INFO: s3mixw_io.c(173): Read /home/simone/Documenti/Elaborazione/project-NLP/model_parameters/android_db.cd_cont_untied/mixture_weights [36x1x1 array]
INFO: main.c(311): 12 of 12 models have observation count greater than 0.000010
INFO: main.c(95): nrm stwt: 0.045 0.909 0.045 
INFO: s3gau_io.c(169): Read /home/simone/Documenti/Elaborazione/project-NLP/model_parameters/android_db.cd_cont_untied/means [633x1x1 array]
INFO: s3gau_io.c(169): Read /home/simone/Documenti/Elaborazione/project-NLP/model_parameters/android_db.cd_cont_untied/variances [633x1x1 array]
INFO: main.c(549): Reading: /home/simone/Documenti/Elaborazione/project-NLP/model_architecture/android_db.tree_questions
INFO: main.c(588): 180 total simple questions (172 phone; 8 word bndry)
INFO: main.c(590): 42 Left Only questions, and 42 Right Only questions
INFO: dtree.c(1478): Final simple tree
|( WDBNDRY_B 0 -4.058e+05 1.094e+03 1.892e+03
|    ( - -4.275e+04 1 0)
|    ( QUESTION15 -1 -3.619e+05 1.212e+03 1.685e+03
|        ( WDBNDRY_E 0 -1.921e+05 7.478e+02 9.088e+02
|            ( QUESTION0_12_R 1 -1.437e+05 6.291e+02 6.738e+02
|                ( QUESTION0_14_R 1 -6.458e+04 2.929e+02 2.974e+02
|                    ( - -4.643e+04 1 0)
|                    ( - -1.786e+04 1 0))
|                ( QUESTION16 -1 -7.846e+04 3.603e+02 3.764e+02
|                    ( - -6.154e+04 2 0 SILENCE 1 2.356e+02 2.952e+02)
|                    ( - -1.656e+04 1 0)))
|            ( - -4.770e+04 1 0))
|        ( QUESTION0 -1 -1.686e+05 7.990e+02 7.758e+02
|            ( - -1.083e+05 3 0 QUESTION0_19_R 1 1.426e+02 5.095e+02)
|            ( - -5.951e+04 2 0 SILENCE 1 1.933e+02 2.662e+02))))
s>    ( WDBNDRY_B 0 -4.058e+05 1.094e+03 1.892e+03
s>        ( - -4.275e+04 1 0)
s>        ( QUESTION15 -1 -3.619e+05 1.212e+03 1.685e+03
s>            ( WDBNDRY_E 0 -1.921e+05 7.478e+02 9.088e+02
s>                ( QUESTION0_12_R 1 -1.437e+05 6.291e+02 6.738e+02
s>                    ( QUESTION0_14_R 1 -6.458e+04 2.929e+02 2.974e+02
s>                        ( - -4.643e+04 1 0)
s>                        ( - -1.786e+04 1 0))
s>                    ( QUESTION16 -1 -7.846e+04 3.603e+02 3.764e+02
s>                        ( - -6.154e+04 2 0 SILENCE 1 2.356e+02 2.952e+02)
s>                        ( - -1.656e+04 1 0)))
s>                ( - -4.770e+04 1 0))
s>            ( QUESTION0 -1 -1.686e+05 7.990e+02 7.758e+02
s>                ( - -1.083e+05 3 0 QUESTION0_19_R 1 1.426e+02 5.095e+02)
s>                ( - -5.951e+04 2 0 SILENCE 1 1.933e+02 2.662e+02))))INFO: dtree.c(1315): Comp split 0
INFO: dtree.c(1439): stop. leaf nodes are specific
INFO: dtree.c(1478): Final simple tree
|( QUESTION6 -1 -2.306e+05 7.278e+02 1.071e+03
|    ( SILENCE 1 -5.951e+04 1.933e+02 2.662e+02
|        ( - -2.501e+04 1 0)
|        ( - -3.431e+04 1 0))
|    ( QUESTION0_12_R 1 -1.704e+05 5.466e+02 8.047e+02
|        ( QUESTION0_19_R 1 -1.083e+05 1.426e+02 5.095e+02
|            ( - -3.787e+04 1 0)
|            ( QUESTION0_13_R 1 -7.028e+04 1.214e+02 3.291e+02
|                ( - -3.872e+04 1 0)
|                ( - -3.143e+04 1 0)))
|        ( SILENCE 1 -6.154e+04 2.356e+02 2.952e+02
|            ( - -3.157e+04 1 0)
|            ( - -2.974e+04 1 0))))
s>    ( QUESTION6 -1 -2.306e+05 7.278e+02 1.071e+03
s>        ( SILENCE 1 -5.951e+04 1.933e+02 2.662e+02
s>            ( - -2.501e+04 1 0)
s>            ( - -3.431e+04 1 0))
s>        ( QUESTION0_12_R 1 -1.704e+05 5.466e+02 8.047e+02
s>            ( QUESTION0_19_R 1 -1.083e+05 1.426e+02 5.095e+02
s>                ( - -3.787e+04 1 0)
s>                ( QUESTION0_13_R 1 -7.028e+04 1.214e+02 3.291e+02
s>                    ( - -3.872e+04 1 0)
s>                    ( - -3.143e+04 1 0)))
s>            ( SILENCE 1 -6.154e+04 2.356e+02 2.952e+02
s>                ( - -3.157e+04 1 0)
s>                ( - -2.974e+04 1 0))))INFO: dtree.c(1439): stop. leaf nodes are specific
INFO: dtree.c(1478): Final simple tree
|( WDBNDRY_B 0 -1.735e+05 8.917e+02 8.207e+02
|    ( - -4.275e+04 1 0)
|    ( WDBNDRY_E 0 -1.298e+05 7.637e+02 6.136e+02
|        ( QUESTION0_14_R 1 -8.134e+04 3.145e+02 3.786e+02
|            ( - -4.643e+04 1 0)
|            ( QUESTION0_9_R 1 -3.460e+04 1.790e+02 1.652e+02
|                ( - -1.656e+04 1 0)
|                ( - -1.786e+04 1 0)))
|        ( - -4.770e+04 1 0)))
s>    ( WDBNDRY_B 0 -1.735e+05 8.917e+02 8.207e+02
s>        ( - -4.275e+04 1 0)
s>        ( WDBNDRY_E 0 -1.298e+05 7.637e+02 6.136e+02
s>            ( QUESTION0_14_R 1 -8.134e+04 3.145e+02 3.786e+02
s>                ( - -4.643e+04 1 0)
s>                ( QUESTION0_9_R 1 -3.460e+04 1.790e+02 1.652e+02
s>                    ( - -1.656e+04 1 0)
s>                    ( - -1.786e+04 1 0)))
s>            ( - -4.770e+04 1 0)))INFO: dtree.c(1315): Comp split 1
INFO: dtree.c(1439): stop. leaf nodes are specific
INFO: dtree.c(1478): Final simple tree
|( WDBNDRY_E 0 -1.298e+05 7.637e+02 6.136e+02
|    ( QUESTION0_14_R 1 -8.134e+04 3.145e+02 3.786e+02
|        ( - -4.643e+04 1 0)
|        ( QUESTION0_9_R 1 -3.460e+04 1.790e+02 1.652e+02
|            ( - -1.656e+04 1 0)
|            ( - -1.786e+04 1 0)))
|    ( - -4.770e+04 1 0))
s>    ( WDBNDRY_E 0 -1.298e+05 7.637e+02 6.136e+02
s>        ( QUESTION0_14_R 1 -8.134e+04 3.145e+02 3.786e+02
s>            ( - -4.643e+04 1 0)
s>            ( QUESTION0_9_R 1 -3.460e+04 1.790e+02 1.652e+02
s>                ( - -1.656e+04 1 0)
s>                ( - -1.786e+04 1 0)))
s>        ( - -4.770e+04 1 0))INFO: dtree.c(1315): Comp split 2
INFO: dtree.c(1439): stop. leaf nodes are specific
INFO: dtree.c(1478): Final simple tree
|( QUESTION0_14_R 1 -8.134e+04 3.145e+02 3.786e+02
|    ( - -4.643e+04 1 0)
|    ( QUESTION0_9_R 1 -3.460e+04 1.790e+02 1.652e+02
|        ( - -1.656e+04 1 0)
|        ( - -1.786e+04 1 0)))
s>    ( QUESTION0_14_R 1 -8.134e+04 3.145e+02 3.786e+02
s>        ( - -4.643e+04 1 0)
s>        ( QUESTION0_9_R 1 -3.460e+04 1.790e+02 1.652e+02
s>            ( - -1.656e+04 1 0)
s>            ( - -1.786e+04 1 0)))INFO: dtree.c(1315): Comp split 3
INFO: dtree.c(1439): stop. leaf nodes are specific
INFO: dtree.c(1478): Final simple tree
|( QUESTION0_9_R 1 -1.384e+05 3.739e+02 6.509e+02
|    ( - -2.974e+04 1 0)
|    ( QUESTION0_19_R 1 -1.083e+05 1.426e+02 5.095e+02
|        ( - -3.787e+04 1 0)
|        ( QUESTION0_13_R 1 -7.028e+04 1.214e+02 3.291e+02
|            ( - -3.872e+04 1 0)
|            ( - -3.143e+04 1 0))))
s>    ( QUESTION0_9_R 1 -1.384e+05 3.739e+02 6.509e+02
s>        ( - -2.974e+04 1 0)
s>        ( QUESTION0_19_R 1 -1.083e+05 1.426e+02 5.095e+02
s>            ( - -3.787e+04 1 0)
s>            ( QUESTION0_13_R 1 -7.028e+04 1.214e+02 3.291e+02
s>                ( - -3.872e+04 1 0)
s>                ( - -3.143e+04 1 0))))INFO: dtree.c(1439): stop. leaf nodes are specific
INFO: dtree.c(1478): Final simple tree
|( QUESTION6 -1 -9.147e+04 3.976e+02 4.200e+02
|    ( SILENCE 1 -5.951e+04 1.933e+02 2.662e+02
|        ( - -2.501e+04 1 0)
|        ( - -3.431e+04 1 0))
|    ( - -3.157e+04 1 0))
s>    ( QUESTION6 -1 -9.147e+04 3.976e+02 4.200e+02
s>        ( SILENCE 1 -5.951e+04 1.933e+02 2.662e+02
s>            ( - -2.501e+04 1 0)
s>            ( - -3.431e+04 1 0))
s>        ( - -3.157e+04 1 0))INFO: dtree.c(1315): Comp split 4
INFO: dtree.c(1439): stop. leaf nodes are specific
INFO: dtree.c(1478): Final simple tree
|( SILENCE 1 -5.951e+04 1.933e+02 2.662e+02
|    ( - -2.501e+04 1 0)
|    ( - -3.431e+04 1 0))
s>    ( SILENCE 1 -5.951e+04 1.933e+02 2.662e+02
s>        ( - -2.501e+04 1 0)
s>        ( - -3.431e+04 1 0))INFO: dtree.c(1315): Comp split 5
INFO: dtree.c(1439): stop. leaf nodes are specific
INFO: dtree.c(1478): Final simple tree
|( QUESTION0_19_R 1 -1.083e+05 1.426e+02 5.095e+02
|    ( - -3.787e+04 1 0)
|    ( QUESTION0_13_R 1 -7.028e+04 1.214e+02 3.291e+02
|        ( - -3.872e+04 1 0)
|        ( - -3.143e+04 1 0)))
s>    ( QUESTION0_19_R 1 -1.083e+05 1.426e+02 5.095e+02
s>        ( - -3.787e+04 1 0)
s>        ( QUESTION0_13_R 1 -7.028e+04 1.214e+02 3.291e+02
s>            ( - -3.872e+04 1 0)
s>            ( - -3.143e+04 1 0)))INFO: dtree.c(1315): Comp split 6
INFO: dtree.c(1439): stop. leaf nodes are specific
INFO: dtree.c(1478): Final simple tree
|( QUESTION0_9_R 1 -3.460e+04 1.790e+02 1.652e+02
|    ( - -1.656e+04 1 0)
|    ( - -1.786e+04 1 0))
s>    ( QUESTION0_9_R 1 -3.460e+04 1.790e+02 1.652e+02
s>        ( - -1.656e+04 1 0)
s>        ( - -1.786e+04 1 0))INFO: dtree.c(1315): Comp split 7
INFO: dtree.c(1315): Comp split 8
INFO: dtree.c(1315): Comp split 9
INFO: dtree.c(1439): stop. leaf nodes are specific
INFO: dtree.c(1478): Final simple tree
|( QUESTION0_13_R 1 -7.028e+04 1.214e+02 3.291e+02
|    ( - -3.872e+04 1 0)
|    ( - -3.143e+04 1 0))
s>    ( QUESTION0_13_R 1 -7.028e+04 1.214e+02 3.291e+02
s>        ( - -3.872e+04 1 0)
s>        ( - -3.143e+04 1 0))INFO: dtree.c(1315): Comp split 10
INFO: dtree.c(1315): Comp split 11
INFO: dtree.c(1318): stop. leaf nodes are specific
Sun Dec 11 12:12:06 2016
