Current configuration:
[NAME]		[DEFLT]	[VALUE]
-allphones	no	no
-cntthresh	0.00001	1.000000e-05
-csplitmax	100	2000
-csplitmin	1	1
-csplitthr	8e-4	0.000000e+00
-example	no	no
-fullvar	no	no
-help		no	no
-meanfn			/home/simone/Documenti/Elaborazione/project-NLP/model_parameters/android_db.cd_cont_untied/means
-mixwfn			/home/simone/Documenti/Elaborazione/project-NLP/model_parameters/android_db.cd_cont_untied/mixture_weights
-moddeffn		/home/simone/Documenti/Elaborazione/project-NLP/model_architecture/android_db.untied.mdef
-mwfloor	1e-4	1.000000e-08
-phone			r
-psetfn			/home/simone/Documenti/Elaborazione/project-NLP/model_architecture/android_db.tree_questions
-ssplitmax	5	7
-ssplitmin	1	1
-ssplitthr	8e-4	0.000000e+00
-state			1
-stwt			1.0,0.05,0.0,
-treefn			/home/simone/Documenti/Elaborazione/project-NLP/trees/android_db.unpruned/r-1.dtree
-ts2cbfn	.semi.	.cont.
-varfloor	0.00001	1.000000e-05
-varfn			/home/simone/Documenti/Elaborazione/project-NLP/model_parameters/android_db.cd_cont_untied/variances

INFO: main.c(223): Reading: /home/simone/Documenti/Elaborazione/project-NLP/model_architecture/android_db.untied.mdef
INFO: model_def_io.c(573): Model definition info:
INFO: model_def_io.c(574): 211 total models defined (27 base, 184 tri)
INFO: model_def_io.c(575): 844 total states
INFO: model_def_io.c(576): 633 total tied states
INFO: model_def_io.c(577): 81 total tied CI states
INFO: model_def_io.c(578): 27 total tied transition matrices
INFO: model_def_io.c(579): 4 max state/model
INFO: model_def_io.c(580): 4 min state/model
INFO: main.c(242): Building trees for [r a1 j i] through [r t o i]
INFO: main.c(269): Covering states |[483 506]| == 24
INFO: main.c(275): Reading: /home/simone/Documenti/Elaborazione/project-NLP/model_parameters/android_db.cd_cont_untied/mixture_weights
INFO: s3mixw_io.c(173): Read /home/simone/Documenti/Elaborazione/project-NLP/model_parameters/android_db.cd_cont_untied/mixture_weights [24x1x1 array]
INFO: main.c(311): 8 of 8 models have observation count greater than 0.000010
INFO: main.c(95): nrm stwt: 0.045 0.909 0.045 
INFO: s3gau_io.c(169): Read /home/simone/Documenti/Elaborazione/project-NLP/model_parameters/android_db.cd_cont_untied/means [633x1x1 array]
INFO: s3gau_io.c(169): Read /home/simone/Documenti/Elaborazione/project-NLP/model_parameters/android_db.cd_cont_untied/variances [633x1x1 array]
INFO: main.c(549): Reading: /home/simone/Documenti/Elaborazione/project-NLP/model_architecture/android_db.tree_questions
INFO: main.c(588): 180 total simple questions (172 phone; 8 word bndry)
INFO: main.c(590): 42 Left Only questions, and 42 Right Only questions
INFO: dtree.c(1478): Final simple tree
|( QUESTION2 1 -4.656e+05 5.248e+03 2.225e+03
|    ( QUESTION0_3_R 1 -2.945e+05 3.050e+03 1.436e+03
|        ( - -2.065e+05 1 0)
|        ( QUESTION0_0_R 1 -8.501e+04 1.440e+03 3.875e+02
|            ( - -3.361e+04 1 0)
|            ( QUESTION13 -1 -4.996e+04 6.405e+02 2.275e+02
|                ( - -3.365e+04 1 0)
|                ( - -1.567e+04 1 0))))
|    ( QUESTION0 -1 -1.658e+05 9.105e+02 7.882e+02
|        ( QUESTION2_0_L -1 -1.118e+05 4.742e+02 5.397e+02
|            ( - -3.980e+04 1 0)
|            ( - -7.149e+04 1 0))
|        ( QUESTION0_0_R 1 -5.311e+04 6.941e+02 2.485e+02
|            ( - -3.195e+04 1 0)
|            ( - -2.047e+04 1 0))))
s>    ( QUESTION2 1 -4.656e+05 5.248e+03 2.225e+03
s>        ( QUESTION0_3_R 1 -2.945e+05 3.050e+03 1.436e+03
s>            ( - -2.065e+05 1 0)
s>            ( QUESTION0_0_R 1 -8.501e+04 1.440e+03 3.875e+02
s>                ( - -3.361e+04 1 0)
s>                ( QUESTION13 -1 -4.996e+04 6.405e+02 2.275e+02
s>                    ( - -3.365e+04 1 0)
s>                    ( - -1.567e+04 1 0))))
s>        ( QUESTION0 -1 -1.658e+05 9.105e+02 7.882e+02
s>            ( QUESTION2_0_L -1 -1.118e+05 4.742e+02 5.397e+02
s>                ( - -3.980e+04 1 0)
s>                ( - -7.149e+04 1 0))
s>            ( QUESTION0_0_R 1 -5.311e+04 6.941e+02 2.485e+02
s>                ( - -3.195e+04 1 0)
s>                ( - -2.047e+04 1 0))))INFO: dtree.c(1315): Comp split 0
INFO: dtree.c(1439): stop. leaf nodes are specific
INFO: dtree.c(1478): Final simple tree
|( QUESTION0 -1 -1.658e+05 9.105e+02 7.882e+02
|    ( QUESTION2_0_L -1 -1.118e+05 4.742e+02 5.397e+02
|        ( - -3.980e+04 1 0)
|        ( - -7.149e+04 1 0))
|    ( QUESTION0_0_R 1 -5.311e+04 6.941e+02 2.485e+02
|        ( - -3.195e+04 1 0)
|        ( - -2.047e+04 1 0)))
s>    ( QUESTION0 -1 -1.658e+05 9.105e+02 7.882e+02
s>        ( QUESTION2_0_L -1 -1.118e+05 4.742e+02 5.397e+02
s>            ( - -3.980e+04 1 0)
s>            ( - -7.149e+04 1 0))
s>        ( QUESTION0_0_R 1 -5.311e+04 6.941e+02 2.485e+02
s>            ( - -3.195e+04 1 0)
s>            ( - -2.047e+04 1 0)))INFO: dtree.c(1439): stop. leaf nodes are specific
INFO: dtree.c(1478): Final simple tree
|( QUESTION0_3_R 1 -2.945e+05 3.050e+03 1.436e+03
|    ( - -2.065e+05 1 0)
|    ( QUESTION0_0_R 1 -8.501e+04 1.440e+03 3.875e+02
|        ( - -3.361e+04 1 0)
|        ( QUESTION13 -1 -4.996e+04 6.405e+02 2.275e+02
|            ( - -3.365e+04 1 0)
|            ( - -1.567e+04 1 0))))
s>    ( QUESTION0_3_R 1 -2.945e+05 3.050e+03 1.436e+03
s>        ( - -2.065e+05 1 0)
s>        ( QUESTION0_0_R 1 -8.501e+04 1.440e+03 3.875e+02
s>            ( - -3.361e+04 1 0)
s>            ( QUESTION13 -1 -4.996e+04 6.405e+02 2.275e+02
s>                ( - -3.365e+04 1 0)
s>                ( - -1.567e+04 1 0))))INFO: dtree.c(1315): Comp split 1
INFO: dtree.c(1439): stop. leaf nodes are specific
INFO: dtree.c(1478): Final simple tree
|( QUESTION0_0_R 1 -8.501e+04 1.440e+03 3.875e+02
|    ( - -3.361e+04 1 0)
|    ( QUESTION13 -1 -4.996e+04 6.405e+02 2.275e+02
|        ( - -3.365e+04 1 0)
|        ( - -1.567e+04 1 0)))
s>    ( QUESTION0_0_R 1 -8.501e+04 1.440e+03 3.875e+02
s>        ( - -3.361e+04 1 0)
s>        ( QUESTION13 -1 -4.996e+04 6.405e+02 2.275e+02
s>            ( - -3.365e+04 1 0)
s>            ( - -1.567e+04 1 0)))INFO: dtree.c(1315): Comp split 2
INFO: dtree.c(1439): stop. leaf nodes are specific
INFO: dtree.c(1478): Final simple tree
|( QUESTION13 -1 -4.996e+04 6.405e+02 2.275e+02
|    ( - -3.365e+04 1 0)
|    ( - -1.567e+04 1 0))
s>    ( QUESTION13 -1 -4.996e+04 6.405e+02 2.275e+02
s>        ( - -3.365e+04 1 0)
s>        ( - -1.567e+04 1 0))INFO: dtree.c(1315): Comp split 3
INFO: dtree.c(1439): stop. leaf nodes are specific
INFO: dtree.c(1478): Final simple tree
|( QUESTION0_0_R 1 -5.311e+04 6.941e+02 2.485e+02
|    ( - -3.195e+04 1 0)
|    ( - -2.047e+04 1 0))
s>    ( QUESTION0_0_R 1 -5.311e+04 6.941e+02 2.485e+02
s>        ( - -3.195e+04 1 0)
s>        ( - -2.047e+04 1 0))INFO: dtree.c(1439): stop. leaf nodes are specific
INFO: dtree.c(1478): Final simple tree
|( QUESTION2_0_L -1 -1.118e+05 4.742e+02 5.397e+02
|    ( - -3.980e+04 1 0)
|    ( - -7.149e+04 1 0))
s>    ( QUESTION2_0_L -1 -1.118e+05 4.742e+02 5.397e+02
s>        ( - -3.980e+04 1 0)
s>        ( - -7.149e+04 1 0))INFO: dtree.c(1315): Comp split 4
INFO: dtree.c(1315): Comp split 5
INFO: dtree.c(1315): Comp split 6
INFO: dtree.c(1315): Comp split 7
INFO: dtree.c(1318): stop. leaf nodes are specific
Sun Dec 11 12:12:08 2016
