Current configuration:
[NAME]		[DEFLT]	[VALUE]
-allphones	no	no
-cntthresh	0.00001	1.000000e-05
-csplitmax	100	2000
-csplitmin	1	1
-csplitthr	8e-4	0.000000e+00
-example	no	no
-fullvar	no	no
-help		no	no
-meanfn			/home/simone/Documenti/Elaborazione/project-NLP/model_parameters/android_db.cd_cont_untied/means
-mixwfn			/home/simone/Documenti/Elaborazione/project-NLP/model_parameters/android_db.cd_cont_untied/mixture_weights
-moddeffn		/home/simone/Documenti/Elaborazione/project-NLP/model_architecture/android_db.untied.mdef
-mwfloor	1e-4	1.000000e-08
-phone			e
-psetfn			/home/simone/Documenti/Elaborazione/project-NLP/model_architecture/android_db.tree_questions
-ssplitmax	5	7
-ssplitmin	1	1
-ssplitthr	8e-4	0.000000e+00
-state			2
-stwt			1.0,0.05,0.0,
-treefn			/home/simone/Documenti/Elaborazione/project-NLP/trees/android_db.unpruned/e-2.dtree
-ts2cbfn	.semi.	.cont.
-varfloor	0.00001	1.000000e-05
-varfn			/home/simone/Documenti/Elaborazione/project-NLP/model_parameters/android_db.cd_cont_untied/variances

INFO: main.c(223): Reading: /home/simone/Documenti/Elaborazione/project-NLP/model_architecture/android_db.untied.mdef
INFO: model_def_io.c(573): Model definition info:
INFO: model_def_io.c(574): 211 total models defined (27 base, 184 tri)
INFO: model_def_io.c(575): 844 total states
INFO: model_def_io.c(576): 633 total tied states
INFO: model_def_io.c(577): 81 total tied CI states
INFO: model_def_io.c(578): 27 total tied transition matrices
INFO: model_def_io.c(579): 4 max state/model
INFO: model_def_io.c(580): 4 min state/model
INFO: main.c(242): Building trees for [e m r i] through [e w ts e]
INFO: main.c(269): Covering states |[180 233]| == 54
INFO: main.c(275): Reading: /home/simone/Documenti/Elaborazione/project-NLP/model_parameters/android_db.cd_cont_untied/mixture_weights
INFO: s3mixw_io.c(173): Read /home/simone/Documenti/Elaborazione/project-NLP/model_parameters/android_db.cd_cont_untied/mixture_weights [54x1x1 array]
INFO: main.c(311): 18 of 18 models have observation count greater than 0.000010
INFO: main.c(95): nrm stwt: 0.000 0.048 0.952 
INFO: s3gau_io.c(169): Read /home/simone/Documenti/Elaborazione/project-NLP/model_parameters/android_db.cd_cont_untied/means [633x1x1 array]
INFO: s3gau_io.c(169): Read /home/simone/Documenti/Elaborazione/project-NLP/model_parameters/android_db.cd_cont_untied/variances [633x1x1 array]
INFO: main.c(549): Reading: /home/simone/Documenti/Elaborazione/project-NLP/model_architecture/android_db.tree_questions
INFO: main.c(588): 180 total simple questions (172 phone; 8 word bndry)
INFO: main.c(590): 42 Left Only questions, and 42 Right Only questions
INFO: dtree.c(1478): Final simple tree
|( WDBNDRY_E 0 -1.112e+06 4.292e+03 5.772e+03
|    ( QUESTION13 1 -1.077e+06 2.231e+03 5.623e+03
|        ( - -1.315e+04 1 0)
|        ( QUESTION7 -1 -1.061e+06 1.379e+03 5.561e+03
|            ( SILENCE 1 -1.471e+05 4.330e+02 7.826e+02
|                ( - -5.411e+04 1 0)
|                ( - -9.256e+04 1 0))
|            ( QUESTION9 -1 -9.127e+05 7.929e+02 4.778e+03
|                ( - -2.151e+05 4 0 QUESTION0_13_R 1 4.091e+02 1.128e+03)
|                ( QUESTION16 -1 -6.968e+05 6.249e+02 3.650e+03
|                    ( - -3.917e+05 4 0 QUESTION7 1 3.920e+02 2.063e+03)
|                    ( QUESTION10 1 -3.045e+05 4.823e+02 1.587e+03
|                        ( - -5.457e+04 1 0)
|                        ( - -2.494e+05 5 0 QUESTION0_13_R 1 3.377e+02 1.303e+03))))))
|    ( - -3.091e+04 1 0))
s>    ( WDBNDRY_E 0 -1.112e+06 4.292e+03 5.772e+03
s>        ( QUESTION13 1 -1.077e+06 2.231e+03 5.623e+03
s>            ( - -1.315e+04 1 0)
s>            ( QUESTION7 -1 -1.061e+06 1.379e+03 5.561e+03
s>                ( SILENCE 1 -1.471e+05 4.330e+02 7.826e+02
s>                    ( - -5.411e+04 1 0)
s>                    ( - -9.256e+04 1 0))
s>                ( QUESTION9 -1 -9.127e+05 7.929e+02 4.778e+03
s>                    ( - -2.151e+05 4 0 QUESTION0_13_R 1 4.091e+02 1.128e+03)
s>                    ( QUESTION16 -1 -6.968e+05 6.249e+02 3.650e+03
s>                        ( - -3.917e+05 4 0 QUESTION7 1 3.920e+02 2.063e+03)
s>                        ( QUESTION10 1 -3.045e+05 4.823e+02 1.587e+03
s>                            ( - -5.457e+04 1 0)
s>                            ( - -2.494e+05 5 0 QUESTION0_13_R 1 3.377e+02 1.303e+03))))))
s>        ( - -3.091e+04 1 0))INFO: dtree.c(1315): Comp split 0
INFO: dtree.c(1478): Final simple tree
|( QUESTION7 -1 -1.061e+06 1.379e+03 5.561e+03
|    ( SILENCE 1 -1.471e+05 4.330e+02 7.826e+02
|        ( - -5.411e+04 1 0)
|        ( - -9.256e+04 1 0))
|    ( QUESTION9 -1 -9.127e+05 7.929e+02 4.778e+03
|        ( QUESTION0_13_R 1 -2.151e+05 4.091e+02 1.128e+03
|            ( - -1.331e+05 2 0 QUESTION0_14_R 1 1.827e+02 6.937e+02)
|            ( - -8.157e+04 2 0 QUESTION0_0_R 1 1.764e+02 4.340e+02))
|        ( QUESTION16 -1 -6.968e+05 6.249e+02 3.650e+03
|            ( QUESTION7 1 -3.917e+05 3.920e+02 2.063e+03
|                ( - -9.002e+04 1 0)
|                ( - -3.013e+05 3 0 QUESTION9 1 2.274e+02 1.587e+03))
|            ( QUESTION10 1 -3.045e+05 4.823e+02 1.587e+03
|                ( - -5.457e+04 1 0)
|                ( - -2.494e+05 5 0 QUESTION0_13_R 1 3.377e+02 1.303e+03)))))
s>    ( QUESTION7 -1 -1.061e+06 1.379e+03 5.561e+03
s>        ( SILENCE 1 -1.471e+05 4.330e+02 7.826e+02
s>            ( - -5.411e+04 1 0)
s>            ( - -9.256e+04 1 0))
s>        ( QUESTION9 -1 -9.127e+05 7.929e+02 4.778e+03
s>            ( QUESTION0_13_R 1 -2.151e+05 4.091e+02 1.128e+03
s>                ( - -1.331e+05 2 0 QUESTION0_14_R 1 1.827e+02 6.937e+02)
s>                ( - -8.157e+04 2 0 QUESTION0_0_R 1 1.764e+02 4.340e+02))
s>            ( QUESTION16 -1 -6.968e+05 6.249e+02 3.650e+03
s>                ( QUESTION7 1 -3.917e+05 3.920e+02 2.063e+03
s>                    ( - -9.002e+04 1 0)
s>                    ( - -3.013e+05 3 0 QUESTION9 1 2.274e+02 1.587e+03))
s>                ( QUESTION10 1 -3.045e+05 4.823e+02 1.587e+03
s>                    ( - -5.457e+04 1 0)
s>                    ( - -2.494e+05 5 0 QUESTION0_13_R 1 3.377e+02 1.303e+03)))))INFO: dtree.c(1439): stop. leaf nodes are specific
INFO: dtree.c(1478): Final simple tree
|( WDBNDRY_E 0 -4.465e+04 5.993e+02 2.112e+02
|    ( - -1.315e+04 1 0)
|    ( - -3.091e+04 1 0))
s>    ( WDBNDRY_E 0 -4.465e+04 5.993e+02 2.112e+02
s>        ( - -1.315e+04 1 0)
s>        ( - -3.091e+04 1 0))INFO: dtree.c(1315): Comp split 1
INFO: dtree.c(1478): Final simple tree
|( QUESTION9 -1 -9.127e+05 7.929e+02 4.778e+03
|    ( QUESTION0_13_R 1 -2.151e+05 4.091e+02 1.128e+03
|        ( - -1.331e+05 2 0 QUESTION0_14_R 1 1.827e+02 6.937e+02)
|        ( - -8.157e+04 2 0 QUESTION0_0_R 1 1.764e+02 4.340e+02))
|    ( QUESTION16 -1 -6.968e+05 6.249e+02 3.650e+03
|        ( QUESTION7 1 -3.917e+05 3.920e+02 2.063e+03
|            ( - -9.002e+04 1 0)
|            ( - -3.013e+05 3 0 QUESTION9 1 2.274e+02 1.587e+03))
|        ( QUESTION10 1 -3.045e+05 4.823e+02 1.587e+03
|            ( - -5.457e+04 1 0)
|            ( QUESTION0_13_R 1 -2.494e+05 3.377e+02 1.303e+03
|                ( QUESTION6 1 -1.515e+05 2.826e+02 7.903e+02
|                    ( - -3.524e+04 1 0)
|                    ( - -1.159e+05 2 0 QUESTION0_14_R 1 2.250e+02 6.035e+02))
|                ( - -9.762e+04 2 0 SILENCE 1 2.092e+02 5.126e+02)))))
s>    ( QUESTION9 -1 -9.127e+05 7.929e+02 4.778e+03
s>        ( QUESTION0_13_R 1 -2.151e+05 4.091e+02 1.128e+03
s>            ( - -1.331e+05 2 0 QUESTION0_14_R 1 1.827e+02 6.937e+02)
s>            ( - -8.157e+04 2 0 QUESTION0_0_R 1 1.764e+02 4.340e+02))
s>        ( QUESTION16 -1 -6.968e+05 6.249e+02 3.650e+03
s>            ( QUESTION7 1 -3.917e+05 3.920e+02 2.063e+03
s>                ( - -9.002e+04 1 0)
s>                ( - -3.013e+05 3 0 QUESTION9 1 2.274e+02 1.587e+03))
s>            ( QUESTION10 1 -3.045e+05 4.823e+02 1.587e+03
s>                ( - -5.457e+04 1 0)
s>                ( QUESTION0_13_R 1 -2.494e+05 3.377e+02 1.303e+03
s>                    ( QUESTION6 1 -1.515e+05 2.826e+02 7.903e+02
s>                        ( - -3.524e+04 1 0)
s>                        ( - -1.159e+05 2 0 QUESTION0_14_R 1 2.250e+02 6.035e+02))
s>                    ( - -9.762e+04 2 0 SILENCE 1 2.092e+02 5.126e+02)))))INFO: dtree.c(1439): stop. leaf nodes are specific
INFO: dtree.c(1478): Final simple tree
|( SILENCE 1 -1.471e+05 4.330e+02 7.826e+02
|    ( - -5.411e+04 1 0)
|    ( - -9.256e+04 1 0))
s>    ( SILENCE 1 -1.471e+05 4.330e+02 7.826e+02
s>        ( - -5.411e+04 1 0)
s>        ( - -9.256e+04 1 0))INFO: dtree.c(1315): Comp split 2
INFO: dtree.c(1439): stop. leaf nodes are specific
INFO: dtree.c(1478): Final simple tree
|( QUESTION0_13_R 1 -3.410e+05 3.725e+02 1.791e+03
|    ( QUESTION6 -1 -2.590e+05 3.361e+02 1.357e+03
|        ( QUESTION0_14_R 1 -1.331e+05 1.827e+02 6.937e+02
|            ( - -7.071e+04 1 0)
|            ( - -6.225e+04 1 0))
|        ( QUESTION7 1 -1.255e+05 2.746e+02 6.629e+02
|            ( - -9.002e+04 1 0)
|            ( - -3.524e+04 1 0)))
|    ( QUESTION0_0_R 1 -8.157e+04 1.764e+02 4.340e+02
|        ( - -3.581e+04 1 0)
|        ( - -4.558e+04 1 0)))
s>    ( QUESTION0_13_R 1 -3.410e+05 3.725e+02 1.791e+03
s>        ( QUESTION6 -1 -2.590e+05 3.361e+02 1.357e+03
s>            ( QUESTION0_14_R 1 -1.331e+05 1.827e+02 6.937e+02
s>                ( - -7.071e+04 1 0)
s>                ( - -6.225e+04 1 0))
s>            ( QUESTION7 1 -1.255e+05 2.746e+02 6.629e+02
s>                ( - -9.002e+04 1 0)
s>                ( - -3.524e+04 1 0)))
s>        ( QUESTION0_0_R 1 -8.157e+04 1.764e+02 4.340e+02
s>            ( - -3.581e+04 1 0)
s>            ( - -4.558e+04 1 0)))INFO: dtree.c(1478): Final simple tree
|( QUESTION16 -1 -5.706e+05 4.484e+02 2.988e+03
|    ( QUESTION9 1 -3.013e+05 2.274e+02 1.587e+03
|        ( - -1.297e+05 1 0)
|        ( QUESTION0_13_R 1 -1.714e+05 1.290e+02 9.043e+02
|            ( - -8.845e+04 1 0)
|            ( - -8.280e+04 1 0)))
|    ( QUESTION9 1 -2.689e+05 4.235e+02 1.400e+03
|        ( - -5.457e+04 1 0)
|        ( QUESTION0_13_R 1 -2.139e+05 3.394e+02 1.116e+03
|            ( QUESTION0_14_R 1 -1.159e+05 2.250e+02 6.035e+02
|                ( - -7.973e+04 1 0)
|                ( - -3.599e+04 1 0))
|            ( SILENCE 1 -9.762e+04 2.092e+02 5.126e+02
|                ( - -3.929e+04 1 0)
|                ( - -5.812e+04 1 0)))))
s>    ( QUESTION16 -1 -5.706e+05 4.484e+02 2.988e+03
s>        ( QUESTION9 1 -3.013e+05 2.274e+02 1.587e+03
s>            ( - -1.297e+05 1 0)
s>            ( QUESTION0_13_R 1 -1.714e+05 1.290e+02 9.043e+02
s>                ( - -8.845e+04 1 0)
s>                ( - -8.280e+04 1 0)))
s>        ( QUESTION9 1 -2.689e+05 4.235e+02 1.400e+03
s>            ( - -5.457e+04 1 0)
s>            ( QUESTION0_13_R 1 -2.139e+05 3.394e+02 1.116e+03
s>                ( QUESTION0_14_R 1 -1.159e+05 2.250e+02 6.035e+02
s>                    ( - -7.973e+04 1 0)
s>                    ( - -3.599e+04 1 0))
s>                ( SILENCE 1 -9.762e+04 2.092e+02 5.126e+02
s>                    ( - -3.929e+04 1 0)
s>                    ( - -5.812e+04 1 0)))))INFO: dtree.c(1315): Comp split 3
INFO: dtree.c(1315): Comp split 4
INFO: dtree.c(1439): stop. leaf nodes are specific
INFO: dtree.c(1478): Final simple tree
|( QUESTION9 1 -3.595e+05 2.519e+02 1.893e+03
|    ( - -1.297e+05 1 0)
|    ( QUESTION0_13_R 1 -2.296e+05 1.581e+02 1.210e+03
|        ( - -8.845e+04 1 0)
|        ( QUESTION6 -1 -1.410e+05 8.924e+01 7.438e+02
|            ( - -5.812e+04 1 0)
|            ( - -8.280e+04 1 0))))
s>    ( QUESTION9 1 -3.595e+05 2.519e+02 1.893e+03
s>        ( - -1.297e+05 1 0)
s>        ( QUESTION0_13_R 1 -2.296e+05 1.581e+02 1.210e+03
s>            ( - -8.845e+04 1 0)
s>            ( QUESTION6 -1 -1.410e+05 8.924e+01 7.438e+02
s>                ( - -5.812e+04 1 0)
s>                ( - -8.280e+04 1 0))))INFO: dtree.c(1439): stop. leaf nodes are specific
INFO: dtree.c(1478): Final simple tree
|( QUESTION0_13_R 1 -2.105e+05 4.367e+02 1.094e+03
|    ( QUESTION0_14_R 1 -1.159e+05 2.250e+02 6.035e+02
|        ( - -7.973e+04 1 0)
|        ( - -3.599e+04 1 0))
|    ( SILENCE 1 -9.412e+04 2.645e+02 4.906e+02
|        ( - -3.929e+04 1 0)
|        ( - -5.457e+04 1 0)))
s>    ( QUESTION0_13_R 1 -2.105e+05 4.367e+02 1.094e+03
s>        ( QUESTION0_14_R 1 -1.159e+05 2.250e+02 6.035e+02
s>            ( - -7.973e+04 1 0)
s>            ( - -3.599e+04 1 0))
s>        ( SILENCE 1 -9.412e+04 2.645e+02 4.906e+02
s>            ( - -3.929e+04 1 0)
s>            ( - -5.457e+04 1 0)))INFO: dtree.c(1315): Comp split 5
INFO: dtree.c(1439): stop. leaf nodes are specific
INFO: dtree.c(1478): Final simple tree
|( SILENCE 1 -9.412e+04 2.645e+02 4.906e+02
|    ( - -3.929e+04 1 0)
|    ( - -5.457e+04 1 0))
s>    ( SILENCE 1 -9.412e+04 2.645e+02 4.906e+02
s>        ( - -3.929e+04 1 0)
s>        ( - -5.457e+04 1 0))INFO: dtree.c(1439): stop. leaf nodes are specific
INFO: dtree.c(1478): Final simple tree
|( QUESTION0_14_R 1 -1.159e+05 2.250e+02 6.035e+02
|    ( - -7.973e+04 1 0)
|    ( - -3.599e+04 1 0))
s>    ( QUESTION0_14_R 1 -1.159e+05 2.250e+02 6.035e+02
s>        ( - -7.973e+04 1 0)
s>        ( - -3.599e+04 1 0))INFO: dtree.c(1315): Comp split 6
INFO: dtree.c(1315): Comp split 7
INFO: dtree.c(1439): stop. leaf nodes are specific
INFO: dtree.c(1478): Final simple tree
|( QUESTION0_13_R 1 -1.171e+05 2.679e+02 6.208e+02
|    ( - -3.524e+04 1 0)
|    ( QUESTION0_0_R 1 -8.157e+04 1.764e+02 4.340e+02
|        ( - -3.581e+04 1 0)
|        ( - -4.558e+04 1 0)))
s>    ( QUESTION0_13_R 1 -1.171e+05 2.679e+02 6.208e+02
s>        ( - -3.524e+04 1 0)
s>        ( QUESTION0_0_R 1 -8.157e+04 1.764e+02 4.340e+02
s>            ( - -3.581e+04 1 0)
s>            ( - -4.558e+04 1 0)))INFO: dtree.c(1439): stop. leaf nodes are specific
INFO: dtree.c(1478): Final simple tree
|( QUESTION6 -1 -2.235e+05 3.051e+02 1.170e+03
|    ( QUESTION0_14_R 1 -1.331e+05 1.827e+02 6.937e+02
|        ( - -7.071e+04 1 0)
|        ( - -6.225e+04 1 0))
|    ( - -9.002e+04 1 0))
s>    ( QUESTION6 -1 -2.235e+05 3.051e+02 1.170e+03
s>        ( QUESTION0_14_R 1 -1.331e+05 1.827e+02 6.937e+02
s>            ( - -7.071e+04 1 0)
s>            ( - -6.225e+04 1 0))
s>        ( - -9.002e+04 1 0))INFO: dtree.c(1315): Comp split 8
INFO: dtree.c(1439): stop. leaf nodes are specific
INFO: dtree.c(1478): Final simple tree
|( QUESTION0_14_R 1 -1.331e+05 1.827e+02 6.937e+02
|    ( - -7.071e+04 1 0)
|    ( - -6.225e+04 1 0))
s>    ( QUESTION0_14_R 1 -1.331e+05 1.827e+02 6.937e+02
s>        ( - -7.071e+04 1 0)
s>        ( - -6.225e+04 1 0))INFO: dtree.c(1315): Comp split 9
INFO: dtree.c(1439): stop. leaf nodes are specific
INFO: dtree.c(1478): Final simple tree
|( QUESTION0_0_R 1 -8.157e+04 1.764e+02 4.340e+02
|    ( - -3.581e+04 1 0)
|    ( - -4.558e+04 1 0))
s>    ( QUESTION0_0_R 1 -8.157e+04 1.764e+02 4.340e+02
s>        ( - -3.581e+04 1 0)
s>        ( - -4.558e+04 1 0))INFO: dtree.c(1315): Comp split 10
INFO: dtree.c(1315): Comp split 11
INFO: dtree.c(1439): stop. leaf nodes are specific
INFO: dtree.c(1478): Final simple tree
|( QUESTION0_13_R 1 -2.296e+05 1.581e+02 1.210e+03
|    ( - -8.845e+04 1 0)
|    ( QUESTION6 -1 -1.410e+05 8.924e+01 7.438e+02
|        ( - -5.812e+04 1 0)
|        ( - -8.280e+04 1 0)))
s>    ( QUESTION0_13_R 1 -2.296e+05 1.581e+02 1.210e+03
s>        ( - -8.845e+04 1 0)
s>        ( QUESTION6 -1 -1.410e+05 8.924e+01 7.438e+02
s>            ( - -5.812e+04 1 0)
s>            ( - -8.280e+04 1 0)))INFO: dtree.c(1315): Comp split 12
INFO: dtree.c(1315): Comp split 13
INFO: dtree.c(1315): Comp split 14
INFO: dtree.c(1315): Comp split 15
INFO: dtree.c(1439): stop. leaf nodes are specific
INFO: dtree.c(1478): Final simple tree
|( QUESTION6 -1 -1.410e+05 8.924e+01 7.438e+02
|    ( - -5.812e+04 1 0)
|    ( - -8.280e+04 1 0))
s>    ( QUESTION6 -1 -1.410e+05 8.924e+01 7.438e+02
s>        ( - -5.812e+04 1 0)
s>        ( - -8.280e+04 1 0))INFO: dtree.c(1315): Comp split 16
INFO: dtree.c(1315): Comp split 17
INFO: dtree.c(1318): stop. leaf nodes are specific
Sun Dec 11 12:12:06 2016
