Current configuration:
[NAME]		[DEFLT]	[VALUE]
-allphones	no	no
-cntthresh	0.00001	1.000000e-05
-csplitmax	100	2000
-csplitmin	1	1
-csplitthr	8e-4	0.000000e+00
-example	no	no
-fullvar	no	no
-help		no	no
-meanfn			/home/simone/Documenti/Elaborazione/project-NLP/model_parameters/android_db.cd_cont_untied/means
-mixwfn			/home/simone/Documenti/Elaborazione/project-NLP/model_parameters/android_db.cd_cont_untied/mixture_weights
-moddeffn		/home/simone/Documenti/Elaborazione/project-NLP/model_architecture/android_db.untied.mdef
-mwfloor	1e-4	1.000000e-08
-phone			o
-psetfn			/home/simone/Documenti/Elaborazione/project-NLP/model_architecture/android_db.tree_questions
-ssplitmax	5	7
-ssplitmin	1	1
-ssplitthr	8e-4	0.000000e+00
-state			2
-stwt			1.0,0.05,0.0,
-treefn			/home/simone/Documenti/Elaborazione/project-NLP/trees/android_db.unpruned/o-2.dtree
-ts2cbfn	.semi.	.cont.
-varfloor	0.00001	1.000000e-05
-varfn			/home/simone/Documenti/Elaborazione/project-NLP/model_parameters/android_db.cd_cont_untied/variances

INFO: main.c(223): Reading: /home/simone/Documenti/Elaborazione/project-NLP/model_architecture/android_db.untied.mdef
INFO: model_def_io.c(573): Model definition info:
INFO: model_def_io.c(574): 211 total models defined (27 base, 184 tri)
INFO: model_def_io.c(575): 844 total states
INFO: model_def_io.c(576): 633 total tied states
INFO: model_def_io.c(577): 81 total tied CI states
INFO: model_def_io.c(578): 27 total tied transition matrices
INFO: model_def_io.c(579): 4 max state/model
INFO: model_def_io.c(580): 4 min state/model
INFO: main.c(242): Building trees for [o j SIL e] through [o v t e]
INFO: main.c(269): Covering states |[399 464]| == 66
INFO: main.c(275): Reading: /home/simone/Documenti/Elaborazione/project-NLP/model_parameters/android_db.cd_cont_untied/mixture_weights
INFO: s3mixw_io.c(173): Read /home/simone/Documenti/Elaborazione/project-NLP/model_parameters/android_db.cd_cont_untied/mixture_weights [66x1x1 array]
INFO: main.c(311): 22 of 22 models have observation count greater than 0.000010
INFO: main.c(95): nrm stwt: 0.000 0.048 0.952 
INFO: s3gau_io.c(169): Read /home/simone/Documenti/Elaborazione/project-NLP/model_parameters/android_db.cd_cont_untied/means [633x1x1 array]
INFO: s3gau_io.c(169): Read /home/simone/Documenti/Elaborazione/project-NLP/model_parameters/android_db.cd_cont_untied/variances [633x1x1 array]
INFO: main.c(549): Reading: /home/simone/Documenti/Elaborazione/project-NLP/model_architecture/android_db.tree_questions
INFO: main.c(588): 180 total simple questions (172 phone; 8 word bndry)
INFO: main.c(590): 42 Left Only questions, and 42 Right Only questions
INFO: dtree.c(1478): Final simple tree
|( WDBNDRY_E 0 -8.355e+05 2.642e+03 3.948e+03
|    ( QUESTION14 1 -7.964e+05 2.563e+03 3.777e+03
|        ( - -2.240e+05 2 0 QUESTION0_13_R 1 2.844e+02 1.061e+03)
|        ( QUESTION10 1 -5.698e+05 1.158e+03 2.715e+03
|            ( - -3.212e+04 1 0)
|            ( SILENCE 1 -5.365e+05 1.073e+03 2.566e+03
|                ( - -1.354e+05 4 0 QUESTION18 -1 3.794e+02 6.560e+02)
|                ( QUESTION0 -1 -4.001e+05 7.343e+02 1.910e+03
|                    ( - -5.242e+04 1 0)
|                    ( QUESTION0_15_R 1 -3.469e+05 6.038e+02 1.650e+03
|                        ( QUESTION6 -1 -1.471e+05 8.391e+02 7.153e+02
|                            ( - -1.394e+04 1 0)
|                            ( - -1.323e+05 2 0 QUESTION6 1 2.153e+02 6.574e+02))
|                        ( - -1.992e+05 8 0 QUESTION19 -1 7.913e+02 9.344e+02))))))
|    ( - -3.649e+04 3 0 QUESTION0_9_R 1 4.376e+02 1.716e+02))
s>    ( WDBNDRY_E 0 -8.355e+05 2.642e+03 3.948e+03
s>        ( QUESTION14 1 -7.964e+05 2.563e+03 3.777e+03
s>            ( - -2.240e+05 2 0 QUESTION0_13_R 1 2.844e+02 1.061e+03)
s>            ( QUESTION10 1 -5.698e+05 1.158e+03 2.715e+03
s>                ( - -3.212e+04 1 0)
s>                ( SILENCE 1 -5.365e+05 1.073e+03 2.566e+03
s>                    ( - -1.354e+05 4 0 QUESTION18 -1 3.794e+02 6.560e+02)
s>                    ( QUESTION0 -1 -4.001e+05 7.343e+02 1.910e+03
s>                        ( - -5.242e+04 1 0)
s>                        ( QUESTION0_15_R 1 -3.469e+05 6.038e+02 1.650e+03
s>                            ( QUESTION6 -1 -1.471e+05 8.391e+02 7.153e+02
s>                                ( - -1.394e+04 1 0)
s>                                ( - -1.323e+05 2 0 QUESTION6 1 2.153e+02 6.574e+02))
s>                            ( - -1.992e+05 8 0 QUESTION19 -1 7.913e+02 9.344e+02))))))
s>        ( - -3.649e+04 3 0 QUESTION0_9_R 1 4.376e+02 1.716e+02))INFO: dtree.c(1315): Comp split 0
INFO: dtree.c(1478): Final simple tree
|( SILENCE 1 -5.218e+05 1.028e+03 2.508e+03
|    ( QUESTION18 -1 -1.354e+05 3.794e+02 6.560e+02
|        ( - -6.726e+04 1 0)
|        ( - -6.773e+04 3 0 QUESTION17 -1 3.115e+02 3.189e+02))
|    ( QUESTION0 -1 -3.854e+05 7.194e+02 1.852e+03
|        ( - -5.242e+04 1 0)
|        ( QUESTION0_15_R 1 -3.323e+05 7.405e+02 1.592e+03
|            ( - -1.323e+05 2 0 QUESTION6 1 2.153e+02 6.574e+02)
|            ( QUESTION19 -1 -1.992e+05 7.913e+02 9.344e+02
|                ( - -8.965e+03 1 0)
|                ( QUESTION17 1 -1.895e+05 4.874e+02 8.904e+02
|                    ( - -6.109e+04 2 0 QUESTION6 -1 1.856e+02 2.845e+02)
|                    ( QUESTION6 -1 -1.279e+05 3.195e+02 6.059e+02
|                        ( - -8.214e+04 3 0 QUESTION7 1 2.460e+02 3.891e+02)
|                        ( - -4.541e+04 2 0 QUESTION0_13_R 1 1.917e+02 2.168e+02)))))))
s>    ( SILENCE 1 -5.218e+05 1.028e+03 2.508e+03
s>        ( QUESTION18 -1 -1.354e+05 3.794e+02 6.560e+02
s>            ( - -6.726e+04 1 0)
s>            ( - -6.773e+04 3 0 QUESTION17 -1 3.115e+02 3.189e+02))
s>        ( QUESTION0 -1 -3.854e+05 7.194e+02 1.852e+03
s>            ( - -5.242e+04 1 0)
s>            ( QUESTION0_15_R 1 -3.323e+05 7.405e+02 1.592e+03
s>                ( - -1.323e+05 2 0 QUESTION6 1 2.153e+02 6.574e+02)
s>                ( QUESTION19 -1 -1.992e+05 7.913e+02 9.344e+02
s>                    ( - -8.965e+03 1 0)
s>                    ( QUESTION17 1 -1.895e+05 4.874e+02 8.904e+02
s>                        ( - -6.109e+04 2 0 QUESTION6 -1 1.856e+02 2.845e+02)
s>                        ( QUESTION6 -1 -1.279e+05 3.195e+02 6.059e+02
s>                            ( - -8.214e+04 3 0 QUESTION7 1 2.460e+02 3.891e+02)
s>                            ( - -4.541e+04 2 0 QUESTION0_13_R 1 1.917e+02 2.168e+02)))))))INFO: dtree.c(1439): stop. leaf nodes are specific
INFO: dtree.c(1478): Final simple tree
|( WDBNDRY_E 0 -3.103e+05 2.338e+03 1.440e+03
|    ( QUESTION14 1 -2.715e+05 8.990e+02 1.269e+03
|        ( QUESTION0_13_R 1 -2.240e+05 2.844e+02 1.061e+03
|            ( - -1.811e+05 1 0)
|            ( - -4.263e+04 1 0))
|        ( QUESTION0_13_R 1 -4.660e+04 5.353e+02 2.072e+02
|            ( - -1.394e+04 1 0)
|            ( - -3.212e+04 1 0)))
|    ( QUESTION0_9_R 1 -3.649e+04 4.376e+02 1.716e+02
|        ( - -1.253e+04 1 0)
|        ( QUESTION7 -1 -2.352e+04 4.200e+02 1.127e+02
|            ( - -1.584e+04 1 0)
|            ( - -7.262e+03 1 0))))
s>    ( WDBNDRY_E 0 -3.103e+05 2.338e+03 1.440e+03
s>        ( QUESTION14 1 -2.715e+05 8.990e+02 1.269e+03
s>            ( QUESTION0_13_R 1 -2.240e+05 2.844e+02 1.061e+03
s>                ( - -1.811e+05 1 0)
s>                ( - -4.263e+04 1 0))
s>            ( QUESTION0_13_R 1 -4.660e+04 5.353e+02 2.072e+02
s>                ( - -1.394e+04 1 0)
s>                ( - -3.212e+04 1 0)))
s>        ( QUESTION0_9_R 1 -3.649e+04 4.376e+02 1.716e+02
s>            ( - -1.253e+04 1 0)
s>            ( QUESTION7 -1 -2.352e+04 4.200e+02 1.127e+02
s>                ( - -1.584e+04 1 0)
s>                ( - -7.262e+03 1 0))))INFO: dtree.c(1315): Comp split 1
INFO: dtree.c(1439): stop. leaf nodes are specific
INFO: dtree.c(1478): Final simple tree
|( QUESTION14 1 -2.715e+05 8.990e+02 1.269e+03
|    ( QUESTION0_13_R 1 -2.240e+05 2.844e+02 1.061e+03
|        ( - -1.811e+05 1 0)
|        ( - -4.263e+04 1 0))
|    ( QUESTION0_13_R 1 -4.660e+04 5.353e+02 2.072e+02
|        ( - -1.394e+04 1 0)
|        ( - -3.212e+04 1 0)))
s>    ( QUESTION14 1 -2.715e+05 8.990e+02 1.269e+03
s>        ( QUESTION0_13_R 1 -2.240e+05 2.844e+02 1.061e+03
s>            ( - -1.811e+05 1 0)
s>            ( - -4.263e+04 1 0))
s>        ( QUESTION0_13_R 1 -4.660e+04 5.353e+02 2.072e+02
s>            ( - -1.394e+04 1 0)
s>            ( - -3.212e+04 1 0)))INFO: dtree.c(1439): stop. leaf nodes are specific
INFO: dtree.c(1478): Final simple tree
|( QUESTION0_9_R 1 -3.649e+04 4.376e+02 1.716e+02
|    ( - -1.253e+04 1 0)
|    ( QUESTION7 -1 -2.352e+04 4.200e+02 1.127e+02
|        ( - -1.584e+04 1 0)
|        ( - -7.262e+03 1 0)))
s>    ( QUESTION0_9_R 1 -3.649e+04 4.376e+02 1.716e+02
s>        ( - -1.253e+04 1 0)
s>        ( QUESTION7 -1 -2.352e+04 4.200e+02 1.127e+02
s>            ( - -1.584e+04 1 0)
s>            ( - -7.262e+03 1 0)))INFO: dtree.c(1315): Comp split 2
INFO: dtree.c(1439): stop. leaf nodes are specific
INFO: dtree.c(1478): Final simple tree
|( QUESTION18 -1 -1.811e+05 4.181e+02 8.728e+02
|    ( SILENCE 1 -1.129e+05 2.448e+02 5.539e+02
|        ( - -6.726e+04 1 0)
|        ( QUESTION0_13_R 1 -4.541e+04 1.917e+02 2.168e+02
|            ( - -2.272e+04 1 0)
|            ( - -2.250e+04 1 0)))
|    ( QUESTION17 -1 -6.773e+04 3.115e+02 3.189e+02
|        ( - -2.486e+04 1 0)
|        ( QUESTION0 -1 -4.255e+04 2.751e+02 2.010e+02
|            ( - -1.946e+04 1 0)
|            ( - -2.282e+04 1 0))))
s>    ( QUESTION18 -1 -1.811e+05 4.181e+02 8.728e+02
s>        ( SILENCE 1 -1.129e+05 2.448e+02 5.539e+02
s>            ( - -6.726e+04 1 0)
s>            ( QUESTION0_13_R 1 -4.541e+04 1.917e+02 2.168e+02
s>                ( - -2.272e+04 1 0)
s>                ( - -2.250e+04 1 0)))
s>        ( QUESTION17 -1 -6.773e+04 3.115e+02 3.189e+02
s>            ( - -2.486e+04 1 0)
s>            ( QUESTION0 -1 -4.255e+04 2.751e+02 2.010e+02
s>                ( - -1.946e+04 1 0)
s>                ( - -2.282e+04 1 0))))INFO: dtree.c(1478): Final simple tree
|( QUESTION0 -1 -3.395e+05 7.017e+02 1.635e+03
|    ( - -5.242e+04 1 0)
|    ( QUESTION0_15_R 1 -2.864e+05 7.540e+02 1.375e+03
|        ( QUESTION6 1 -1.323e+05 2.153e+02 6.574e+02
|            ( - -4.969e+04 1 0)
|            ( - -8.242e+04 1 0))
|        ( QUESTION19 -1 -1.533e+05 7.183e+02 7.176e+02
|            ( - -8.965e+03 1 0)
|            ( QUESTION17 1 -1.436e+05 3.894e+02 6.736e+02
|                ( QUESTION6 -1 -6.109e+04 1.856e+02 2.845e+02
|                    ( - -3.006e+04 1 0)
|                    ( - -3.085e+04 1 0))
|                ( QUESTION7 1 -8.214e+04 2.460e+02 3.891e+02
|                    ( - -3.619e+04 1 0)
|                    ( - -4.570e+04 2 0 QUESTION0_0_R 1 1.779e+02 2.135e+02))))))
s>    ( QUESTION0 -1 -3.395e+05 7.017e+02 1.635e+03
s>        ( - -5.242e+04 1 0)
s>        ( QUESTION0_15_R 1 -2.864e+05 7.540e+02 1.375e+03
s>            ( QUESTION6 1 -1.323e+05 2.153e+02 6.574e+02
s>                ( - -4.969e+04 1 0)
s>                ( - -8.242e+04 1 0))
s>            ( QUESTION19 -1 -1.533e+05 7.183e+02 7.176e+02
s>                ( - -8.965e+03 1 0)
s>                ( QUESTION17 1 -1.436e+05 3.894e+02 6.736e+02
s>                    ( QUESTION6 -1 -6.109e+04 1.856e+02 2.845e+02
s>                        ( - -3.006e+04 1 0)
s>                        ( - -3.085e+04 1 0))
s>                    ( QUESTION7 1 -8.214e+04 2.460e+02 3.891e+02
s>                        ( - -3.619e+04 1 0)
s>                        ( - -4.570e+04 2 0 QUESTION0_0_R 1 1.779e+02 2.135e+02))))))INFO: dtree.c(1315): Comp split 3
INFO: dtree.c(1439): stop. leaf nodes are specific
INFO: dtree.c(1478): Final simple tree
|( QUESTION0_13_R 1 -4.660e+04 5.353e+02 2.072e+02
|    ( - -1.394e+04 1 0)
|    ( - -3.212e+04 1 0))
s>    ( QUESTION0_13_R 1 -4.660e+04 5.353e+02 2.072e+02
s>        ( - -1.394e+04 1 0)
s>        ( - -3.212e+04 1 0))INFO: dtree.c(1439): stop. leaf nodes are specific
INFO: dtree.c(1478): Final simple tree
|( QUESTION0_13_R 1 -2.240e+05 2.844e+02 1.061e+03
|    ( - -1.811e+05 1 0)
|    ( - -4.263e+04 1 0))
s>    ( QUESTION0_13_R 1 -2.240e+05 2.844e+02 1.061e+03
s>        ( - -1.811e+05 1 0)
s>        ( - -4.263e+04 1 0))INFO: dtree.c(1315): Comp split 4
INFO: dtree.c(1439): stop. leaf nodes are specific
INFO: dtree.c(1478): Final simple tree
|( QUESTION19 -1 -1.533e+05 7.183e+02 7.176e+02
|    ( - -8.965e+03 1 0)
|    ( QUESTION17 1 -1.436e+05 3.894e+02 6.736e+02
|        ( QUESTION6 -1 -6.109e+04 1.856e+02 2.845e+02
|            ( - -3.006e+04 1 0)
|            ( - -3.085e+04 1 0))
|        ( QUESTION7 1 -8.214e+04 2.460e+02 3.891e+02
|            ( - -3.619e+04 1 0)
|            ( QUESTION0_0_R 1 -4.570e+04 1.779e+02 2.135e+02
|                ( - -2.115e+04 1 0)
|                ( - -2.437e+04 1 0)))))
s>    ( QUESTION19 -1 -1.533e+05 7.183e+02 7.176e+02
s>        ( - -8.965e+03 1 0)
s>        ( QUESTION17 1 -1.436e+05 3.894e+02 6.736e+02
s>            ( QUESTION6 -1 -6.109e+04 1.856e+02 2.845e+02
s>                ( - -3.006e+04 1 0)
s>                ( - -3.085e+04 1 0))
s>            ( QUESTION7 1 -8.214e+04 2.460e+02 3.891e+02
s>                ( - -3.619e+04 1 0)
s>                ( QUESTION0_0_R 1 -4.570e+04 1.779e+02 2.135e+02
s>                    ( - -2.115e+04 1 0)
s>                    ( - -2.437e+04 1 0)))))INFO: dtree.c(1439): stop. leaf nodes are specific
INFO: dtree.c(1478): Final simple tree
|( QUESTION0_14_R 1 -1.853e+05 5.861e+02 9.176e+02
|    ( - -5.242e+04 1 0)
|    ( QUESTION6 1 -1.323e+05 2.153e+02 6.574e+02
|        ( - -4.969e+04 1 0)
|        ( - -8.242e+04 1 0)))
s>    ( QUESTION0_14_R 1 -1.853e+05 5.861e+02 9.176e+02
s>        ( - -5.242e+04 1 0)
s>        ( QUESTION6 1 -1.323e+05 2.153e+02 6.574e+02
s>            ( - -4.969e+04 1 0)
s>            ( - -8.242e+04 1 0)))INFO: dtree.c(1315): Comp split 5
INFO: dtree.c(1439): stop. leaf nodes are specific
INFO: dtree.c(1478): Final simple tree
|( QUESTION17 1 -1.436e+05 3.894e+02 6.736e+02
|    ( QUESTION6 -1 -6.109e+04 1.856e+02 2.845e+02
|        ( - -3.006e+04 1 0)
|        ( - -3.085e+04 1 0))
|    ( QUESTION7 1 -8.214e+04 2.460e+02 3.891e+02
|        ( - -3.619e+04 1 0)
|        ( QUESTION0_0_R 1 -4.570e+04 1.779e+02 2.135e+02
|            ( - -2.115e+04 1 0)
|            ( - -2.437e+04 1 0))))
s>    ( QUESTION17 1 -1.436e+05 3.894e+02 6.736e+02
s>        ( QUESTION6 -1 -6.109e+04 1.856e+02 2.845e+02
s>            ( - -3.006e+04 1 0)
s>            ( - -3.085e+04 1 0))
s>        ( QUESTION7 1 -8.214e+04 2.460e+02 3.891e+02
s>            ( - -3.619e+04 1 0)
s>            ( QUESTION0_0_R 1 -4.570e+04 1.779e+02 2.135e+02
s>                ( - -2.115e+04 1 0)
s>                ( - -2.437e+04 1 0))))INFO: dtree.c(1315): Comp split 6
INFO: dtree.c(1439): stop. leaf nodes are specific
INFO: dtree.c(1478): Final simple tree
|( QUESTION6 1 -1.323e+05 2.153e+02 6.574e+02
|    ( - -4.969e+04 1 0)
|    ( - -8.242e+04 1 0))
s>    ( QUESTION6 1 -1.323e+05 2.153e+02 6.574e+02
s>        ( - -4.969e+04 1 0)
s>        ( - -8.242e+04 1 0))INFO: dtree.c(1315): Comp split 7
INFO: dtree.c(1439): stop. leaf nodes are specific
INFO: dtree.c(1478): Final simple tree
|( QUESTION0_9_R 1 -2.009e+04 3.017e+02 9.416e+01
|    ( - -1.253e+04 1 0)
|    ( - -7.262e+03 1 0))
s>    ( QUESTION0_9_R 1 -2.009e+04 3.017e+02 9.416e+01
s>        ( - -1.253e+04 1 0)
s>        ( - -7.262e+03 1 0))INFO: dtree.c(1315): Comp split 8
INFO: dtree.c(1315): Comp split 9
INFO: dtree.c(1439): stop. leaf nodes are specific
INFO: dtree.c(1478): Final simple tree
|( QUESTION17 -1 -6.773e+04 3.115e+02 3.189e+02
|    ( - -2.486e+04 1 0)
|    ( QUESTION0 -1 -4.255e+04 2.751e+02 2.010e+02
|        ( - -1.946e+04 1 0)
|        ( - -2.282e+04 1 0)))
s>    ( QUESTION17 -1 -6.773e+04 3.115e+02 3.189e+02
s>        ( - -2.486e+04 1 0)
s>        ( QUESTION0 -1 -4.255e+04 2.751e+02 2.010e+02
s>            ( - -1.946e+04 1 0)
s>            ( - -2.282e+04 1 0)))INFO: dtree.c(1439): stop. leaf nodes are specific
INFO: dtree.c(1478): Final simple tree
|( SILENCE 1 -1.129e+05 2.448e+02 5.539e+02
|    ( - -6.726e+04 1 0)
|    ( QUESTION0_13_R 1 -4.541e+04 1.917e+02 2.168e+02
|        ( - -2.272e+04 1 0)
|        ( - -2.250e+04 1 0)))
s>    ( SILENCE 1 -1.129e+05 2.448e+02 5.539e+02
s>        ( - -6.726e+04 1 0)
s>        ( QUESTION0_13_R 1 -4.541e+04 1.917e+02 2.168e+02
s>            ( - -2.272e+04 1 0)
s>            ( - -2.250e+04 1 0)))INFO: dtree.c(1315): Comp split 10
INFO: dtree.c(1439): stop. leaf nodes are specific
INFO: dtree.c(1478): Final simple tree
|( QUESTION7 1 -8.214e+04 2.460e+02 3.891e+02
|    ( - -3.619e+04 1 0)
|    ( QUESTION0_0_R 1 -4.570e+04 1.779e+02 2.135e+02
|        ( - -2.115e+04 1 0)
|        ( - -2.437e+04 1 0)))
s>    ( QUESTION7 1 -8.214e+04 2.460e+02 3.891e+02
s>        ( - -3.619e+04 1 0)
s>        ( QUESTION0_0_R 1 -4.570e+04 1.779e+02 2.135e+02
s>            ( - -2.115e+04 1 0)
s>            ( - -2.437e+04 1 0)))INFO: dtree.c(1439): stop. leaf nodes are specific
INFO: dtree.c(1478): Final simple tree
|( QUESTION6 -1 -6.109e+04 1.856e+02 2.845e+02
|    ( - -3.006e+04 1 0)
|    ( - -3.085e+04 1 0))
s>    ( QUESTION6 -1 -6.109e+04 1.856e+02 2.845e+02
s>        ( - -3.006e+04 1 0)
s>        ( - -3.085e+04 1 0))INFO: dtree.c(1315): Comp split 11
INFO: dtree.c(1439): stop. leaf nodes are specific
INFO: dtree.c(1478): Final simple tree
|( QUESTION0 -1 -4.255e+04 2.751e+02 2.010e+02
|    ( - -1.946e+04 1 0)
|    ( - -2.282e+04 1 0))
s>    ( QUESTION0 -1 -4.255e+04 2.751e+02 2.010e+02
s>        ( - -1.946e+04 1 0)
s>        ( - -2.282e+04 1 0))INFO: dtree.c(1315): Comp split 12
INFO: dtree.c(1315): Comp split 13
INFO: dtree.c(1315): Comp split 14
INFO: dtree.c(1315): Comp split 15
INFO: dtree.c(1439): stop. leaf nodes are specific
INFO: dtree.c(1478): Final simple tree
|( QUESTION0_0_R 1 -4.570e+04 1.779e+02 2.135e+02
|    ( - -2.115e+04 1 0)
|    ( - -2.437e+04 1 0))
s>    ( QUESTION0_0_R 1 -4.570e+04 1.779e+02 2.135e+02
s>        ( - -2.115e+04 1 0)
s>        ( - -2.437e+04 1 0))INFO: dtree.c(1315): Comp split 16
INFO: dtree.c(1439): stop. leaf nodes are specific
INFO: dtree.c(1478): Final simple tree
|( QUESTION0_13_R 1 -4.541e+04 1.917e+02 2.168e+02
|    ( - -2.272e+04 1 0)
|    ( - -2.250e+04 1 0))
s>    ( QUESTION0_13_R 1 -4.541e+04 1.917e+02 2.168e+02
s>        ( - -2.272e+04 1 0)
s>        ( - -2.250e+04 1 0))INFO: dtree.c(1315): Comp split 17
INFO: dtree.c(1315): Comp split 18
INFO: dtree.c(1315): Comp split 19
INFO: dtree.c(1315): Comp split 20
INFO: dtree.c(1315): Comp split 21
INFO: dtree.c(1318): stop. leaf nodes are specific
Sun Dec 11 12:12:07 2016
