Current configuration:
[NAME]		[DEFLT]	[VALUE]
-allphones	no	no
-cntthresh	0.00001	1.000000e-05
-csplitmax	100	2000
-csplitmin	1	1
-csplitthr	8e-4	0.000000e+00
-example	no	no
-fullvar	no	no
-help		no	no
-meanfn			/home/simone/Documenti/Elaborazione/project-NLP/model_parameters/android_db.cd_cont_untied/means
-mixwfn			/home/simone/Documenti/Elaborazione/project-NLP/model_parameters/android_db.cd_cont_untied/mixture_weights
-moddeffn		/home/simone/Documenti/Elaborazione/project-NLP/model_architecture/android_db.untied.mdef
-mwfloor	1e-4	1.000000e-08
-phone			i
-psetfn			/home/simone/Documenti/Elaborazione/project-NLP/model_architecture/android_db.tree_questions
-ssplitmax	5	7
-ssplitmin	1	1
-ssplitthr	8e-4	0.000000e+00
-state			0
-stwt			1.0,0.05,0.0,
-treefn			/home/simone/Documenti/Elaborazione/project-NLP/trees/android_db.unpruned/i-0.dtree
-ts2cbfn	.semi.	.cont.
-varfloor	0.00001	1.000000e-05
-varfn			/home/simone/Documenti/Elaborazione/project-NLP/model_parameters/android_db.cd_cont_untied/variances

INFO: main.c(223): Reading: /home/simone/Documenti/Elaborazione/project-NLP/model_architecture/android_db.untied.mdef
INFO: model_def_io.c(573): Model definition info:
INFO: model_def_io.c(574): 207 total models defined (27 base, 180 tri)
INFO: model_def_io.c(575): 828 total states
INFO: model_def_io.c(576): 621 total tied states
INFO: model_def_io.c(577): 81 total tied CI states
INFO: model_def_io.c(578): 27 total tied transition matrices
INFO: model_def_io.c(579): 4 max state/model
INFO: model_def_io.c(580): 4 min state/model
INFO: main.c(242): Building trees for [i EE s e] through [i t k e]
INFO: main.c(269): Covering states |[237 272]| == 36
INFO: main.c(275): Reading: /home/simone/Documenti/Elaborazione/project-NLP/model_parameters/android_db.cd_cont_untied/mixture_weights
INFO: s3mixw_io.c(173): Read /home/simone/Documenti/Elaborazione/project-NLP/model_parameters/android_db.cd_cont_untied/mixture_weights [36x1x1 array]
INFO: main.c(311): 12 of 12 models have observation count greater than 0.000010
INFO: main.c(95): nrm stwt: 0.952 0.048 0.000 
INFO: s3gau_io.c(169): Read /home/simone/Documenti/Elaborazione/project-NLP/model_parameters/android_db.cd_cont_untied/means [621x1x1 array]
INFO: s3gau_io.c(169): Read /home/simone/Documenti/Elaborazione/project-NLP/model_parameters/android_db.cd_cont_untied/variances [621x1x1 array]
INFO: main.c(549): Reading: /home/simone/Documenti/Elaborazione/project-NLP/model_architecture/android_db.tree_questions
INFO: main.c(588): 180 total simple questions (172 phone; 8 word bndry)
INFO: main.c(590): 42 Left Only questions, and 42 Right Only questions
INFO: dtree.c(1478): Final simple tree
|( QUESTION2_0_L -1 -1.919e+05 8.072e+02 8.925e+02
|    ( WDBNDRY_B 0 -6.293e+04 7.110e+02 2.879e+02
|        ( - -1.932e+04 1 0)
|        ( - -4.289e+04 3 0 QUESTION11 1 1.398e+02 1.992e+02))
|    ( SILENCE 1 -1.282e+05 4.966e+02 6.045e+02
|        ( - -2.185e+04 2 0 QUESTION2 -1 2.168e+02 1.035e+02)
|        ( QUESTION0_5_R 1 -1.059e+05 3.801e+02 5.011e+02
|            ( QUESTION2 -1 -4.614e+04 2.952e+02 2.197e+02
|                ( - -2.936e+04 1 0)
|                ( - -1.649e+04 1 0))
|            ( QUESTION0_0_R 1 -5.934e+04 2.817e+02 2.814e+02
|                ( WDBNDRY_E 0 -3.990e+04 2.387e+02 1.899e+02
|                    ( - -1.522e+04 1 0)
|                    ( - -2.445e+04 1 0))
|                ( - -1.916e+04 2 0 QUESTION3 -1 1.913e+02 9.153e+01)))))
s>    ( QUESTION2_0_L -1 -1.919e+05 8.072e+02 8.925e+02
s>        ( WDBNDRY_B 0 -6.293e+04 7.110e+02 2.879e+02
s>            ( - -1.932e+04 1 0)
s>            ( - -4.289e+04 3 0 QUESTION11 1 1.398e+02 1.992e+02))
s>        ( SILENCE 1 -1.282e+05 4.966e+02 6.045e+02
s>            ( - -2.185e+04 2 0 QUESTION2 -1 2.168e+02 1.035e+02)
s>            ( QUESTION0_5_R 1 -1.059e+05 3.801e+02 5.011e+02
s>                ( QUESTION2 -1 -4.614e+04 2.952e+02 2.197e+02
s>                    ( - -2.936e+04 1 0)
s>                    ( - -1.649e+04 1 0))
s>                ( QUESTION0_0_R 1 -5.934e+04 2.817e+02 2.814e+02
s>                    ( WDBNDRY_E 0 -3.990e+04 2.387e+02 1.899e+02
s>                        ( - -1.522e+04 1 0)
s>                        ( - -2.445e+04 1 0))
s>                    ( - -1.916e+04 2 0 QUESTION3 -1 1.913e+02 9.153e+01)))))INFO: dtree.c(1315): Comp split 0
INFO: dtree.c(1478): Final simple tree
|( SILENCE 1 -1.282e+05 4.966e+02 6.045e+02
|    ( QUESTION2 -1 -2.185e+04 2.168e+02 1.035e+02
|        ( - -1.061e+04 1 0)
|        ( - -1.102e+04 1 0))
|    ( QUESTION0_5_R 1 -1.059e+05 3.801e+02 5.011e+02
|        ( QUESTION2 -1 -4.614e+04 2.952e+02 2.197e+02
|            ( - -2.936e+04 1 0)
|            ( - -1.649e+04 1 0))
|        ( QUESTION0_0_R 1 -5.934e+04 2.817e+02 2.814e+02
|            ( WDBNDRY_E 0 -3.990e+04 2.387e+02 1.899e+02
|                ( - -1.522e+04 1 0)
|                ( - -2.445e+04 1 0))
|            ( QUESTION3 -1 -1.916e+04 1.913e+02 9.153e+01
|                ( - -9.485e+03 1 0)
|                ( - -9.486e+03 1 0)))))
s>    ( SILENCE 1 -1.282e+05 4.966e+02 6.045e+02
s>        ( QUESTION2 -1 -2.185e+04 2.168e+02 1.035e+02
s>            ( - -1.061e+04 1 0)
s>            ( - -1.102e+04 1 0))
s>        ( QUESTION0_5_R 1 -1.059e+05 3.801e+02 5.011e+02
s>            ( QUESTION2 -1 -4.614e+04 2.952e+02 2.197e+02
s>                ( - -2.936e+04 1 0)
s>                ( - -1.649e+04 1 0))
s>            ( QUESTION0_0_R 1 -5.934e+04 2.817e+02 2.814e+02
s>                ( WDBNDRY_E 0 -3.990e+04 2.387e+02 1.899e+02
s>                    ( - -1.522e+04 1 0)
s>                    ( - -2.445e+04 1 0))
s>                ( QUESTION3 -1 -1.916e+04 1.913e+02 9.153e+01
s>                    ( - -9.485e+03 1 0)
s>                    ( - -9.486e+03 1 0)))))INFO: dtree.c(1439): stop. leaf nodes are specific
INFO: dtree.c(1478): Final simple tree
|( WDBNDRY_B 0 -6.293e+04 7.110e+02 2.879e+02
|    ( - -1.932e+04 1 0)
|    ( QUESTION11 1 -4.289e+04 1.398e+02 1.992e+02
|        ( QUESTION0_1_R 1 -2.813e+04 1.308e+02 1.289e+02
|            ( - -1.309e+04 1 0)
|            ( - -1.491e+04 1 0))
|        ( - -1.462e+04 1 0)))
s>    ( WDBNDRY_B 0 -6.293e+04 7.110e+02 2.879e+02
s>        ( - -1.932e+04 1 0)
s>        ( QUESTION11 1 -4.289e+04 1.398e+02 1.992e+02
s>            ( QUESTION0_1_R 1 -2.813e+04 1.308e+02 1.289e+02
s>                ( - -1.309e+04 1 0)
s>                ( - -1.491e+04 1 0))
s>            ( - -1.462e+04 1 0)))INFO: dtree.c(1315): Comp split 1
INFO: dtree.c(1439): stop. leaf nodes are specific
INFO: dtree.c(1478): Final simple tree
|( QUESTION11 1 -4.289e+04 1.398e+02 1.992e+02
|    ( QUESTION0_1_R 1 -2.813e+04 1.308e+02 1.289e+02
|        ( - -1.309e+04 1 0)
|        ( - -1.491e+04 1 0))
|    ( - -1.462e+04 1 0))
s>    ( QUESTION11 1 -4.289e+04 1.398e+02 1.992e+02
s>        ( QUESTION0_1_R 1 -2.813e+04 1.308e+02 1.289e+02
s>            ( - -1.309e+04 1 0)
s>            ( - -1.491e+04 1 0))
s>        ( - -1.462e+04 1 0))INFO: dtree.c(1315): Comp split 2
INFO: dtree.c(1439): stop. leaf nodes are specific
INFO: dtree.c(1478): Final simple tree
|( QUESTION0_5_R 1 -7.935e+04 3.430e+02 3.744e+02
|    ( - -2.936e+04 1 0)
|    ( QUESTION0_0_R 1 -4.965e+04 2.658e+02 2.350e+02
|        ( WDBNDRY_E 0 -3.990e+04 2.387e+02 1.899e+02
|            ( - -1.522e+04 1 0)
|            ( - -2.445e+04 1 0))
|        ( - -9.485e+03 1 0)))
s>    ( QUESTION0_5_R 1 -7.935e+04 3.430e+02 3.744e+02
s>        ( - -2.936e+04 1 0)
s>        ( QUESTION0_0_R 1 -4.965e+04 2.658e+02 2.350e+02
s>            ( WDBNDRY_E 0 -3.990e+04 2.387e+02 1.899e+02
s>                ( - -1.522e+04 1 0)
s>                ( - -2.445e+04 1 0))
s>            ( - -9.485e+03 1 0)))INFO: dtree.c(1439): stop. leaf nodes are specific
INFO: dtree.c(1478): Final simple tree
|( QUESTION2 -1 -4.829e+04 2.866e+02 2.301e+02
|    ( SILENCE 1 -2.032e+04 2.185e+02 9.766e+01
|        ( - -1.061e+04 1 0)
|        ( - -9.486e+03 1 0))
|    ( SILENCE 1 -2.769e+04 1.777e+02 1.325e+02
|        ( - -1.102e+04 1 0)
|        ( - -1.649e+04 1 0)))
s>    ( QUESTION2 -1 -4.829e+04 2.866e+02 2.301e+02
s>        ( SILENCE 1 -2.032e+04 2.185e+02 9.766e+01
s>            ( - -1.061e+04 1 0)
s>            ( - -9.486e+03 1 0))
s>        ( SILENCE 1 -2.769e+04 1.777e+02 1.325e+02
s>            ( - -1.102e+04 1 0)
s>            ( - -1.649e+04 1 0)))INFO: dtree.c(1315): Comp split 3
INFO: dtree.c(1439): stop. leaf nodes are specific
INFO: dtree.c(1478): Final simple tree
|( WDBNDRY_E 0 -3.990e+04 2.387e+02 1.899e+02
|    ( - -1.522e+04 1 0)
|    ( - -2.445e+04 1 0))
s>    ( WDBNDRY_E 0 -3.990e+04 2.387e+02 1.899e+02
s>        ( - -1.522e+04 1 0)
s>        ( - -2.445e+04 1 0))INFO: dtree.c(1439): stop. leaf nodes are specific
INFO: dtree.c(1478): Final simple tree
|( QUESTION0_0_R 1 -3.901e+04 1.715e+02 1.846e+02
|    ( - -2.936e+04 1 0)
|    ( - -9.485e+03 1 0))
s>    ( QUESTION0_0_R 1 -3.901e+04 1.715e+02 1.846e+02
s>        ( - -2.936e+04 1 0)
s>        ( - -9.485e+03 1 0))INFO: dtree.c(1315): Comp split 4
INFO: dtree.c(1439): stop. leaf nodes are specific
INFO: dtree.c(1478): Final simple tree
|( SILENCE 1 -2.769e+04 1.777e+02 1.325e+02
|    ( - -1.102e+04 1 0)
|    ( - -1.649e+04 1 0))
s>    ( SILENCE 1 -2.769e+04 1.777e+02 1.325e+02
s>        ( - -1.102e+04 1 0)
s>        ( - -1.649e+04 1 0))INFO: dtree.c(1439): stop. leaf nodes are specific
INFO: dtree.c(1478): Final simple tree
|( SILENCE 1 -2.032e+04 2.185e+02 9.766e+01
|    ( - -1.061e+04 1 0)
|    ( - -9.486e+03 1 0))
s>    ( SILENCE 1 -2.032e+04 2.185e+02 9.766e+01
s>        ( - -1.061e+04 1 0)
s>        ( - -9.486e+03 1 0))INFO: dtree.c(1315): Comp split 5
INFO: dtree.c(1315): Comp split 6
INFO: dtree.c(1315): Comp split 7
INFO: dtree.c(1315): Comp split 8
INFO: dtree.c(1315): Comp split 9
INFO: dtree.c(1439): stop. leaf nodes are specific
INFO: dtree.c(1478): Final simple tree
|( QUESTION0_1_R 1 -2.813e+04 1.308e+02 1.289e+02
|    ( - -1.309e+04 1 0)
|    ( - -1.491e+04 1 0))
s>    ( QUESTION0_1_R 1 -2.813e+04 1.308e+02 1.289e+02
s>        ( - -1.309e+04 1 0)
s>        ( - -1.491e+04 1 0))INFO: dtree.c(1315): Comp split 10
INFO: dtree.c(1315): Comp split 11
INFO: dtree.c(1318): stop. leaf nodes are specific
Sat Dec  3 19:23:20 2016
