Current configuration:
[NAME]		[DEFLT]	[VALUE]
-allphones	no	no
-cntthresh	0.00001	1.000000e-05
-csplitmax	100	2000
-csplitmin	1	1
-csplitthr	8e-4	0.000000e+00
-example	no	no
-fullvar	no	no
-help		no	no
-meanfn			/home/simone/Documenti/Elaborazione/project-NLP/model_parameters/android_db.cd_cont_untied/means
-mixwfn			/home/simone/Documenti/Elaborazione/project-NLP/model_parameters/android_db.cd_cont_untied/mixture_weights
-moddeffn		/home/simone/Documenti/Elaborazione/project-NLP/model_architecture/android_db.untied.mdef
-mwfloor	1e-4	1.000000e-08
-phone			e
-psetfn			/home/simone/Documenti/Elaborazione/project-NLP/model_architecture/android_db.tree_questions
-ssplitmax	5	7
-ssplitmin	1	1
-ssplitthr	8e-4	0.000000e+00
-state			1
-stwt			1.0,0.05,0.0,
-treefn			/home/simone/Documenti/Elaborazione/project-NLP/trees/android_db.unpruned/e-1.dtree
-ts2cbfn	.semi.	.cont.
-varfloor	0.00001	1.000000e-05
-varfn			/home/simone/Documenti/Elaborazione/project-NLP/model_parameters/android_db.cd_cont_untied/variances

INFO: main.c(223): Reading: /home/simone/Documenti/Elaborazione/project-NLP/model_architecture/android_db.untied.mdef
INFO: model_def_io.c(573): Model definition info:
INFO: model_def_io.c(574): 211 total models defined (27 base, 184 tri)
INFO: model_def_io.c(575): 844 total states
INFO: model_def_io.c(576): 633 total tied states
INFO: model_def_io.c(577): 81 total tied CI states
INFO: model_def_io.c(578): 27 total tied transition matrices
INFO: model_def_io.c(579): 4 max state/model
INFO: model_def_io.c(580): 4 min state/model
INFO: main.c(242): Building trees for [e m r i] through [e w ts e]
INFO: main.c(269): Covering states |[180 233]| == 54
INFO: main.c(275): Reading: /home/simone/Documenti/Elaborazione/project-NLP/model_parameters/android_db.cd_cont_untied/mixture_weights
INFO: s3mixw_io.c(173): Read /home/simone/Documenti/Elaborazione/project-NLP/model_parameters/android_db.cd_cont_untied/mixture_weights [54x1x1 array]
INFO: main.c(311): 18 of 18 models have observation count greater than 0.000010
INFO: main.c(95): nrm stwt: 0.045 0.909 0.045 
INFO: s3gau_io.c(169): Read /home/simone/Documenti/Elaborazione/project-NLP/model_parameters/android_db.cd_cont_untied/means [633x1x1 array]
INFO: s3gau_io.c(169): Read /home/simone/Documenti/Elaborazione/project-NLP/model_parameters/android_db.cd_cont_untied/variances [633x1x1 array]
INFO: main.c(549): Reading: /home/simone/Documenti/Elaborazione/project-NLP/model_architecture/android_db.tree_questions
INFO: main.c(588): 180 total simple questions (172 phone; 8 word bndry)
INFO: main.c(590): 42 Left Only questions, and 42 Right Only questions
INFO: dtree.c(1478): Final simple tree
|( WDBNDRY_E 0 -6.677e+05 1.558e+03 3.102e+03
|    ( QUESTION9 -1 -6.321e+05 7.555e+02 2.945e+03
|        ( QUESTION0_14_R 1 -1.307e+05 2.759e+02 6.153e+02
|            ( - -4.188e+04 1 0)
|            ( - -8.851e+04 3 0 QUESTION0_13_R 1 1.371e+02 4.179e+02))
|        ( QUESTION13 1 -5.007e+05 7.204e+02 2.329e+03
|            ( - -1.846e+04 1 0)
|            ( QUESTION16 -1 -4.815e+05 6.830e+02 2.243e+03
|                ( - -2.234e+05 4 0 QUESTION6 1 1.748e+02 1.041e+03)
|                ( QUESTION7 -1 -2.575e+05 5.276e+02 1.203e+03
|                    ( - -7.295e+04 2 0 SILENCE 1 1.952e+02 3.413e+02)
|                    ( QUESTION0_18_R 1 -1.840e+05 4.924e+02 8.615e+02
|                        ( - -7.378e+04 2 0 QUESTION0_19_R 1 1.919e+02 3.501e+02)
|                        ( - -1.097e+05 4 0 QUESTION17 1 2.555e+02 5.114e+02))))))
|    ( - -3.402e+04 1 0))
s>    ( WDBNDRY_E 0 -6.677e+05 1.558e+03 3.102e+03
s>        ( QUESTION9 -1 -6.321e+05 7.555e+02 2.945e+03
s>            ( QUESTION0_14_R 1 -1.307e+05 2.759e+02 6.153e+02
s>                ( - -4.188e+04 1 0)
s>                ( - -8.851e+04 3 0 QUESTION0_13_R 1 1.371e+02 4.179e+02))
s>            ( QUESTION13 1 -5.007e+05 7.204e+02 2.329e+03
s>                ( - -1.846e+04 1 0)
s>                ( QUESTION16 -1 -4.815e+05 6.830e+02 2.243e+03
s>                    ( - -2.234e+05 4 0 QUESTION6 1 1.748e+02 1.041e+03)
s>                    ( QUESTION7 -1 -2.575e+05 5.276e+02 1.203e+03
s>                        ( - -7.295e+04 2 0 SILENCE 1 1.952e+02 3.413e+02)
s>                        ( QUESTION0_18_R 1 -1.840e+05 4.924e+02 8.615e+02
s>                            ( - -7.378e+04 2 0 QUESTION0_19_R 1 1.919e+02 3.501e+02)
s>                            ( - -1.097e+05 4 0 QUESTION17 1 2.555e+02 5.114e+02))))))
s>        ( - -3.402e+04 1 0))INFO: dtree.c(1315): Comp split 0
INFO: dtree.c(1478): Final simple tree
|( QUESTION16 -1 -6.129e+05 7.503e+02 2.859e+03
|    ( - -2.234e+05 4 0 QUESTION6 1 1.748e+02 1.041e+03)
|    ( QUESTION9 -1 -3.888e+05 6.642e+02 1.818e+03
|        ( QUESTION0_14_R 1 -1.307e+05 2.759e+02 6.153e+02
|            ( - -4.188e+04 1 0)
|            ( - -8.851e+04 3 0 QUESTION0_13_R 1 1.371e+02 4.179e+02))
|        ( QUESTION7 -1 -2.575e+05 5.276e+02 1.203e+03
|            ( - -7.295e+04 2 0 SILENCE 1 1.952e+02 3.413e+02)
|            ( QUESTION0_18_R 1 -1.840e+05 4.924e+02 8.615e+02
|                ( - -7.378e+04 2 0 QUESTION0_19_R 1 1.919e+02 3.501e+02)
|                ( QUESTION17 1 -1.097e+05 2.555e+02 5.114e+02
|                    ( - -3.798e+04 1 0)
|                    ( SILENCE 1 -7.148e+04 2.585e+02 3.386e+02
|                        ( - -2.636e+04 1 0)
|                        ( - -4.486e+04 2 0 QUESTION0_14_R 1 1.328e+02 2.137e+02)))))))
s>    ( QUESTION16 -1 -6.129e+05 7.503e+02 2.859e+03
s>        ( - -2.234e+05 4 0 QUESTION6 1 1.748e+02 1.041e+03)
s>        ( QUESTION9 -1 -3.888e+05 6.642e+02 1.818e+03
s>            ( QUESTION0_14_R 1 -1.307e+05 2.759e+02 6.153e+02
s>                ( - -4.188e+04 1 0)
s>                ( - -8.851e+04 3 0 QUESTION0_13_R 1 1.371e+02 4.179e+02))
s>            ( QUESTION7 -1 -2.575e+05 5.276e+02 1.203e+03
s>                ( - -7.295e+04 2 0 SILENCE 1 1.952e+02 3.413e+02)
s>                ( QUESTION0_18_R 1 -1.840e+05 4.924e+02 8.615e+02
s>                    ( - -7.378e+04 2 0 QUESTION0_19_R 1 1.919e+02 3.501e+02)
s>                    ( QUESTION17 1 -1.097e+05 2.555e+02 5.114e+02
s>                        ( - -3.798e+04 1 0)
s>                        ( SILENCE 1 -7.148e+04 2.585e+02 3.386e+02
s>                            ( - -2.636e+04 1 0)
s>                            ( - -4.486e+04 2 0 QUESTION0_14_R 1 1.328e+02 2.137e+02)))))))INFO: dtree.c(1439): stop. leaf nodes are specific
INFO: dtree.c(1478): Final simple tree
|( WDBNDRY_E 0 -5.296e+04 4.794e+02 2.432e+02
|    ( - -1.846e+04 1 0)
|    ( - -3.402e+04 1 0))
s>    ( WDBNDRY_E 0 -5.296e+04 4.794e+02 2.432e+02
s>        ( - -1.846e+04 1 0)
s>        ( - -3.402e+04 1 0))INFO: dtree.c(1315): Comp split 1
INFO: dtree.c(1478): Final simple tree
|( QUESTION7 -1 -2.760e+05 5.943e+02 1.295e+03
|    ( SILENCE 1 -7.295e+04 1.952e+02 3.413e+02
|        ( - -2.746e+04 1 0)
|        ( - -4.530e+04 1 0))
|    ( QUESTION6 -1 -2.025e+05 3.607e+02 9.539e+02
|        ( QUESTION0_14_R 1 -1.307e+05 2.759e+02 6.153e+02
|            ( - -4.188e+04 1 0)
|            ( QUESTION0_13_R 1 -8.851e+04 1.371e+02 4.179e+02
|                ( - -3.912e+04 1 0)
|                ( - -4.926e+04 2 0 QUESTION0_0_R 1 1.116e+02 2.317e+02)))
|        ( SILENCE 1 -7.148e+04 2.585e+02 3.386e+02
|            ( - -2.636e+04 1 0)
|            ( QUESTION0_14_R 1 -4.486e+04 1.328e+02 2.137e+02
|                ( - -2.175e+04 1 0)
|                ( - -2.298e+04 1 0)))))
s>    ( QUESTION7 -1 -2.760e+05 5.943e+02 1.295e+03
s>        ( SILENCE 1 -7.295e+04 1.952e+02 3.413e+02
s>            ( - -2.746e+04 1 0)
s>            ( - -4.530e+04 1 0))
s>        ( QUESTION6 -1 -2.025e+05 3.607e+02 9.539e+02
s>            ( QUESTION0_14_R 1 -1.307e+05 2.759e+02 6.153e+02
s>                ( - -4.188e+04 1 0)
s>                ( QUESTION0_13_R 1 -8.851e+04 1.371e+02 4.179e+02
s>                    ( - -3.912e+04 1 0)
s>                    ( - -4.926e+04 2 0 QUESTION0_0_R 1 1.116e+02 2.317e+02)))
s>            ( SILENCE 1 -7.148e+04 2.585e+02 3.386e+02
s>                ( - -2.636e+04 1 0)
s>                ( QUESTION0_14_R 1 -4.486e+04 1.328e+02 2.137e+02
s>                    ( - -2.175e+04 1 0)
s>                    ( - -2.298e+04 1 0)))))INFO: dtree.c(1439): stop. leaf nodes are specific
INFO: dtree.c(1478): Final simple tree
|( QUESTION6 -1 -3.359e+05 4.624e+02 1.563e+03
|    ( QUESTION0_19_R 1 -7.378e+04 1.919e+02 3.501e+02
|        ( - -3.960e+04 1 0)
|        ( - -3.399e+04 1 0))
|    ( QUESTION16 -1 -2.616e+05 2.937e+02 1.213e+03
|        ( QUESTION6 1 -2.234e+05 1.748e+02 1.041e+03
|            ( QUESTION0_19_R 1 -1.781e+05 1.863e+02 8.341e+02
|                ( - -4.316e+04 1 0)
|                ( QUESTION0_13_R 1 -1.348e+05 1.180e+02 6.349e+02
|                    ( - -4.803e+04 1 0)
|                    ( - -8.662e+04 1 0)))
|            ( - -4.507e+04 1 0))
|        ( - -3.798e+04 1 0)))
s>    ( QUESTION6 -1 -3.359e+05 4.624e+02 1.563e+03
s>        ( QUESTION0_19_R 1 -7.378e+04 1.919e+02 3.501e+02
s>            ( - -3.960e+04 1 0)
s>            ( - -3.399e+04 1 0))
s>        ( QUESTION16 -1 -2.616e+05 2.937e+02 1.213e+03
s>            ( QUESTION6 1 -2.234e+05 1.748e+02 1.041e+03
s>                ( QUESTION0_19_R 1 -1.781e+05 1.863e+02 8.341e+02
s>                    ( - -4.316e+04 1 0)
s>                    ( QUESTION0_13_R 1 -1.348e+05 1.180e+02 6.349e+02
s>                        ( - -4.803e+04 1 0)
s>                        ( - -8.662e+04 1 0)))
s>                ( - -4.507e+04 1 0))
s>            ( - -3.798e+04 1 0)))INFO: dtree.c(1315): Comp split 2
INFO: dtree.c(1439): stop. leaf nodes are specific
INFO: dtree.c(1478): Final simple tree
|( QUESTION17 1 -1.758e+05 3.292e+02 8.290e+02
|    ( - -4.188e+04 1 0)
|    ( QUESTION6 -1 -1.336e+05 2.312e+02 6.316e+02
|        ( QUESTION0_13_R 1 -8.851e+04 1.371e+02 4.179e+02
|            ( - -3.912e+04 1 0)
|            ( QUESTION0_0_R 1 -4.926e+04 1.116e+02 2.317e+02
|                ( - -1.616e+04 1 0)
|                ( - -3.298e+04 1 0)))
|        ( QUESTION0_14_R 1 -4.486e+04 1.328e+02 2.137e+02
|            ( - -2.175e+04 1 0)
|            ( - -2.298e+04 1 0))))
s>    ( QUESTION17 1 -1.758e+05 3.292e+02 8.290e+02
s>        ( - -4.188e+04 1 0)
s>        ( QUESTION6 -1 -1.336e+05 2.312e+02 6.316e+02
s>            ( QUESTION0_13_R 1 -8.851e+04 1.371e+02 4.179e+02
s>                ( - -3.912e+04 1 0)
s>                ( QUESTION0_0_R 1 -4.926e+04 1.116e+02 2.317e+02
s>                    ( - -1.616e+04 1 0)
s>                    ( - -3.298e+04 1 0)))
s>            ( QUESTION0_14_R 1 -4.486e+04 1.328e+02 2.137e+02
s>                ( - -2.175e+04 1 0)
s>                ( - -2.298e+04 1 0))))INFO: dtree.c(1439): stop. leaf nodes are specific
INFO: dtree.c(1478): Final simple tree
|( QUESTION6 -1 -9.959e+04 2.850e+02 4.662e+02
|    ( SILENCE 1 -7.295e+04 1.952e+02 3.413e+02
|        ( - -2.746e+04 1 0)
|        ( - -4.530e+04 1 0))
|    ( - -2.636e+04 1 0))
s>    ( QUESTION6 -1 -9.959e+04 2.850e+02 4.662e+02
s>        ( SILENCE 1 -7.295e+04 1.952e+02 3.413e+02
s>            ( - -2.746e+04 1 0)
s>            ( - -4.530e+04 1 0))
s>        ( - -2.636e+04 1 0))INFO: dtree.c(1315): Comp split 3
INFO: dtree.c(1439): stop. leaf nodes are specific
INFO: dtree.c(1478): Final simple tree
|( QUESTION0_13_R 1 -1.348e+05 1.180e+02 6.349e+02
|    ( - -4.803e+04 1 0)
|    ( - -8.662e+04 1 0))
s>    ( QUESTION0_13_R 1 -1.348e+05 1.180e+02 6.349e+02
s>        ( - -4.803e+04 1 0)
s>        ( - -8.662e+04 1 0))INFO: dtree.c(1439): stop. leaf nodes are specific
INFO: dtree.c(1478): Final simple tree
|( QUESTION6 -1 -2.006e+05 3.022e+02 9.285e+02
|    ( QUESTION0_19_R 1 -7.378e+04 1.919e+02 3.501e+02
|        ( - -3.960e+04 1 0)
|        ( - -3.399e+04 1 0))
|    ( QUESTION16 -1 -1.265e+05 2.142e+02 5.784e+02
|        ( QUESTION0_13_R 1 -8.834e+04 1.135e+02 4.056e+02
|            ( - -4.507e+04 1 0)
|            ( - -4.316e+04 1 0))
|        ( - -3.798e+04 1 0)))
s>    ( QUESTION6 -1 -2.006e+05 3.022e+02 9.285e+02
s>        ( QUESTION0_19_R 1 -7.378e+04 1.919e+02 3.501e+02
s>            ( - -3.960e+04 1 0)
s>            ( - -3.399e+04 1 0))
s>        ( QUESTION16 -1 -1.265e+05 2.142e+02 5.784e+02
s>            ( QUESTION0_13_R 1 -8.834e+04 1.135e+02 4.056e+02
s>                ( - -4.507e+04 1 0)
s>                ( - -4.316e+04 1 0))
s>            ( - -3.798e+04 1 0)))INFO: dtree.c(1315): Comp split 4
INFO: dtree.c(1315): Comp split 5
INFO: dtree.c(1439): stop. leaf nodes are specific
INFO: dtree.c(1478): Final simple tree
|( QUESTION0_13_R 1 -9.432e+04 1.998e+02 4.454e+02
|    ( QUESTION0_14_R 1 -4.486e+04 1.328e+02 2.137e+02
|        ( - -2.175e+04 1 0)
|        ( - -2.298e+04 1 0))
|    ( QUESTION0_0_R 1 -4.926e+04 1.116e+02 2.317e+02
|        ( - -1.616e+04 1 0)
|        ( - -3.298e+04 1 0)))
s>    ( QUESTION0_13_R 1 -9.432e+04 1.998e+02 4.454e+02
s>        ( QUESTION0_14_R 1 -4.486e+04 1.328e+02 2.137e+02
s>            ( - -2.175e+04 1 0)
s>            ( - -2.298e+04 1 0))
s>        ( QUESTION0_0_R 1 -4.926e+04 1.116e+02 2.317e+02
s>            ( - -1.616e+04 1 0)
s>            ( - -3.298e+04 1 0)))INFO: dtree.c(1439): stop. leaf nodes are specific
INFO: dtree.c(1478): Final simple tree
|( QUESTION0_14_R 1 -8.115e+04 1.563e+02 3.836e+02
|    ( - -4.188e+04 1 0)
|    ( - -3.912e+04 1 0))
s>    ( QUESTION0_14_R 1 -8.115e+04 1.563e+02 3.836e+02
s>        ( - -4.188e+04 1 0)
s>        ( - -3.912e+04 1 0))INFO: dtree.c(1315): Comp split 6
INFO: dtree.c(1439): stop. leaf nodes are specific
INFO: dtree.c(1478): Final simple tree
|( QUESTION0_19_R 1 -7.378e+04 1.919e+02 3.501e+02
|    ( - -3.960e+04 1 0)
|    ( - -3.399e+04 1 0))
s>    ( QUESTION0_19_R 1 -7.378e+04 1.919e+02 3.501e+02
s>        ( - -3.960e+04 1 0)
s>        ( - -3.399e+04 1 0))INFO: dtree.c(1439): stop. leaf nodes are specific
INFO: dtree.c(1478): Final simple tree
|( QUESTION16 -1 -1.265e+05 2.142e+02 5.784e+02
|    ( QUESTION0_13_R 1 -8.834e+04 1.135e+02 4.056e+02
|        ( - -4.507e+04 1 0)
|        ( - -4.316e+04 1 0))
|    ( - -3.798e+04 1 0))
s>    ( QUESTION16 -1 -1.265e+05 2.142e+02 5.784e+02
s>        ( QUESTION0_13_R 1 -8.834e+04 1.135e+02 4.056e+02
s>            ( - -4.507e+04 1 0)
s>            ( - -4.316e+04 1 0))
s>        ( - -3.798e+04 1 0))INFO: dtree.c(1315): Comp split 7
INFO: dtree.c(1439): stop. leaf nodes are specific
INFO: dtree.c(1478): Final simple tree
|( SILENCE 1 -7.295e+04 1.952e+02 3.413e+02
|    ( - -2.746e+04 1 0)
|    ( - -4.530e+04 1 0))
s>    ( SILENCE 1 -7.295e+04 1.952e+02 3.413e+02
s>        ( - -2.746e+04 1 0)
s>        ( - -4.530e+04 1 0))INFO: dtree.c(1315): Comp split 8
INFO: dtree.c(1439): stop. leaf nodes are specific
INFO: dtree.c(1478): Final simple tree
|( QUESTION0_13_R 1 -8.834e+04 1.135e+02 4.056e+02
|    ( - -4.507e+04 1 0)
|    ( - -4.316e+04 1 0))
s>    ( QUESTION0_13_R 1 -8.834e+04 1.135e+02 4.056e+02
s>        ( - -4.507e+04 1 0)
s>        ( - -4.316e+04 1 0))INFO: dtree.c(1315): Comp split 9
INFO: dtree.c(1439): stop. leaf nodes are specific
INFO: dtree.c(1478): Final simple tree
|( QUESTION0_0_R 1 -4.926e+04 1.116e+02 2.317e+02
|    ( - -1.616e+04 1 0)
|    ( - -3.298e+04 1 0))
s>    ( QUESTION0_0_R 1 -4.926e+04 1.116e+02 2.317e+02
s>        ( - -1.616e+04 1 0)
s>        ( - -3.298e+04 1 0))INFO: dtree.c(1439): stop. leaf nodes are specific
INFO: dtree.c(1478): Final simple tree
|( QUESTION0_14_R 1 -4.486e+04 1.328e+02 2.137e+02
|    ( - -2.175e+04 1 0)
|    ( - -2.298e+04 1 0))
s>    ( QUESTION0_14_R 1 -4.486e+04 1.328e+02 2.137e+02
s>        ( - -2.175e+04 1 0)
s>        ( - -2.298e+04 1 0))INFO: dtree.c(1315): Comp split 10
INFO: dtree.c(1315): Comp split 11
INFO: dtree.c(1315): Comp split 12
INFO: dtree.c(1315): Comp split 13
INFO: dtree.c(1315): Comp split 14
INFO: dtree.c(1315): Comp split 15
INFO: dtree.c(1315): Comp split 16
INFO: dtree.c(1315): Comp split 17
INFO: dtree.c(1318): stop. leaf nodes are specific
Sun Dec 11 12:12:06 2016
