Current configuration:
[NAME]		[DEFLT]	[VALUE]
-allphones	no	no
-cntthresh	0.00001	1.000000e-05
-csplitmax	100	2000
-csplitmin	1	1
-csplitthr	8e-4	0.000000e+00
-example	no	no
-fullvar	no	no
-help		no	no
-meanfn			/home/simone/Documenti/Elaborazione/project-NLP/model_parameters/android_db.cd_cont_untied/means
-mixwfn			/home/simone/Documenti/Elaborazione/project-NLP/model_parameters/android_db.cd_cont_untied/mixture_weights
-moddeffn		/home/simone/Documenti/Elaborazione/project-NLP/model_architecture/android_db.untied.mdef
-mwfloor	1e-4	1.000000e-08
-phone			a
-psetfn			/home/simone/Documenti/Elaborazione/project-NLP/model_architecture/android_db.tree_questions
-ssplitmax	5	7
-ssplitmin	1	1
-ssplitthr	8e-4	0.000000e+00
-state			2
-stwt			1.0,0.05,0.0,
-treefn			/home/simone/Documenti/Elaborazione/project-NLP/trees/android_db.unpruned/a-2.dtree
-ts2cbfn	.semi.	.cont.
-varfloor	0.00001	1.000000e-05
-varfn			/home/simone/Documenti/Elaborazione/project-NLP/model_parameters/android_db.cd_cont_untied/variances

INFO: main.c(223): Reading: /home/simone/Documenti/Elaborazione/project-NLP/model_architecture/android_db.untied.mdef
INFO: model_def_io.c(573): Model definition info:
INFO: model_def_io.c(574): 207 total models defined (27 base, 180 tri)
INFO: model_def_io.c(575): 828 total states
INFO: model_def_io.c(576): 621 total tied states
INFO: model_def_io.c(577): 81 total tied CI states
INFO: model_def_io.c(578): 27 total tied transition matrices
INFO: model_def_io.c(579): 4 max state/model
INFO: model_def_io.c(580): 4 min state/model
INFO: main.c(242): Building trees for [a k l i] through [a t ts i]
INFO: main.c(269): Covering states |[120 143]| == 24
INFO: main.c(275): Reading: /home/simone/Documenti/Elaborazione/project-NLP/model_parameters/android_db.cd_cont_untied/mixture_weights
INFO: s3mixw_io.c(173): Read /home/simone/Documenti/Elaborazione/project-NLP/model_parameters/android_db.cd_cont_untied/mixture_weights [24x1x1 array]
INFO: main.c(311): 8 of 8 models have observation count greater than 0.000010
INFO: main.c(95): nrm stwt: 0.000 0.048 0.952 
INFO: s3gau_io.c(169): Read /home/simone/Documenti/Elaborazione/project-NLP/model_parameters/android_db.cd_cont_untied/means [621x1x1 array]
INFO: s3gau_io.c(169): Read /home/simone/Documenti/Elaborazione/project-NLP/model_parameters/android_db.cd_cont_untied/variances [621x1x1 array]
INFO: main.c(549): Reading: /home/simone/Documenti/Elaborazione/project-NLP/model_architecture/android_db.tree_questions
INFO: main.c(588): 180 total simple questions (172 phone; 8 word bndry)
INFO: main.c(590): 42 Left Only questions, and 42 Right Only questions
INFO: dtree.c(1478): Final simple tree
|( QUESTION14 1 -7.981e+04 1.331e+03 3.716e+02
|    ( WDBNDRY_E 0 -3.207e+04 4.388e+02 1.489e+02
|        ( - -8.823e+03 1 0)
|        ( - -2.281e+04 1 0))
|    ( QUESTION13 -1 -4.640e+04 4.974e+02 2.228e+02
|        ( QUESTION0_1_R 1 -2.339e+04 2.035e+02 1.120e+02
|            ( - -2.130e+03 1 0)
|            ( QUESTION0_7_R 1 -2.106e+04 1.385e+02 1.000e+02
|                ( - -4.915e+02 1 0)
|                ( - -2.043e+04 1 0)))
|        ( QUESTION0_0_R 1 -2.251e+04 2.923e+02 1.107e+02
|            ( WDBNDRY_E 0 -1.400e+04 1.828e+02 6.972e+01
|                ( - -6.647e+03 1 0)
|                ( - -7.174e+03 1 0))
|            ( - -8.214e+03 1 0))))
s>    ( QUESTION14 1 -7.981e+04 1.331e+03 3.716e+02
s>        ( WDBNDRY_E 0 -3.207e+04 4.388e+02 1.489e+02
s>            ( - -8.823e+03 1 0)
s>            ( - -2.281e+04 1 0))
s>        ( QUESTION13 -1 -4.640e+04 4.974e+02 2.228e+02
s>            ( QUESTION0_1_R 1 -2.339e+04 2.035e+02 1.120e+02
s>                ( - -2.130e+03 1 0)
s>                ( QUESTION0_7_R 1 -2.106e+04 1.385e+02 1.000e+02
s>                    ( - -4.915e+02 1 0)
s>                    ( - -2.043e+04 1 0)))
s>            ( QUESTION0_0_R 1 -2.251e+04 2.923e+02 1.107e+02
s>                ( WDBNDRY_E 0 -1.400e+04 1.828e+02 6.972e+01
s>                    ( - -6.647e+03 1 0)
s>                    ( - -7.174e+03 1 0))
s>                ( - -8.214e+03 1 0))))INFO: dtree.c(1315): Comp split 0
INFO: dtree.c(1439): stop. leaf nodes are specific
INFO: dtree.c(1478): Final simple tree
|( WDBNDRY_E 0 -3.270e+04 4.298e+02 1.519e+02
|    ( QUESTION0_1_R 1 -9.457e+03 1.427e+02 4.496e+01
|        ( - -8.823e+03 1 0)
|        ( - -4.915e+02 1 0))
|    ( - -2.281e+04 1 0))
s>    ( WDBNDRY_E 0 -3.270e+04 4.298e+02 1.519e+02
s>        ( QUESTION0_1_R 1 -9.457e+03 1.427e+02 4.496e+01
s>            ( - -8.823e+03 1 0)
s>            ( - -4.915e+02 1 0))
s>        ( - -2.281e+04 1 0))INFO: dtree.c(1439): stop. leaf nodes are specific
INFO: dtree.c(1478): Final simple tree
|( QUESTION2 1 -4.577e+04 4.935e+02 2.198e+02
|    ( QUESTION0_0_R 1 -2.251e+04 2.923e+02 1.107e+02
|        ( WDBNDRY_E 0 -1.400e+04 1.828e+02 6.972e+01
|            ( - -6.647e+03 1 0)
|            ( - -7.174e+03 1 0))
|        ( - -8.214e+03 1 0))
|    ( QUESTION0_1_R 1 -2.277e+04 2.044e+02 1.090e+02
|        ( - -2.130e+03 1 0)
|        ( - -2.043e+04 1 0)))
s>    ( QUESTION2 1 -4.577e+04 4.935e+02 2.198e+02
s>        ( QUESTION0_0_R 1 -2.251e+04 2.923e+02 1.107e+02
s>            ( WDBNDRY_E 0 -1.400e+04 1.828e+02 6.972e+01
s>                ( - -6.647e+03 1 0)
s>                ( - -7.174e+03 1 0))
s>            ( - -8.214e+03 1 0))
s>        ( QUESTION0_1_R 1 -2.277e+04 2.044e+02 1.090e+02
s>            ( - -2.130e+03 1 0)
s>            ( - -2.043e+04 1 0)))INFO: dtree.c(1315): Comp split 1
INFO: dtree.c(1439): stop. leaf nodes are specific
INFO: dtree.c(1478): Final simple tree
|( QUESTION0_0_R 1 -2.251e+04 2.923e+02 1.107e+02
|    ( WDBNDRY_E 0 -1.400e+04 1.828e+02 6.972e+01
|        ( - -6.647e+03 1 0)
|        ( - -7.174e+03 1 0))
|    ( - -8.214e+03 1 0))
s>    ( QUESTION0_0_R 1 -2.251e+04 2.923e+02 1.107e+02
s>        ( WDBNDRY_E 0 -1.400e+04 1.828e+02 6.972e+01
s>            ( - -6.647e+03 1 0)
s>            ( - -7.174e+03 1 0))
s>        ( - -8.214e+03 1 0))INFO: dtree.c(1439): stop. leaf nodes are specific
INFO: dtree.c(1478): Final simple tree
|( QUESTION0_1_R 1 -2.277e+04 2.044e+02 1.090e+02
|    ( - -2.130e+03 1 0)
|    ( - -2.043e+04 1 0))
s>    ( QUESTION0_1_R 1 -2.277e+04 2.044e+02 1.090e+02
s>        ( - -2.130e+03 1 0)
s>        ( - -2.043e+04 1 0))INFO: dtree.c(1315): Comp split 2
INFO: dtree.c(1439): stop. leaf nodes are specific
INFO: dtree.c(1478): Final simple tree
|( QUESTION0_1_R 1 -9.457e+03 1.427e+02 4.496e+01
|    ( - -8.823e+03 1 0)
|    ( - -4.915e+02 1 0))
s>    ( QUESTION0_1_R 1 -9.457e+03 1.427e+02 4.496e+01
s>        ( - -8.823e+03 1 0)
s>        ( - -4.915e+02 1 0))INFO: dtree.c(1315): Comp split 3
INFO: dtree.c(1439): stop. leaf nodes are specific
INFO: dtree.c(1478): Final simple tree
|( WDBNDRY_E 0 -1.400e+04 1.828e+02 6.972e+01
|    ( - -6.647e+03 1 0)
|    ( - -7.174e+03 1 0))
s>    ( WDBNDRY_E 0 -1.400e+04 1.828e+02 6.972e+01
s>        ( - -6.647e+03 1 0)
s>        ( - -7.174e+03 1 0))INFO: dtree.c(1315): Comp split 4
INFO: dtree.c(1315): Comp split 5
INFO: dtree.c(1315): Comp split 6
INFO: dtree.c(1315): Comp split 7
INFO: dtree.c(1318): stop. leaf nodes are specific
Sat Dec  3 19:23:20 2016
