Current configuration:
[NAME]		[DEFLT]	[VALUE]
-allphones	no	no
-cntthresh	0.00001	1.000000e-05
-csplitmax	100	2000
-csplitmin	1	1
-csplitthr	8e-4	0.000000e+00
-example	no	no
-fullvar	no	no
-help		no	no
-meanfn			/home/simone/Documenti/Elaborazione/project-NLP/model_parameters/android_db.cd_cont_untied/means
-mixwfn			/home/simone/Documenti/Elaborazione/project-NLP/model_parameters/android_db.cd_cont_untied/mixture_weights
-moddeffn		/home/simone/Documenti/Elaborazione/project-NLP/model_architecture/android_db.untied.mdef
-mwfloor	1e-4	1.000000e-08
-phone			n
-psetfn			/home/simone/Documenti/Elaborazione/project-NLP/model_architecture/android_db.tree_questions
-ssplitmax	5	7
-ssplitmin	1	1
-ssplitthr	8e-4	0.000000e+00
-state			0
-stwt			1.0,0.05,0.0,
-treefn			/home/simone/Documenti/Elaborazione/project-NLP/trees/android_db.unpruned/n-0.dtree
-ts2cbfn	.semi.	.cont.
-varfloor	0.00001	1.000000e-05
-varfn			/home/simone/Documenti/Elaborazione/project-NLP/model_parameters/android_db.cd_cont_untied/variances

INFO: main.c(223): Reading: /home/simone/Documenti/Elaborazione/project-NLP/model_architecture/android_db.untied.mdef
INFO: model_def_io.c(573): Model definition info:
INFO: model_def_io.c(574): 211 total models defined (27 base, 184 tri)
INFO: model_def_io.c(575): 844 total states
INFO: model_def_io.c(576): 633 total tied states
INFO: model_def_io.c(577): 81 total tied CI states
INFO: model_def_io.c(578): 27 total tied transition matrices
INFO: model_def_io.c(579): 4 max state/model
INFO: model_def_io.c(580): 4 min state/model
INFO: main.c(242): Building trees for [n a OO b] through [n u1 o i]
INFO: main.c(269): Covering states |[360 395]| == 36
INFO: main.c(275): Reading: /home/simone/Documenti/Elaborazione/project-NLP/model_parameters/android_db.cd_cont_untied/mixture_weights
INFO: s3mixw_io.c(173): Read /home/simone/Documenti/Elaborazione/project-NLP/model_parameters/android_db.cd_cont_untied/mixture_weights [36x1x1 array]
INFO: main.c(311): 12 of 12 models have observation count greater than 0.000010
INFO: main.c(95): nrm stwt: 0.952 0.048 0.000 
INFO: s3gau_io.c(169): Read /home/simone/Documenti/Elaborazione/project-NLP/model_parameters/android_db.cd_cont_untied/means [633x1x1 array]
INFO: s3gau_io.c(169): Read /home/simone/Documenti/Elaborazione/project-NLP/model_parameters/android_db.cd_cont_untied/variances [633x1x1 array]
INFO: main.c(549): Reading: /home/simone/Documenti/Elaborazione/project-NLP/model_architecture/android_db.tree_questions
INFO: main.c(588): 178 total simple questions (170 phone; 8 word bndry)
INFO: main.c(590): 40 Left Only questions, and 42 Right Only questions
INFO: dtree.c(1478): Final simple tree
|( WDBNDRY_B 0 -2.468e+05 1.881e+03 1.112e+03
|    ( QUESTION14 -1 -1.120e+05 5.329e+02 5.099e+02
|        ( QUESTION0_0_R 1 -4.711e+04 4.331e+02 2.192e+02
|            ( - -1.223e+04 1 0)
|            ( - -3.444e+04 1 0))
|        ( QUESTION12 -1 -6.439e+04 3.315e+02 2.908e+02
|            ( - -4.756e+04 2 0 QUESTION0_0_R 1 2.760e+02 2.173e+02)
|            ( - -1.650e+04 2 0 QUESTION0_0_R 1 2.045e+02 7.351e+01)))
|    ( QUESTION0 1 -1.329e+05 1.208e+03 6.021e+02
|        ( QUESTION0_12_R 1 -5.914e+04 3.765e+02 2.733e+02
|            ( - -1.947e+04 1 0)
|            ( - -3.929e+04 2 0 QUESTION0_6_R 1 2.336e+02 1.817e+02))
|        ( QUESTION0_0_R 1 -7.254e+04 6.262e+02 3.288e+02
|            ( - -4.941e+04 1 0)
|            ( - -2.250e+04 2 0 QUESTION12 -1 2.381e+02 1.045e+02))))
s>    ( WDBNDRY_B 0 -2.468e+05 1.881e+03 1.112e+03
s>        ( QUESTION14 -1 -1.120e+05 5.329e+02 5.099e+02
s>            ( QUESTION0_0_R 1 -4.711e+04 4.331e+02 2.192e+02
s>                ( - -1.223e+04 1 0)
s>                ( - -3.444e+04 1 0))
s>            ( QUESTION12 -1 -6.439e+04 3.315e+02 2.908e+02
s>                ( - -4.756e+04 2 0 QUESTION0_0_R 1 2.760e+02 2.173e+02)
s>                ( - -1.650e+04 2 0 QUESTION0_0_R 1 2.045e+02 7.351e+01)))
s>        ( QUESTION0 1 -1.329e+05 1.208e+03 6.021e+02
s>            ( QUESTION0_12_R 1 -5.914e+04 3.765e+02 2.733e+02
s>                ( - -1.947e+04 1 0)
s>                ( - -3.929e+04 2 0 QUESTION0_6_R 1 2.336e+02 1.817e+02))
s>            ( QUESTION0_0_R 1 -7.254e+04 6.262e+02 3.288e+02
s>                ( - -4.941e+04 1 0)
s>                ( - -2.250e+04 2 0 QUESTION12 -1 2.381e+02 1.045e+02))))INFO: dtree.c(1315): Comp split 0
INFO: dtree.c(1439): stop. leaf nodes are specific
INFO: dtree.c(1478): Final simple tree
|( QUESTION0 1 -1.329e+05 1.208e+03 6.021e+02
|    ( QUESTION0_12_R 1 -5.914e+04 3.765e+02 2.733e+02
|        ( - -1.947e+04 1 0)
|        ( QUESTION0_6_R 1 -3.929e+04 2.336e+02 1.817e+02
|            ( - -1.063e+04 1 0)
|            ( - -2.842e+04 1 0)))
|    ( QUESTION0_0_R 1 -7.254e+04 6.262e+02 3.288e+02
|        ( - -4.941e+04 1 0)
|        ( QUESTION12 -1 -2.250e+04 2.381e+02 1.045e+02
|            ( - -7.466e+03 1 0)
|            ( - -1.479e+04 1 0))))
s>    ( QUESTION0 1 -1.329e+05 1.208e+03 6.021e+02
s>        ( QUESTION0_12_R 1 -5.914e+04 3.765e+02 2.733e+02
s>            ( - -1.947e+04 1 0)
s>            ( QUESTION0_6_R 1 -3.929e+04 2.336e+02 1.817e+02
s>                ( - -1.063e+04 1 0)
s>                ( - -2.842e+04 1 0)))
s>        ( QUESTION0_0_R 1 -7.254e+04 6.262e+02 3.288e+02
s>            ( - -4.941e+04 1 0)
s>            ( QUESTION12 -1 -2.250e+04 2.381e+02 1.045e+02
s>                ( - -7.466e+03 1 0)
s>                ( - -1.479e+04 1 0))))INFO: dtree.c(1439): stop. leaf nodes are specific
INFO: dtree.c(1478): Final simple tree
|( QUESTION14 -1 -1.120e+05 5.329e+02 5.099e+02
|    ( QUESTION0_0_R 1 -4.711e+04 4.331e+02 2.192e+02
|        ( - -1.223e+04 1 0)
|        ( - -3.444e+04 1 0))
|    ( QUESTION12 -1 -6.439e+04 3.315e+02 2.908e+02
|        ( QUESTION0_0_R 1 -4.756e+04 2.760e+02 2.173e+02
|            ( - -3.162e+04 1 0)
|            ( - -1.567e+04 1 0))
|        ( QUESTION0_0_R 1 -1.650e+04 2.045e+02 7.351e+01
|            ( - -1.169e+04 1 0)
|            ( - -4.606e+03 1 0))))
s>    ( QUESTION14 -1 -1.120e+05 5.329e+02 5.099e+02
s>        ( QUESTION0_0_R 1 -4.711e+04 4.331e+02 2.192e+02
s>            ( - -1.223e+04 1 0)
s>            ( - -3.444e+04 1 0))
s>        ( QUESTION12 -1 -6.439e+04 3.315e+02 2.908e+02
s>            ( QUESTION0_0_R 1 -4.756e+04 2.760e+02 2.173e+02
s>                ( - -3.162e+04 1 0)
s>                ( - -1.567e+04 1 0))
s>            ( QUESTION0_0_R 1 -1.650e+04 2.045e+02 7.351e+01
s>                ( - -1.169e+04 1 0)
s>                ( - -4.606e+03 1 0))))INFO: dtree.c(1315): Comp split 1
INFO: dtree.c(1439): stop. leaf nodes are specific
INFO: dtree.c(1478): Final simple tree
|( QUESTION0_0_R 1 -7.254e+04 6.262e+02 3.288e+02
|    ( - -4.941e+04 1 0)
|    ( QUESTION12 -1 -2.250e+04 2.381e+02 1.045e+02
|        ( - -7.466e+03 1 0)
|        ( - -1.479e+04 1 0)))
s>    ( QUESTION0_0_R 1 -7.254e+04 6.262e+02 3.288e+02
s>        ( - -4.941e+04 1 0)
s>        ( QUESTION12 -1 -2.250e+04 2.381e+02 1.045e+02
s>            ( - -7.466e+03 1 0)
s>            ( - -1.479e+04 1 0)))INFO: dtree.c(1439): stop. leaf nodes are specific
INFO: dtree.c(1478): Final simple tree
|( QUESTION0_12_R 1 -5.914e+04 3.765e+02 2.733e+02
|    ( - -1.947e+04 1 0)
|    ( QUESTION0_6_R 1 -3.929e+04 2.336e+02 1.817e+02
|        ( - -1.063e+04 1 0)
|        ( - -2.842e+04 1 0)))
s>    ( QUESTION0_12_R 1 -5.914e+04 3.765e+02 2.733e+02
s>        ( - -1.947e+04 1 0)
s>        ( QUESTION0_6_R 1 -3.929e+04 2.336e+02 1.817e+02
s>            ( - -1.063e+04 1 0)
s>            ( - -2.842e+04 1 0)))INFO: dtree.c(1315): Comp split 2
INFO: dtree.c(1439): stop. leaf nodes are specific
INFO: dtree.c(1478): Final simple tree
|( QUESTION12 -1 -2.250e+04 2.381e+02 1.045e+02
|    ( - -7.466e+03 1 0)
|    ( - -1.479e+04 1 0))
s>    ( QUESTION12 -1 -2.250e+04 2.381e+02 1.045e+02
s>        ( - -7.466e+03 1 0)
s>        ( - -1.479e+04 1 0))INFO: dtree.c(1315): Comp split 3
INFO: dtree.c(1439): stop. leaf nodes are specific
INFO: dtree.c(1478): Final simple tree
|( QUESTION12 -1 -7.698e+04 4.406e+02 3.485e+02
|    ( QUESTION0_0_R 1 -4.756e+04 2.760e+02 2.173e+02
|        ( - -3.162e+04 1 0)
|        ( - -1.567e+04 1 0))
|    ( QUESTION14 -1 -2.899e+04 2.612e+02 1.312e+02
|        ( - -1.223e+04 1 0)
|        ( QUESTION0_0_R 1 -1.650e+04 2.045e+02 7.351e+01
|            ( - -1.169e+04 1 0)
|            ( - -4.606e+03 1 0))))
s>    ( QUESTION12 -1 -7.698e+04 4.406e+02 3.485e+02
s>        ( QUESTION0_0_R 1 -4.756e+04 2.760e+02 2.173e+02
s>            ( - -3.162e+04 1 0)
s>            ( - -1.567e+04 1 0))
s>        ( QUESTION14 -1 -2.899e+04 2.612e+02 1.312e+02
s>            ( - -1.223e+04 1 0)
s>            ( QUESTION0_0_R 1 -1.650e+04 2.045e+02 7.351e+01
s>                ( - -1.169e+04 1 0)
s>                ( - -4.606e+03 1 0))))INFO: dtree.c(1315): Comp split 4
INFO: dtree.c(1439): stop. leaf nodes are specific
INFO: dtree.c(1478): Final simple tree
|( QUESTION14 -1 -2.899e+04 2.612e+02 1.312e+02
|    ( - -1.223e+04 1 0)
|    ( QUESTION0_0_R 1 -1.650e+04 2.045e+02 7.351e+01
|        ( - -1.169e+04 1 0)
|        ( - -4.606e+03 1 0)))
s>    ( QUESTION14 -1 -2.899e+04 2.612e+02 1.312e+02
s>        ( - -1.223e+04 1 0)
s>        ( QUESTION0_0_R 1 -1.650e+04 2.045e+02 7.351e+01
s>            ( - -1.169e+04 1 0)
s>            ( - -4.606e+03 1 0)))INFO: dtree.c(1439): stop. leaf nodes are specific
INFO: dtree.c(1478): Final simple tree
|( QUESTION0_0_R 1 -4.756e+04 2.760e+02 2.173e+02
|    ( - -3.162e+04 1 0)
|    ( - -1.567e+04 1 0))
s>    ( QUESTION0_0_R 1 -4.756e+04 2.760e+02 2.173e+02
s>        ( - -3.162e+04 1 0)
s>        ( - -1.567e+04 1 0))INFO: dtree.c(1315): Comp split 5
INFO: dtree.c(1439): stop. leaf nodes are specific
INFO: dtree.c(1478): Final simple tree
|( QUESTION0_6_R 1 -3.929e+04 2.336e+02 1.817e+02
|    ( - -1.063e+04 1 0)
|    ( - -2.842e+04 1 0))
s>    ( QUESTION0_6_R 1 -3.929e+04 2.336e+02 1.817e+02
s>        ( - -1.063e+04 1 0)
s>        ( - -2.842e+04 1 0))INFO: dtree.c(1315): Comp split 6
INFO: dtree.c(1315): Comp split 7
INFO: dtree.c(1439): stop. leaf nodes are specific
INFO: dtree.c(1478): Final simple tree
|( QUESTION0_0_R 1 -1.650e+04 2.045e+02 7.351e+01
|    ( - -1.169e+04 1 0)
|    ( - -4.606e+03 1 0))
s>    ( QUESTION0_0_R 1 -1.650e+04 2.045e+02 7.351e+01
s>        ( - -1.169e+04 1 0)
s>        ( - -4.606e+03 1 0))INFO: dtree.c(1315): Comp split 8
INFO: dtree.c(1315): Comp split 9
INFO: dtree.c(1315): Comp split 10
INFO: dtree.c(1315): Comp split 11
INFO: dtree.c(1318): stop. leaf nodes are specific
Thu Feb 16 16:24:32 2017
