Current configuration:
[NAME]		[DEFLT]	[VALUE]
-allphones	no	no
-cntthresh	0.00001	1.000000e-05
-csplitmax	100	2000
-csplitmin	1	1
-csplitthr	8e-4	0.000000e+00
-example	no	no
-fullvar	no	no
-help		no	no
-meanfn			/home/simone/Documenti/Elaborazione/project-NLP/model_parameters/android_db.cd_cont_untied/means
-mixwfn			/home/simone/Documenti/Elaborazione/project-NLP/model_parameters/android_db.cd_cont_untied/mixture_weights
-moddeffn		/home/simone/Documenti/Elaborazione/project-NLP/model_architecture/android_db.untied.mdef
-mwfloor	1e-4	1.000000e-08
-phone			a
-psetfn			/home/simone/Documenti/Elaborazione/project-NLP/model_architecture/android_db.tree_questions
-ssplitmax	5	7
-ssplitmin	1	1
-ssplitthr	8e-4	0.000000e+00
-state			0
-stwt			1.0,0.05,0.0,
-treefn			/home/simone/Documenti/Elaborazione/project-NLP/trees/android_db.unpruned/a-0.dtree
-ts2cbfn	.semi.	.cont.
-varfloor	0.00001	1.000000e-05
-varfn			/home/simone/Documenti/Elaborazione/project-NLP/model_parameters/android_db.cd_cont_untied/variances

INFO: main.c(223): Reading: /home/simone/Documenti/Elaborazione/project-NLP/model_architecture/android_db.untied.mdef
INFO: model_def_io.c(573): Model definition info:
INFO: model_def_io.c(574): 211 total models defined (27 base, 184 tri)
INFO: model_def_io.c(575): 844 total states
INFO: model_def_io.c(576): 633 total tied states
INFO: model_def_io.c(577): 81 total tied CI states
INFO: model_def_io.c(578): 27 total tied transition matrices
INFO: model_def_io.c(579): 4 max state/model
INFO: model_def_io.c(580): 4 min state/model
INFO: main.c(242): Building trees for [a k l i] through [a t ts i]
INFO: main.c(269): Covering states |[123 146]| == 24
INFO: main.c(275): Reading: /home/simone/Documenti/Elaborazione/project-NLP/model_parameters/android_db.cd_cont_untied/mixture_weights
INFO: s3mixw_io.c(173): Read /home/simone/Documenti/Elaborazione/project-NLP/model_parameters/android_db.cd_cont_untied/mixture_weights [24x1x1 array]
INFO: main.c(311): 8 of 8 models have observation count greater than 0.000010
INFO: main.c(95): nrm stwt: 0.952 0.048 0.000 
INFO: s3gau_io.c(169): Read /home/simone/Documenti/Elaborazione/project-NLP/model_parameters/android_db.cd_cont_untied/means [633x1x1 array]
INFO: s3gau_io.c(169): Read /home/simone/Documenti/Elaborazione/project-NLP/model_parameters/android_db.cd_cont_untied/variances [633x1x1 array]
INFO: main.c(549): Reading: /home/simone/Documenti/Elaborazione/project-NLP/model_architecture/android_db.tree_questions
INFO: main.c(588): 180 total simple questions (172 phone; 8 word bndry)
INFO: main.c(590): 42 Left Only questions, and 42 Right Only questions
INFO: dtree.c(1478): Final simple tree
|( QUESTION8 -1 -1.485e+05 1.269e+03 6.929e+02
|    ( WDBNDRY_E 0 -9.061e+04 7.658e+02 4.199e+02
|        ( QUESTION0_14_R 1 -4.728e+04 3.248e+02 2.203e+02
|            ( - -2.741e+04 1 0)
|            ( QUESTION0_13_R 1 -1.954e+04 1.624e+02 9.221e+01
|                ( - -4.330e+03 1 0)
|                ( QUESTION0_19_R 1 -1.504e+04 1.327e+02 7.038e+01
|                    ( - -1.323e+04 1 0)
|                    ( - -1.676e+03 1 0))))
|        ( - -4.257e+04 1 0))
|    ( WDBNDRY_E 0 -5.666e+04 8.061e+02 2.730e+02
|        ( - -2.828e+04 1 0)
|        ( QUESTION0_9_R 1 -2.757e+04 3.187e+02 1.341e+02
|            ( - -1.824e+04 1 0)
|            ( - -9.019e+03 1 0))))
s>    ( QUESTION8 -1 -1.485e+05 1.269e+03 6.929e+02
s>        ( WDBNDRY_E 0 -9.061e+04 7.658e+02 4.199e+02
s>            ( QUESTION0_14_R 1 -4.728e+04 3.248e+02 2.203e+02
s>                ( - -2.741e+04 1 0)
s>                ( QUESTION0_13_R 1 -1.954e+04 1.624e+02 9.221e+01
s>                    ( - -4.330e+03 1 0)
s>                    ( QUESTION0_19_R 1 -1.504e+04 1.327e+02 7.038e+01
s>                        ( - -1.323e+04 1 0)
s>                        ( - -1.676e+03 1 0))))
s>            ( - -4.257e+04 1 0))
s>        ( WDBNDRY_E 0 -5.666e+04 8.061e+02 2.730e+02
s>            ( - -2.828e+04 1 0)
s>            ( QUESTION0_9_R 1 -2.757e+04 3.187e+02 1.341e+02
s>                ( - -1.824e+04 1 0)
s>                ( - -9.019e+03 1 0))))INFO: dtree.c(1315): Comp split 0
INFO: dtree.c(1439): stop. leaf nodes are specific
INFO: dtree.c(1478): Final simple tree
|( WDBNDRY_E 0 -9.061e+04 7.658e+02 4.199e+02
|    ( QUESTION0_14_R 1 -4.728e+04 3.248e+02 2.203e+02
|        ( - -2.741e+04 1 0)
|        ( QUESTION0_13_R 1 -1.954e+04 1.624e+02 9.221e+01
|            ( - -4.330e+03 1 0)
|            ( QUESTION0_19_R 1 -1.504e+04 1.327e+02 7.038e+01
|                ( - -1.323e+04 1 0)
|                ( - -1.676e+03 1 0))))
|    ( - -4.257e+04 1 0))
s>    ( WDBNDRY_E 0 -9.061e+04 7.658e+02 4.199e+02
s>        ( QUESTION0_14_R 1 -4.728e+04 3.248e+02 2.203e+02
s>            ( - -2.741e+04 1 0)
s>            ( QUESTION0_13_R 1 -1.954e+04 1.624e+02 9.221e+01
s>                ( - -4.330e+03 1 0)
s>                ( QUESTION0_19_R 1 -1.504e+04 1.327e+02 7.038e+01
s>                    ( - -1.323e+04 1 0)
s>                    ( - -1.676e+03 1 0))))
s>        ( - -4.257e+04 1 0))INFO: dtree.c(1439): stop. leaf nodes are specific
INFO: dtree.c(1478): Final simple tree
|( WDBNDRY_E 0 -5.666e+04 8.061e+02 2.730e+02
|    ( - -2.828e+04 1 0)
|    ( QUESTION0_9_R 1 -2.757e+04 3.187e+02 1.341e+02
|        ( - -1.824e+04 1 0)
|        ( - -9.019e+03 1 0)))
s>    ( WDBNDRY_E 0 -5.666e+04 8.061e+02 2.730e+02
s>        ( - -2.828e+04 1 0)
s>        ( QUESTION0_9_R 1 -2.757e+04 3.187e+02 1.341e+02
s>            ( - -1.824e+04 1 0)
s>            ( - -9.019e+03 1 0)))INFO: dtree.c(1315): Comp split 1
INFO: dtree.c(1439): stop. leaf nodes are specific
INFO: dtree.c(1478): Final simple tree
|( QUESTION0_9_R 1 -2.757e+04 3.187e+02 1.341e+02
|    ( - -1.824e+04 1 0)
|    ( - -9.019e+03 1 0))
s>    ( QUESTION0_9_R 1 -2.757e+04 3.187e+02 1.341e+02
s>        ( - -1.824e+04 1 0)
s>        ( - -9.019e+03 1 0))INFO: dtree.c(1315): Comp split 2
INFO: dtree.c(1439): stop. leaf nodes are specific
INFO: dtree.c(1478): Final simple tree
|( QUESTION0_14_R 1 -4.728e+04 3.248e+02 2.203e+02
|    ( - -2.741e+04 1 0)
|    ( QUESTION0_13_R 1 -1.954e+04 1.624e+02 9.221e+01
|        ( - -4.330e+03 1 0)
|        ( QUESTION0_19_R 1 -1.504e+04 1.327e+02 7.038e+01
|            ( - -1.323e+04 1 0)
|            ( - -1.676e+03 1 0))))
s>    ( QUESTION0_14_R 1 -4.728e+04 3.248e+02 2.203e+02
s>        ( - -2.741e+04 1 0)
s>        ( QUESTION0_13_R 1 -1.954e+04 1.624e+02 9.221e+01
s>            ( - -4.330e+03 1 0)
s>            ( QUESTION0_19_R 1 -1.504e+04 1.327e+02 7.038e+01
s>                ( - -1.323e+04 1 0)
s>                ( - -1.676e+03 1 0))))INFO: dtree.c(1315): Comp split 3
INFO: dtree.c(1439): stop. leaf nodes are specific
INFO: dtree.c(1478): Final simple tree
|( QUESTION0_13_R 1 -1.954e+04 1.624e+02 9.221e+01
|    ( - -4.330e+03 1 0)
|    ( QUESTION0_19_R 1 -1.504e+04 1.327e+02 7.038e+01
|        ( - -1.323e+04 1 0)
|        ( - -1.676e+03 1 0)))
s>    ( QUESTION0_13_R 1 -1.954e+04 1.624e+02 9.221e+01
s>        ( - -4.330e+03 1 0)
s>        ( QUESTION0_19_R 1 -1.504e+04 1.327e+02 7.038e+01
s>            ( - -1.323e+04 1 0)
s>            ( - -1.676e+03 1 0)))INFO: dtree.c(1315): Comp split 4
INFO: dtree.c(1315): Comp split 5
INFO: dtree.c(1439): stop. leaf nodes are specific
INFO: dtree.c(1478): Final simple tree
|( QUESTION0_19_R 1 -1.504e+04 1.327e+02 7.038e+01
|    ( - -1.323e+04 1 0)
|    ( - -1.676e+03 1 0))
s>    ( QUESTION0_19_R 1 -1.504e+04 1.327e+02 7.038e+01
s>        ( - -1.323e+04 1 0)
s>        ( - -1.676e+03 1 0))INFO: dtree.c(1315): Comp split 6
INFO: dtree.c(1315): Comp split 7
INFO: dtree.c(1318): stop. leaf nodes are specific
Sun Dec 11 12:12:05 2016
