Current configuration:
[NAME]		[DEFLT]	[VALUE]
-allphones	no	no
-cntthresh	0.00001	1.000000e-05
-csplitmax	100	2000
-csplitmin	1	1
-csplitthr	8e-4	0.000000e+00
-example	no	no
-fullvar	no	no
-help		no	no
-meanfn			/home/simone/Documenti/Elaborazione/project-NLP/model_parameters/android_db.cd_cont_untied/means
-mixwfn			/home/simone/Documenti/Elaborazione/project-NLP/model_parameters/android_db.cd_cont_untied/mixture_weights
-moddeffn		/home/simone/Documenti/Elaborazione/project-NLP/model_architecture/android_db.untied.mdef
-mwfloor	1e-4	1.000000e-08
-phone			e
-psetfn			/home/simone/Documenti/Elaborazione/project-NLP/model_architecture/android_db.tree_questions
-ssplitmax	5	7
-ssplitmin	1	1
-ssplitthr	8e-4	0.000000e+00
-state			0
-stwt			1.0,0.05,0.0,
-treefn			/home/simone/Documenti/Elaborazione/project-NLP/trees/android_db.unpruned/e-0.dtree
-ts2cbfn	.semi.	.cont.
-varfloor	0.00001	1.000000e-05
-varfn			/home/simone/Documenti/Elaborazione/project-NLP/model_parameters/android_db.cd_cont_untied/variances

INFO: main.c(223): Reading: /home/simone/Documenti/Elaborazione/project-NLP/model_architecture/android_db.untied.mdef
INFO: model_def_io.c(573): Model definition info:
INFO: model_def_io.c(574): 211 total models defined (27 base, 184 tri)
INFO: model_def_io.c(575): 844 total states
INFO: model_def_io.c(576): 633 total tied states
INFO: model_def_io.c(577): 81 total tied CI states
INFO: model_def_io.c(578): 27 total tied transition matrices
INFO: model_def_io.c(579): 4 max state/model
INFO: model_def_io.c(580): 4 min state/model
INFO: main.c(242): Building trees for [e m r i] through [e w ts e]
INFO: main.c(269): Covering states |[180 233]| == 54
INFO: main.c(275): Reading: /home/simone/Documenti/Elaborazione/project-NLP/model_parameters/android_db.cd_cont_untied/mixture_weights
INFO: s3mixw_io.c(173): Read /home/simone/Documenti/Elaborazione/project-NLP/model_parameters/android_db.cd_cont_untied/mixture_weights [54x1x1 array]
INFO: main.c(311): 18 of 18 models have observation count greater than 0.000010
INFO: main.c(95): nrm stwt: 0.952 0.048 0.000 
INFO: s3gau_io.c(169): Read /home/simone/Documenti/Elaborazione/project-NLP/model_parameters/android_db.cd_cont_untied/means [633x1x1 array]
INFO: s3gau_io.c(169): Read /home/simone/Documenti/Elaborazione/project-NLP/model_parameters/android_db.cd_cont_untied/variances [633x1x1 array]
INFO: main.c(549): Reading: /home/simone/Documenti/Elaborazione/project-NLP/model_architecture/android_db.tree_questions
INFO: main.c(588): 180 total simple questions (172 phone; 8 word bndry)
INFO: main.c(590): 42 Left Only questions, and 42 Right Only questions
INFO: dtree.c(1478): Final simple tree
|( QUESTION16 -1 -6.665e+05 1.179e+03 3.174e+03
|    ( - -2.228e+05 4 0 QUESTION6 1 1.840e+02 1.058e+03)
|    ( WDBNDRY_E 0 -4.425e+05 1.054e+03 2.117e+03
|        ( QUESTION7 -1 -3.807e+05 8.320e+02 1.813e+03
|            ( - -4.869e+04 2 0 SILENCE 1 2.522e+02 2.320e+02)
|            ( QUESTION14 -1 -3.312e+05 7.735e+02 1.582e+03
|                ( - -5.827e+04 2 0 QUESTION0_19_R 1 1.194e+02 2.736e+02)
|                ( QUESTION13 1 -2.722e+05 7.603e+02 1.308e+03
|                    ( - -3.140e+04 1 0)
|                    ( SILENCE 1 -2.400e+05 3.982e+02 1.155e+03
|                        ( - -2.296e+04 1 0)
|                        ( QUESTION6 -1 -2.167e+05 3.218e+02 1.048e+03
|                            ( - -1.302e+05 4 0 QUESTION0_13_R 1 2.516e+02 6.313e+02)
|                            ( - -8.611e+04 3 0 QUESTION17 1 2.052e+02 4.164e+02))))))
|        ( - -6.075e+04 1 0)))
s>    ( QUESTION16 -1 -6.665e+05 1.179e+03 3.174e+03
s>        ( - -2.228e+05 4 0 QUESTION6 1 1.840e+02 1.058e+03)
s>        ( WDBNDRY_E 0 -4.425e+05 1.054e+03 2.117e+03
s>            ( QUESTION7 -1 -3.807e+05 8.320e+02 1.813e+03
s>                ( - -4.869e+04 2 0 SILENCE 1 2.522e+02 2.320e+02)
s>                ( QUESTION14 -1 -3.312e+05 7.735e+02 1.582e+03
s>                    ( - -5.827e+04 2 0 QUESTION0_19_R 1 1.194e+02 2.736e+02)
s>                    ( QUESTION13 1 -2.722e+05 7.603e+02 1.308e+03
s>                        ( - -3.140e+04 1 0)
s>                        ( SILENCE 1 -2.400e+05 3.982e+02 1.155e+03
s>                            ( - -2.296e+04 1 0)
s>                            ( QUESTION6 -1 -2.167e+05 3.218e+02 1.048e+03
s>                                ( - -1.302e+05 4 0 QUESTION0_13_R 1 2.516e+02 6.313e+02)
s>                                ( - -8.611e+04 3 0 QUESTION17 1 2.052e+02 4.164e+02))))))
s>            ( - -6.075e+04 1 0)))INFO: dtree.c(1315): Comp split 0
INFO: dtree.c(1478): Final simple tree
|( QUESTION7 -1 -2.895e+05 8.187e+02 1.387e+03
|    ( SILENCE 1 -4.869e+04 2.522e+02 2.320e+02
|        ( - -1.689e+04 1 0)
|        ( - -3.154e+04 1 0))
|    ( SILENCE 1 -2.400e+05 3.982e+02 1.155e+03
|        ( - -2.296e+04 1 0)
|        ( QUESTION6 -1 -2.167e+05 3.218e+02 1.048e+03
|            ( QUESTION0_13_R 1 -1.302e+05 2.516e+02 6.313e+02
|                ( - -7.517e+04 2 0 QUESTION0_14_R 1 1.216e+02 3.635e+02)
|                ( QUESTION0_0_R 1 -5.480e+04 1.685e+02 2.678e+02
|                    ( - -1.880e+04 1 0)
|                    ( - -3.584e+04 1 0)))
|            ( QUESTION17 1 -8.611e+04 2.052e+02 4.164e+02
|                ( - -3.847e+04 1 0)
|                ( - -4.743e+04 2 0 QUESTION0_14_R 1 1.197e+02 2.292e+02)))))
s>    ( QUESTION7 -1 -2.895e+05 8.187e+02 1.387e+03
s>        ( SILENCE 1 -4.869e+04 2.522e+02 2.320e+02
s>            ( - -1.689e+04 1 0)
s>            ( - -3.154e+04 1 0))
s>        ( SILENCE 1 -2.400e+05 3.982e+02 1.155e+03
s>            ( - -2.296e+04 1 0)
s>            ( QUESTION6 -1 -2.167e+05 3.218e+02 1.048e+03
s>                ( QUESTION0_13_R 1 -1.302e+05 2.516e+02 6.313e+02
s>                    ( - -7.517e+04 2 0 QUESTION0_14_R 1 1.216e+02 3.635e+02)
s>                    ( QUESTION0_0_R 1 -5.480e+04 1.685e+02 2.678e+02
s>                        ( - -1.880e+04 1 0)
s>                        ( - -3.584e+04 1 0)))
s>                ( QUESTION17 1 -8.611e+04 2.052e+02 4.164e+02
s>                    ( - -3.847e+04 1 0)
s>                    ( - -4.743e+04 2 0 QUESTION0_14_R 1 1.197e+02 2.292e+02)))))INFO: dtree.c(1478): Final simple tree
|( WDBNDRY_E 0 -3.753e+05 9.360e+02 1.787e+03
|    ( QUESTION0_15_R 1 -3.136e+05 6.379e+02 1.484e+03
|        ( - -3.140e+04 1 0)
|        ( QUESTION6 -1 -2.815e+05 5.162e+02 1.331e+03
|            ( QUESTION0_19_R 1 -5.827e+04 1.194e+02 2.736e+02
|                ( - -3.207e+04 1 0)
|                ( - -2.608e+04 1 0))
|            ( QUESTION6 1 -2.228e+05 1.840e+02 1.058e+03
|                ( QUESTION0_19_R 1 -1.744e+05 1.266e+02 8.281e+02
|                    ( - -4.788e+04 1 0)
|                    ( QUESTION0_13_R 1 -1.264e+05 1.092e+02 5.993e+02
|                        ( - -4.274e+04 1 0)
|                        ( - -8.352e+04 1 0)))
|                ( - -4.820e+04 1 0))))
|    ( - -6.075e+04 1 0))
s>    ( WDBNDRY_E 0 -3.753e+05 9.360e+02 1.787e+03
s>        ( QUESTION0_15_R 1 -3.136e+05 6.379e+02 1.484e+03
s>            ( - -3.140e+04 1 0)
s>            ( QUESTION6 -1 -2.815e+05 5.162e+02 1.331e+03
s>                ( QUESTION0_19_R 1 -5.827e+04 1.194e+02 2.736e+02
s>                    ( - -3.207e+04 1 0)
s>                    ( - -2.608e+04 1 0))
s>                ( QUESTION6 1 -2.228e+05 1.840e+02 1.058e+03
s>                    ( QUESTION0_19_R 1 -1.744e+05 1.266e+02 8.281e+02
s>                        ( - -4.788e+04 1 0)
s>                        ( QUESTION0_13_R 1 -1.264e+05 1.092e+02 5.993e+02
s>                            ( - -4.274e+04 1 0)
s>                            ( - -8.352e+04 1 0)))
s>                    ( - -4.820e+04 1 0))))
s>        ( - -6.075e+04 1 0))INFO: dtree.c(1315): Comp split 1
INFO: dtree.c(1439): stop. leaf nodes are specific
INFO: dtree.c(1478): Final simple tree
|( QUESTION6 -1 -2.815e+05 5.162e+02 1.331e+03
|    ( QUESTION0_19_R 1 -5.827e+04 1.194e+02 2.736e+02
|        ( - -3.207e+04 1 0)
|        ( - -2.608e+04 1 0))
|    ( QUESTION6 1 -2.228e+05 1.840e+02 1.058e+03
|        ( QUESTION0_19_R 1 -1.744e+05 1.266e+02 8.281e+02
|            ( - -4.788e+04 1 0)
|            ( QUESTION0_13_R 1 -1.264e+05 1.092e+02 5.993e+02
|                ( - -4.274e+04 1 0)
|                ( - -8.352e+04 1 0)))
|        ( - -4.820e+04 1 0)))
s>    ( QUESTION6 -1 -2.815e+05 5.162e+02 1.331e+03
s>        ( QUESTION0_19_R 1 -5.827e+04 1.194e+02 2.736e+02
s>            ( - -3.207e+04 1 0)
s>            ( - -2.608e+04 1 0))
s>        ( QUESTION6 1 -2.228e+05 1.840e+02 1.058e+03
s>            ( QUESTION0_19_R 1 -1.744e+05 1.266e+02 8.281e+02
s>                ( - -4.788e+04 1 0)
s>                ( QUESTION0_13_R 1 -1.264e+05 1.092e+02 5.993e+02
s>                    ( - -4.274e+04 1 0)
s>                    ( - -8.352e+04 1 0)))
s>            ( - -4.820e+04 1 0)))INFO: dtree.c(1439): stop. leaf nodes are specific
INFO: dtree.c(1478): Final simple tree
|( WDBNDRY_E 0 -9.272e+04 5.708e+02 4.556e+02
|    ( - -3.140e+04 1 0)
|    ( - -6.075e+04 1 0))
s>    ( WDBNDRY_E 0 -9.272e+04 5.708e+02 4.556e+02
s>        ( - -3.140e+04 1 0)
s>        ( - -6.075e+04 1 0))INFO: dtree.c(1315): Comp split 2
INFO: dtree.c(1478): Final simple tree
|( SILENCE 1 -2.400e+05 3.982e+02 1.155e+03
|    ( - -2.296e+04 1 0)
|    ( QUESTION6 -1 -2.167e+05 3.218e+02 1.048e+03
|        ( QUESTION0_13_R 1 -1.302e+05 2.516e+02 6.313e+02
|            ( QUESTION0_14_R 1 -7.517e+04 1.216e+02 3.635e+02
|                ( - -3.935e+04 1 0)
|                ( - -3.570e+04 1 0))
|            ( QUESTION0_0_R 1 -5.480e+04 1.685e+02 2.678e+02
|                ( - -1.880e+04 1 0)
|                ( - -3.584e+04 1 0)))
|        ( QUESTION17 1 -8.611e+04 2.052e+02 4.164e+02
|            ( - -3.847e+04 1 0)
|            ( QUESTION0_14_R 1 -4.743e+04 1.197e+02 2.292e+02
|                ( - -2.258e+04 1 0)
|                ( - -2.473e+04 1 0)))))
s>    ( SILENCE 1 -2.400e+05 3.982e+02 1.155e+03
s>        ( - -2.296e+04 1 0)
s>        ( QUESTION6 -1 -2.167e+05 3.218e+02 1.048e+03
s>            ( QUESTION0_13_R 1 -1.302e+05 2.516e+02 6.313e+02
s>                ( QUESTION0_14_R 1 -7.517e+04 1.216e+02 3.635e+02
s>                    ( - -3.935e+04 1 0)
s>                    ( - -3.570e+04 1 0))
s>                ( QUESTION0_0_R 1 -5.480e+04 1.685e+02 2.678e+02
s>                    ( - -1.880e+04 1 0)
s>                    ( - -3.584e+04 1 0)))
s>            ( QUESTION17 1 -8.611e+04 2.052e+02 4.164e+02
s>                ( - -3.847e+04 1 0)
s>                ( QUESTION0_14_R 1 -4.743e+04 1.197e+02 2.292e+02
s>                    ( - -2.258e+04 1 0)
s>                    ( - -2.473e+04 1 0)))))INFO: dtree.c(1439): stop. leaf nodes are specific
INFO: dtree.c(1478): Final simple tree
|( SILENCE 1 -4.869e+04 2.522e+02 2.320e+02
|    ( - -1.689e+04 1 0)
|    ( - -3.154e+04 1 0))
s>    ( SILENCE 1 -4.869e+04 2.522e+02 2.320e+02
s>        ( - -1.689e+04 1 0)
s>        ( - -3.154e+04 1 0))INFO: dtree.c(1315): Comp split 3
INFO: dtree.c(1315): Comp split 4
INFO: dtree.c(1439): stop. leaf nodes are specific
INFO: dtree.c(1478): Final simple tree
|( QUESTION6 1 -2.228e+05 1.840e+02 1.058e+03
|    ( QUESTION0_19_R 1 -1.744e+05 1.266e+02 8.281e+02
|        ( - -4.788e+04 1 0)
|        ( QUESTION0_13_R 1 -1.264e+05 1.092e+02 5.993e+02
|            ( - -4.274e+04 1 0)
|            ( - -8.352e+04 1 0)))
|    ( - -4.820e+04 1 0))
s>    ( QUESTION6 1 -2.228e+05 1.840e+02 1.058e+03
s>        ( QUESTION0_19_R 1 -1.744e+05 1.266e+02 8.281e+02
s>            ( - -4.788e+04 1 0)
s>            ( QUESTION0_13_R 1 -1.264e+05 1.092e+02 5.993e+02
s>                ( - -4.274e+04 1 0)
s>                ( - -8.352e+04 1 0)))
s>        ( - -4.820e+04 1 0))INFO: dtree.c(1439): stop. leaf nodes are specific
INFO: dtree.c(1478): Final simple tree
|( QUESTION0_19_R 1 -5.827e+04 1.194e+02 2.736e+02
|    ( - -3.207e+04 1 0)
|    ( - -2.608e+04 1 0))
s>    ( QUESTION0_19_R 1 -5.827e+04 1.194e+02 2.736e+02
s>        ( - -3.207e+04 1 0)
s>        ( - -2.608e+04 1 0))INFO: dtree.c(1315): Comp split 5
INFO: dtree.c(1439): stop. leaf nodes are specific
INFO: dtree.c(1478): Final simple tree
|( QUESTION6 -1 -2.167e+05 3.218e+02 1.048e+03
|    ( QUESTION0_13_R 1 -1.302e+05 2.516e+02 6.313e+02
|        ( QUESTION0_14_R 1 -7.517e+04 1.216e+02 3.635e+02
|            ( - -3.935e+04 1 0)
|            ( - -3.570e+04 1 0))
|        ( QUESTION0_0_R 1 -5.480e+04 1.685e+02 2.678e+02
|            ( - -1.880e+04 1 0)
|            ( - -3.584e+04 1 0)))
|    ( QUESTION17 1 -8.611e+04 2.052e+02 4.164e+02
|        ( - -3.847e+04 1 0)
|        ( QUESTION0_14_R 1 -4.743e+04 1.197e+02 2.292e+02
|            ( - -2.258e+04 1 0)
|            ( - -2.473e+04 1 0))))
s>    ( QUESTION6 -1 -2.167e+05 3.218e+02 1.048e+03
s>        ( QUESTION0_13_R 1 -1.302e+05 2.516e+02 6.313e+02
s>            ( QUESTION0_14_R 1 -7.517e+04 1.216e+02 3.635e+02
s>                ( - -3.935e+04 1 0)
s>                ( - -3.570e+04 1 0))
s>            ( QUESTION0_0_R 1 -5.480e+04 1.685e+02 2.678e+02
s>                ( - -1.880e+04 1 0)
s>                ( - -3.584e+04 1 0)))
s>        ( QUESTION17 1 -8.611e+04 2.052e+02 4.164e+02
s>            ( - -3.847e+04 1 0)
s>            ( QUESTION0_14_R 1 -4.743e+04 1.197e+02 2.292e+02
s>                ( - -2.258e+04 1 0)
s>                ( - -2.473e+04 1 0))))INFO: dtree.c(1315): Comp split 6
INFO: dtree.c(1439): stop. leaf nodes are specific
INFO: dtree.c(1478): Final simple tree
|( QUESTION0_14_R 1 -7.517e+04 1.216e+02 3.635e+02
|    ( - -3.935e+04 1 0)
|    ( - -3.570e+04 1 0))
s>    ( QUESTION0_14_R 1 -7.517e+04 1.216e+02 3.635e+02
s>        ( - -3.935e+04 1 0)
s>        ( - -3.570e+04 1 0))INFO: dtree.c(1439): stop. leaf nodes are specific
INFO: dtree.c(1478): Final simple tree
|( QUESTION17 1 -1.411e+05 2.599e+02 6.842e+02
|    ( - -3.847e+04 1 0)
|    ( QUESTION0_0_R 1 -1.024e+05 1.839e+02 4.970e+02
|        ( - -1.880e+04 1 0)
|        ( QUESTION0_13_R 1 -8.343e+04 1.609e+02 4.023e+02
|            ( QUESTION0_14_R 1 -4.743e+04 1.197e+02 2.292e+02
|                ( - -2.258e+04 1 0)
|                ( - -2.473e+04 1 0))
|            ( - -3.584e+04 1 0))))
s>    ( QUESTION17 1 -1.411e+05 2.599e+02 6.842e+02
s>        ( - -3.847e+04 1 0)
s>        ( QUESTION0_0_R 1 -1.024e+05 1.839e+02 4.970e+02
s>            ( - -1.880e+04 1 0)
s>            ( QUESTION0_13_R 1 -8.343e+04 1.609e+02 4.023e+02
s>                ( QUESTION0_14_R 1 -4.743e+04 1.197e+02 2.292e+02
s>                    ( - -2.258e+04 1 0)
s>                    ( - -2.473e+04 1 0))
s>                ( - -3.584e+04 1 0))))INFO: dtree.c(1315): Comp split 7
INFO: dtree.c(1439): stop. leaf nodes are specific
INFO: dtree.c(1478): Final simple tree
|( QUESTION0_13_R 1 -6.071e+04 1.446e+02 2.918e+02
|    ( - -2.473e+04 1 0)
|    ( - -3.584e+04 1 0))
s>    ( QUESTION0_13_R 1 -6.071e+04 1.446e+02 2.918e+02
s>        ( - -2.473e+04 1 0)
s>        ( - -3.584e+04 1 0))INFO: dtree.c(1439): stop. leaf nodes are specific
INFO: dtree.c(1478): Final simple tree
|( QUESTION17 1 -8.016e+04 1.923e+02 3.925e+02
|    ( - -3.847e+04 1 0)
|    ( QUESTION0_0_R 1 -4.149e+04 1.166e+02 2.053e+02
|        ( - -1.880e+04 1 0)
|        ( - -2.258e+04 1 0)))
s>    ( QUESTION17 1 -8.016e+04 1.923e+02 3.925e+02
s>        ( - -3.847e+04 1 0)
s>        ( QUESTION0_0_R 1 -4.149e+04 1.166e+02 2.053e+02
s>            ( - -1.880e+04 1 0)
s>            ( - -2.258e+04 1 0)))INFO: dtree.c(1315): Comp split 8
INFO: dtree.c(1315): Comp split 9
INFO: dtree.c(1439): stop. leaf nodes are specific
INFO: dtree.c(1478): Final simple tree
|( QUESTION0_13_R 1 -1.264e+05 1.092e+02 5.993e+02
|    ( - -4.274e+04 1 0)
|    ( - -8.352e+04 1 0))
s>    ( QUESTION0_13_R 1 -1.264e+05 1.092e+02 5.993e+02
s>        ( - -4.274e+04 1 0)
s>        ( - -8.352e+04 1 0))INFO: dtree.c(1439): stop. leaf nodes are specific
INFO: dtree.c(1478): Final simple tree
|( QUESTION0_13_R 1 -9.620e+04 1.150e+02 4.584e+02
|    ( - -4.820e+04 1 0)
|    ( - -4.788e+04 1 0))
s>    ( QUESTION0_13_R 1 -9.620e+04 1.150e+02 4.584e+02
s>        ( - -4.820e+04 1 0)
s>        ( - -4.788e+04 1 0))INFO: dtree.c(1315): Comp split 10
INFO: dtree.c(1439): stop. leaf nodes are specific
INFO: dtree.c(1478): Final simple tree
|( QUESTION0_0_R 1 -4.149e+04 1.166e+02 2.053e+02
|    ( - -1.880e+04 1 0)
|    ( - -2.258e+04 1 0))
s>    ( QUESTION0_0_R 1 -4.149e+04 1.166e+02 2.053e+02
s>        ( - -1.880e+04 1 0)
s>        ( - -2.258e+04 1 0))INFO: dtree.c(1315): Comp split 11
INFO: dtree.c(1315): Comp split 12
INFO: dtree.c(1315): Comp split 13
INFO: dtree.c(1315): Comp split 14
INFO: dtree.c(1315): Comp split 15
INFO: dtree.c(1315): Comp split 16
INFO: dtree.c(1315): Comp split 17
INFO: dtree.c(1318): stop. leaf nodes are specific
Sun Dec 11 12:12:06 2016
