Current configuration:
[NAME]		[DEFLT]	[VALUE]
-dictfn			/home/simone/Documenti/Elaborazione/project-NLP/etc/android_db.dic
-example	no	no
-fdictfn		/home/simone/Documenti/Elaborazione/project-NLP/etc/android_db.filler
-help		no	no
-ignorewpos	no	no
-inCDmdef		
-inCImdef		
-lsnfn			
-maxtriphones	100000	100000
-minocc		1	1
-n_state_pm	3	3
-oalltphnmdef		/home/simone/Documenti/Elaborazione/project-NLP/model_architecture/android_db.alltriphones.mdef
-ocimdef		
-ocountfn		
-ountiedmdef		
-phnlstfn		/home/simone/Documenti/Elaborazione/project-NLP/model_architecture/android_db.phonelist
-triphnlstfn		

INFO: main.c(94): Will write alltriphone mdef file /home/simone/Documenti/Elaborazione/project-NLP/model_architecture/android_db.alltriphones.mdef
INFO: mk_mdef_gen.c(189): 0 single word triphones in input phone list
INFO: mk_mdef_gen.c(190): 0 word beginning triphones in input phone list
INFO: mk_mdef_gen.c(191): 0 word internal triphones in input phone list
INFO: mk_mdef_gen.c(192): 0 word ending triphones in input phone list
INFO: mk_mdef_gen.c(280): Reading dict /home/simone/Documenti/Elaborazione/project-NLP/etc/android_db.dic
INFO: mk_mdef_gen.c(322): 24 words in dict /home/simone/Documenti/Elaborazione/project-NLP/etc/android_db.dic
INFO: mk_mdef_gen.c(280): Reading dict /home/simone/Documenti/Elaborazione/project-NLP/etc/android_db.filler
INFO: mk_mdef_gen.c(322): 3 words in dict /home/simone/Documenti/Elaborazione/project-NLP/etc/android_db.filler
INFO: mk_mdef_gen.c(442): 27 words in dictionary
INFO: mk_mdef_gen.c(443): 104 unique single word triphones in dictionary
INFO: mk_mdef_gen.c(444): 152 unique word beginning triphones in dictionary
INFO: mk_mdef_gen.c(445): 81 unique word internal triphones in dictionary
INFO: mk_mdef_gen.c(446): 234 unique word ending triphones in dictionary
INFO: mk_mdef_gen.c(897): 27 n_base, 571 n_tri
INFO: mk_mdef_gen.c(969): Wrote mdef file /home/simone/Documenti/Elaborazione/project-NLP/model_architecture/android_db.alltriphones.mdef
Mon Jan 23 11:22:22 2017
