Current configuration:
[NAME]		[DEFLT]	[VALUE]
-allphones	no	no
-example	no	no
-help		no	no
-imoddeffn		/home/simone/Documenti/Elaborazione/project-NLP/model_architecture/android_db.alltriphones.mdef
-omoddeffn		/home/simone/Documenti/Elaborazione/project-NLP/model_architecture/android_db.200.mdef
-psetfn			/home/simone/Documenti/Elaborazione/project-NLP/model_architecture/android_db.tree_questions
-treedir		/home/simone/Documenti/Elaborazione/project-NLP/trees/android_db.200

INFO: model_def_io.c(573): Model definition info:
INFO: model_def_io.c(574): 37 total models defined (14 base, 23 tri)
INFO: model_def_io.c(575): 148 total states
INFO: model_def_io.c(576): 111 total tied states
INFO: model_def_io.c(577): 42 total tied CI states
INFO: model_def_io.c(578): 14 total tied transition matrices
INFO: model_def_io.c(579): 4 max state/model
INFO: model_def_io.c(580): 4 min state/model
INFO: main.c(93): Reading: /home/simone/Documenti/Elaborazione/project-NLP/model_architecture/android_db.tree_questions
INFO: main.c(124): a-0: offset 42
INFO: main.c(124): a-1: offset 43
INFO: main.c(124): a-2: offset 44
INFO: main.c(124): a1-0: offset 45
INFO: main.c(124): a1-1: offset 46
INFO: main.c(124): a1-2: offset 47
INFO: main.c(124): i-0: offset 48
INFO: main.c(124): i-1: offset 51
INFO: main.c(124): i-2: offset 54
INFO: main.c(124): j-0: offset 57
INFO: main.c(124): j-1: offset 58
INFO: main.c(124): j-2: offset 59
INFO: main.c(124): m-0: offset 60
INFO: main.c(124): m-1: offset 61
INFO: main.c(124): m-2: offset 62
INFO: main.c(124): n-0: offset 63
INFO: main.c(124): n-1: offset 64
INFO: main.c(124): n-2: offset 65
INFO: main.c(124): o-0: offset 66
INFO: main.c(124): o-1: offset 67
INFO: main.c(124): o-2: offset 68
INFO: main.c(124): o1-0: offset 69
INFO: main.c(124): o1-1: offset 70
INFO: main.c(124): o1-2: offset 71
INFO: main.c(124): p-0: offset 72
INFO: main.c(124): p-1: offset 74
INFO: main.c(124): p-2: offset 76
INFO: main.c(124): r-0: offset 78
INFO: main.c(124): r-1: offset 79
INFO: main.c(124): r-2: offset 80
INFO: main.c(124): s-0: offset 81
INFO: main.c(124): s-1: offset 82
INFO: main.c(124): s-2: offset 83
INFO: main.c(124): t-0: offset 84
INFO: main.c(124): t-1: offset 85
INFO: main.c(124): t-2: offset 86
INFO: main.c(124): ts-0: offset 87
INFO: main.c(124): ts-1: offset 89
INFO: main.c(124): ts-2: offset 91
INFO: main.c(145): n_seno= 93
Mon Nov 14 20:50:21 2016
