Current configuration:
[NAME]		[DEFLT]	[VALUE]
-allphones	no	no
-example	no	no
-help		no	no
-itreedir		/home/simone/Documenti/Elaborazione/project-NLP/trees/android_db.unpruned
-minocc		0.0	0.000000e+00
-moddeffn		/home/simone/Documenti/Elaborazione/project-NLP/model_architecture/android_db.alltriphones.mdef
-nseno			2000
-otreedir		/home/simone/Documenti/Elaborazione/project-NLP/trees/android_db.2000
-psetfn			/home/simone/Documenti/Elaborazione/project-NLP/model_architecture/android_db.tree_questions

INFO: main.c(76): Reading: /home/simone/Documenti/Elaborazione/project-NLP/model_architecture/android_db.alltriphones.mdef
INFO: model_def_io.c(573): Model definition info:
INFO: model_def_io.c(574): 598 total models defined (27 base, 571 tri)
INFO: model_def_io.c(575): 2392 total states
INFO: model_def_io.c(576): 1794 total tied states
INFO: model_def_io.c(577): 81 total tied CI states
INFO: model_def_io.c(578): 27 total tied transition matrices
INFO: model_def_io.c(579): 4 max state/model
INFO: model_def_io.c(580): 4 min state/model
INFO: main.c(82): Reading: /home/simone/Documenti/Elaborazione/project-NLP/model_architecture/android_db.tree_questions
INFO: main.c(185): EE-0	8 [0 < 0.000000e+00]
INFO: main.c(185): EE-1	8 [0 < 0.000000e+00]
INFO: main.c(185): EE-2	8 [0 < 0.000000e+00]
INFO: main.c(185): OO-0	4 [0 < 0.000000e+00]
INFO: main.c(185): OO-1	4 [0 < 0.000000e+00]
INFO: main.c(185): OO-2	4 [0 < 0.000000e+00]
INFO: main.c(185): a-0	8 [0 < 0.000000e+00]
INFO: main.c(185): a-1	8 [0 < 0.000000e+00]
INFO: main.c(185): a-2	8 [0 < 0.000000e+00]
INFO: main.c(185): a1-0	7 [0 < 0.000000e+00]
INFO: main.c(185): a1-1	7 [0 < 0.000000e+00]
INFO: main.c(185): a1-2	7 [0 < 0.000000e+00]
INFO: main.c(185): d-0	4 [0 < 0.000000e+00]
INFO: main.c(185): d-1	4 [0 < 0.000000e+00]
INFO: main.c(185): d-2	4 [0 < 0.000000e+00]
INFO: main.c(185): e-0	17 [0 < 0.000000e+00]
INFO: main.c(185): e-1	17 [0 < 0.000000e+00]
INFO: main.c(185): e-2	17 [0 < 0.000000e+00]
INFO: main.c(185): e1-0	2 [0 < 0.000000e+00]
INFO: main.c(185): e1-1	2 [0 < 0.000000e+00]
INFO: main.c(185): e1-2	2 [0 < 0.000000e+00]
INFO: main.c(185): i-0	12 [0 < 0.000000e+00]
INFO: main.c(185): i-1	12 [0 < 0.000000e+00]
INFO: main.c(185): i-2	12 [0 < 0.000000e+00]
INFO: main.c(185): i1-0	2 [0 < 0.000000e+00]
INFO: main.c(185): i1-1	2 [0 < 0.000000e+00]
INFO: main.c(185): i1-2	2 [0 < 0.000000e+00]
INFO: main.c(185): j-0	3 [0 < 0.000000e+00]
INFO: main.c(185): j-1	3 [0 < 0.000000e+00]
INFO: main.c(185): j-2	3 [0 < 0.000000e+00]
INFO: main.c(185): k-0	11 [0 < 0.000000e+00]
INFO: main.c(185): k-1	11 [0 < 0.000000e+00]
INFO: main.c(185): k-2	11 [0 < 0.000000e+00]
INFO: main.c(185): l-0	5 [0 < 0.000000e+00]
INFO: main.c(185): l-1	5 [0 < 0.000000e+00]
INFO: main.c(185): l-2	5 [0 < 0.000000e+00]
INFO: main.c(185): m-0	5 [0 < 0.000000e+00]
INFO: main.c(185): m-1	5 [0 < 0.000000e+00]
INFO: main.c(185): m-2	5 [0 < 0.000000e+00]
INFO: main.c(185): n-0	11 [0 < 0.000000e+00]
INFO: main.c(185): n-1	11 [0 < 0.000000e+00]
INFO: main.c(185): n-2	11 [0 < 0.000000e+00]
INFO: main.c(185): ng-0	1 [0 < 0.000000e+00]
INFO: main.c(185): ng-1	1 [0 < 0.000000e+00]
INFO: main.c(185): ng-2	1 [0 < 0.000000e+00]
INFO: main.c(185): o-0	21 [0 < 0.000000e+00]
INFO: main.c(185): o-1	21 [0 < 0.000000e+00]
INFO: main.c(185): o-2	21 [0 < 0.000000e+00]
INFO: main.c(185): o1-0	3 [0 < 0.000000e+00]
INFO: main.c(185): o1-1	3 [0 < 0.000000e+00]
INFO: main.c(185): o1-2	3 [0 < 0.000000e+00]
INFO: main.c(185): p-0	3 [0 < 0.000000e+00]
INFO: main.c(185): p-1	3 [0 < 0.000000e+00]
INFO: main.c(185): p-2	3 [0 < 0.000000e+00]
INFO: main.c(185): r-0	8 [0 < 0.000000e+00]
INFO: main.c(185): r-1	8 [0 < 0.000000e+00]
INFO: main.c(185): r-2	8 [0 < 0.000000e+00]
INFO: main.c(185): s-0	4 [0 < 0.000000e+00]
INFO: main.c(185): s-1	4 [0 < 0.000000e+00]
INFO: main.c(185): s-2	4 [0 < 0.000000e+00]
INFO: main.c(185): t-0	15 [0 < 0.000000e+00]
INFO: main.c(185): t-1	15 [0 < 0.000000e+00]
INFO: main.c(185): t-2	15 [0 < 0.000000e+00]
INFO: main.c(185): tSS-0	4 [0 < 0.000000e+00]
INFO: main.c(185): tSS-1	4 [0 < 0.000000e+00]
INFO: main.c(185): tSS-2	4 [0 < 0.000000e+00]
INFO: main.c(185): ts-0	5 [0 < 0.000000e+00]
INFO: main.c(185): ts-1	5 [0 < 0.000000e+00]
INFO: main.c(185): ts-2	5 [0 < 0.000000e+00]
INFO: main.c(185): u1-0	4 [0 < 0.000000e+00]
INFO: main.c(185): u1-1	4 [0 < 0.000000e+00]
INFO: main.c(185): u1-2	4 [0 < 0.000000e+00]
INFO: main.c(185): v-0	3 [0 < 0.000000e+00]
INFO: main.c(185): v-1	3 [0 < 0.000000e+00]
INFO: main.c(185): v-2	3 [0 < 0.000000e+00]
INFO: main.c(185): w-0	2 [0 < 0.000000e+00]
INFO: main.c(185): w-1	2 [0 < 0.000000e+00]
INFO: main.c(185): w-2	2 [0 < 0.000000e+00]
INFO: main.c(270): Prior to pruning n_seno= 516
WARN: "main.c", line 275: n_seno_wanted= 2000, but only 516 defined by trees
INFO: main.c(278): n_twig= 186
INFO: main.c(386): EE-0	15
INFO: main.c(386): EE-1	15
INFO: main.c(386): EE-2	15
INFO: main.c(386): OO-0	7
INFO: main.c(386): OO-1	7
INFO: main.c(386): OO-2	7
INFO: main.c(386): a-0	15
INFO: main.c(386): a-1	15
INFO: main.c(386): a-2	15
INFO: main.c(386): a1-0	13
INFO: main.c(386): a1-1	13
INFO: main.c(386): a1-2	13
INFO: main.c(386): d-0	7
INFO: main.c(386): d-1	7
INFO: main.c(386): d-2	7
INFO: main.c(386): e-0	33
INFO: main.c(386): e-1	33
INFO: main.c(386): e-2	33
INFO: main.c(386): e1-0	3
INFO: main.c(386): e1-1	3
INFO: main.c(386): e1-2	3
INFO: main.c(386): i-0	23
INFO: main.c(386): i-1	23
INFO: main.c(386): i-2	23
INFO: main.c(386): i1-0	3
INFO: main.c(386): i1-1	3
INFO: main.c(386): i1-2	3
INFO: main.c(386): j-0	5
INFO: main.c(386): j-1	5
INFO: main.c(386): j-2	5
INFO: main.c(386): k-0	21
INFO: main.c(386): k-1	21
INFO: main.c(386): k-2	21
INFO: main.c(386): l-0	9
INFO: main.c(386): l-1	9
INFO: main.c(386): l-2	9
INFO: main.c(386): m-0	9
INFO: main.c(386): m-1	9
INFO: main.c(386): m-2	9
INFO: main.c(386): n-0	21
INFO: main.c(386): n-1	21
INFO: main.c(386): n-2	21
INFO: main.c(386): ng-0	1
INFO: main.c(386): ng-1	1
INFO: main.c(386): ng-2	1
INFO: main.c(386): o-0	41
INFO: main.c(386): o-1	41
INFO: main.c(386): o-2	41
INFO: main.c(386): o1-0	5
INFO: main.c(386): o1-1	5
INFO: main.c(386): o1-2	5
INFO: main.c(386): p-0	5
INFO: main.c(386): p-1	5
INFO: main.c(386): p-2	5
INFO: main.c(386): r-0	15
INFO: main.c(386): r-1	15
INFO: main.c(386): r-2	15
INFO: main.c(386): s-0	7
INFO: main.c(386): s-1	7
INFO: main.c(386): s-2	7
INFO: main.c(386): t-0	29
INFO: main.c(386): t-1	29
INFO: main.c(386): t-2	29
INFO: main.c(386): tSS-0	7
INFO: main.c(386): tSS-1	7
INFO: main.c(386): tSS-2	7
INFO: main.c(386): ts-0	9
INFO: main.c(386): ts-1	9
INFO: main.c(386): ts-2	9
INFO: main.c(386): u1-0	7
INFO: main.c(386): u1-1	7
INFO: main.c(386): u1-2	7
INFO: main.c(386): v-0	5
INFO: main.c(386): v-1	5
INFO: main.c(386): v-2	5
INFO: main.c(386): w-0	3
INFO: main.c(386): w-1	3
INFO: main.c(386): w-2	3
Sat Dec  3 19:23:23 2016
