Current configuration:
[NAME]			[DEFLT]		[VALUE]
-alpha			0.97		9.700000e-01
-argfile				
-blocksize		2048		2048
-build_outdirs		yes		yes
-c					/home/simone/Documenti/Elaborazione/project-NLP/etc/android_db_train.fileids
-cep2spec		no		no
-di					/home/simone/Documenti/Elaborazione/project-NLP/wav
-dither			no		no
-do					/home/simone/Documenti/Elaborazione/project-NLP/feat
-doublebw		no		no
-ei					wav
-eo					mfc
-example		no		no
-frate			100		100
-help			no		no
-i					
-input_endian		little		little
-lifter			0		22
-logspec		no		no
-lowerf			133.33334	1.300000e+02
-mach_endian		little		little
-mswav			no		yes
-ncep			13		13
-nchans			1		1
-nfft			512		512
-nfilt			40		25
-nist			no		no
-npart			0		1
-nskip			0		0
-o					
-ofmt			sphinx		sphinx
-part			0		1
-raw			no		no
-remove_dc		no		no
-remove_noise		yes		yes
-remove_silence		yes		yes
-round_filters		yes		yes
-runlen			-1		-1
-samprate		16000		1.600000e+04
-seed			-1		-1
-smoothspec		no		no
-spec2cep		no		no
-sph2pipe		no		no
-transform		legacy		dct
-unit_area		yes		yes
-upperf			6855.4976	6.800000e+03
-vad_postspeech		50		50
-vad_prespeech		20		20
-vad_startspeech	10		10
-vad_threshold		2.0		2.000000e+00
-verbose		no		no
-warp_params				
-warp_type		inverse_linear	inverse_linear
-whichchan		0		0
-wlen			0.025625	2.562500e-02

INFO: sphinx_fe.c(967): Processing all remaining utterances at position 0
INFO: sphinx_fe.c(787): Converting /home/simone/Documenti/Elaborazione/project-NLP/wav//simone/file_1.wav to /home/simone/Documenti/Elaborazione/project-NLP/feat//simone/file_1.mfc
INFO: sphinx_fe.c(787): Converting /home/simone/Documenti/Elaborazione/project-NLP/wav//simone/file_2.wav to /home/simone/Documenti/Elaborazione/project-NLP/feat//simone/file_2.mfc
INFO: sphinx_fe.c(787): Converting /home/simone/Documenti/Elaborazione/project-NLP/wav//simone/file_3.wav to /home/simone/Documenti/Elaborazione/project-NLP/feat//simone/file_3.mfc
INFO: sphinx_fe.c(787): Converting /home/simone/Documenti/Elaborazione/project-NLP/wav//simone/file_4.wav to /home/simone/Documenti/Elaborazione/project-NLP/feat//simone/file_4.mfc
INFO: sphinx_fe.c(787): Converting /home/simone/Documenti/Elaborazione/project-NLP/wav//simone/file_5.wav to /home/simone/Documenti/Elaborazione/project-NLP/feat//simone/file_5.mfc
INFO: sphinx_fe.c(787): Converting /home/simone/Documenti/Elaborazione/project-NLP/wav//simone/file_6.wav to /home/simone/Documenti/Elaborazione/project-NLP/feat//simone/file_6.mfc
INFO: sphinx_fe.c(787): Converting /home/simone/Documenti/Elaborazione/project-NLP/wav//simone/file_7.wav to /home/simone/Documenti/Elaborazione/project-NLP/feat//simone/file_7.mfc
INFO: sphinx_fe.c(787): Converting /home/simone/Documenti/Elaborazione/project-NLP/wav//simone/file_8.wav to /home/simone/Documenti/Elaborazione/project-NLP/feat//simone/file_8.mfc
INFO: sphinx_fe.c(787): Converting /home/simone/Documenti/Elaborazione/project-NLP/wav//simone/file_9.wav to /home/simone/Documenti/Elaborazione/project-NLP/feat//simone/file_9.mfc
INFO: sphinx_fe.c(787): Converting /home/simone/Documenti/Elaborazione/project-NLP/wav//simone/file_10.wav to /home/simone/Documenti/Elaborazione/project-NLP/feat//simone/file_10.mfc
INFO: sphinx_fe.c(787): Converting /home/simone/Documenti/Elaborazione/project-NLP/wav//simone/file_11.wav to /home/simone/Documenti/Elaborazione/project-NLP/feat//simone/file_11.mfc
INFO: sphinx_fe.c(787): Converting /home/simone/Documenti/Elaborazione/project-NLP/wav//anna/file_1.wav to /home/simone/Documenti/Elaborazione/project-NLP/feat//anna/file_1.mfc
INFO: sphinx_fe.c(787): Converting /home/simone/Documenti/Elaborazione/project-NLP/wav//anna/file_2.wav to /home/simone/Documenti/Elaborazione/project-NLP/feat//anna/file_2.mfc
INFO: sphinx_fe.c(787): Converting /home/simone/Documenti/Elaborazione/project-NLP/wav//anna/file_3.wav to /home/simone/Documenti/Elaborazione/project-NLP/feat//anna/file_3.mfc
INFO: sphinx_fe.c(787): Converting /home/simone/Documenti/Elaborazione/project-NLP/wav//anna/file_4.wav to /home/simone/Documenti/Elaborazione/project-NLP/feat//anna/file_4.mfc
INFO: sphinx_fe.c(787): Converting /home/simone/Documenti/Elaborazione/project-NLP/wav//anna/file_5.wav to /home/simone/Documenti/Elaborazione/project-NLP/feat//anna/file_5.mfc
INFO: sphinx_fe.c(787): Converting /home/simone/Documenti/Elaborazione/project-NLP/wav//anna/file_6.wav to /home/simone/Documenti/Elaborazione/project-NLP/feat//anna/file_6.mfc
INFO: sphinx_fe.c(787): Converting /home/simone/Documenti/Elaborazione/project-NLP/wav//anna/file_7.wav to /home/simone/Documenti/Elaborazione/project-NLP/feat//anna/file_7.mfc
INFO: sphinx_fe.c(787): Converting /home/simone/Documenti/Elaborazione/project-NLP/wav//anna/file_8.wav to /home/simone/Documenti/Elaborazione/project-NLP/feat//anna/file_8.mfc
INFO: sphinx_fe.c(787): Converting /home/simone/Documenti/Elaborazione/project-NLP/wav//anna/file_9.wav to /home/simone/Documenti/Elaborazione/project-NLP/feat//anna/file_9.mfc
INFO: sphinx_fe.c(787): Converting /home/simone/Documenti/Elaborazione/project-NLP/wav//anna/file_10.wav to /home/simone/Documenti/Elaborazione/project-NLP/feat//anna/file_10.mfc
INFO: sphinx_fe.c(787): Converting /home/simone/Documenti/Elaborazione/project-NLP/wav//anna/file_11.wav to /home/simone/Documenti/Elaborazione/project-NLP/feat//anna/file_11.mfc
INFO: sphinx_fe.c(787): Converting /home/simone/Documenti/Elaborazione/project-NLP/wav//ligre/file_1.wav to /home/simone/Documenti/Elaborazione/project-NLP/feat//ligre/file_1.mfc
INFO: sphinx_fe.c(787): Converting /home/simone/Documenti/Elaborazione/project-NLP/wav//ligre/file_2.wav to /home/simone/Documenti/Elaborazione/project-NLP/feat//ligre/file_2.mfc
INFO: sphinx_fe.c(787): Converting /home/simone/Documenti/Elaborazione/project-NLP/wav//ligre/file_3.wav to /home/simone/Documenti/Elaborazione/project-NLP/feat//ligre/file_3.mfc
INFO: sphinx_fe.c(787): Converting /home/simone/Documenti/Elaborazione/project-NLP/wav//ligre/file_4.wav to /home/simone/Documenti/Elaborazione/project-NLP/feat//ligre/file_4.mfc
INFO: sphinx_fe.c(787): Converting /home/simone/Documenti/Elaborazione/project-NLP/wav//ligre/file_5.wav to /home/simone/Documenti/Elaborazione/project-NLP/feat//ligre/file_5.mfc
INFO: sphinx_fe.c(787): Converting /home/simone/Documenti/Elaborazione/project-NLP/wav//ligre/file_6.wav to /home/simone/Documenti/Elaborazione/project-NLP/feat//ligre/file_6.mfc
INFO: sphinx_fe.c(787): Converting /home/simone/Documenti/Elaborazione/project-NLP/wav//ligre/file_7.wav to /home/simone/Documenti/Elaborazione/project-NLP/feat//ligre/file_7.mfc
INFO: sphinx_fe.c(787): Converting /home/simone/Documenti/Elaborazione/project-NLP/wav//ligre/file_8.wav to /home/simone/Documenti/Elaborazione/project-NLP/feat//ligre/file_8.mfc
INFO: sphinx_fe.c(787): Converting /home/simone/Documenti/Elaborazione/project-NLP/wav//ligre/file_9.wav to /home/simone/Documenti/Elaborazione/project-NLP/feat//ligre/file_9.mfc
INFO: sphinx_fe.c(787): Converting /home/simone/Documenti/Elaborazione/project-NLP/wav//ligre/file_10.wav to /home/simone/Documenti/Elaborazione/project-NLP/feat//ligre/file_10.mfc
INFO: sphinx_fe.c(787): Converting /home/simone/Documenti/Elaborazione/project-NLP/wav//ligre/file_11.wav to /home/simone/Documenti/Elaborazione/project-NLP/feat//ligre/file_11.mfc
INFO: sphinx_fe.c(787): Converting /home/simone/Documenti/Elaborazione/project-NLP/wav//stefano/file_1.wav to /home/simone/Documenti/Elaborazione/project-NLP/feat//stefano/file_1.mfc
INFO: sphinx_fe.c(787): Converting /home/simone/Documenti/Elaborazione/project-NLP/wav//stefano/file_2.wav to /home/simone/Documenti/Elaborazione/project-NLP/feat//stefano/file_2.mfc
INFO: sphinx_fe.c(787): Converting /home/simone/Documenti/Elaborazione/project-NLP/wav//stefano/file_3.wav to /home/simone/Documenti/Elaborazione/project-NLP/feat//stefano/file_3.mfc
INFO: sphinx_fe.c(787): Converting /home/simone/Documenti/Elaborazione/project-NLP/wav//stefano/file_4.wav to /home/simone/Documenti/Elaborazione/project-NLP/feat//stefano/file_4.mfc
INFO: sphinx_fe.c(787): Converting /home/simone/Documenti/Elaborazione/project-NLP/wav//stefano/file_5.wav to /home/simone/Documenti/Elaborazione/project-NLP/feat//stefano/file_5.mfc
INFO: sphinx_fe.c(787): Converting /home/simone/Documenti/Elaborazione/project-NLP/wav//stefano/file_6.wav to /home/simone/Documenti/Elaborazione/project-NLP/feat//stefano/file_6.mfc
INFO: sphinx_fe.c(787): Converting /home/simone/Documenti/Elaborazione/project-NLP/wav//stefano/file_7.wav to /home/simone/Documenti/Elaborazione/project-NLP/feat//stefano/file_7.mfc
INFO: sphinx_fe.c(787): Converting /home/simone/Documenti/Elaborazione/project-NLP/wav//stefano/file_8.wav to /home/simone/Documenti/Elaborazione/project-NLP/feat//stefano/file_8.mfc
INFO: sphinx_fe.c(787): Converting /home/simone/Documenti/Elaborazione/project-NLP/wav//stefano/file_9.wav to /home/simone/Documenti/Elaborazione/project-NLP/feat//stefano/file_9.mfc
INFO: sphinx_fe.c(787): Converting /home/simone/Documenti/Elaborazione/project-NLP/wav//stefano/file_10.wav to /home/simone/Documenti/Elaborazione/project-NLP/feat//stefano/file_10.mfc
INFO: sphinx_fe.c(787): Converting /home/simone/Documenti/Elaborazione/project-NLP/wav//stefano/file_11.wav to /home/simone/Documenti/Elaborazione/project-NLP/feat//stefano/file_11.mfc
INFO: sphinx_fe.c(787): Converting /home/simone/Documenti/Elaborazione/project-NLP/wav//ludovica/file_1.wav to /home/simone/Documenti/Elaborazione/project-NLP/feat//ludovica/file_1.mfc
INFO: sphinx_fe.c(787): Converting /home/simone/Documenti/Elaborazione/project-NLP/wav//ludovica/file_2.wav to /home/simone/Documenti/Elaborazione/project-NLP/feat//ludovica/file_2.mfc
INFO: sphinx_fe.c(787): Converting /home/simone/Documenti/Elaborazione/project-NLP/wav//ludovica/file_3.wav to /home/simone/Documenti/Elaborazione/project-NLP/feat//ludovica/file_3.mfc
INFO: sphinx_fe.c(787): Converting /home/simone/Documenti/Elaborazione/project-NLP/wav//ludovica/file_4.wav to /home/simone/Documenti/Elaborazione/project-NLP/feat//ludovica/file_4.mfc
INFO: sphinx_fe.c(787): Converting /home/simone/Documenti/Elaborazione/project-NLP/wav//ludovica/file_5.wav to /home/simone/Documenti/Elaborazione/project-NLP/feat//ludovica/file_5.mfc
INFO: sphinx_fe.c(787): Converting /home/simone/Documenti/Elaborazione/project-NLP/wav//ludovica/file_6.wav to /home/simone/Documenti/Elaborazione/project-NLP/feat//ludovica/file_6.mfc
INFO: sphinx_fe.c(787): Converting /home/simone/Documenti/Elaborazione/project-NLP/wav//ludovica/file_7.wav to /home/simone/Documenti/Elaborazione/project-NLP/feat//ludovica/file_7.mfc
INFO: sphinx_fe.c(787): Converting /home/simone/Documenti/Elaborazione/project-NLP/wav//ludovica/file_8.wav to /home/simone/Documenti/Elaborazione/project-NLP/feat//ludovica/file_8.mfc
INFO: sphinx_fe.c(787): Converting /home/simone/Documenti/Elaborazione/project-NLP/wav//ludovica/file_9.wav to /home/simone/Documenti/Elaborazione/project-NLP/feat//ludovica/file_9.mfc
INFO: sphinx_fe.c(787): Converting /home/simone/Documenti/Elaborazione/project-NLP/wav//ludovica/file_10.wav to /home/simone/Documenti/Elaborazione/project-NLP/feat//ludovica/file_10.mfc
INFO: sphinx_fe.c(787): Converting /home/simone/Documenti/Elaborazione/project-NLP/wav//ludovica/file_11.wav to /home/simone/Documenti/Elaborazione/project-NLP/feat//ludovica/file_11.mfc
INFO: sphinx_fe.c(787): Converting /home/simone/Documenti/Elaborazione/project-NLP/wav//sara/file_1.wav to /home/simone/Documenti/Elaborazione/project-NLP/feat//sara/file_1.mfc
INFO: sphinx_fe.c(787): Converting /home/simone/Documenti/Elaborazione/project-NLP/wav//sara/file_2.wav to /home/simone/Documenti/Elaborazione/project-NLP/feat//sara/file_2.mfc
INFO: sphinx_fe.c(787): Converting /home/simone/Documenti/Elaborazione/project-NLP/wav//sara/file_3.wav to /home/simone/Documenti/Elaborazione/project-NLP/feat//sara/file_3.mfc
INFO: sphinx_fe.c(787): Converting /home/simone/Documenti/Elaborazione/project-NLP/wav//sara/file_4.wav to /home/simone/Documenti/Elaborazione/project-NLP/feat//sara/file_4.mfc
INFO: sphinx_fe.c(787): Converting /home/simone/Documenti/Elaborazione/project-NLP/wav//sara/file_5.wav to /home/simone/Documenti/Elaborazione/project-NLP/feat//sara/file_5.mfc
INFO: sphinx_fe.c(787): Converting /home/simone/Documenti/Elaborazione/project-NLP/wav//sara/file_6.wav to /home/simone/Documenti/Elaborazione/project-NLP/feat//sara/file_6.mfc
INFO: sphinx_fe.c(787): Converting /home/simone/Documenti/Elaborazione/project-NLP/wav//sara/file_7.wav to /home/simone/Documenti/Elaborazione/project-NLP/feat//sara/file_7.mfc
INFO: sphinx_fe.c(787): Converting /home/simone/Documenti/Elaborazione/project-NLP/wav//sara/file_8.wav to /home/simone/Documenti/Elaborazione/project-NLP/feat//sara/file_8.mfc
INFO: sphinx_fe.c(787): Converting /home/simone/Documenti/Elaborazione/project-NLP/wav//sara/file_9.wav to /home/simone/Documenti/Elaborazione/project-NLP/feat//sara/file_9.mfc
INFO: sphinx_fe.c(787): Converting /home/simone/Documenti/Elaborazione/project-NLP/wav//sara/file_10.wav to /home/simone/Documenti/Elaborazione/project-NLP/feat//sara/file_10.mfc
INFO: sphinx_fe.c(787): Converting /home/simone/Documenti/Elaborazione/project-NLP/wav//sara/file_11.wav to /home/simone/Documenti/Elaborazione/project-NLP/feat//sara/file_11.mfc
INFO: sphinx_fe.c(787): Converting /home/simone/Documenti/Elaborazione/project-NLP/wav//margherita/file_1.wav to /home/simone/Documenti/Elaborazione/project-NLP/feat//margherita/file_1.mfc
INFO: sphinx_fe.c(787): Converting /home/simone/Documenti/Elaborazione/project-NLP/wav//margherita/file_2.wav to /home/simone/Documenti/Elaborazione/project-NLP/feat//margherita/file_2.mfc
INFO: sphinx_fe.c(787): Converting /home/simone/Documenti/Elaborazione/project-NLP/wav//margherita/file_3.wav to /home/simone/Documenti/Elaborazione/project-NLP/feat//margherita/file_3.mfc
INFO: sphinx_fe.c(787): Converting /home/simone/Documenti/Elaborazione/project-NLP/wav//margherita/file_4.wav to /home/simone/Documenti/Elaborazione/project-NLP/feat//margherita/file_4.mfc
INFO: sphinx_fe.c(787): Converting /home/simone/Documenti/Elaborazione/project-NLP/wav//margherita/file_5.wav to /home/simone/Documenti/Elaborazione/project-NLP/feat//margherita/file_5.mfc
INFO: sphinx_fe.c(787): Converting /home/simone/Documenti/Elaborazione/project-NLP/wav//margherita/file_6.wav to /home/simone/Documenti/Elaborazione/project-NLP/feat//margherita/file_6.mfc
INFO: sphinx_fe.c(787): Converting /home/simone/Documenti/Elaborazione/project-NLP/wav//margherita/file_7.wav to /home/simone/Documenti/Elaborazione/project-NLP/feat//margherita/file_7.mfc
INFO: sphinx_fe.c(787): Converting /home/simone/Documenti/Elaborazione/project-NLP/wav//margherita/file_8.wav to /home/simone/Documenti/Elaborazione/project-NLP/feat//margherita/file_8.mfc
INFO: sphinx_fe.c(787): Converting /home/simone/Documenti/Elaborazione/project-NLP/wav//margherita/file_9.wav to /home/simone/Documenti/Elaborazione/project-NLP/feat//margherita/file_9.mfc
INFO: sphinx_fe.c(787): Converting /home/simone/Documenti/Elaborazione/project-NLP/wav//margherita/file_10.wav to /home/simone/Documenti/Elaborazione/project-NLP/feat//margherita/file_10.mfc
INFO: sphinx_fe.c(787): Converting /home/simone/Documenti/Elaborazione/project-NLP/wav//margherita/file_11.wav to /home/simone/Documenti/Elaborazione/project-NLP/feat//margherita/file_11.mfc
INFO: sphinx_fe.c(787): Converting /home/simone/Documenti/Elaborazione/project-NLP/wav//peppe/file_1.wav to /home/simone/Documenti/Elaborazione/project-NLP/feat//peppe/file_1.mfc
INFO: sphinx_fe.c(787): Converting /home/simone/Documenti/Elaborazione/project-NLP/wav//peppe/file_2.wav to /home/simone/Documenti/Elaborazione/project-NLP/feat//peppe/file_2.mfc
INFO: sphinx_fe.c(787): Converting /home/simone/Documenti/Elaborazione/project-NLP/wav//peppe/file_3.wav to /home/simone/Documenti/Elaborazione/project-NLP/feat//peppe/file_3.mfc
INFO: sphinx_fe.c(787): Converting /home/simone/Documenti/Elaborazione/project-NLP/wav//peppe/file_4.wav to /home/simone/Documenti/Elaborazione/project-NLP/feat//peppe/file_4.mfc
INFO: sphinx_fe.c(787): Converting /home/simone/Documenti/Elaborazione/project-NLP/wav//peppe/file_5.wav to /home/simone/Documenti/Elaborazione/project-NLP/feat//peppe/file_5.mfc
INFO: sphinx_fe.c(787): Converting /home/simone/Documenti/Elaborazione/project-NLP/wav//peppe/file_6.wav to /home/simone/Documenti/Elaborazione/project-NLP/feat//peppe/file_6.mfc
INFO: sphinx_fe.c(787): Converting /home/simone/Documenti/Elaborazione/project-NLP/wav//peppe/file_7.wav to /home/simone/Documenti/Elaborazione/project-NLP/feat//peppe/file_7.mfc
INFO: sphinx_fe.c(787): Converting /home/simone/Documenti/Elaborazione/project-NLP/wav//peppe/file_8.wav to /home/simone/Documenti/Elaborazione/project-NLP/feat//peppe/file_8.mfc
INFO: sphinx_fe.c(787): Converting /home/simone/Documenti/Elaborazione/project-NLP/wav//peppe/file_9.wav to /home/simone/Documenti/Elaborazione/project-NLP/feat//peppe/file_9.mfc
INFO: sphinx_fe.c(787): Converting /home/simone/Documenti/Elaborazione/project-NLP/wav//peppe/file_10.wav to /home/simone/Documenti/Elaborazione/project-NLP/feat//peppe/file_10.mfc
INFO: sphinx_fe.c(787): Converting /home/simone/Documenti/Elaborazione/project-NLP/wav//peppe/file_11.wav to /home/simone/Documenti/Elaborazione/project-NLP/feat//peppe/file_11.mfc
INFO: sphinx_fe.c(787): Converting /home/simone/Documenti/Elaborazione/project-NLP/wav//simo/file_1.wav to /home/simone/Documenti/Elaborazione/project-NLP/feat//simo/file_1.mfc
INFO: sphinx_fe.c(787): Converting /home/simone/Documenti/Elaborazione/project-NLP/wav//simo/file_2.wav to /home/simone/Documenti/Elaborazione/project-NLP/feat//simo/file_2.mfc
INFO: sphinx_fe.c(787): Converting /home/simone/Documenti/Elaborazione/project-NLP/wav//simo/file_3.wav to /home/simone/Documenti/Elaborazione/project-NLP/feat//simo/file_3.mfc
INFO: sphinx_fe.c(787): Converting /home/simone/Documenti/Elaborazione/project-NLP/wav//simo/file_4.wav to /home/simone/Documenti/Elaborazione/project-NLP/feat//simo/file_4.mfc
INFO: sphinx_fe.c(787): Converting /home/simone/Documenti/Elaborazione/project-NLP/wav//simo/file_5.wav to /home/simone/Documenti/Elaborazione/project-NLP/feat//simo/file_5.mfc
INFO: sphinx_fe.c(787): Converting /home/simone/Documenti/Elaborazione/project-NLP/wav//simo/file_6.wav to /home/simone/Documenti/Elaborazione/project-NLP/feat//simo/file_6.mfc
INFO: sphinx_fe.c(787): Converting /home/simone/Documenti/Elaborazione/project-NLP/wav//simo/file_7.wav to /home/simone/Documenti/Elaborazione/project-NLP/feat//simo/file_7.mfc
INFO: sphinx_fe.c(787): Converting /home/simone/Documenti/Elaborazione/project-NLP/wav//simo/file_8.wav to /home/simone/Documenti/Elaborazione/project-NLP/feat//simo/file_8.mfc
INFO: sphinx_fe.c(787): Converting /home/simone/Documenti/Elaborazione/project-NLP/wav//simo/file_9.wav to /home/simone/Documenti/Elaborazione/project-NLP/feat//simo/file_9.mfc
INFO: sphinx_fe.c(787): Converting /home/simone/Documenti/Elaborazione/project-NLP/wav//simo/file_10.wav to /home/simone/Documenti/Elaborazione/project-NLP/feat//simo/file_10.mfc
INFO: sphinx_fe.c(787): Converting /home/simone/Documenti/Elaborazione/project-NLP/wav//simo/file_11.wav to /home/simone/Documenti/Elaborazione/project-NLP/feat//simo/file_11.mfc
INFO: sphinx_fe.c(787): Converting /home/simone/Documenti/Elaborazione/project-NLP/wav//bartolomeo/file_1.wav to /home/simone/Documenti/Elaborazione/project-NLP/feat//bartolomeo/file_1.mfc
INFO: sphinx_fe.c(787): Converting /home/simone/Documenti/Elaborazione/project-NLP/wav//bartolomeo/file_2.wav to /home/simone/Documenti/Elaborazione/project-NLP/feat//bartolomeo/file_2.mfc
INFO: sphinx_fe.c(787): Converting /home/simone/Documenti/Elaborazione/project-NLP/wav//bartolomeo/file_3.wav to /home/simone/Documenti/Elaborazione/project-NLP/feat//bartolomeo/file_3.mfc
INFO: sphinx_fe.c(787): Converting /home/simone/Documenti/Elaborazione/project-NLP/wav//bartolomeo/file_4.wav to /home/simone/Documenti/Elaborazione/project-NLP/feat//bartolomeo/file_4.mfc
INFO: sphinx_fe.c(787): Converting /home/simone/Documenti/Elaborazione/project-NLP/wav//bartolomeo/file_5.wav to /home/simone/Documenti/Elaborazione/project-NLP/feat//bartolomeo/file_5.mfc
INFO: sphinx_fe.c(787): Converting /home/simone/Documenti/Elaborazione/project-NLP/wav//bartolomeo/file_6.wav to /home/simone/Documenti/Elaborazione/project-NLP/feat//bartolomeo/file_6.mfc
INFO: sphinx_fe.c(787): Converting /home/simone/Documenti/Elaborazione/project-NLP/wav//bartolomeo/file_7.wav to /home/simone/Documenti/Elaborazione/project-NLP/feat//bartolomeo/file_7.mfc
INFO: sphinx_fe.c(787): Converting /home/simone/Documenti/Elaborazione/project-NLP/wav//bartolomeo/file_8.wav to /home/simone/Documenti/Elaborazione/project-NLP/feat//bartolomeo/file_8.mfc
INFO: sphinx_fe.c(787): Converting /home/simone/Documenti/Elaborazione/project-NLP/wav//bartolomeo/file_9.wav to /home/simone/Documenti/Elaborazione/project-NLP/feat//bartolomeo/file_9.mfc
INFO: sphinx_fe.c(787): Converting /home/simone/Documenti/Elaborazione/project-NLP/wav//bartolomeo/file_10.wav to /home/simone/Documenti/Elaborazione/project-NLP/feat//bartolomeo/file_10.mfc
INFO: sphinx_fe.c(787): Converting /home/simone/Documenti/Elaborazione/project-NLP/wav//bartolomeo/file_11.wav to /home/simone/Documenti/Elaborazione/project-NLP/feat//bartolomeo/file_11.mfc
INFO: sphinx_fe.c(787): Converting /home/simone/Documenti/Elaborazione/project-NLP/wav//lorena/file_1.wav to /home/simone/Documenti/Elaborazione/project-NLP/feat//lorena/file_1.mfc
INFO: sphinx_fe.c(787): Converting /home/simone/Documenti/Elaborazione/project-NLP/wav//lorena/file_2.wav to /home/simone/Documenti/Elaborazione/project-NLP/feat//lorena/file_2.mfc
INFO: sphinx_fe.c(787): Converting /home/simone/Documenti/Elaborazione/project-NLP/wav//lorena/file_3.wav to /home/simone/Documenti/Elaborazione/project-NLP/feat//lorena/file_3.mfc
INFO: sphinx_fe.c(787): Converting /home/simone/Documenti/Elaborazione/project-NLP/wav//lorena/file_4.wav to /home/simone/Documenti/Elaborazione/project-NLP/feat//lorena/file_4.mfc
INFO: sphinx_fe.c(787): Converting /home/simone/Documenti/Elaborazione/project-NLP/wav//lorena/file_5.wav to /home/simone/Documenti/Elaborazione/project-NLP/feat//lorena/file_5.mfc
INFO: sphinx_fe.c(787): Converting /home/simone/Documenti/Elaborazione/project-NLP/wav//lorena/file_6.wav to /home/simone/Documenti/Elaborazione/project-NLP/feat//lorena/file_6.mfc
INFO: sphinx_fe.c(787): Converting /home/simone/Documenti/Elaborazione/project-NLP/wav//lorena/file_7.wav to /home/simone/Documenti/Elaborazione/project-NLP/feat//lorena/file_7.mfc
INFO: sphinx_fe.c(787): Converting /home/simone/Documenti/Elaborazione/project-NLP/wav//lorena/file_8.wav to /home/simone/Documenti/Elaborazione/project-NLP/feat//lorena/file_8.mfc
INFO: sphinx_fe.c(787): Converting /home/simone/Documenti/Elaborazione/project-NLP/wav//lorena/file_9.wav to /home/simone/Documenti/Elaborazione/project-NLP/feat//lorena/file_9.mfc
INFO: sphinx_fe.c(787): Converting /home/simone/Documenti/Elaborazione/project-NLP/wav//lorena/file_10.wav to /home/simone/Documenti/Elaborazione/project-NLP/feat//lorena/file_10.mfc
INFO: sphinx_fe.c(787): Converting /home/simone/Documenti/Elaborazione/project-NLP/wav//lorena/file_11.wav to /home/simone/Documenti/Elaborazione/project-NLP/feat//lorena/file_11.mfc
INFO: sphinx_fe.c(787): Converting /home/simone/Documenti/Elaborazione/project-NLP/wav//giuseppe/file_1.wav to /home/simone/Documenti/Elaborazione/project-NLP/feat//giuseppe/file_1.mfc
INFO: sphinx_fe.c(787): Converting /home/simone/Documenti/Elaborazione/project-NLP/wav//giuseppe/file_2.wav to /home/simone/Documenti/Elaborazione/project-NLP/feat//giuseppe/file_2.mfc
INFO: sphinx_fe.c(787): Converting /home/simone/Documenti/Elaborazione/project-NLP/wav//giuseppe/file_3.wav to /home/simone/Documenti/Elaborazione/project-NLP/feat//giuseppe/file_3.mfc
INFO: sphinx_fe.c(787): Converting /home/simone/Documenti/Elaborazione/project-NLP/wav//giuseppe/file_4.wav to /home/simone/Documenti/Elaborazione/project-NLP/feat//giuseppe/file_4.mfc
INFO: sphinx_fe.c(787): Converting /home/simone/Documenti/Elaborazione/project-NLP/wav//giuseppe/file_5.wav to /home/simone/Documenti/Elaborazione/project-NLP/feat//giuseppe/file_5.mfc
INFO: sphinx_fe.c(787): Converting /home/simone/Documenti/Elaborazione/project-NLP/wav//giuseppe/file_6.wav to /home/simone/Documenti/Elaborazione/project-NLP/feat//giuseppe/file_6.mfc
INFO: sphinx_fe.c(787): Converting /home/simone/Documenti/Elaborazione/project-NLP/wav//giuseppe/file_7.wav to /home/simone/Documenti/Elaborazione/project-NLP/feat//giuseppe/file_7.mfc
INFO: sphinx_fe.c(787): Converting /home/simone/Documenti/Elaborazione/project-NLP/wav//giuseppe/file_8.wav to /home/simone/Documenti/Elaborazione/project-NLP/feat//giuseppe/file_8.mfc
INFO: sphinx_fe.c(787): Converting /home/simone/Documenti/Elaborazione/project-NLP/wav//giuseppe/file_9.wav to /home/simone/Documenti/Elaborazione/project-NLP/feat//giuseppe/file_9.mfc
INFO: sphinx_fe.c(787): Converting /home/simone/Documenti/Elaborazione/project-NLP/wav//giuseppe/file_10.wav to /home/simone/Documenti/Elaborazione/project-NLP/feat//giuseppe/file_10.mfc
INFO: sphinx_fe.c(787): Converting /home/simone/Documenti/Elaborazione/project-NLP/wav//giuseppe/file_11.wav to /home/simone/Documenti/Elaborazione/project-NLP/feat//giuseppe/file_11.mfc
INFO: sphinx_fe.c(787): Converting /home/simone/Documenti/Elaborazione/project-NLP/wav//giada/file_1.wav to /home/simone/Documenti/Elaborazione/project-NLP/feat//giada/file_1.mfc
INFO: sphinx_fe.c(787): Converting /home/simone/Documenti/Elaborazione/project-NLP/wav//giada/file_2.wav to /home/simone/Documenti/Elaborazione/project-NLP/feat//giada/file_2.mfc
INFO: sphinx_fe.c(787): Converting /home/simone/Documenti/Elaborazione/project-NLP/wav//giada/file_3.wav to /home/simone/Documenti/Elaborazione/project-NLP/feat//giada/file_3.mfc
INFO: sphinx_fe.c(787): Converting /home/simone/Documenti/Elaborazione/project-NLP/wav//giada/file_4.wav to /home/simone/Documenti/Elaborazione/project-NLP/feat//giada/file_4.mfc
INFO: sphinx_fe.c(787): Converting /home/simone/Documenti/Elaborazione/project-NLP/wav//giada/file_5.wav to /home/simone/Documenti/Elaborazione/project-NLP/feat//giada/file_5.mfc
INFO: sphinx_fe.c(787): Converting /home/simone/Documenti/Elaborazione/project-NLP/wav//giada/file_6.wav to /home/simone/Documenti/Elaborazione/project-NLP/feat//giada/file_6.mfc
INFO: sphinx_fe.c(787): Converting /home/simone/Documenti/Elaborazione/project-NLP/wav//giada/file_7.wav to /home/simone/Documenti/Elaborazione/project-NLP/feat//giada/file_7.mfc
INFO: sphinx_fe.c(787): Converting /home/simone/Documenti/Elaborazione/project-NLP/wav//giada/file_8.wav to /home/simone/Documenti/Elaborazione/project-NLP/feat//giada/file_8.mfc
INFO: sphinx_fe.c(787): Converting /home/simone/Documenti/Elaborazione/project-NLP/wav//giada/file_9.wav to /home/simone/Documenti/Elaborazione/project-NLP/feat//giada/file_9.mfc
INFO: sphinx_fe.c(787): Converting /home/simone/Documenti/Elaborazione/project-NLP/wav//giada/file_10.wav to /home/simone/Documenti/Elaborazione/project-NLP/feat//giada/file_10.mfc
INFO: sphinx_fe.c(787): Converting /home/simone/Documenti/Elaborazione/project-NLP/wav//giada/file_11.wav to /home/simone/Documenti/Elaborazione/project-NLP/feat//giada/file_11.mfc
INFO: sphinx_fe.c(787): Converting /home/simone/Documenti/Elaborazione/project-NLP/wav//stefania/file_1.wav to /home/simone/Documenti/Elaborazione/project-NLP/feat//stefania/file_1.mfc
INFO: sphinx_fe.c(787): Converting /home/simone/Documenti/Elaborazione/project-NLP/wav//stefania/file_2.wav to /home/simone/Documenti/Elaborazione/project-NLP/feat//stefania/file_2.mfc
INFO: sphinx_fe.c(787): Converting /home/simone/Documenti/Elaborazione/project-NLP/wav//stefania/file_3.wav to /home/simone/Documenti/Elaborazione/project-NLP/feat//stefania/file_3.mfc
INFO: sphinx_fe.c(787): Converting /home/simone/Documenti/Elaborazione/project-NLP/wav//stefania/file_4.wav to /home/simone/Documenti/Elaborazione/project-NLP/feat//stefania/file_4.mfc
INFO: sphinx_fe.c(787): Converting /home/simone/Documenti/Elaborazione/project-NLP/wav//stefania/file_5.wav to /home/simone/Documenti/Elaborazione/project-NLP/feat//stefania/file_5.mfc
INFO: sphinx_fe.c(787): Converting /home/simone/Documenti/Elaborazione/project-NLP/wav//stefania/file_6.wav to /home/simone/Documenti/Elaborazione/project-NLP/feat//stefania/file_6.mfc
INFO: sphinx_fe.c(787): Converting /home/simone/Documenti/Elaborazione/project-NLP/wav//stefania/file_7.wav to /home/simone/Documenti/Elaborazione/project-NLP/feat//stefania/file_7.mfc
INFO: sphinx_fe.c(787): Converting /home/simone/Documenti/Elaborazione/project-NLP/wav//stefania/file_8.wav to /home/simone/Documenti/Elaborazione/project-NLP/feat//stefania/file_8.mfc
INFO: sphinx_fe.c(787): Converting /home/simone/Documenti/Elaborazione/project-NLP/wav//stefania/file_9.wav to /home/simone/Documenti/Elaborazione/project-NLP/feat//stefania/file_9.mfc
INFO: sphinx_fe.c(787): Converting /home/simone/Documenti/Elaborazione/project-NLP/wav//stefania/file_10.wav to /home/simone/Documenti/Elaborazione/project-NLP/feat//stefania/file_10.mfc
INFO: sphinx_fe.c(787): Converting /home/simone/Documenti/Elaborazione/project-NLP/wav//stefania/file_11.wav to /home/simone/Documenti/Elaborazione/project-NLP/feat//stefania/file_11.mfc
INFO: sphinx_fe.c(787): Converting /home/simone/Documenti/Elaborazione/project-NLP/wav//francesco/file_1.wav to /home/simone/Documenti/Elaborazione/project-NLP/feat//francesco/file_1.mfc
INFO: sphinx_fe.c(787): Converting /home/simone/Documenti/Elaborazione/project-NLP/wav//francesco/file_2.wav to /home/simone/Documenti/Elaborazione/project-NLP/feat//francesco/file_2.mfc
INFO: sphinx_fe.c(787): Converting /home/simone/Documenti/Elaborazione/project-NLP/wav//francesco/file_3.wav to /home/simone/Documenti/Elaborazione/project-NLP/feat//francesco/file_3.mfc
INFO: sphinx_fe.c(787): Converting /home/simone/Documenti/Elaborazione/project-NLP/wav//francesco/file_4.wav to /home/simone/Documenti/Elaborazione/project-NLP/feat//francesco/file_4.mfc
INFO: sphinx_fe.c(787): Converting /home/simone/Documenti/Elaborazione/project-NLP/wav//francesco/file_5.wav to /home/simone/Documenti/Elaborazione/project-NLP/feat//francesco/file_5.mfc
INFO: sphinx_fe.c(787): Converting /home/simone/Documenti/Elaborazione/project-NLP/wav//francesco/file_6.wav to /home/simone/Documenti/Elaborazione/project-NLP/feat//francesco/file_6.mfc
INFO: sphinx_fe.c(787): Converting /home/simone/Documenti/Elaborazione/project-NLP/wav//francesco/file_7.wav to /home/simone/Documenti/Elaborazione/project-NLP/feat//francesco/file_7.mfc
INFO: sphinx_fe.c(787): Converting /home/simone/Documenti/Elaborazione/project-NLP/wav//francesco/file_8.wav to /home/simone/Documenti/Elaborazione/project-NLP/feat//francesco/file_8.mfc
INFO: sphinx_fe.c(787): Converting /home/simone/Documenti/Elaborazione/project-NLP/wav//francesco/file_9.wav to /home/simone/Documenti/Elaborazione/project-NLP/feat//francesco/file_9.mfc
INFO: sphinx_fe.c(787): Converting /home/simone/Documenti/Elaborazione/project-NLP/wav//francesco/file_10.wav to /home/simone/Documenti/Elaborazione/project-NLP/feat//francesco/file_10.mfc
INFO: sphinx_fe.c(787): Converting /home/simone/Documenti/Elaborazione/project-NLP/wav//francesco/file_11.wav to /home/simone/Documenti/Elaborazione/project-NLP/feat//francesco/file_11.mfc
INFO: sphinx_fe.c(787): Converting /home/simone/Documenti/Elaborazione/project-NLP/wav//giovanna/file_1.wav to /home/simone/Documenti/Elaborazione/project-NLP/feat//giovanna/file_1.mfc
INFO: sphinx_fe.c(787): Converting /home/simone/Documenti/Elaborazione/project-NLP/wav//giovanna/file_2.wav to /home/simone/Documenti/Elaborazione/project-NLP/feat//giovanna/file_2.mfc
INFO: sphinx_fe.c(787): Converting /home/simone/Documenti/Elaborazione/project-NLP/wav//giovanna/file_3.wav to /home/simone/Documenti/Elaborazione/project-NLP/feat//giovanna/file_3.mfc
INFO: sphinx_fe.c(787): Converting /home/simone/Documenti/Elaborazione/project-NLP/wav//giovanna/file_4.wav to /home/simone/Documenti/Elaborazione/project-NLP/feat//giovanna/file_4.mfc
INFO: sphinx_fe.c(787): Converting /home/simone/Documenti/Elaborazione/project-NLP/wav//giovanna/file_5.wav to /home/simone/Documenti/Elaborazione/project-NLP/feat//giovanna/file_5.mfc
INFO: sphinx_fe.c(787): Converting /home/simone/Documenti/Elaborazione/project-NLP/wav//giovanna/file_6.wav to /home/simone/Documenti/Elaborazione/project-NLP/feat//giovanna/file_6.mfc
INFO: sphinx_fe.c(787): Converting /home/simone/Documenti/Elaborazione/project-NLP/wav//giovanna/file_7.wav to /home/simone/Documenti/Elaborazione/project-NLP/feat//giovanna/file_7.mfc
INFO: sphinx_fe.c(787): Converting /home/simone/Documenti/Elaborazione/project-NLP/wav//giovanna/file_8.wav to /home/simone/Documenti/Elaborazione/project-NLP/feat//giovanna/file_8.mfc
INFO: sphinx_fe.c(787): Converting /home/simone/Documenti/Elaborazione/project-NLP/wav//giovanna/file_9.wav to /home/simone/Documenti/Elaborazione/project-NLP/feat//giovanna/file_9.mfc
INFO: sphinx_fe.c(787): Converting /home/simone/Documenti/Elaborazione/project-NLP/wav//giovanna/file_10.wav to /home/simone/Documenti/Elaborazione/project-NLP/feat//giovanna/file_10.mfc
INFO: sphinx_fe.c(787): Converting /home/simone/Documenti/Elaborazione/project-NLP/wav//giovanna/file_11.wav to /home/simone/Documenti/Elaborazione/project-NLP/feat//giovanna/file_11.mfc
INFO: sphinx_fe.c(787): Converting /home/simone/Documenti/Elaborazione/project-NLP/wav//Silvia/file_1.wav to /home/simone/Documenti/Elaborazione/project-NLP/feat//Silvia/file_1.mfc
INFO: sphinx_fe.c(787): Converting /home/simone/Documenti/Elaborazione/project-NLP/wav//Silvia/file_2.wav to /home/simone/Documenti/Elaborazione/project-NLP/feat//Silvia/file_2.mfc
INFO: sphinx_fe.c(787): Converting /home/simone/Documenti/Elaborazione/project-NLP/wav//Silvia/file_3.wav to /home/simone/Documenti/Elaborazione/project-NLP/feat//Silvia/file_3.mfc
INFO: sphinx_fe.c(787): Converting /home/simone/Documenti/Elaborazione/project-NLP/wav//Silvia/file_4.wav to /home/simone/Documenti/Elaborazione/project-NLP/feat//Silvia/file_4.mfc
INFO: sphinx_fe.c(787): Converting /home/simone/Documenti/Elaborazione/project-NLP/wav//Silvia/file_5.wav to /home/simone/Documenti/Elaborazione/project-NLP/feat//Silvia/file_5.mfc
INFO: sphinx_fe.c(787): Converting /home/simone/Documenti/Elaborazione/project-NLP/wav//Silvia/file_6.wav to /home/simone/Documenti/Elaborazione/project-NLP/feat//Silvia/file_6.mfc
INFO: sphinx_fe.c(787): Converting /home/simone/Documenti/Elaborazione/project-NLP/wav//Silvia/file_7.wav to /home/simone/Documenti/Elaborazione/project-NLP/feat//Silvia/file_7.mfc
INFO: sphinx_fe.c(787): Converting /home/simone/Documenti/Elaborazione/project-NLP/wav//Silvia/file_8.wav to /home/simone/Documenti/Elaborazione/project-NLP/feat//Silvia/file_8.mfc
INFO: sphinx_fe.c(787): Converting /home/simone/Documenti/Elaborazione/project-NLP/wav//Silvia/file_9.wav to /home/simone/Documenti/Elaborazione/project-NLP/feat//Silvia/file_9.mfc
INFO: sphinx_fe.c(787): Converting /home/simone/Documenti/Elaborazione/project-NLP/wav//Silvia/file_10.wav to /home/simone/Documenti/Elaborazione/project-NLP/feat//Silvia/file_10.mfc
INFO: sphinx_fe.c(787): Converting /home/simone/Documenti/Elaborazione/project-NLP/wav//Silvia/file_11.wav to /home/simone/Documenti/Elaborazione/project-NLP/feat//Silvia/file_11.mfc
INFO: sphinx_fe.c(787): Converting /home/simone/Documenti/Elaborazione/project-NLP/wav//Silvia2/file_1.wav to /home/simone/Documenti/Elaborazione/project-NLP/feat//Silvia2/file_1.mfc
INFO: sphinx_fe.c(787): Converting /home/simone/Documenti/Elaborazione/project-NLP/wav//Silvia2/file_2.wav to /home/simone/Documenti/Elaborazione/project-NLP/feat//Silvia2/file_2.mfc
INFO: sphinx_fe.c(787): Converting /home/simone/Documenti/Elaborazione/project-NLP/wav//Silvia2/file_3.wav to /home/simone/Documenti/Elaborazione/project-NLP/feat//Silvia2/file_3.mfc
INFO: sphinx_fe.c(787): Converting /home/simone/Documenti/Elaborazione/project-NLP/wav//Silvia2/file_4.wav to /home/simone/Documenti/Elaborazione/project-NLP/feat//Silvia2/file_4.mfc
INFO: sphinx_fe.c(787): Converting /home/simone/Documenti/Elaborazione/project-NLP/wav//Silvia2/file_5.wav to /home/simone/Documenti/Elaborazione/project-NLP/feat//Silvia2/file_5.mfc
INFO: sphinx_fe.c(787): Converting /home/simone/Documenti/Elaborazione/project-NLP/wav//Silvia2/file_6.wav to /home/simone/Documenti/Elaborazione/project-NLP/feat//Silvia2/file_6.mfc
INFO: sphinx_fe.c(787): Converting /home/simone/Documenti/Elaborazione/project-NLP/wav//Silvia2/file_7.wav to /home/simone/Documenti/Elaborazione/project-NLP/feat//Silvia2/file_7.mfc
INFO: sphinx_fe.c(787): Converting /home/simone/Documenti/Elaborazione/project-NLP/wav//Silvia2/file_8.wav to /home/simone/Documenti/Elaborazione/project-NLP/feat//Silvia2/file_8.mfc
INFO: sphinx_fe.c(787): Converting /home/simone/Documenti/Elaborazione/project-NLP/wav//Silvia2/file_9.wav to /home/simone/Documenti/Elaborazione/project-NLP/feat//Silvia2/file_9.mfc
INFO: sphinx_fe.c(787): Converting /home/simone/Documenti/Elaborazione/project-NLP/wav//Silvia2/file_10.wav to /home/simone/Documenti/Elaborazione/project-NLP/feat//Silvia2/file_10.mfc
INFO: sphinx_fe.c(787): Converting /home/simone/Documenti/Elaborazione/project-NLP/wav//Silvia2/file_11.wav to /home/simone/Documenti/Elaborazione/project-NLP/feat//Silvia2/file_11.mfc
INFO: sphinx_fe.c(787): Converting /home/simone/Documenti/Elaborazione/project-NLP/wav//Chiara/file_1.wav to /home/simone/Documenti/Elaborazione/project-NLP/feat//Chiara/file_1.mfc
INFO: sphinx_fe.c(787): Converting /home/simone/Documenti/Elaborazione/project-NLP/wav//Chiara/file_2.wav to /home/simone/Documenti/Elaborazione/project-NLP/feat//Chiara/file_2.mfc
INFO: sphinx_fe.c(787): Converting /home/simone/Documenti/Elaborazione/project-NLP/wav//Chiara/file_3.wav to /home/simone/Documenti/Elaborazione/project-NLP/feat//Chiara/file_3.mfc
INFO: sphinx_fe.c(787): Converting /home/simone/Documenti/Elaborazione/project-NLP/wav//Chiara/file_4.wav to /home/simone/Documenti/Elaborazione/project-NLP/feat//Chiara/file_4.mfc
INFO: sphinx_fe.c(787): Converting /home/simone/Documenti/Elaborazione/project-NLP/wav//Chiara/file_5.wav to /home/simone/Documenti/Elaborazione/project-NLP/feat//Chiara/file_5.mfc
INFO: sphinx_fe.c(787): Converting /home/simone/Documenti/Elaborazione/project-NLP/wav//Chiara/file_6.wav to /home/simone/Documenti/Elaborazione/project-NLP/feat//Chiara/file_6.mfc
INFO: sphinx_fe.c(787): Converting /home/simone/Documenti/Elaborazione/project-NLP/wav//Chiara/file_7.wav to /home/simone/Documenti/Elaborazione/project-NLP/feat//Chiara/file_7.mfc
INFO: sphinx_fe.c(787): Converting /home/simone/Documenti/Elaborazione/project-NLP/wav//Chiara/file_8.wav to /home/simone/Documenti/Elaborazione/project-NLP/feat//Chiara/file_8.mfc
INFO: sphinx_fe.c(787): Converting /home/simone/Documenti/Elaborazione/project-NLP/wav//Chiara/file_9.wav to /home/simone/Documenti/Elaborazione/project-NLP/feat//Chiara/file_9.mfc
INFO: sphinx_fe.c(787): Converting /home/simone/Documenti/Elaborazione/project-NLP/wav//Chiara/file_10.wav to /home/simone/Documenti/Elaborazione/project-NLP/feat//Chiara/file_10.mfc
INFO: sphinx_fe.c(787): Converting /home/simone/Documenti/Elaborazione/project-NLP/wav//Chiara/file_11.wav to /home/simone/Documenti/Elaborazione/project-NLP/feat//Chiara/file_11.mfc
INFO: sphinx_fe.c(787): Converting /home/simone/Documenti/Elaborazione/project-NLP/wav//antonio/file_1.wav to /home/simone/Documenti/Elaborazione/project-NLP/feat//antonio/file_1.mfc
INFO: sphinx_fe.c(787): Converting /home/simone/Documenti/Elaborazione/project-NLP/wav//antonio/file_2.wav to /home/simone/Documenti/Elaborazione/project-NLP/feat//antonio/file_2.mfc
INFO: sphinx_fe.c(787): Converting /home/simone/Documenti/Elaborazione/project-NLP/wav//antonio/file_3.wav to /home/simone/Documenti/Elaborazione/project-NLP/feat//antonio/file_3.mfc
INFO: sphinx_fe.c(787): Converting /home/simone/Documenti/Elaborazione/project-NLP/wav//antonio/file_4.wav to /home/simone/Documenti/Elaborazione/project-NLP/feat//antonio/file_4.mfc
INFO: sphinx_fe.c(787): Converting /home/simone/Documenti/Elaborazione/project-NLP/wav//antonio/file_5.wav to /home/simone/Documenti/Elaborazione/project-NLP/feat//antonio/file_5.mfc
INFO: sphinx_fe.c(787): Converting /home/simone/Documenti/Elaborazione/project-NLP/wav//antonio/file_6.wav to /home/simone/Documenti/Elaborazione/project-NLP/feat//antonio/file_6.mfc
INFO: sphinx_fe.c(787): Converting /home/simone/Documenti/Elaborazione/project-NLP/wav//antonio/file_7.wav to /home/simone/Documenti/Elaborazione/project-NLP/feat//antonio/file_7.mfc
INFO: sphinx_fe.c(787): Converting /home/simone/Documenti/Elaborazione/project-NLP/wav//antonio/file_8.wav to /home/simone/Documenti/Elaborazione/project-NLP/feat//antonio/file_8.mfc
INFO: sphinx_fe.c(787): Converting /home/simone/Documenti/Elaborazione/project-NLP/wav//antonio/file_9.wav to /home/simone/Documenti/Elaborazione/project-NLP/feat//antonio/file_9.mfc
INFO: sphinx_fe.c(787): Converting /home/simone/Documenti/Elaborazione/project-NLP/wav//antonio/file_10.wav to /home/simone/Documenti/Elaborazione/project-NLP/feat//antonio/file_10.mfc
INFO: sphinx_fe.c(787): Converting /home/simone/Documenti/Elaborazione/project-NLP/wav//antonio/file_11.wav to /home/simone/Documenti/Elaborazione/project-NLP/feat//antonio/file_11.mfc
INFO: sphinx_fe.c(787): Converting /home/simone/Documenti/Elaborazione/project-NLP/wav//claudio/file_1.wav to /home/simone/Documenti/Elaborazione/project-NLP/feat//claudio/file_1.mfc
INFO: sphinx_fe.c(787): Converting /home/simone/Documenti/Elaborazione/project-NLP/wav//claudio/file_2.wav to /home/simone/Documenti/Elaborazione/project-NLP/feat//claudio/file_2.mfc
INFO: sphinx_fe.c(787): Converting /home/simone/Documenti/Elaborazione/project-NLP/wav//claudio/file_3.wav to /home/simone/Documenti/Elaborazione/project-NLP/feat//claudio/file_3.mfc
INFO: sphinx_fe.c(787): Converting /home/simone/Documenti/Elaborazione/project-NLP/wav//claudio/file_4.wav to /home/simone/Documenti/Elaborazione/project-NLP/feat//claudio/file_4.mfc
INFO: sphinx_fe.c(787): Converting /home/simone/Documenti/Elaborazione/project-NLP/wav//claudio/file_5.wav to /home/simone/Documenti/Elaborazione/project-NLP/feat//claudio/file_5.mfc
INFO: sphinx_fe.c(787): Converting /home/simone/Documenti/Elaborazione/project-NLP/wav//claudio/file_6.wav to /home/simone/Documenti/Elaborazione/project-NLP/feat//claudio/file_6.mfc
INFO: sphinx_fe.c(787): Converting /home/simone/Documenti/Elaborazione/project-NLP/wav//claudio/file_7.wav to /home/simone/Documenti/Elaborazione/project-NLP/feat//claudio/file_7.mfc
INFO: sphinx_fe.c(787): Converting /home/simone/Documenti/Elaborazione/project-NLP/wav//claudio/file_8.wav to /home/simone/Documenti/Elaborazione/project-NLP/feat//claudio/file_8.mfc
INFO: sphinx_fe.c(787): Converting /home/simone/Documenti/Elaborazione/project-NLP/wav//claudio/file_9.wav to /home/simone/Documenti/Elaborazione/project-NLP/feat//claudio/file_9.mfc
INFO: sphinx_fe.c(787): Converting /home/simone/Documenti/Elaborazione/project-NLP/wav//claudio/file_10.wav to /home/simone/Documenti/Elaborazione/project-NLP/feat//claudio/file_10.mfc
INFO: sphinx_fe.c(787): Converting /home/simone/Documenti/Elaborazione/project-NLP/wav//claudio/file_11.wav to /home/simone/Documenti/Elaborazione/project-NLP/feat//claudio/file_11.mfc
INFO: sphinx_fe.c(787): Converting /home/simone/Documenti/Elaborazione/project-NLP/wav//sabrina/file_1.wav to /home/simone/Documenti/Elaborazione/project-NLP/feat//sabrina/file_1.mfc
INFO: sphinx_fe.c(787): Converting /home/simone/Documenti/Elaborazione/project-NLP/wav//sabrina/file_2.wav to /home/simone/Documenti/Elaborazione/project-NLP/feat//sabrina/file_2.mfc
INFO: sphinx_fe.c(787): Converting /home/simone/Documenti/Elaborazione/project-NLP/wav//sabrina/file_3.wav to /home/simone/Documenti/Elaborazione/project-NLP/feat//sabrina/file_3.mfc
INFO: sphinx_fe.c(787): Converting /home/simone/Documenti/Elaborazione/project-NLP/wav//sabrina/file_4.wav to /home/simone/Documenti/Elaborazione/project-NLP/feat//sabrina/file_4.mfc
INFO: sphinx_fe.c(787): Converting /home/simone/Documenti/Elaborazione/project-NLP/wav//sabrina/file_5.wav to /home/simone/Documenti/Elaborazione/project-NLP/feat//sabrina/file_5.mfc
INFO: sphinx_fe.c(787): Converting /home/simone/Documenti/Elaborazione/project-NLP/wav//sabrina/file_6.wav to /home/simone/Documenti/Elaborazione/project-NLP/feat//sabrina/file_6.mfc
INFO: sphinx_fe.c(787): Converting /home/simone/Documenti/Elaborazione/project-NLP/wav//sabrina/file_7.wav to /home/simone/Documenti/Elaborazione/project-NLP/feat//sabrina/file_7.mfc
INFO: sphinx_fe.c(787): Converting /home/simone/Documenti/Elaborazione/project-NLP/wav//sabrina/file_8.wav to /home/simone/Documenti/Elaborazione/project-NLP/feat//sabrina/file_8.mfc
INFO: sphinx_fe.c(787): Converting /home/simone/Documenti/Elaborazione/project-NLP/wav//sabrina/file_9.wav to /home/simone/Documenti/Elaborazione/project-NLP/feat//sabrina/file_9.mfc
INFO: sphinx_fe.c(787): Converting /home/simone/Documenti/Elaborazione/project-NLP/wav//sabrina/file_10.wav to /home/simone/Documenti/Elaborazione/project-NLP/feat//sabrina/file_10.mfc
INFO: sphinx_fe.c(787): Converting /home/simone/Documenti/Elaborazione/project-NLP/wav//sabrina/file_11.wav to /home/simone/Documenti/Elaborazione/project-NLP/feat//sabrina/file_11.mfc
INFO: sphinx_fe.c(787): Converting /home/simone/Documenti/Elaborazione/project-NLP/wav//caterina/file_1.wav to /home/simone/Documenti/Elaborazione/project-NLP/feat//caterina/file_1.mfc
INFO: sphinx_fe.c(787): Converting /home/simone/Documenti/Elaborazione/project-NLP/wav//caterina/file_2.wav to /home/simone/Documenti/Elaborazione/project-NLP/feat//caterina/file_2.mfc
INFO: sphinx_fe.c(787): Converting /home/simone/Documenti/Elaborazione/project-NLP/wav//caterina/file_3.wav to /home/simone/Documenti/Elaborazione/project-NLP/feat//caterina/file_3.mfc
INFO: sphinx_fe.c(787): Converting /home/simone/Documenti/Elaborazione/project-NLP/wav//caterina/file_4.wav to /home/simone/Documenti/Elaborazione/project-NLP/feat//caterina/file_4.mfc
INFO: sphinx_fe.c(787): Converting /home/simone/Documenti/Elaborazione/project-NLP/wav//caterina/file_5.wav to /home/simone/Documenti/Elaborazione/project-NLP/feat//caterina/file_5.mfc
INFO: sphinx_fe.c(787): Converting /home/simone/Documenti/Elaborazione/project-NLP/wav//caterina/file_6.wav to /home/simone/Documenti/Elaborazione/project-NLP/feat//caterina/file_6.mfc
INFO: sphinx_fe.c(787): Converting /home/simone/Documenti/Elaborazione/project-NLP/wav//caterina/file_7.wav to /home/simone/Documenti/Elaborazione/project-NLP/feat//caterina/file_7.mfc
INFO: sphinx_fe.c(787): Converting /home/simone/Documenti/Elaborazione/project-NLP/wav//caterina/file_8.wav to /home/simone/Documenti/Elaborazione/project-NLP/feat//caterina/file_8.mfc
INFO: sphinx_fe.c(787): Converting /home/simone/Documenti/Elaborazione/project-NLP/wav//caterina/file_9.wav to /home/simone/Documenti/Elaborazione/project-NLP/feat//caterina/file_9.mfc
INFO: sphinx_fe.c(787): Converting /home/simone/Documenti/Elaborazione/project-NLP/wav//caterina/file_10.wav to /home/simone/Documenti/Elaborazione/project-NLP/feat//caterina/file_10.mfc
INFO: sphinx_fe.c(787): Converting /home/simone/Documenti/Elaborazione/project-NLP/wav//caterina/file_11.wav to /home/simone/Documenti/Elaborazione/project-NLP/feat//caterina/file_11.mfc
Sun Dec 11 12:11:46 2016
