Current configuration:
[NAME]		[DEFLT]	[VALUE]
-accumdir		/home/simone/Documenti/Elaborazione/project-NLP/bwaccumdir/android_db_buff_1,
-constE		3.0	3.000000e+00
-dcountfn		
-example	no	no
-fullvar	no	no
-help		no	no
-inmeanfn		
-inmixwfn		
-invarfn		
-meanfn			/home/simone/Documenti/Elaborazione/project-NLP/model_parameters/android_db.ci_cont/means
-mixwfn			/home/simone/Documenti/Elaborazione/project-NLP/model_parameters/android_db.ci_cont/mixture_weights
-mmie		no	no
-oaccumdir		
-regmatfn		
-tiedvar	no	no
-tmatfn			/home/simone/Documenti/Elaborazione/project-NLP/model_parameters/android_db.ci_cont/transition_matrices
-varfn			/home/simone/Documenti/Elaborazione/project-NLP/model_parameters/android_db.ci_cont/variances

INFO: main.c(207): Reading and accumulating counts from /home/simone/Documenti/Elaborazione/project-NLP/bwaccumdir/android_db_buff_1
INFO: s3mixw_io.c(117): Read /home/simone/Documenti/Elaborazione/project-NLP/bwaccumdir/android_db_buff_1/mixw_counts [81x1x1 array]
INFO: s3tmat_io.c(118): Read /home/simone/Documenti/Elaborazione/project-NLP/bwaccumdir/android_db_buff_1/tmat_counts [27x3x4 array]
INFO: s3gau_io.c(386): Read /home/simone/Documenti/Elaborazione/project-NLP/bwaccumdir/android_db_buff_1/gauden_counts with means with vars [81x1x1 vector arrays]
INFO: main.c(391): Normalizing mean for n_mgau= 81, n_stream= 1, n_density= 1
INFO: main.c(414): Normalizing var
INFO: s3mixw_io.c(233): Wrote /home/simone/Documenti/Elaborazione/project-NLP/model_parameters/android_db.ci_cont/mixture_weights [81x1x1 array]
INFO: s3tmat_io.c(176): Wrote /home/simone/Documenti/Elaborazione/project-NLP/model_parameters/android_db.ci_cont/transition_matrices [27x3x4 array]
INFO: s3gau_io.c(228): Wrote /home/simone/Documenti/Elaborazione/project-NLP/model_parameters/android_db.ci_cont/means [81x1x1 array]
INFO: s3gau_io.c(228): Wrote /home/simone/Documenti/Elaborazione/project-NLP/model_parameters/android_db.ci_cont/variances [81x1x1 array]
Thu Feb 16 16:24:16 2017
Current Overall Likelihood Per Frame = -150.193732099944
