Current configuration:
[NAME]		[DEFLT]	[VALUE]
-dest_meanfn		/home/simone/Documenti/Elaborazione/project-NLP/model_parameters/android_db.cd_cont_untied/means
-dest_mixwfn		/home/simone/Documenti/Elaborazione/project-NLP/model_parameters/android_db.cd_cont_untied/mixture_weights
-dest_moddeffn		/home/simone/Documenti/Elaborazione/project-NLP/model_architecture/android_db.untied.mdef
-dest_tmatfn		/home/simone/Documenti/Elaborazione/project-NLP/model_parameters/android_db.cd_cont_untied/transition_matrices
-dest_ts2cbfn		.cont.
-dest_varfn		/home/simone/Documenti/Elaborazione/project-NLP/model_parameters/android_db.cd_cont_untied/variances
-example	no	no
-fullvar	no	no
-help		no	no
-src_meanfn		/home/simone/Documenti/Elaborazione/project-NLP/model_parameters/android_db.ci_cont/means
-src_mixwfn		/home/simone/Documenti/Elaborazione/project-NLP/model_parameters/android_db.ci_cont/mixture_weights
-src_moddeffn		/home/simone/Documenti/Elaborazione/project-NLP/model_architecture/android_db.ci.mdef
-src_tmatfn		/home/simone/Documenti/Elaborazione/project-NLP/model_parameters/android_db.ci_cont/transition_matrices
-src_ts2cbfn		.cont.
-src_varfn		/home/simone/Documenti/Elaborazione/project-NLP/model_parameters/android_db.ci_cont/variances

INFO: main.c(261): Reading src /home/simone/Documenti/Elaborazione/project-NLP/model_architecture/android_db.ci.mdef
INFO: model_def_io.c(573): Model definition info:
INFO: model_def_io.c(574): 27 total models defined (27 base, 0 tri)
INFO: model_def_io.c(575): 108 total states
INFO: model_def_io.c(576): 81 total tied states
INFO: model_def_io.c(577): 81 total tied CI states
INFO: model_def_io.c(578): 27 total tied transition matrices
INFO: model_def_io.c(579): 4 max state/model
INFO: model_def_io.c(580): 4 min state/model
INFO: main.c(278): Generating continous ts2cb mapping
INFO: main.c(299): Reading src /home/simone/Documenti/Elaborazione/project-NLP/model_parameters/android_db.ci_cont/mixture_weights
INFO: s3mixw_io.c(117): Read /home/simone/Documenti/Elaborazione/project-NLP/model_parameters/android_db.ci_cont/mixture_weights [81x1x1 array]
INFO: main.c(309): Reading src /home/simone/Documenti/Elaborazione/project-NLP/model_parameters/android_db.ci_cont/transition_matrices
INFO: s3tmat_io.c(118): Read /home/simone/Documenti/Elaborazione/project-NLP/model_parameters/android_db.ci_cont/transition_matrices [27x3x4 array]
INFO: main.c(318): Reading src /home/simone/Documenti/Elaborazione/project-NLP/model_parameters/android_db.ci_cont/means
INFO: s3gau_io.c(169): Read /home/simone/Documenti/Elaborazione/project-NLP/model_parameters/android_db.ci_cont/means [81x1x1 array]
INFO: main.c(342): Reading src /home/simone/Documenti/Elaborazione/project-NLP/model_parameters/android_db.ci_cont/variances
INFO: s3gau_io.c(169): Read /home/simone/Documenti/Elaborazione/project-NLP/model_parameters/android_db.ci_cont/variances [81x1x1 array]
INFO: main.c(391): Reading dest /home/simone/Documenti/Elaborazione/project-NLP/model_architecture/android_db.untied.mdef
INFO: model_def_io.c(573): Model definition info:
INFO: model_def_io.c(574): 211 total models defined (27 base, 184 tri)
INFO: model_def_io.c(575): 844 total states
INFO: model_def_io.c(576): 633 total tied states
INFO: model_def_io.c(577): 81 total tied CI states
INFO: model_def_io.c(578): 27 total tied transition matrices
INFO: model_def_io.c(579): 4 max state/model
INFO: model_def_io.c(580): 4 min state/model
INFO: main.c(407): Generating continous ts2cb mapping
INFO: main.c(431): Calculating initial model parameters
INFO: main.c(439): Alloc 27x3x4 dest tmat
INFO: main.c(450): Alloc 633x1x1 dest mixw
INFO: main.c(463): Alloc 633x1x1 dest mean and var
        EE <- EE        : [tm     0 +=     0]
[mx     0(0) +=     0] [mg     0(0) <-     0] [mx     1(1) +=     1] [mg     1(1) <-     1] [mx     2(2) +=     2] [mg     2(2) <-     2] 
        OO <- OO        : [tm     1 +=     1]
[mx     3(0) +=     3] [mg     3(0) <-     3] [mx     4(1) +=     4] [mg     4(1) <-     4] [mx     5(2) +=     5] [mg     5(2) <-     5] 
       SIL <- SIL       : [tm     2 +=     2]
[mx     6(0) +=     6] [mg     6(0) <-     6] [mx     7(1) +=     7] [mg     7(1) <-     7] [mx     8(2) +=     8] [mg     8(2) <-     8] 
         a <- a         : [tm     3 +=     3]
[mx     9(0) +=     9] [mg     9(0) <-     9] [mx    10(1) +=    10] [mg    10(1) <-    10] [mx    11(2) +=    11] [mg    11(2) <-    11] 
        a1 <- a1        : [tm     4 +=     4]
[mx    12(0) +=    12] [mg    12(0) <-    12] [mx    13(1) +=    13] [mg    13(1) <-    13] [mx    14(2) +=    14] [mg    14(2) <-    14] 
         d <- d         : [tm     5 +=     5]
[mx    15(0) +=    15] [mg    15(0) <-    15] [mx    16(1) +=    16] [mg    16(1) <-    16] [mx    17(2) +=    17] [mg    17(2) <-    17] 
         e <- e         : [tm     6 +=     6]
[mx    18(0) +=    18] [mg    18(0) <-    18] [mx    19(1) +=    19] [mg    19(1) <-    19] [mx    20(2) +=    20] [mg    20(2) <-    20] 
        e1 <- e1        : [tm     7 +=     7]
[mx    21(0) +=    21] [mg    21(0) <-    21] [mx    22(1) +=    22] [mg    22(1) <-    22] [mx    23(2) +=    23] [mg    23(2) <-    23] 
         i <- i         : [tm     8 +=     8]
[mx    24(0) +=    24] [mg    24(0) <-    24] [mx    25(1) +=    25] [mg    25(1) <-    25] [mx    26(2) +=    26] [mg    26(2) <-    26] 
        i1 <- i1        : [tm     9 +=     9]
[mx    27(0) +=    27] [mg    27(0) <-    27] [mx    28(1) +=    28] [mg    28(1) <-    28] [mx    29(2) +=    29] [mg    29(2) <-    29] 
         j <- j         : [tm    10 +=    10]
[mx    30(0) +=    30] [mg    30(0) <-    30] [mx    31(1) +=    31] [mg    31(1) <-    31] [mx    32(2) +=    32] [mg    32(2) <-    32] 
         k <- k         : [tm    11 +=    11]
[mx    33(0) +=    33] [mg    33(0) <-    33] [mx    34(1) +=    34] [mg    34(1) <-    34] [mx    35(2) +=    35] [mg    35(2) <-    35] 
         l <- l         : [tm    12 +=    12]
[mx    36(0) +=    36] [mg    36(0) <-    36] [mx    37(1) +=    37] [mg    37(1) <-    37] [mx    38(2) +=    38] [mg    38(2) <-    38] 
         m <- m         : [tm    13 +=    13]
[mx    39(0) +=    39] [mg    39(0) <-    39] [mx    40(1) +=    40] [mg    40(1) <-    40] [mx    41(2) +=    41] [mg    41(2) <-    41] 
         n <- n         : [tm    14 +=    14]
[mx    42(0) +=    42] [mg    42(0) <-    42] [mx    43(1) +=    43] [mg    43(1) <-    43] [mx    44(2) +=    44] [mg    44(2) <-    44] 
        ng <- ng        : [tm    15 +=    15]
[mx    45(0) +=    45] [mg    45(0) <-    45] [mx    46(1) +=    46] [mg    46(1) <-    46] [mx    47(2) +=    47] [mg    47(2) <-    47] 
         o <- o         : [tm    16 +=    16]
[mx    48(0) +=    48] [mg    48(0) <-    48] [mx    49(1) +=    49] [mg    49(1) <-    49] [mx    50(2) +=    50] [mg    50(2) <-    50] 
        o1 <- o1        : [tm    17 +=    17]
[mx    51(0) +=    51] [mg    51(0) <-    51] [mx    52(1) +=    52] [mg    52(1) <-    52] [mx    53(2) +=    53] [mg    53(2) <-    53] 
         p <- p         : [tm    18 +=    18]
[mx    54(0) +=    54] [mg    54(0) <-    54] [mx    55(1) +=    55] [mg    55(1) <-    55] [mx    56(2) +=    56] [mg    56(2) <-    56] 
         r <- r         : [tm    19 +=    19]
[mx    57(0) +=    57] [mg    57(0) <-    57] [mx    58(1) +=    58] [mg    58(1) <-    58] [mx    59(2) +=    59] [mg    59(2) <-    59] 
         s <- s         : [tm    20 +=    20]
[mx    60(0) +=    60] [mg    60(0) <-    60] [mx    61(1) +=    61] [mg    61(1) <-    61] [mx    62(2) +=    62] [mg    62(2) <-    62] 
         t <- t         : [tm    21 +=    21]
[mx    63(0) +=    63] [mg    63(0) <-    63] [mx    64(1) +=    64] [mg    64(1) <-    64] [mx    65(2) +=    65] [mg    65(2) <-    65] 
       tSS <- tSS       : [tm    22 +=    22]
[mx    66(0) +=    66] [mg    66(0) <-    66] [mx    67(1) +=    67] [mg    67(1) <-    67] [mx    68(2) +=    68] [mg    68(2) <-    68] 
        ts <- ts        : [tm    23 +=    23]
[mx    69(0) +=    69] [mg    69(0) <-    69] [mx    70(1) +=    70] [mg    70(1) <-    70] [mx    71(2) +=    71] [mg    71(2) <-    71] 
        u1 <- u1        : [tm    24 +=    24]
[mx    72(0) +=    72] [mg    72(0) <-    72] [mx    73(1) +=    73] [mg    73(1) <-    73] [mx    74(2) +=    74] [mg    74(2) <-    74] 
         v <- v         : [tm    25 +=    25]
[mx    75(0) +=    75] [mg    75(0) <-    75] [mx    76(1) +=    76] [mg    76(1) <-    76] [mx    77(2) +=    77] [mg    77(2) <-    77] 
         w <- w         : [tm    26 +=    26]
[mx    78(0) +=    78] [mg    78(0) <-    78] [mx    79(1) +=    79] [mg    79(1) <-    79] [mx    80(2) +=    80] [mg    80(2) <-    80] 
EE r SIL e <- EE        : [mx    81(0) +=     0] [mg    81(0) <-     0] [mx    82(1) +=     1] [mg    82(1) <-     1] [mx    83(2) +=     2] [mg    83(2) <-     2] 
  EE r d e <- EE        : [mx    84(0) +=     0] [mg    84(0) <-     0] [mx    85(1) +=     1] [mg    85(1) <-     1] [mx    86(2) +=     2] [mg    86(2) <-     2] 
  EE r s e <- EE        : [mx    87(0) +=     0] [mg    87(0) <-     0] [mx    88(1) +=     1] [mg    88(1) <-     1] [mx    89(2) +=     2] [mg    89(2) <-     2] 
  EE r t e <- EE        : [mx    90(0) +=     0] [mg    90(0) <-     0] [mx    91(1) +=     1] [mg    91(1) <-     1] [mx    92(2) +=     2] [mg    92(2) <-     2] 
EE r tSS e <- EE        : [mx    93(0) +=     0] [mg    93(0) <-     0] [mx    94(1) +=     1] [mg    94(1) <-     1] [mx    95(2) +=     2] [mg    95(2) <-     2] 
 EE r u1 e <- EE        : [mx    96(0) +=     0] [mg    96(0) <-     0] [mx    97(1) +=     1] [mg    97(1) <-     1] [mx    98(2) +=     2] [mg    98(2) <-     2] 
  EE s i i <- EE        : [mx    99(0) +=     0] [mg    99(0) <-     0] [mx   100(1) +=     1] [mg   100(1) <-     1] [mx   101(2) +=     2] [mg   101(2) <-     2] 
  EE s t i <- EE        : [mx   102(0) +=     0] [mg   102(0) <-     0] [mx   103(1) +=     1] [mg   103(1) <-     1] [mx   104(2) +=     2] [mg   104(2) <-     2] 
EE tSS l i <- EE        : [mx   105(0) +=     0] [mg   105(0) <-     0] [mx   106(1) +=     1] [mg   106(1) <-     1] [mx   107(2) +=     2] [mg   107(2) <-     2] 
  OO e t b <- OO        : [mx   108(0) +=     3] [mg   108(0) <-     3] [mx   109(1) +=     4] [mg   109(1) <-     4] [mx   110(2) +=     5] [mg   110(2) <-     5] 
  OO n v i <- OO        : [mx   111(0) +=     3] [mg   111(0) <-     3] [mx   112(1) +=     4] [mg   112(1) <-     4] [mx   113(2) +=     5] [mg   113(2) <-     5] 
  OO o t b <- OO        : [mx   114(0) +=     3] [mg   114(0) <-     3] [mx   115(1) +=     4] [mg   115(1) <-     4] [mx   116(2) +=     5] [mg   116(2) <-     5] 
  OO p s i <- OO        : [mx   117(0) +=     3] [mg   117(0) <-     3] [mx   118(1) +=     4] [mg   118(1) <-     4] [mx   119(2) +=     5] [mg   119(2) <-     5] 
  OO r v i <- OO        : [mx   120(0) +=     3] [mg   120(0) <-     3] [mx   121(1) +=     4] [mg   121(1) <-     4] [mx   122(2) +=     5] [mg   122(2) <-     5] 
   a k l i <- a         : [mx   123(0) +=     9] [mg   123(0) <-     9] [mx   124(1) +=    10] [mg   124(1) <-    10] [mx   125(2) +=    11] [mg   125(2) <-    11] 
   a k n i <- a         : [mx   126(0) +=     9] [mg   126(0) <-     9] [mx   127(1) +=    10] [mg   127(1) <-    10] [mx   128(2) +=    11] [mg   128(2) <-    11] 
   a l n e <- a         : [mx   129(0) +=     9] [mg   129(0) <-     9] [mx   130(1) +=    10] [mg   130(1) <-    10] [mx   131(2) +=    11] [mg   131(2) <-    11] 
   a m n e <- a         : [mx   132(0) +=     9] [mg   132(0) <-     9] [mx   133(1) +=    10] [mg   133(1) <-    10] [mx   134(2) +=    11] [mg   134(2) <-    11] 
   a m s e <- a         : [mx   135(0) +=     9] [mg   135(0) <-     9] [mx   136(1) +=    10] [mg   136(1) <-    10] [mx   137(2) +=    11] [mg   137(2) <-    11] 
   a m t e <- a         : [mx   138(0) +=     9] [mg   138(0) <-     9] [mx   139(1) +=    10] [mg   139(1) <-    10] [mx   140(2) +=    11] [mg   140(2) <-    11] 
  a m ts e <- a         : [mx   141(0) +=     9] [mg   141(0) <-     9] [mx   142(1) +=    10] [mg   142(1) <-    10] [mx   143(2) +=    11] [mg   143(2) <-    11] 
  a t ts i <- a         : [mx   144(0) +=     9] [mg   144(0) <-     9] [mx   145(1) +=    10] [mg   145(1) <-    10] [mx   146(2) +=    11] [mg   146(2) <-    11] 
a1 SIL p b <- a1        : [mx   147(0) +=    12] [mg   147(0) <-    12] [mx   148(1) +=    13] [mg   148(1) <-    13] [mx   149(2) +=    14] [mg   149(2) <-    14] 
  a1 d r i <- a1        : [mx   150(0) +=    12] [mg   150(0) <-    12] [mx   151(1) +=    13] [mg   151(1) <-    13] [mx   152(2) +=    14] [mg   152(2) <-    14] 
  a1 j m i <- a1        : [mx   153(0) +=    12] [mg   153(0) <-    12] [mx   154(1) +=    13] [mg   154(1) <-    13] [mx   155(2) +=    14] [mg   155(2) <-    14] 
  a1 k l i <- a1        : [mx   156(0) +=    12] [mg   156(0) <-    12] [mx   157(1) +=    13] [mg   157(1) <-    13] [mx   158(2) +=    14] [mg   158(2) <-    14] 
  a1 l t i <- a1        : [mx   159(0) +=    12] [mg   159(0) <-    12] [mx   160(1) +=    13] [mg   160(1) <-    13] [mx   161(2) +=    14] [mg   161(2) <-    14] 
  a1 t t i <- a1        : [mx   162(0) +=    12] [mg   162(0) <-    12] [mx   163(1) +=    13] [mg   163(1) <-    13] [mx   164(2) +=    14] [mg   164(2) <-    14] 
  a1 w t i <- a1        : [mx   165(0) +=    12] [mg   165(0) <-    12] [mx   166(1) +=    13] [mg   166(1) <-    13] [mx   167(2) +=    14] [mg   167(2) <-    14] 
 d EE u1 b <- d         : [mx   168(0) +=    15] [mg   168(0) <-    15] [mx   169(1) +=    16] [mg   169(1) <-    16] [mx   170(2) +=    17] [mg   170(2) <-    17] 
d SIL o1 b <- d         : [mx   171(0) +=    15] [mg   171(0) <-    15] [mx   172(1) +=    16] [mg   172(1) <-    16] [mx   173(2) +=    17] [mg   173(2) <-    17] 
  d n a1 i <- d         : [mx   174(0) +=    15] [mg   174(0) <-    15] [mx   175(1) +=    16] [mg   175(1) <-    16] [mx   176(2) +=    17] [mg   176(2) <-    17] 
  d o u1 b <- d         : [mx   177(0) +=    15] [mg   177(0) <-    15] [mx   178(1) +=    16] [mg   178(1) <-    16] [mx   179(2) +=    17] [mg   179(2) <-    17] 
   e m r i <- e         : [mx   180(0) +=    18] [mg   180(0) <-    18] [mx   181(1) +=    19] [mg   181(1) <-    19] [mx   182(2) +=    20] [mg   182(2) <-    20] 
  e t OO e <- e         : [mx   183(0) +=    18] [mg   183(0) <-    18] [mx   184(1) +=    19] [mg   184(1) <-    19] [mx   185(2) +=    20] [mg   185(2) <-    20] 
   e t n e <- e         : [mx   186(0) +=    18] [mg   186(0) <-    18] [mx   187(1) +=    19] [mg   187(1) <-    19] [mx   188(2) +=    20] [mg   188(2) <-    20] 
   e t s e <- e         : [mx   189(0) +=    18] [mg   189(0) <-    18] [mx   190(1) +=    19] [mg   190(1) <-    19] [mx   191(2) +=    20] [mg   191(2) <-    20] 
  e t u1 e <- e         : [mx   192(0) +=    18] [mg   192(0) <-    18] [mx   193(1) +=    19] [mg   193(1) <-    19] [mx   194(2) +=    20] [mg   194(2) <-    20] 
e tSS SIL e <- e         : [mx   195(0) +=    18] [mg   195(0) <-    18] [mx   196(1) +=    19] [mg   196(1) <-    19] [mx   197(2) +=    20] [mg   197(2) <-    20] 
 e tSS k e <- e         : [mx   198(0) +=    18] [mg   198(0) <-    18] [mx   199(1) +=    19] [mg   199(1) <-    19] [mx   200(2) +=    20] [mg   200(2) <-    20] 
 e u1 OO e <- e         : [mx   201(0) +=    18] [mg   201(0) <-    18] [mx   202(1) +=    19] [mg   202(1) <-    19] [mx   203(2) +=    20] [mg   203(2) <-    20] 
  e u1 k e <- e         : [mx   204(0) +=    18] [mg   204(0) <-    18] [mx   205(1) +=    19] [mg   205(1) <-    19] [mx   206(2) +=    20] [mg   206(2) <-    20] 
  e u1 s e <- e         : [mx   207(0) +=    18] [mg   207(0) <-    18] [mx   208(1) +=    19] [mg   208(1) <-    19] [mx   209(2) +=    20] [mg   209(2) <-    20] 
 e u1 ts e <- e         : [mx   210(0) +=    18] [mg   210(0) <-    18] [mx   211(1) +=    19] [mg   211(1) <-    19] [mx   212(2) +=    20] [mg   212(2) <-    20] 
  e v OO e <- e         : [mx   213(0) +=    18] [mg   213(0) <-    18] [mx   214(1) +=    19] [mg   214(1) <-    19] [mx   215(2) +=    20] [mg   215(2) <-    20] 
 e v SIL e <- e         : [mx   216(0) +=    18] [mg   216(0) <-    18] [mx   217(1) +=    19] [mg   217(1) <-    19] [mx   218(2) +=    20] [mg   218(2) <-    20] 
   e v m e <- e         : [mx   219(0) +=    18] [mg   219(0) <-    18] [mx   220(1) +=    19] [mg   220(1) <-    19] [mx   221(2) +=    20] [mg   221(2) <-    20] 
   e v n e <- e         : [mx   222(0) +=    18] [mg   222(0) <-    18] [mx   223(1) +=    19] [mg   223(1) <-    19] [mx   224(2) +=    20] [mg   224(2) <-    20] 
   e v t e <- e         : [mx   225(0) +=    18] [mg   225(0) <-    18] [mx   226(1) +=    19] [mg   226(1) <-    19] [mx   227(2) +=    20] [mg   227(2) <-    20] 
   e w s e <- e         : [mx   228(0) +=    18] [mg   228(0) <-    18] [mx   229(1) +=    19] [mg   229(1) <-    19] [mx   230(2) +=    20] [mg   230(2) <-    20] 
  e w ts e <- e         : [mx   231(0) +=    18] [mg   231(0) <-    18] [mx   232(1) +=    19] [mg   232(1) <-    19] [mx   233(2) +=    20] [mg   233(2) <-    20] 
  e1 l n i <- e1        : [mx   234(0) +=    21] [mg   234(0) <-    21] [mx   235(1) +=    22] [mg   235(1) <-    22] [mx   236(2) +=    23] [mg   236(2) <-    23] 
 e1 ts r i <- e1        : [mx   237(0) +=    21] [mg   237(0) <-    21] [mx   238(1) +=    22] [mg   238(1) <-    22] [mx   239(2) +=    23] [mg   239(2) <-    23] 
  i EE s e <- i         : [mx   240(0) +=    24] [mg   240(0) <-    24] [mx   241(1) +=    25] [mg   241(1) <-    25] [mx   242(2) +=    26] [mg   242(2) <-    26] 
  i EE t e <- i         : [mx   243(0) +=    24] [mg   243(0) <-    24] [mx   244(1) +=    25] [mg   244(1) <-    25] [mx   245(2) +=    26] [mg   245(2) <-    26] 
 i EE ts e <- i         : [mx   246(0) +=    24] [mg   246(0) <-    24] [mx   247(1) +=    25] [mg   247(1) <-    25] [mx   248(2) +=    26] [mg   248(2) <-    26] 
   i i m b <- i         : [mx   249(0) +=    24] [mg   249(0) <-    24] [mx   250(1) +=    25] [mg   250(1) <-    25] [mx   251(2) +=    26] [mg   251(2) <-    26] 
 i n SIL e <- i         : [mx   252(0) +=    24] [mg   252(0) <-    24] [mx   253(1) +=    25] [mg   253(1) <-    25] [mx   254(2) +=    26] [mg   254(2) <-    26] 
   i n i e <- i         : [mx   255(0) +=    24] [mg   255(0) <-    24] [mx   256(1) +=    25] [mg   256(1) <-    25] [mx   257(2) +=    26] [mg   257(2) <-    26] 
   i n n e <- i         : [mx   258(0) +=    24] [mg   258(0) <-    24] [mx   259(1) +=    25] [mg   259(1) <-    25] [mx   260(2) +=    26] [mg   260(2) <-    26] 
   i r i e <- i         : [mx   261(0) +=    24] [mg   261(0) <-    24] [mx   262(1) +=    25] [mg   262(1) <-    25] [mx   263(2) +=    26] [mg   263(2) <-    26] 
   i r k e <- i         : [mx   264(0) +=    24] [mg   264(0) <-    24] [mx   265(1) +=    25] [mg   265(1) <-    25] [mx   266(2) +=    26] [mg   266(2) <-    26] 
 i r tSS i <- i         : [mx   267(0) +=    24] [mg   267(0) <-    24] [mx   268(1) +=    25] [mg   268(1) <-    25] [mx   269(2) +=    26] [mg   269(2) <-    26] 
 i t SIL e <- i         : [mx   270(0) +=    24] [mg   270(0) <-    24] [mx   271(1) +=    25] [mg   271(1) <-    25] [mx   272(2) +=    26] [mg   272(2) <-    26] 
   i t k e <- i         : [mx   273(0) +=    24] [mg   273(0) <-    24] [mx   274(1) +=    25] [mg   274(1) <-    25] [mx   275(2) +=    26] [mg   275(2) <-    26] 
  i1 m t e <- i1        : [mx   276(0) +=    27] [mg   276(0) <-    27] [mx   277(1) +=    28] [mg   277(1) <-    28] [mx   278(2) +=    29] [mg   278(2) <-    29] 
i1 tSS ng i <- i1        : [mx   279(0) +=    27] [mg   279(0) <-    27] [mx   280(1) +=    28] [mg   280(1) <-    28] [mx   281(2) +=    29] [mg   281(2) <-    29] 
  j k a1 i <- j         : [mx   282(0) +=    30] [mg   282(0) <-    30] [mx   283(1) +=    31] [mg   283(1) <-    31] [mx   284(2) +=    32] [mg   284(2) <-    32] 
   j r o i <- j         : [mx   285(0) +=    30] [mg   285(0) <-    30] [mx   286(1) +=    31] [mg   286(1) <-    31] [mx   287(2) +=    32] [mg   287(2) <-    32] 
 j ts o1 i <- j         : [mx   288(0) +=    30] [mg   288(0) <-    30] [mx   289(1) +=    31] [mg   289(1) <-    31] [mx   290(2) +=    32] [mg   290(2) <-    32] 
 k SIL a b <- k         : [mx   291(0) +=    33] [mg   291(0) <-    33] [mx   292(1) +=    34] [mg   292(1) <-    34] [mx   293(2) +=    35] [mg   293(2) <-    35] 
 k SIL j b <- k         : [mx   294(0) +=    33] [mg   294(0) <-    33] [mx   295(1) +=    34] [mg   295(1) <-    34] [mx   296(2) +=    35] [mg   296(2) <-    35] 
k SIL o1 b <- k         : [mx   297(0) +=    33] [mg   297(0) <-    33] [mx   298(1) +=    34] [mg   298(1) <-    34] [mx   299(2) +=    35] [mg   299(2) <-    35] 
  k e a1 b <- k         : [mx   300(0) +=    33] [mg   300(0) <-    33] [mx   301(1) +=    34] [mg   301(1) <-    34] [mx   302(2) +=    35] [mg   302(2) <-    35] 
   k e w b <- k         : [mx   303(0) +=    33] [mg   303(0) <-    33] [mx   304(1) +=    34] [mg   304(1) <-    34] [mx   305(2) +=    35] [mg   305(2) <-    35] 
   k i a b <- k         : [mx   306(0) +=    33] [mg   306(0) <-    33] [mx   307(1) +=    34] [mg   307(1) <-    34] [mx   308(2) +=    35] [mg   308(2) <-    35] 
  k i a1 b <- k         : [mx   309(0) +=    33] [mg   309(0) <-    33] [mx   310(1) +=    34] [mg   310(1) <-    34] [mx   311(2) +=    35] [mg   311(2) <-    35] 
   k i o b <- k         : [mx   312(0) +=    33] [mg   312(0) <-    33] [mx   313(1) +=    34] [mg   313(1) <-    34] [mx   314(2) +=    35] [mg   314(2) <-    35] 
   k l o i <- k         : [mx   315(0) +=    33] [mg   315(0) <-    33] [mx   316(1) +=    34] [mg   316(1) <-    34] [mx   317(2) +=    35] [mg   317(2) <-    35] 
  k ng w i <- k         : [mx   318(0) +=    33] [mg   318(0) <-    33] [mx   319(1) +=    34] [mg   319(1) <-    34] [mx   320(2) +=    35] [mg   320(2) <-    35] 
   k o a b <- k         : [mx   321(0) +=    33] [mg   321(0) <-    33] [mx   322(1) +=    34] [mg   322(1) <-    34] [mx   323(2) +=    35] [mg   323(2) <-    35] 
   k o w b <- k         : [mx   324(0) +=    33] [mg   324(0) <-    33] [mx   325(1) +=    34] [mg   325(1) <-    34] [mx   326(2) +=    35] [mg   326(2) <-    35] 
  l EE l i <- l         : [mx   327(0) +=    36] [mg   327(0) <-    36] [mx   328(1) +=    37] [mg   328(1) <-    37] [mx   329(2) +=    38] [mg   329(2) <-    38] 
  l a e1 i <- l         : [mx   330(0) +=    36] [mg   330(0) <-    36] [mx   331(1) +=    37] [mg   331(1) <-    37] [mx   332(2) +=    38] [mg   332(2) <-    38] 
  l a1 k i <- l         : [mx   333(0) +=    36] [mg   333(0) <-    36] [mx   334(1) +=    37] [mg   334(1) <-    37] [mx   335(2) +=    38] [mg   335(2) <-    38] 
   l l a i <- l         : [mx   336(0) +=    36] [mg   336(0) <-    36] [mx   337(1) +=    37] [mg   337(1) <-    37] [mx   338(2) +=    38] [mg   338(2) <-    38] 
  l o a1 i <- l         : [mx   339(0) +=    36] [mg   339(0) <-    36] [mx   340(1) +=    37] [mg   340(1) <-    37] [mx   341(2) +=    38] [mg   341(2) <-    38] 
  m a1 a i <- m         : [mx   342(0) +=    39] [mg   342(0) <-    39] [mx   343(1) +=    40] [mg   343(1) <-    40] [mx   344(2) +=    41] [mg   344(2) <-    41] 
  m e i1 b <- m         : [mx   345(0) +=    39] [mg   345(0) <-    39] [mx   346(1) +=    40] [mg   346(1) <-    40] [mx   347(2) +=    41] [mg   347(2) <-    41] 
   m i p i <- m         : [mx   348(0) +=    39] [mg   348(0) <-    39] [mx   349(1) +=    40] [mg   349(1) <-    40] [mx   350(2) +=    41] [mg   350(2) <-    41] 
  m o i1 b <- m         : [mx   351(0) +=    39] [mg   351(0) <-    39] [mx   352(1) +=    40] [mg   352(1) <-    40] [mx   353(2) +=    41] [mg   353(2) <-    41] 
  m o1 p i <- m         : [mx   354(0) +=    39] [mg   354(0) <-    39] [mx   355(1) +=    40] [mg   355(1) <-    40] [mx   356(2) +=    41] [mg   356(2) <-    41] 
  m u1 e i <- m         : [mx   357(0) +=    39] [mg   357(0) <-    39] [mx   358(1) +=    40] [mg   358(1) <-    40] [mx   359(2) +=    41] [mg   359(2) <-    41] 
  n a OO b <- n         : [mx   360(0) +=    42] [mg   360(0) <-    42] [mx   361(1) +=    43] [mg   361(1) <-    43] [mx   362(2) +=    44] [mg   362(2) <-    44] 
 n a tSS i <- n         : [mx   363(0) +=    42] [mg   363(0) <-    42] [mx   364(1) +=    43] [mg   364(1) <-    43] [mx   365(2) +=    44] [mg   365(2) <-    44] 
  n a u1 b <- n         : [mx   366(0) +=    42] [mg   366(0) <-    42] [mx   367(1) +=    43] [mg   367(1) <-    43] [mx   368(2) +=    44] [mg   368(2) <-    44] 
  n e OO b <- n         : [mx   369(0) +=    42] [mg   369(0) <-    42] [mx   370(1) +=    43] [mg   370(1) <-    43] [mx   371(2) +=    44] [mg   371(2) <-    44] 
  n e1 d i <- n         : [mx   372(0) +=    42] [mg   372(0) <-    42] [mx   373(1) +=    43] [mg   373(1) <-    43] [mx   374(2) +=    44] [mg   374(2) <-    44] 
  n i u1 b <- n         : [mx   375(0) +=    42] [mg   375(0) <-    42] [mx   376(1) +=    43] [mg   376(1) <-    43] [mx   377(2) +=    44] [mg   377(2) <-    44] 
  n o OO b <- n         : [mx   378(0) +=    42] [mg   378(0) <-    42] [mx   379(1) +=    43] [mg   379(1) <-    43] [mx   380(2) +=    44] [mg   380(2) <-    44] 
   n o i i <- n         : [mx   381(0) +=    42] [mg   381(0) <-    42] [mx   382(1) +=    43] [mg   382(1) <-    43] [mx   383(2) +=    44] [mg   383(2) <-    44] 
   n o t i <- n         : [mx   384(0) +=    42] [mg   384(0) <-    42] [mx   385(1) +=    43] [mg   385(1) <-    43] [mx   386(2) +=    44] [mg   386(2) <-    44] 
  n o u1 b <- n         : [mx   387(0) +=    42] [mg   387(0) <-    42] [mx   388(1) +=    43] [mg   388(1) <-    43] [mx   389(2) +=    44] [mg   389(2) <-    44] 
  n o1 i i <- n         : [mx   390(0) +=    42] [mg   390(0) <-    42] [mx   391(1) +=    43] [mg   391(1) <-    43] [mx   392(2) +=    44] [mg   392(2) <-    44] 
  n u1 o i <- n         : [mx   393(0) +=    42] [mg   393(0) <-    42] [mx   394(1) +=    43] [mg   394(1) <-    43] [mx   395(2) +=    44] [mg   395(2) <-    44] 
 ng i1 k i <- ng        : [mx   396(0) +=    45] [mg   396(0) <-    45] [mx   397(1) +=    46] [mg   397(1) <-    46] [mx   398(2) +=    47] [mg   398(2) <-    47] 
 o j SIL e <- o         : [mx   399(0) +=    48] [mg   399(0) <-    48] [mx   400(1) +=    49] [mg   400(1) <-    49] [mx   401(2) +=    50] [mg   401(2) <-    50] 
   o j k e <- o         : [mx   402(0) +=    48] [mg   402(0) <-    48] [mx   403(1) +=    49] [mg   403(1) <-    49] [mx   404(2) +=    50] [mg   404(2) <-    50] 
   o k l i <- o         : [mx   405(0) +=    48] [mg   405(0) <-    48] [mx   406(1) +=    49] [mg   406(1) <-    49] [mx   407(2) +=    50] [mg   407(2) <-    50] 
   o k n i <- o         : [mx   408(0) +=    48] [mg   408(0) <-    48] [mx   409(1) +=    49] [mg   409(1) <-    49] [mx   410(2) +=    50] [mg   410(2) <-    50] 
 o n SIL e <- o         : [mx   411(0) +=    48] [mg   411(0) <-    48] [mx   412(1) +=    49] [mg   412(1) <-    49] [mx   413(2) +=    50] [mg   413(2) <-    50] 
   o n s e <- o         : [mx   414(0) +=    48] [mg   414(0) <-    48] [mx   415(1) +=    49] [mg   415(1) <-    49] [mx   416(2) +=    50] [mg   416(2) <-    50] 
  o n ts e <- o         : [mx   417(0) +=    48] [mg   417(0) <-    48] [mx   418(1) +=    49] [mg   418(1) <-    49] [mx   419(2) +=    50] [mg   419(2) <-    50] 
   o p n i <- o         : [mx   420(0) +=    48] [mg   420(0) <-    48] [mx   421(1) +=    49] [mg   421(1) <-    49] [mx   422(2) +=    50] [mg   422(2) <-    50] 
  o r OO e <- o         : [mx   423(0) +=    48] [mg   423(0) <-    48] [mx   424(1) +=    49] [mg   424(1) <-    49] [mx   425(2) +=    50] [mg   425(2) <-    50] 
 o r SIL e <- o         : [mx   426(0) +=    48] [mg   426(0) <-    48] [mx   427(1) +=    49] [mg   427(1) <-    49] [mx   428(2) +=    50] [mg   428(2) <-    50] 
   o r d e <- o         : [mx   429(0) +=    48] [mg   429(0) <-    48] [mx   430(1) +=    49] [mg   430(1) <-    49] [mx   431(2) +=    50] [mg   431(2) <-    50] 
   o r k e <- o         : [mx   432(0) +=    48] [mg   432(0) <-    48] [mx   433(1) +=    49] [mg   433(1) <-    49] [mx   434(2) +=    50] [mg   434(2) <-    50] 
   o r n e <- o         : [mx   435(0) +=    48] [mg   435(0) <-    48] [mx   436(1) +=    49] [mg   436(1) <-    49] [mx   437(2) +=    50] [mg   437(2) <-    50] 
 o r tSS e <- o         : [mx   438(0) +=    48] [mg   438(0) <-    48] [mx   439(1) +=    49] [mg   439(1) <-    49] [mx   440(2) +=    50] [mg   440(2) <-    50] 
  o t OO e <- o         : [mx   441(0) +=    48] [mg   441(0) <-    48] [mx   442(1) +=    49] [mg   442(1) <-    49] [mx   443(2) +=    50] [mg   443(2) <-    50] 
   o t k e <- o         : [mx   444(0) +=    48] [mg   444(0) <-    48] [mx   445(1) +=    49] [mg   445(1) <-    49] [mx   446(2) +=    50] [mg   446(2) <-    50] 
   o t n e <- o         : [mx   447(0) +=    48] [mg   447(0) <-    48] [mx   448(1) +=    49] [mg   448(1) <-    49] [mx   449(2) +=    50] [mg   449(2) <-    50] 
   o t t e <- o         : [mx   450(0) +=    48] [mg   450(0) <-    48] [mx   451(1) +=    49] [mg   451(1) <-    49] [mx   452(2) +=    50] [mg   452(2) <-    50] 
  o t u1 e <- o         : [mx   453(0) +=    48] [mg   453(0) <-    48] [mx   454(1) +=    49] [mg   454(1) <-    49] [mx   455(2) +=    50] [mg   455(2) <-    50] 
 o v SIL e <- o         : [mx   456(0) +=    48] [mg   456(0) <-    48] [mx   457(1) +=    49] [mg   457(1) <-    49] [mx   458(2) +=    50] [mg   458(2) <-    50] 
   o v m e <- o         : [mx   459(0) +=    48] [mg   459(0) <-    48] [mx   460(1) +=    49] [mg   460(1) <-    49] [mx   461(2) +=    50] [mg   461(2) <-    50] 
   o v t e <- o         : [mx   462(0) +=    48] [mg   462(0) <-    48] [mx   463(1) +=    49] [mg   463(1) <-    49] [mx   464(2) +=    50] [mg   464(2) <-    50] 
  o1 d v i <- o1        : [mx   465(0) +=    51] [mg   465(0) <-    51] [mx   466(1) +=    52] [mg   466(1) <-    52] [mx   467(2) +=    53] [mg   467(2) <-    53] 
  o1 j n i <- o1        : [mx   468(0) +=    51] [mg   468(0) <-    51] [mx   469(1) +=    52] [mg   469(1) <-    52] [mx   470(2) +=    53] [mg   470(2) <-    53] 
  o1 k m i <- o1        : [mx   471(0) +=    51] [mg   471(0) <-    51] [mx   472(1) +=    52] [mg   472(1) <-    52] [mx   473(2) +=    53] [mg   473(2) <-    53] 
  p a1 r i <- p         : [mx   474(0) +=    54] [mg   474(0) <-    54] [mx   475(1) +=    55] [mg   475(1) <-    55] [mx   476(2) +=    56] [mg   476(2) <-    56] 
  p m OO i <- p         : [mx   477(0) +=    54] [mg   477(0) <-    54] [mx   478(1) +=    55] [mg   478(1) <-    55] [mx   479(2) +=    56] [mg   479(2) <-    56] 
   p m o i <- p         : [mx   480(0) +=    54] [mg   480(0) <-    54] [mx   481(1) +=    55] [mg   481(1) <-    55] [mx   482(2) +=    56] [mg   482(2) <-    56] 
  r a1 j i <- r         : [mx   483(0) +=    57] [mg   483(0) <-    57] [mx   484(1) +=    58] [mg   484(1) <-    58] [mx   485(2) +=    59] [mg   485(2) <-    59] 
   r e o i <- r         : [mx   486(0) +=    57] [mg   486(0) <-    57] [mx   487(1) +=    58] [mg   487(1) <-    58] [mx   488(2) +=    59] [mg   488(2) <-    59] 
  r e1 o i <- r         : [mx   489(0) +=    57] [mg   489(0) <-    57] [mx   490(1) +=    58] [mg   490(1) <-    58] [mx   491(2) +=    59] [mg   491(2) <-    59] 
   r p i i <- r         : [mx   492(0) +=    57] [mg   492(0) <-    57] [mx   493(1) +=    58] [mg   493(1) <-    58] [mx   494(2) +=    59] [mg   494(2) <-    59] 
  r t EE i <- r         : [mx   495(0) +=    57] [mg   495(0) <-    57] [mx   496(1) +=    58] [mg   496(1) <-    58] [mx   497(2) +=    59] [mg   497(2) <-    59] 
  r t OO i <- r         : [mx   498(0) +=    57] [mg   498(0) <-    57] [mx   499(1) +=    58] [mg   499(1) <-    58] [mx   500(2) +=    59] [mg   500(2) <-    59] 
   r t i i <- r         : [mx   501(0) +=    57] [mg   501(0) <-    57] [mx   502(1) +=    58] [mg   502(1) <-    58] [mx   503(2) +=    59] [mg   503(2) <-    59] 
   r t o i <- r         : [mx   504(0) +=    57] [mg   504(0) <-    57] [mx   505(1) +=    58] [mg   505(1) <-    58] [mx   506(2) +=    59] [mg   506(2) <-    59] 
 s EE EE b <- s         : [mx   507(0) +=    60] [mg   507(0) <-    60] [mx   508(1) +=    61] [mg   508(1) <-    61] [mx   509(2) +=    62] [mg   509(2) <-    62] 
  s OO t i <- s         : [mx   510(0) +=    60] [mg   510(0) <-    60] [mx   511(1) +=    61] [mg   511(1) <-    61] [mx   512(2) +=    62] [mg   512(2) <-    62] 
  s a EE b <- s         : [mx   513(0) +=    60] [mg   513(0) <-    60] [mx   514(1) +=    61] [mg   514(1) <-    61] [mx   515(2) +=    62] [mg   515(2) <-    62] 
  s e EE b <- s         : [mx   516(0) +=    60] [mg   516(0) <-    60] [mx   517(1) +=    61] [mg   517(1) <-    61] [mx   518(2) +=    62] [mg   518(2) <-    62] 
  s i EE b <- s         : [mx   519(0) +=    60] [mg   519(0) <-    60] [mx   520(1) +=    61] [mg   520(1) <-    61] [mx   521(2) +=    62] [mg   521(2) <-    62] 
  s o EE b <- s         : [mx   522(0) +=    60] [mg   522(0) <-    60] [mx   523(1) +=    61] [mg   523(1) <-    61] [mx   524(2) +=    62] [mg   524(2) <-    62] 
  t EE r b <- t         : [mx   525(0) +=    63] [mg   525(0) <-    63] [mx   526(1) +=    64] [mg   526(1) <-    64] [mx   527(2) +=    65] [mg   527(2) <-    65] 
  t EE t i <- t         : [mx   528(0) +=    63] [mg   528(0) <-    63] [mx   529(1) +=    64] [mg   529(1) <-    64] [mx   530(2) +=    65] [mg   530(2) <-    65] 
  t OO t i <- t         : [mx   531(0) +=    63] [mg   531(0) <-    63] [mx   532(1) +=    64] [mg   532(1) <-    64] [mx   533(2) +=    65] [mg   533(2) <-    65] 
   t a r b <- t         : [mx   534(0) +=    63] [mg   534(0) <-    63] [mx   535(1) +=    64] [mg   535(1) <-    64] [mx   536(2) +=    65] [mg   536(2) <-    65] 
  t a1 r i <- t         : [mx   537(0) +=    63] [mg   537(0) <-    63] [mx   538(1) +=    64] [mg   538(1) <-    64] [mx   539(2) +=    65] [mg   539(2) <-    65] 
  t a1 t i <- t         : [mx   540(0) +=    63] [mg   540(0) <-    63] [mx   541(1) +=    64] [mg   541(1) <-    64] [mx   542(2) +=    65] [mg   542(2) <-    65] 
   t e r b <- t         : [mx   543(0) +=    63] [mg   543(0) <-    63] [mx   544(1) +=    64] [mg   544(1) <-    64] [mx   545(2) +=    65] [mg   545(2) <-    65] 
   t i r b <- t         : [mx   546(0) +=    63] [mg   546(0) <-    63] [mx   547(1) +=    64] [mg   547(1) <-    64] [mx   548(2) +=    65] [mg   548(2) <-    65] 
  t i1 r b <- t         : [mx   549(0) +=    63] [mg   549(0) <-    63] [mx   550(1) +=    64] [mg   550(1) <-    64] [mx   551(2) +=    65] [mg   551(2) <-    65] 
  t n a1 i <- t         : [mx   552(0) +=    63] [mg   552(0) <-    63] [mx   553(1) +=    64] [mg   553(1) <-    64] [mx   554(2) +=    65] [mg   554(2) <-    65] 
   t o r b <- t         : [mx   555(0) +=    63] [mg   555(0) <-    63] [mx   556(1) +=    64] [mg   556(1) <-    64] [mx   557(2) +=    65] [mg   557(2) <-    65] 
   t s a i <- t         : [mx   558(0) +=    63] [mg   558(0) <-    63] [mx   559(1) +=    64] [mg   559(1) <-    64] [mx   560(2) +=    65] [mg   560(2) <-    65] 
   t t e i <- t         : [mx   561(0) +=    63] [mg   561(0) <-    63] [mx   562(1) +=    64] [mg   562(1) <-    64] [mx   563(2) +=    65] [mg   563(2) <-    65] 
   t t i i <- t         : [mx   564(0) +=    63] [mg   564(0) <-    63] [mx   565(1) +=    64] [mg   565(1) <-    64] [mx   566(2) +=    65] [mg   566(2) <-    65] 
   t t o i <- t         : [mx   567(0) +=    63] [mg   567(0) <-    63] [mx   568(1) +=    64] [mg   568(1) <-    64] [mx   569(2) +=    65] [mg   569(2) <-    65] 
   t t r i <- t         : [mx   570(0) +=    63] [mg   570(0) <-    63] [mx   571(1) +=    64] [mg   571(1) <-    64] [mx   572(2) +=    65] [mg   572(2) <-    65] 
tSS EE i1 b <- tSS       : [mx   573(0) +=    66] [mg   573(0) <-    66] [mx   574(1) +=    67] [mg   574(1) <-    67] [mx   575(2) +=    68] [mg   575(2) <-    68] 
 tSS i e i <- tSS       : [mx   576(0) +=    66] [mg   576(0) <-    66] [mx   577(1) +=    67] [mg   577(1) <-    67] [mx   578(2) +=    68] [mg   578(2) <-    68] 
tSS n EE i <- tSS       : [mx   579(0) +=    66] [mg   579(0) <-    66] [mx   580(1) +=    67] [mg   580(1) <-    67] [mx   581(2) +=    68] [mg   581(2) <-    68] 
tSS o i1 b <- tSS       : [mx   582(0) +=    66] [mg   582(0) <-    66] [mx   583(1) +=    67] [mg   583(1) <-    67] [mx   584(2) +=    68] [mg   584(2) <-    68] 
 ts a e1 b <- ts        : [mx   585(0) +=    69] [mg   585(0) <-    69] [mx   586(1) +=    70] [mg   586(1) <-    70] [mx   587(2) +=    71] [mg   587(2) <-    71] 
 ts a ts i <- ts        : [mx   588(0) +=    69] [mg   588(0) <-    69] [mx   589(1) +=    70] [mg   589(1) <-    70] [mx   590(2) +=    71] [mg   590(2) <-    71] 
 ts e e1 b <- ts        : [mx   591(0) +=    69] [mg   591(0) <-    69] [mx   592(1) +=    70] [mg   592(1) <-    70] [mx   593(2) +=    71] [mg   593(2) <-    71] 
 ts i e1 b <- ts        : [mx   594(0) +=    69] [mg   594(0) <-    69] [mx   595(1) +=    70] [mg   595(1) <-    70] [mx   596(2) +=    71] [mg   596(2) <-    71] 
 ts o e1 b <- ts        : [mx   597(0) +=    69] [mg   597(0) <-    69] [mx   598(1) +=    70] [mg   598(1) <-    70] [mx   599(2) +=    71] [mg   599(2) <-    71] 
 ts ts j i <- ts        : [mx   600(0) +=    69] [mg   600(0) <-    69] [mx   601(1) +=    70] [mg   601(1) <-    70] [mx   602(2) +=    71] [mg   602(2) <-    71] 
 u1 EE n b <- u1        : [mx   603(0) +=    72] [mg   603(0) <-    72] [mx   604(1) +=    73] [mg   604(1) <-    73] [mx   605(2) +=    74] [mg   605(2) <-    74] 
  u1 d e i <- u1        : [mx   606(0) +=    72] [mg   606(0) <-    72] [mx   607(1) +=    73] [mg   607(1) <-    73] [mx   608(2) +=    74] [mg   608(2) <-    74] 
  u1 e n b <- u1        : [mx   609(0) +=    72] [mg   609(0) <-    72] [mx   610(1) +=    73] [mg   610(1) <-    73] [mx   611(2) +=    74] [mg   611(2) <-    74] 
  u1 n m i <- u1        : [mx   612(0) +=    72] [mg   612(0) <-    72] [mx   613(1) +=    73] [mg   613(1) <-    73] [mx   614(2) +=    74] [mg   614(2) <-    74] 
  u1 o n b <- u1        : [mx   615(0) +=    72] [mg   615(0) <-    72] [mx   616(1) +=    73] [mg   616(1) <-    73] [mx   617(2) +=    74] [mg   617(2) <-    74] 
  v OO e i <- v         : [mx   618(0) +=    75] [mg   618(0) <-    75] [mx   619(1) +=    76] [mg   619(1) <-    76] [mx   620(2) +=    77] [mg   620(2) <-    77] 
  v OO o i <- v         : [mx   621(0) +=    75] [mg   621(0) <-    75] [mx   622(1) +=    76] [mg   622(1) <-    76] [mx   623(2) +=    77] [mg   623(2) <-    77] 
  v o1 e i <- v         : [mx   624(0) +=    75] [mg   624(0) <-    75] [mx   625(1) +=    76] [mg   625(1) <-    76] [mx   626(2) +=    77] [mg   626(2) <-    77] 
  w k a1 i <- w         : [mx   627(0) +=    78] [mg   627(0) <-    78] [mx   628(1) +=    79] [mg   628(1) <-    79] [mx   629(2) +=    80] [mg   629(2) <-    80] 
   w k e i <- w         : INFO: main.c(529): Writing dest /home/simone/Documenti/Elaborazione/project-NLP/model_parameters/android_db.cd_cont_untied/transition_matrices
INFO: s3tmat_io.c(176): Wrote /home/simone/Documenti/Elaborazione/project-NLP/model_parameters/android_db.cd_cont_untied/transition_matrices [27x3x4 array]
INFO: main.c(540): Writing dest /home/simone/Documenti/Elaborazione/project-NLP/model_parameters/android_db.cd_cont_untied/mixture_weights
INFO: s3mixw_io.c(233): Wrote /home/simone/Documenti/Elaborazione/project-NLP/model_parameters/android_db.cd_cont_untied/mixture_weights [633x1x1 array]
INFO: main.c(549): Writing dest /home/simone/Documenti/Elaborazione/project-NLP/model_parameters/android_db.cd_cont_untied/means
INFO: s3gau_io.c(228): Wrote /home/simone/Documenti/Elaborazione/project-NLP/model_parameters/android_db.cd_cont_untied/means [633x1x1 array]
INFO: main.c(561): Writing dest /home/simone/Documenti/Elaborazione/project-NLP/model_parameters/android_db.cd_cont_untied/variances
INFO: s3gau_io.c(228): Wrote /home/simone/Documenti/Elaborazione/project-NLP/model_parameters/android_db.cd_cont_untied/variances [633x1x1 array]
[mx   630(0) +=    78] [mg   630(0) <-    78] [mx   631(1) +=    79] [mg   631(1) <-    79] [mx   632(2) +=    80] [mg   632(2) <-    80] 
Mon Jan 23 11:22:10 2017
