Current configuration:
[NAME]		[DEFLT]	[VALUE]
-dictfn			/home/simone/Documenti/Elaborazione/project-NLP/etc/android_db.dic
-example	no	no
-fdictfn		/home/simone/Documenti/Elaborazione/project-NLP/etc/android_db.filler
-help		no	no
-ignorewpos	no	no
-inCDmdef		
-inCImdef		
-lsnfn			/home/simone/Documenti/Elaborazione/project-NLP/etc/android_db_train.transcription
-maxtriphones	100000	100000
-minocc		1	1
-n_state_pm	3	3
-oalltphnmdef		
-ocimdef		
-ocountfn		
-ountiedmdef		/home/simone/Documenti/Elaborazione/project-NLP/model_architecture/android_db.untied.mdef
-phnlstfn		/home/simone/Documenti/Elaborazione/project-NLP/etc/android_db.phone
-triphnlstfn		

INFO: main.c(95): Will write untied mdef file /home/simone/Documenti/Elaborazione/project-NLP/model_architecture/android_db.untied.mdef
INFO: mk_mdef_gen.c(189): 0 single word triphones in input phone list
INFO: mk_mdef_gen.c(190): 0 word beginning triphones in input phone list
INFO: mk_mdef_gen.c(191): 0 word internal triphones in input phone list
INFO: mk_mdef_gen.c(192): 0 word ending triphones in input phone list
INFO: mk_mdef_gen.c(280): Reading dict /home/simone/Documenti/Elaborazione/project-NLP/etc/android_db.dic
INFO: mk_mdef_gen.c(322): 24 words in dict /home/simone/Documenti/Elaborazione/project-NLP/etc/android_db.dic
INFO: mk_mdef_gen.c(280): Reading dict /home/simone/Documenti/Elaborazione/project-NLP/etc/android_db.filler
INFO: mk_mdef_gen.c(322): 3 words in dict /home/simone/Documenti/Elaborazione/project-NLP/etc/android_db.filler
INFO: mk_mdef_gen.c(442): 27 words in dictionary
INFO: mk_mdef_gen.c(443): 104 unique single word triphones in dictionary
INFO: mk_mdef_gen.c(444): 152 unique word beginning triphones in dictionary
INFO: mk_mdef_gen.c(445): 81 unique word internal triphones in dictionary
INFO: mk_mdef_gen.c(446): 234 unique word ending triphones in dictionary
INFO: mk_mdef_gen.c(479): Out of vocabulary words in transcript will be mapped to SIL!
INFO: mk_mdef_gen.c(593): 2274 words in transcripts
INFO: mk_mdef_gen.c(594): 0 single word triphones in transcripts
INFO: mk_mdef_gen.c(595): 1515 word beginning triphones in transcripts
INFO: mk_mdef_gen.c(596): 4535 word internal triphones in transcripts
INFO: mk_mdef_gen.c(597): 1515 word ending triphones in transcripts
INFO: mk_mdef_gen.c(640): 7565 triphones extracted from transcripts
INFO: mk_mdef_gen.c(641): 184 unique triphones extracted from transcripts
INFO: mk_mdef_gen.c(642): 0 triphones occur once in the transcripts
INFO: mk_mdef_gen.c(643): 3 triphones occur twice in the transcripts
INFO: mk_mdef_gen.c(644): 0 triphones occur thrice in the transcripts
INFO: mk_mdef_gen.c(645): The rest of the triphones occur more than three times
INFO: mk_mdef_gen.c(646): Count threshold is 1
INFO: mk_mdef_gen.c(897): 27 n_base, 184 n_tri
INFO: mk_mdef_gen.c(969): Wrote mdef file /home/simone/Documenti/Elaborazione/project-NLP/model_architecture/android_db.untied.mdef
Sun Dec 11 12:11:58 2016
