        INFO: main.c(229): Compiled on Oct 27 2016 at 19:16:52
Current configuration:
[NAME]		[DEFLT]		[VALUE]
-2passvar	no		yes
-abeam		1e-100		1.000000e-90
-accumdir			/home/simone/Documenti/Elaborazione/project-NLP/bwaccumdir/android_db_buff_1
-agc		none		none
-agcthresh	2.0		2.000000e+00
-bbeam		1e-100		1.000000e-10
-cb2mllrfn	.1cls.		.1cls.
-cepdir				/home/simone/Documenti/Elaborazione/project-NLP/feat
-cepext		mfc		mfc
-ceplen		13		13
-ckptintv			0
-cmn		live		current
-cmninit	40,3,-1		40,3,-1
-ctlfn				/home/simone/Documenti/Elaborazione/project-NLP/etc/android_db_train.fileids
-diagfull	no		no
-dictfn				/home/simone/Documenti/Elaborazione/project-NLP/etc/android_db.dic
-example	no		no
-fdictfn			/home/simone/Documenti/Elaborazione/project-NLP/etc/android_db.filler
-feat		1s_c_d_dd	1s_c_d_dd
-fullvar	no		no
-help		no		no
-hmmdir				
-latdir				
-latext				
-lda				
-ldadim		0		0
-lsnfn				/home/simone/Documenti/Elaborazione/project-NLP/etc/android_db_train.transcription
-lw		11.5		1.150000e+01
-maxuttlen	0		0
-meanfn				/home/simone/Documenti/Elaborazione/project-NLP/model_parameters/android_db.cd_cont_untied/means
-meanreest	yes		yes
-mixwfn				/home/simone/Documenti/Elaborazione/project-NLP/model_parameters/android_db.cd_cont_untied/mixture_weights
-mixwreest	yes		yes
-mllrmat			
-mmie		no		no
-mmie_type	rand		rand
-moddeffn			/home/simone/Documenti/Elaborazione/project-NLP/model_architecture/android_db.untied.mdef
-mwfloor	0.00001		1.000000e-08
-npart				1
-nskip				0
-outphsegdir			
-outputfullpath	no		no
-part				1
-pdumpdir			
-phsegdir			
-phsegext	phseg		phseg
-runlen		-1		-1
-sentdir			
-sentext	sent		sent
-spthresh	0.0		0.000000e+00
-svspec				
-timing		yes		no
-tmatfn				/home/simone/Documenti/Elaborazione/project-NLP/model_parameters/android_db.cd_cont_untied/transition_matrices
-tmatreest	yes		yes
-topn		4		1
-tpfloor	0.0001		1.000000e-04
-ts2cbfn			.cont.
-varfloor	0.00001		1.000000e-04
-varfn				/home/simone/Documenti/Elaborazione/project-NLP/model_parameters/android_db.cd_cont_untied/variances
-varnorm	no		no
-varreest	yes		yes
-viterbi	no		no

INFO: feat.c(715): Initializing feature stream to type: '1s_c_d_dd', ceplen=13, CMN='batch', VARNORM='no', AGC='none'
INFO: main.c(318): Reading /home/simone/Documenti/Elaborazione/project-NLP/model_architecture/android_db.untied.mdef
INFO: model_def_io.c(573): Model definition info:
INFO: model_def_io.c(574): 211 total models defined (27 base, 184 tri)
INFO: model_def_io.c(575): 844 total states
INFO: model_def_io.c(576): 633 total tied states
INFO: model_def_io.c(577): 81 total tied CI states
INFO: model_def_io.c(578): 27 total tied transition matrices
INFO: model_def_io.c(579): 4 max state/model
INFO: model_def_io.c(580): 4 min state/model
INFO: s3mixw_io.c(117): Read /home/simone/Documenti/Elaborazione/project-NLP/model_parameters/android_db.cd_cont_untied/mixture_weights [633x1x1 array]
INFO: s3tmat_io.c(118): Read /home/simone/Documenti/Elaborazione/project-NLP/model_parameters/android_db.cd_cont_untied/transition_matrices [27x3x4 array]
INFO: mod_inv.c(301): inserting tprob floor 1.000000e-04 and renormalizing
INFO: s3gau_io.c(169): Read /home/simone/Documenti/Elaborazione/project-NLP/model_parameters/android_db.cd_cont_untied/means [633x1x1 array]
INFO: s3gau_io.c(169): Read /home/simone/Documenti/Elaborazione/project-NLP/model_parameters/android_db.cd_cont_untied/variances [633x1x1 array]
INFO: gauden.c(176): 633 total mgau
INFO: gauden.c(150): 1 feature streams (|0|=39 )
INFO: gauden.c(187): 1 total densities
INFO: gauden.c(90): min_var=1.000000e-04
INFO: gauden.c(165): compute 1 densities/frame
INFO: main.c(431): Will reestimate mixing weights.
INFO: main.c(433): Will reestimate means.
INFO: main.c(435): Will reestimate variances.
INFO: main.c(443): Will reestimate transition matrices
INFO: main.c(456): Reading main dictionary: /home/simone/Documenti/Elaborazione/project-NLP/etc/android_db.dic
INFO: lexicon.c(221): 24 entries added from /home/simone/Documenti/Elaborazione/project-NLP/etc/android_db.dic
INFO: main.c(466): Reading filler dictionary: /home/simone/Documenti/Elaborazione/project-NLP/etc/android_db.filler
INFO: lexicon.c(221): 3 entries added from /home/simone/Documenti/Elaborazione/project-NLP/etc/android_db.filler
INFO: corpus.c(1062): Will process all remaining utts starting at 0
INFO: main.c(665): Reestimation: Baum-Welch
INFO: cmn.c(133): CMN: 89.64  2.21 -0.46  5.91 -1.57  5.41 -1.05  4.40 -1.04  0.54  2.20  5.75 -0.88 
column defns
	<seq>
	<id>
	<n_frame_in>
	<n_frame_del>
	<n_state_shmm>
	<avg_states_alpha>
	<avg_states_beta>
	<avg_states_reest>
	<avg_posterior_prune>
	<frame_log_lik>
	<utt_log_lik>
	... timing info ... 
utt>     0                    file_1  440    0   180 40  3 7 6.624151e-12 -1.491317e+02 -6.561793e+04
INFO: cmn.c(133): CMN: 87.17  0.63 -7.64  4.20 -3.57  3.86  3.86  7.98  1.14 -0.48  3.61  3.34 -4.79 
utt>     1                    file_2  395    0   120 29  2 4 4.352991e-12 -1.422971e+02 -5.620735e+04
INFO: cmn.c(133): CMN: 87.50  5.32 -4.61  3.04 -9.79 -4.95 -5.72  1.35  2.60  2.02 -2.15  2.04 -1.23 
utt>     2                    file_3  373    0   108 54  2 5 6.595530e-12 -1.429366e+02 -5.331534e+04
INFO: cmn.c(133): CMN: 88.33 -0.22 -8.39  4.52 -0.33 -0.00 -2.19  4.97  0.57  2.47  5.31  5.68 -5.39 
utt>     3                    file_4  494    0   168 41  2 5 6.122541e-12 -1.446204e+02 -7.144248e+04
INFO: cmn.c(133): CMN: 89.11  2.37 -7.79  2.51 -5.79 -1.48 -2.43  6.33  2.88  0.08 -0.85 -2.42 -7.08 
utt>     4                    file_5  429    0   144 30  2 5 4.809250e-12 -1.438270e+02 -6.170178e+04
INFO: cmn.c(133): CMN: 87.59  6.91 -6.05  2.68 -5.10  0.58 -3.92  2.78  0.82  3.59  1.96 -0.08 -3.26 
utt>     5                    file_6  362    0   108 47  3 5 5.164702e-12 -1.425413e+02 -5.159994e+04
INFO: cmn.c(133): CMN: 79.36  1.55 -6.93  4.80 -1.90 -0.23 -3.75  3.25  4.98 -1.33 -4.80  1.32  0.30 
utt>     6                    file_7  939    0   180 27  2 4 3.296039e-12 -1.422919e+02 -1.336121e+05
INFO: cmn.c(133): CMN: 77.86  3.78 -5.53  8.99 -3.38 -2.62 -10.03 -2.35  7.28 -0.26 -4.29 -0.13 -1.59 
utt>     7                    file_8  916    0   168 22  1 3 1.991239e-12 -1.424280e+02 -1.304641e+05
INFO: cmn.c(133): CMN: 76.86  4.13 -7.45  5.91 -0.57 -1.99 -6.86 -1.66  4.40  0.87 -5.96 -0.51 -2.11 
utt>     8                    file_9  912    0   176 22  1 3 2.388540e-12 -1.414089e+02 -1.289649e+05
INFO: cmn.c(133): CMN: 75.95  7.15 -4.92  1.19 -8.39 -5.05 -7.88 -1.30  7.70  2.47 -4.01  0.83 -1.23 
utt>     9                   file_10  957    0   204 23  1 3 3.704052e-12 -1.428891e+02 -1.367448e+05
INFO: cmn.c(133): CMN: 82.36  9.44 -1.40  1.37 -0.27 -1.06 -10.13 -4.62 -12.22 -0.90  3.55  5.74  0.65 
utt>    10                   file_11  139    0    64 29  3 6 6.758139e-12 -1.485555e+02 -2.064922e+04
INFO: cmn.c(133): CMN: 78.29 -2.70  5.74  8.09 -12.81  8.61 -10.16 -2.78 -0.93  4.20  2.66  2.63 -0.07 
utt>    11                    file_1  178    0    76 25  3 6 6.309360e-12 -1.504634e+02 -2.678248e+04
INFO: cmn.c(133): CMN: 77.94  1.84 -4.07  4.49 -12.72 13.76 -2.11 -1.99 -0.87  7.72 -2.61 -4.72 -4.61 
utt>    12                    file_2  134    0    56 26  2 5 3.654374e-12 -1.480448e+02 -1.983801e+04
INFO: cmn.c(133): CMN: 75.35 11.59  7.29  5.53 -10.99  2.14 -10.01 -6.01 -9.74  1.10 -6.88  4.61  7.14 
utt>    13                    file_3  123    0    52 21  3 6 4.114689e-12 -1.488891e+02 -1.831336e+04
INFO: cmn.c(133): CMN: 83.04 -2.09 -6.51  8.55 -8.64  0.68 -16.11 -1.87  1.93 14.96 -9.61  0.04  3.69 
utt>    14                    file_4  156    0    72 28  2 5 3.621487e-12 -1.509458e+02 -2.354754e+04
INFO: cmn.c(133): CMN: 82.28  6.13 -8.38  7.71 -7.81  5.03 -10.88 -1.74 -1.44  4.47 -9.59 -1.63  0.79 
utt>    15                    file_5  163    0    64 21  2 5 6.156657e-12 -1.505976e+02 -2.454742e+04
INFO: cmn.c(133): CMN: 84.04  4.68 -1.38  8.44 -11.97  3.85 -8.64 -3.01 -7.79  3.11 -7.44 -2.15  3.24 
utt>    16                    file_6  153    0    60 27  2 5 6.229127e-12 -1.516595e+02 -2.320391e+04
INFO: cmn.c(133): CMN: 80.48 -1.34  0.45 10.71 -13.34 -5.84 -12.08 -0.66 -4.73 -0.36  0.30  3.70 -3.36 
utt>    17                    file_7  708    0   180 22  2 4 3.404716e-12 -1.499263e+02 -1.061478e+05
INFO: cmn.c(133): CMN: 76.44  5.76  1.33  8.76 -10.50 -5.32 -13.20 -0.25  2.54 -0.62 -2.49  7.91 -0.01 
utt>    18                    file_8  748    0   168 22  2 3 3.495377e-12 -1.472235e+02 -1.101232e+05
INFO: cmn.c(133): CMN: 77.36  4.09  1.04 11.11 -9.28 -3.13 -12.01 -2.81  0.51  2.64 -2.59 10.45 -1.10 
utt>    19                    file_9  708    0   176 23  2 4 3.780366e-12 -1.480199e+02 -1.047981e+05
INFO: cmn.c(133): CMN: 74.52  7.18  2.47  5.02 -11.80 -2.81 -12.43 -6.22 -1.41  5.32 -4.18  8.48  1.03 
utt>    20                   file_10  774    0   204 22  2 4 2.107620e-12 -1.466151e+02 -1.134801e+05
INFO: cmn.c(133): CMN: 82.56  4.63 -6.87 10.02 -4.52  8.05 -15.24 -0.69  7.30  3.20 -13.09  2.42  2.91 
utt>    21                   file_11  158    0    64 27  3 6 7.473261e-12 -1.514941e+02 -2.393607e+04
INFO: cmn.c(133): CMN: 84.85  5.46 -2.82  7.65 -0.55 -1.83 -3.22 -0.06 -4.61  4.31  0.39  1.57  0.22 
utt>    22                    file_1  160    0    76 32  3 7 5.619528e-12 -1.475134e+02 -2.360214e+04
INFO: cmn.c(133): CMN: 84.49  6.48 -3.82  1.06  0.48 -4.29 -0.24  4.17 -4.70  3.16  8.02 -0.81 -5.19 
utt>    23                    file_2  134    0    56 26  2 5 3.605054e-12 -1.479456e+02 -1.982471e+04
INFO: cmn.c(133): CMN: 85.31  6.96 -2.02  3.88 -4.00 -4.03 -10.10  1.74 -0.09 -3.14 -4.89 -2.53 -3.81 
utt>    24                    file_3  143    0    52 32  3 6 8.445413e-12 -1.446939e+02 -2.069123e+04
INFO: cmn.c(133): CMN: 90.37  2.82 -7.71  1.79 -0.28  0.97 -9.65 -5.96 -5.37  5.64  7.87 -2.34 -7.91 
utt>    25                    file_4  145    0    72 41  3 6 5.855795e-12 -1.470402e+02 -2.132083e+04
INFO: cmn.c(133): CMN: 84.87  5.98 -6.41  5.43 -0.91  2.04  0.88 -3.35 -5.56 14.16  5.61 -2.73 -1.44 
utt>    26                    file_5  153    0    64 36  2 5 7.340654e-12 -1.462677e+02 -2.237895e+04
INFO: cmn.c(133): CMN: 84.11 12.39 -1.56  7.53 -6.80 -5.82 -1.97 -2.06  1.81  5.87  2.65 -0.00 -3.98 
utt>    27                    file_6  121    0    60 33  2 5 7.187187e-12 -1.449880e+02 -1.754355e+04
INFO: cmn.c(133): CMN: 87.16  2.14 -1.59  4.71 -4.21 -14.48 -10.56  3.10 -8.86  2.63  1.25  1.54  1.98 
utt>    28                    file_7  570    0   180 29  2 5 4.781040e-12 -1.471169e+02 -8.385660e+04
INFO: cmn.c(133): CMN: 83.96  7.93 -6.39  4.41 -2.31 -9.79 -14.42 -2.05 -1.11  3.86 -0.43  0.87  2.06 
utt>    29                    file_8  788    0   168 25  2 4 3.328548e-12 -1.441597e+02 -1.135978e+05
INFO: cmn.c(133): CMN: 83.97  8.04 -6.86  4.56 -2.21 -10.32 -11.70  0.14 -0.60  6.34  1.74 -2.67  1.28 
utt>    30                    file_9  776    0   176 27  2 4 3.259582e-12 -1.458855e+02 -1.132071e+05
INFO: cmn.c(133): CMN: 78.71 10.52 -3.73  3.87 -8.10 -8.68 -7.42 -2.06 -0.90  0.83 -2.50 -2.99  1.54 
utt>    31                   file_10  947    0   204 25  2 4 3.616594e-12 -1.440069e+02 -1.363745e+05
INFO: cmn.c(133): CMN: 85.73 10.40 -5.55  5.49 -4.00  0.40 -5.86 -5.10  2.93 12.77  5.08 -2.84 -3.22 
utt>    32                   file_11  127    0    64 32  3 7 7.607028e-12 -1.434145e+02 -1.821364e+04
INFO: cmn.c(133): CMN: 88.37 -1.66  1.03  1.68 -8.49  1.66 -4.04  1.42 -9.53 -12.22 -0.09  0.45 -10.13 
utt>    33                    file_1  134    0    76 32  3 7 7.824899e-12 -1.492804e+02 -2.000357e+04
INFO: cmn.c(133): CMN: 87.77 -4.21 -4.24  1.57 -14.63  5.76  0.07  4.23 -10.00 -0.92  6.08 -5.76 -9.77 
utt>    34                    file_2  134    0    56 25  2 4 3.489571e-12 -1.471604e+02 -1.971949e+04
INFO: cmn.c(133): CMN: 87.57  2.35  2.24  4.75 -13.79 -3.89 -12.71  1.85 -5.67 -11.28 -2.46  1.82 -0.66 
utt>    35                    file_3  132    0    52 22  2 4 3.871283e-12 -1.475599e+02 -1.947791e+04
INFO: cmn.c(133): CMN: 90.41 -5.74 -4.04  8.78 -3.20  2.39 -6.55 -1.14 -5.58 -6.31  1.52  4.40 -10.14 
utt>    36                    file_4  146    0    72 30  2 5 6.912162e-12 -1.511857e+02 -2.207311e+04
INFO: cmn.c(133): CMN: 91.01 -1.26 -7.67  3.97 -11.43  1.80 -1.92  6.69 -2.94 -2.79  0.70 -0.76 -12.67 
utt>    37                    file_5  142    0    64 26  2 5 5.738658e-12 -1.482908e+02 -2.105730e+04
INFO: cmn.c(133): CMN: 88.61  2.46  1.53 10.24 -12.82  3.62 -3.36  5.00 -5.06 -6.62 -3.51  2.31 -4.27 
utt>    38                    file_6  129    0    60 38  3 6 4.700899e-12 -1.503714e+02 -1.939791e+04
INFO: cmn.c(133): CMN: 85.32 -4.20 -0.39 12.79 -7.80 -5.70 -12.58  2.41 -2.52 -6.75 -2.00  1.41 -5.58 
utt>    39                    file_7  710    0   180 23  2 4 4.175581e-12 -1.456889e+02 -1.034391e+05
INFO: cmn.c(133): CMN: 82.42 -0.36 -0.22 13.67 -8.54 -7.24 -9.55  1.00 -4.83 -6.25 -4.61 -1.75 -1.83 
utt>    40                    file_8  717    0   168 23  2 4 4.335855e-12 -1.450616e+02 -1.040092e+05
INFO: cmn.c(133): CMN: 81.47  0.12 -1.15 13.72 -6.39 -6.95 -6.54  3.37 -4.03 -5.68 -2.62 -3.45  2.79 
utt>    41                    file_9  716    0   176 23  2 3 3.199432e-12 -1.461963e+02 -1.046766e+05
INFO: cmn.c(133): CMN: 82.03  3.20  1.07  4.55 -14.71 -4.46 -7.94  3.02 -4.55 -3.75 -5.00  1.12 -0.30 
utt>    42                   file_10  734    0   204 22  2 3 2.898592e-12 -1.467177e+02 -1.076908e+05
INFO: cmn.c(133): CMN: 88.95  2.30 -3.19  6.88 -6.58  3.89 -11.16  1.26  0.35  2.96 -1.07  2.06 -10.49 
utt>    43                   file_11  125    0    64 32  4 7 4.059023e-12 -1.477743e+02 -1.847179e+04
INFO: cmn.c(133): CMN: 79.85  4.84 -1.56  2.42 -5.91  8.50 -5.36 -0.86  0.85 -3.07 -7.03  4.34 -1.66 
utt>    44                    file_1  137    0    76 29  3 7 5.654398e-12 -1.499463e+02 -2.054265e+04
INFO: cmn.c(133): CMN: 81.49  6.90 -4.33  1.98 -14.52  4.33 -6.37  3.16  3.09 -3.45  1.00 -2.07 -5.35 
utt>    45                    file_2  110    0    56 27  2 5 4.098446e-12 -1.487258e+02 -1.635984e+04
INFO: cmn.c(133): CMN: 80.50  9.57  0.78  3.57 -12.34  5.45 -10.37 -0.14 -4.48 -3.63  2.89  4.51 -2.83 
utt>    46                    file_3  106    0    52 22  3 7 7.442898e-12 -1.491157e+02 -1.580627e+04
INFO: cmn.c(133): CMN: 82.96  1.75 -0.45 11.48 -10.36  8.92 -13.39 -1.40 -7.33 -0.05  2.10 -6.98  2.80 
utt>    47                    file_4  123    0    72 35  3 7 4.299372e-12 -1.519305e+02 -1.868746e+04
INFO: cmn.c(133): CMN: 83.11  9.89 -7.01  5.23 -5.47  8.56 -16.47  1.30 -3.63 -1.85  4.64 -5.61 -2.09 
utt>    48                    file_5  117    0    64 31  3 6 5.525546e-12 -1.476267e+02 -1.727233e+04
INFO: cmn.c(133): CMN: 83.32 11.49 -0.82  8.41 -10.60 12.28 -6.42  0.02 -3.87 -12.18 -0.58 -4.94  0.66 
utt>    49                    file_6  100    0    60 38  3 7 6.757254e-12 -1.489474e+02 -1.489474e+04
INFO: cmn.c(133): CMN: 80.69  1.31 -5.60  4.46 -13.93 -4.75 -10.84  2.53  2.65  1.45 -0.37 -8.49  4.92 
utt>    50                    file_7  784    0   180 24  2 3 3.316067e-12 -1.453227e+02 -1.139330e+05
INFO: cmn.c(133): CMN: 78.16  7.31 -4.06  2.21 -11.63  0.97 -10.38 -0.02 -3.25  5.20 -1.94 -5.44  5.96 
utt>    51                    file_8  775    0   168 23  1 3 3.118038e-12 -1.441697e+02 -1.117316e+05
INFO: cmn.c(133): CMN: 76.22  6.43 -5.03 -0.44 -10.89  3.26 -7.91 -1.54 -1.43  5.03  2.73 -6.94  1.95 
utt>    52                    file_9  810    0   176 25  1 3 2.483826e-12 -1.443175e+02 -1.168971e+05
INFO: cmn.c(133): CMN: 76.42  8.83 -4.24  0.47 -17.11 -5.38 -5.46 -1.35 -3.79  2.78  0.11 -0.91  5.10 
utt>    53                   file_10  845    0   204 23  2 3 3.093848e-12 -1.443823e+02 -1.220031e+05
INFO: cmn.c(133): CMN: 83.01  5.07 -4.26  7.96 -12.13  6.03 -16.53  2.20  0.54  2.02  2.88 -5.06 -5.16 
utt>    54                   file_11  109    0    64 34  3 6 9.090370e-12 -1.488594e+02 -1.622568e+04
INFO: cmn.c(133): CMN: 86.71 -0.09 -6.48  8.21 -3.23  3.37 -10.57 -0.32 -0.01  4.00 -1.29  5.21  8.60 
utt>    55                    file_1  165    0    76 28  3 6 5.177933e-12 -1.459371e+02 -2.407962e+04
INFO: cmn.c(133): CMN: 87.49  1.96 -9.66  6.61 -4.63  1.26 -9.33 -1.49 -2.21  1.82 -3.63 -0.49  7.46 
utt>    56                    file_2  120    0    56 28  2 5 4.370489e-12 -1.480794e+02 -1.776953e+04
INFO: cmn.c(133): CMN: 89.58  3.87 -1.94  4.97 -9.99  0.37 -9.96 -6.60 -8.79  3.92 -1.09  4.36  1.96 
utt>    57                    file_3  114    0    52 30  3 6 7.884645e-12 -1.479573e+02 -1.686713e+04
INFO: cmn.c(133): CMN: 89.37 -2.67 -3.46  7.76 -8.25 -3.62 -16.62 -3.97 -3.46 -2.54 -3.62 -3.31  6.53 
utt>    58                    file_4  148    0    72 35  2 5 3.047599e-12 -1.511972e+02 -2.237719e+04
INFO: cmn.c(133): CMN: 90.80  2.84 -10.22  4.23 -6.86 -7.76 -16.13  2.33 -3.60  0.56 -3.90 -6.42  3.19 
utt>    59                    file_5  127    0    64 33  4 8 4.534021e-12 -1.485594e+02 -1.886704e+04
INFO: cmn.c(133): CMN: 89.87  2.54 -4.74  7.51 -13.20  2.71 -14.18  0.20 -5.59  3.82  0.45  2.38  6.29 
utt>    60                    file_6  121    0    60 32  3 6 5.574812e-12 -1.462473e+02 -1.769592e+04
INFO: cmn.c(133): CMN: 89.88 -4.37 -4.95  9.37 -7.17 -6.23 -9.89  1.99 -2.10 -0.55  1.71  7.97  3.53 
utt>    61                    file_7  608    0   180 31  2 4 3.661092e-12 -1.461007e+02 -8.882925e+04
INFO: cmn.c(133): CMN: 86.36 -0.49 -3.91  9.01 -5.55 -3.93 -8.65  3.71 -1.31  1.35  4.81  8.58  4.58 
utt>    62                    file_8  620    0   168 28  2 5 4.782901e-12 -1.459480e+02 -9.048774e+04
INFO: cmn.c(133): CMN: 88.58 -1.13 -5.40  8.75 -8.22 -4.77 -11.25  0.30 -0.61  0.07  2.27  6.46  2.07 
utt>    63                    file_9  607    0   176 28  2 5 4.189555e-12 -1.469199e+02 -8.918037e+04
INFO: cmn.c(133): CMN: 86.87  2.67 -6.41  2.61 -6.43 -0.21 -9.33 -1.11 -3.26  0.29  5.25  6.95  3.94 
utt>    64                   file_10  603    0   204 30  2 5 3.521752e-12 -1.475648e+02 -8.898160e+04
INFO: cmn.c(133): CMN: 90.90 -2.05 -10.18  2.85 -2.96 -0.11 -10.79  5.82  6.91  6.23 -3.02 11.82 10.37 
utt>    65                   file_11  130    0    64 36  4 8 8.207412e-12 -1.454220e+02 -1.890485e+04
INFO: cmn.c(133): CMN: 83.51  2.64 -3.02  7.12 -1.22  3.91 -5.41 -7.11  5.84  4.15 -5.67 -4.27 -0.47 
utt>    66                    file_1  149    0    76 30  3 7 9.809458e-12 -1.476636e+02 -2.200187e+04
INFO: cmn.c(133): CMN: 83.69  3.57 -6.41  3.09 -8.96  3.96 -1.00 -0.22  1.14  5.54 -2.70 -1.75 -0.15 
utt>    67                    file_2  112    0    56 30  3 6 4.086813e-12 -1.493980e+02 -1.673258e+04
INFO: cmn.c(133): CMN: 85.50  4.87 -5.19  4.77 -11.15 -0.01 -1.58 -3.56 -5.52  3.83  0.33  9.99 11.14 
utt>    68                    file_3  109    0    52 25  3 6 3.158259e-12 -1.508478e+02 -1.644241e+04
INFO: cmn.c(133): CMN: 86.89 -1.63 -7.13  6.36 -7.86  4.29 -6.28 -4.74  3.44  6.78 -3.03 -0.23  6.30 
utt>    69                    file_4  138    0    72 39  3 6 6.302447e-12 -1.524620e+02 -2.103975e+04
INFO: cmn.c(133): CMN: 86.58  3.26 -10.22  5.80 -7.04  1.62 -8.59 -1.32  1.12  8.12 -6.65 -1.74  7.68 
utt>    70                    file_5  124    0    64 32  3 6 5.966218e-12 -1.490426e+02 -1.848129e+04
INFO: cmn.c(133): CMN: 87.14  7.14 -6.96  7.28 -6.89  2.77 -2.37 -2.52 -6.11  3.17  2.25  3.31  6.54 
utt>    71                    file_6  105    0    60 34  3 7 7.233813e-12 -1.487335e+02 -1.561701e+04
INFO: cmn.c(133): CMN: 88.89 -1.76 -7.34  2.44 -6.45 -3.99 -6.40  1.86  7.94  9.29 -1.56  1.50  4.02 
utt>    72                    file_7  538    0   180 27  2 4 4.744826e-12 -1.481054e+02 -7.968068e+04
INFO: cmn.c(133): CMN: 88.51  0.95 -8.57  1.69 -3.32 -0.25 -10.32 -5.22  5.79  8.75 -1.86  1.91 11.35 
utt>    73                    file_8  518    0   168 34  2 5 4.697808e-12 -1.481979e+02 -7.676653e+04
INFO: cmn.c(133): CMN: 89.59 -1.58 -9.10  2.96 -4.67  0.52 -8.28 -5.70  3.85 10.63 -2.38  0.41 11.30 
utt>    74                    file_9  484    0   176 34  2 5 4.728422e-12 -1.504476e+02 -7.281665e+04
INFO: cmn.c(133): CMN: 87.62  0.71 -6.33 -1.42 -8.91  0.83 -8.64 -3.12 -0.07  4.83 -3.27 -0.07  6.74 
utt>    75                   file_10  511    0   204 33  3 6 5.314160e-12 -1.503395e+02 -7.682348e+04
INFO: cmn.c(133): CMN: 89.76  2.94 -7.73  4.57 -0.82  1.57 -13.21 -9.99  3.46 12.81  0.98 -3.35 10.37 
utt>    76                   file_11  120    0    64 31  3 6 4.269741e-12 -1.467157e+02 -1.760588e+04
INFO: cmn.c(133): CMN: 81.27  1.44 -2.49 -0.32  2.73  4.38 -4.88 -1.72 -2.33  4.76  0.57 -3.63  0.49 
utt>    77                    file_1  130    0    76 37  3 7 6.965526e-12 -1.445387e+02 -1.879003e+04
INFO: cmn.c(133): CMN: 84.91  3.99 -7.51  2.14 -0.34 -2.55 -8.81 -2.19 -4.74  3.49  6.93  5.05 -0.91 
utt>    78                    file_2  116    0    56 25  2 5 6.323016e-12 -1.464039e+02 -1.698286e+04
INFO: cmn.c(133): CMN: 78.27 12.30 -3.05  4.59  0.95 -0.90 -7.58 -2.76 -3.53 -3.47  0.19  4.45  2.40 
utt>    79                    file_3  123    0    52 25  3 6 2.066770e-12 -1.436862e+02 -1.767340e+04
INFO: cmn.c(133): CMN: 84.56  0.03 -8.51  8.37  0.19  0.90 -3.73 -7.29 -6.54  1.86  3.49  0.80 -3.63 
utt>    80                    file_4  132    0    72 39  3 7 8.942686e-12 -1.486243e+02 -1.961841e+04
INFO: cmn.c(133): CMN: 83.88 13.40 -9.18  1.33 -3.19 -0.75 -1.94 -3.55 -2.73  3.34  3.50  3.55 -1.73 
utt>    81                    file_5  102    0    64 35  3 7 7.634635e-12 -1.485127e+02 -1.514830e+04
INFO: cmn.c(133): CMN: 77.21 13.52 -2.91  3.00 -0.65  2.29 -1.77  3.44 -1.79 -5.32 -4.60  2.60  1.13 
utt>    82                    file_6  115    0    60 37  4 7 8.354314e-12 -1.453689e+02 -1.671742e+04
INFO: cmn.c(133): CMN: 79.50  4.44 -3.80  3.06  2.74 -5.11 -9.87 -1.90  0.90  3.15 -0.52  1.24 -0.04 
utt>    83                    file_7  738    0   180 23  2 4 2.547539e-12 -1.429677e+02 -1.055102e+05
INFO: cmn.c(133): CMN: 75.54  9.27 -2.09 -0.96 -0.36 -3.66 -4.73 -2.04  0.58  2.51  0.06  1.04 -0.45 
utt>    84                    file_8  815    0   168 23  2 3 2.889180e-12 -1.423971e+02 -1.160537e+05
INFO: cmn.c(133): CMN: 75.17  8.56 -2.60 -0.72 -1.57 -2.91 -4.36 -0.74  2.88  2.88  0.79  1.89  0.54 
utt>    85                    file_9  815    0   176 25  2 4 3.372721e-12 -1.427008e+02 -1.163011e+05
INFO: cmn.c(133): CMN: 76.21 10.47 -3.59 -3.25 -5.42 -4.69 -7.09 -1.73 -1.86 -2.78  0.69  4.35  3.86 
utt>    86                   file_10  809    0   204 24  2 4 3.399809e-12 -1.431179e+02 -1.157824e+05
INFO: cmn.c(133): CMN: 81.44 13.10 -5.79  0.38  1.91 -0.99 -2.01 -2.81 -0.57  0.43  0.58  5.94  2.87 
utt>    87                   file_11  105    0    64 35  3 7 7.624753e-12 -1.442682e+02 -1.514816e+04
INFO: cmn.c(133): CMN: 75.57  2.26 -3.30  5.05  1.55  8.11 -2.00  2.01  6.35  7.40  2.13 -0.47 -2.16 
utt>    88                    file_1  139    0    76 29  3 6 5.373402e-12 -1.471570e+02 -2.045482e+04
INFO: cmn.c(133): CMN: 76.28  5.93 -5.93  2.24 -7.71  3.37 -0.45  0.66  5.18 10.36 11.58  2.74 -2.21 
utt>    89                    file_2  103    0    56 31  3 7 9.102525e-12 -1.489919e+02 -1.534617e+04
INFO: cmn.c(133): CMN: 72.93  7.47 -1.38  8.44 -1.14  5.50 -1.89  2.09  4.41 -3.44  3.61 -1.26 -1.38 
utt>    90                    file_3  115    0    52 24  3 7 5.434355e-12 -1.431016e+02 -1.645669e+04
INFO: cmn.c(133): CMN: 77.59 -1.21 -7.64 10.71 -2.79  1.08 -9.90 -0.36  6.85  6.97  4.94 -2.04 -2.65 
utt>    91                    file_4  143    0    72 35  3 6 5.147305e-12 -1.473510e+02 -2.107119e+04
INFO: cmn.c(133): CMN: 78.22  7.66 -10.51  9.89 -4.23 -2.47 -13.78  2.00  9.31 11.74  7.13 -6.62  0.60 
utt>    92                    file_5  108    0    64 36  3 7 8.725078e-12 -1.475762e+02 -1.593823e+04
INFO: cmn.c(133): CMN: 79.22 11.13 -2.28  9.86 -10.92  0.65 -0.16  3.61 10.19  1.57  4.75 -1.03 -1.18 
utt>    93                    file_6  101    0    60 38  3 7 9.281483e-12 -1.486328e+02 -1.501192e+04
INFO: cmn.c(133): CMN: 75.48  1.08 -1.24  9.05 -3.11 -0.75 -9.60  3.67  3.89  2.15  2.60 -4.92  2.15 
utt>    94                    file_7  775    0   180 33  2 5 4.217449e-12 -1.433947e+02 -1.111309e+05
INFO: cmn.c(133): CMN: 72.15  7.17  0.57  5.17 -6.68 -0.20 -6.85 -0.97  4.87  8.88  0.24 -1.98  7.06 
utt>    95                    file_8  710    0   168 27  2 4 4.128840e-12 -1.410918e+02 -1.001752e+05
INFO: cmn.c(133): CMN: 73.33  5.34 -0.02  7.74 -7.13  0.39 -7.70 -0.08  3.72  7.14  3.36 -0.45  7.99 
utt>    96                    file_9  688    0   176 29  2 4 4.097194e-12 -1.426380e+02 -9.813497e+04
INFO: cmn.c(133): CMN: 72.26  6.73  1.48  3.79 -10.83  1.75 -2.97  3.17  3.91  7.72  2.10  1.19  4.13 
utt>    97                   file_10  774    0   204 27  2 4 3.153806e-12 -1.415920e+02 -1.095922e+05
INFO: cmn.c(133): CMN: 84.74  4.68 -2.49  7.88 -6.44  3.58 -10.96 -3.42  4.19  6.03  3.21 -4.46  5.04 
utt>    98                   file_11  106    0    64 35  3 6 7.650570e-12 -1.441605e+02 -1.528101e+04
INFO: cmn.c(133): CMN: 86.53  1.66  0.01 13.18  0.87  6.81  0.16 -4.11 -12.27 -11.14 -2.33  0.94 -6.66 
utt>    99                    file_1  379    0   180 42  3 7 1.013583e-11 -1.472018e+02 -5.578949e+04
INFO: cmn.c(133): CMN: 80.95  3.30 -5.10  9.96 -3.76  1.87  3.62 -0.30 -5.38 -2.42  1.31  3.71 -6.11 
utt>   100                    file_2  370    0   120 25  2 4 4.612866e-12 -1.434205e+02 -5.306559e+04
INFO: cmn.c(133): CMN: 83.50  6.77  0.09  1.33 -7.08 -6.83 -2.25  0.09 -4.28 -4.35 -6.17 -5.92  1.34 
utt>   101                    file_3  352    0   108 44  2 5 5.165891e-12 -1.428231e+02 -5.027374e+04
INFO: cmn.c(133): CMN: 87.23 -1.27 -5.64  8.68  1.57  2.50 -5.40 -6.16  0.26 -0.13  0.63  3.27 -2.60 
utt>   102                    file_4  420    0   168 37  3 6 8.522309e-12 -1.444830e+02 -6.068288e+04
INFO: cmn.c(133): CMN: 86.99  1.76 -10.61  3.16 -3.35 -1.18 -4.77 -5.18 -4.99 -2.98 -1.56 -0.80 -9.64 
utt>   103                    file_5  402    0   144 29  2 5 4.612782e-12 -1.412264e+02 -5.677303e+04
INFO: cmn.c(133): CMN: 83.42  5.81 -5.51  3.54 -1.97  0.88 -1.34 -3.20 -12.53 -7.94 -3.43 -2.69 -3.08 
utt>   104                    file_6  350    0   108 44  2 5 5.684301e-12 -1.403000e+02 -4.910502e+04
INFO: cmn.c(133): CMN: 88.35 -1.78 -5.63  7.24  1.29 -2.43 -11.24 -1.85 -1.97 -4.82  0.61  0.62 -4.45 
utt>   105                    file_7  713    0   180 25  2 4 4.003866e-12 -1.444443e+02 -1.029888e+05
INFO: cmn.c(133): CMN: 86.19  1.60 -5.11  7.80 -0.77  0.92 -10.07 -5.33 -2.69 -4.43  2.42 -0.32 -4.21 
utt>   106                    file_8  735    0   168 27  2 3 2.824748e-12 -1.441355e+02 -1.059396e+05
INFO: cmn.c(133): CMN: 86.33  3.20 -8.38  3.80 -3.18  0.30 -8.05 -4.98 -5.20 -6.08  0.13  0.11 -4.65 
utt>   107                    file_9  754    0   176 27  2 4 2.913110e-12 -1.454790e+02 -1.096912e+05
INFO: cmn.c(133): CMN: 87.14  6.31 -5.68 -0.06 -8.14 -0.61 -6.36 -2.39 -4.75 -1.94  3.30  3.32  2.71 
utt>   108                   file_10  766    0   204 26  2 4 3.584177e-12 -1.455744e+02 -1.115100e+05
INFO: cmn.c(133): CMN: 91.00  1.93 -6.72  3.49 -5.38  4.03 -4.08 -4.91 -6.67 -2.86  2.57 -1.35 -6.86 
utt>   109                   file_11  138    0    64 33  3 6 8.209547e-12 -1.442258e+02 -1.990316e+04
INFO: cmn.c(133): CMN: 83.36  2.21 -2.33  6.22  3.26 11.28  2.84  2.87  0.82  0.35 -2.49  4.67  2.65 
utt>   110                    file_1  134    0    76 33  4 7 5.969595e-12 -1.526716e+02 -2.045800e+04
INFO: cmn.c(133): CMN: 82.19  8.35 -5.65  8.25 -6.27  9.00  3.39  0.46 -4.20  5.53 -1.54 -1.26  5.75 
utt>   111                    file_2  110    0    56 30  3 6 5.871595e-12 -1.480719e+02 -1.628791e+04
INFO: cmn.c(133): CMN: 81.14 13.41 -2.55  3.68 -6.83 -1.67 -2.85  8.45  0.05  4.78 -1.08  5.74  2.74 
utt>   112                    file_3  120    0    52 24  3 6 4.228366e-12 -1.499624e+02 -1.799549e+04
INFO: cmn.c(133): CMN: 82.91  2.19 -4.94 11.51 -1.90  1.73 -5.58  7.06 -2.06  3.10 -0.70  3.56  8.56 
utt>   113                    file_4  149    0    72 30  2 5 3.806133e-12 -1.503958e+02 -2.240898e+04
INFO: cmn.c(133): CMN: 85.58  5.68 -7.87 10.86 -6.57  0.61 -2.25  3.79 -8.81  4.50 -4.27  0.14  6.04 
utt>   114                    file_5  137    0    64 36  3 6 6.089842e-12 -1.480773e+02 -2.028659e+04
INFO: cmn.c(133): CMN: 82.12 13.66 -0.67  9.51 -4.61  6.23  2.07 13.01 -1.66  6.01 -0.28 -3.35 -0.91 
utt>   115                    file_6  109    0    60 43  6 12 9.846726e-12 -1.481043e+02 -1.614336e+04
INFO: cmn.c(133): CMN: 87.16  1.24 -2.29 12.28 -6.73 -3.86  4.80  9.93  0.55  7.43  0.78  1.35  0.97 
utt>   116                    file_7  625    0   180 30  2 5 5.485274e-12 -1.470971e+02 -9.193571e+04
INFO: cmn.c(133): CMN: 83.81  6.16 -2.53 12.65 -5.50 -5.98  1.58  5.63 -1.31 -0.73 -6.38  0.95  1.91 
utt>   117                    file_8  516    0   168 28  2 5 4.011835e-12 -1.472016e+02 -7.595600e+04
INFO: cmn.c(133): CMN: 81.37  6.63 -1.23 12.72 -6.90 -2.67 -0.01  8.10 -1.97 -0.22 -5.10  1.69  5.08 
utt>   118                    file_9  643    0   176 25  2 4 3.843832e-12 -1.454312e+02 -9.351227e+04
INFO: cmn.c(133): CMN: 81.82  8.06 -2.12  1.31 -12.94 -0.58  2.72  8.55 -3.12  0.90 -3.91  3.11  3.29 
utt>   119                   file_10  662    0   204 27  2 4 4.386651e-12 -1.460528e+02 -9.668698e+04
INFO: cmn.c(133): CMN: 81.49  7.02 -5.73 10.22 -0.66  7.41  3.84 13.96 12.06  2.87 -10.31 -3.43  4.50 
utt>   120                   file_11  138    0    64 33  3 6 6.887641e-12 -1.465146e+02 -2.021901e+04
INFO: cmn.c(133): CMN: 85.07  3.05 -6.21  8.41 -8.76 -2.63 -0.41 -8.26 -14.27 -1.68  3.56  1.10 -7.52 
utt>   121                    file_1  131    0    76 36  3 6 6.181924e-12 -1.502105e+02 -1.967757e+04
INFO: cmn.c(133): CMN: 80.76  6.96 -11.25 12.18 -9.42 -4.08  5.66 -2.00 -13.83 -1.83  2.94  3.36 -4.53 
utt>   122                    file_2  124    0    56 27  2 5 2.672427e-12 -1.434524e+02 -1.778810e+04
INFO: cmn.c(133): CMN: 82.98 10.90 -7.82 11.71 -14.07 -14.46  0.34 -7.00 -17.11 -2.41 -4.73 -1.89  2.77 
utt>   123                    file_3  107    0    52 28  3 6 6.233370e-12 -1.453624e+02 -1.555378e+04
INFO: cmn.c(133): CMN: 87.46  3.64 -13.02 12.43 -8.47 -7.07 -4.14 -11.66 -12.80  1.95  2.97  3.22 -5.93 
utt>   124                    file_4  122    0    72 42  3 7 6.195057e-12 -1.478086e+02 -1.803265e+04
INFO: cmn.c(133): CMN: 89.36  0.68 -14.07  9.22 -10.74 -7.52 -4.23 -11.39 -5.93  4.39  5.34  5.39 -10.21 
utt>   125                    file_5  110    0    64 36  3 7 1.129684e-11 -1.428432e+02 -1.571275e+04
INFO: cmn.c(133): CMN: 79.02  9.87 -7.20 12.36 -5.70 -4.51  1.88  0.92 -10.54 -5.82  1.23 -0.19 -4.16 
utt>   126                    file_6  129    0    60 38  4 9 7.979250e-12 -1.423248e+02 -1.835990e+04
INFO: cmn.c(133): CMN: 80.92  1.36 -8.08 15.59 -5.19 -9.39 -3.64 -6.86 -3.15  0.73 -2.71  5.25  2.43 
utt>   127                    file_7  650    0   180 23  2 4 3.837063e-12 -1.435599e+02 -9.331394e+04
INFO: cmn.c(133): CMN: 79.81  5.80 -8.68 14.46 -3.58 -8.29 -4.10 -8.59 -7.13  2.51 -3.61  1.52  3.77 
utt>   128                    file_8  595    0   168 25  2 4 3.797658e-12 -1.429109e+02 -8.503196e+04
INFO: cmn.c(133): CMN: 80.53  5.08 -8.65 14.14 -8.34 -8.56 -1.59 -8.30 -7.41  0.46 -2.31  3.27  2.60 
utt>   129                    file_9  687    0   176 24  2 4 3.183216e-12 -1.419079e+02 -9.749072e+04
INFO: cmn.c(133): CMN: 80.94  8.83 -9.40  6.05 -13.28 -10.33 -0.97 -2.84 -13.69  0.92  1.11  2.39  5.05 
utt>   130                   file_10  612    0   204 26  2 4 3.795426e-12 -1.444618e+02 -8.841062e+04
INFO: cmn.c(133): CMN: 82.92  9.61 -12.27 10.88 -8.75 -4.75 -3.04 -8.22 -6.28  3.92  4.50 -1.06 -5.80 
utt>   131                   file_11  132    0    64 35  3 7 7.179555e-12 -1.437293e+02 -1.897226e+04
INFO: cmn.c(133): CMN: 88.81  1.13 -2.64  3.99 -10.10 -6.35 -15.99 -3.59 -3.88 -0.91 -0.62 -3.02  6.85 
utt>   132                    file_1  300    0   180 52  4 8 7.652049e-12 -1.512933e+02 -4.538798e+04
INFO: cmn.c(133): CMN: 86.62  4.19 -4.78 -2.74 -8.62  0.70 -6.69 -0.90 -4.33  5.54 -5.23 -4.41  4.25 
utt>   133                    file_2  224    0   120 39  3 7 6.876746e-12 -1.480205e+02 -3.315659e+04
INFO: cmn.c(133): CMN: 87.27  6.08 -8.75 -0.44 -17.78 -8.99 -10.54  3.17 -7.71  2.15  1.31  1.60  7.76 
utt>   134                    file_3  230    0   108 34  3 7 9.245967e-12 -1.493248e+02 -3.434470e+04
INFO: cmn.c(133): CMN: 89.15  0.80 -5.29  4.94 -9.15 -9.08 -19.10  0.87  0.05 12.37 -5.17 -2.19 12.05 
utt>   135                    file_4  306    0   168 47  3 7 8.482580e-12 -1.501694e+02 -4.595183e+04
INFO: cmn.c(133): CMN: 89.58  2.93 -11.72  1.30 -10.97 -7.07 -14.87 -0.34 -3.47 10.32 -5.22  2.02 10.52 
utt>   136                    file_5  268    0   144 72  4 8 6.913059e-12 -1.485079e+02 -3.980010e+04
INFO: cmn.c(133): CMN: 85.26  7.26 -6.25 -0.63 -13.22  0.07 -14.95  0.70 -4.27  3.79 -0.39  3.53 -2.87 
utt>   137                    file_6  239    0   108 41  3 6 6.022746e-12 -1.484453e+02 -3.547842e+04
INFO: cmn.c(133): CMN: 84.56 -0.22 -5.73  1.52 -12.87 -9.39 -9.52  8.44  5.79  0.53 -3.53  1.63 -0.49 
utt>   138                    file_7  723    0   180 24  2 3 3.559361e-12 -1.455413e+02 -1.052263e+05
INFO: cmn.c(133): CMN: 80.96  6.18 -9.75 -2.96 -9.27 -7.08 -11.07  7.12 11.09  4.37 -4.55  2.94  2.87 
utt>   139                    file_8  755    0   168 23  2 3 2.607247e-12 -1.431662e+02 -1.080905e+05
INFO: cmn.c(133): CMN: 82.23  6.26 -9.76 -1.27 -8.20 -4.05 -9.83  8.31  9.62  5.67 -1.54  3.80  4.20 
utt>   140                    file_9  700    0   176 25  2 4 3.134964e-12 -1.444561e+02 -1.011193e+05
INFO: cmn.c(133): CMN: 81.34  6.82 -7.14 -7.65 -14.04 -3.26 -7.55  2.41  0.75  4.74  1.22 -0.20  5.66 
utt>   141                   file_10  765    0   204 24  2 4 3.735494e-12 -1.454717e+02 -1.112859e+05
INFO: cmn.c(133): CMN: 84.38  9.36 -9.02 -2.01 -7.37 -2.68 -15.42  3.14  0.72  7.10  1.75 -2.88  0.33 
utt>   142                   file_11  252    0   112 41  3 6 7.098675e-12 -1.474865e+02 -3.716659e+04
INFO: cmn.c(133): CMN: 85.80  1.97 -0.34  6.14  1.21 -8.84 -6.76 -4.55 -2.79  7.04  9.86 -2.79  8.19 
utt>   143                    file_1  401    0   180 34  3 7 7.116016e-12 -1.477387e+02 -5.924323e+04
INFO: cmn.c(133): CMN: 84.77  4.42 -8.03  4.98 -2.82 -0.99  0.25  0.64 -3.43  5.86 -1.02 -10.17  2.62 
utt>   144                    file_2  331    0   120 29  3 5 4.828352e-12 -1.473542e+02 -4.877423e+04
INFO: cmn.c(133): CMN: 85.19 12.18 -5.60  3.98 -6.23 -5.41 -3.88 -0.32 -7.46 -2.97  2.60  5.12  6.53 
utt>   145                    file_3  288    0   108 31  3 6 6.024256e-12 -1.435369e+02 -4.133862e+04
INFO: cmn.c(133): CMN: 89.74 -0.91 -7.31  5.70 -0.45 -15.02 -13.64  3.92  0.75  4.38  2.80 -1.88  4.46 
utt>   146                    file_4  400    0   168 33  2 5 4.365083e-12 -1.466356e+02 -5.865423e+04
INFO: cmn.c(133): CMN: 86.42  4.88 -9.13  2.45 -0.28 -5.18 -7.28  3.73  0.05  1.18 -0.36 -4.25  0.37 
utt>   147                    file_5  395    0   144 27  2 5 4.934240e-12 -1.442108e+02 -5.696327e+04
INFO: cmn.c(133): CMN: 83.37  5.57 -3.24  1.21  0.35 -2.09 -3.78  2.14  1.48  1.72 -0.07  3.25  4.59 
utt>   148                    file_6  360    0   108 47  2 4 3.700328e-12 -1.427169e+02 -5.137809e+04
INFO: cmn.c(133): CMN: 80.18 -0.45 -3.86  7.12 -1.48 -11.25 -6.60  3.34  1.37  5.15  8.12  6.65  3.64 
utt>   149                    file_7  903    0   180 25  2 4 3.681308e-12 -1.414681e+02 -1.277457e+05
INFO: cmn.c(133): CMN: 78.22  3.06 -4.53  5.12 -0.34 -7.43 -8.83  2.20 -2.22  3.00  2.00  3.12  4.65 
utt>   150                    file_8  956    0   168 23  1 3 3.134820e-12 -1.413050e+02 -1.350876e+05
INFO: cmn.c(133): CMN: 78.24  4.64 -4.27  4.69  0.69 -8.08 -2.63  2.91  1.67  2.51  4.30  4.16  5.53 
utt>   151                    file_9  987    0   176 28  2 3 3.758522e-12 -1.412356e+02 -1.393995e+05
INFO: cmn.c(133): CMN: 78.98  5.43 -4.46  0.54 -2.33 -5.66 -4.13  1.29  2.38  5.02  7.12  3.13  5.40 
utt>   152                   file_10  948    0   204 26  2 3 3.229698e-12 -1.417744e+02 -1.344022e+05
INFO: cmn.c(133): CMN: 80.60  7.77 -5.21  3.37  3.22 -3.45 -3.41 -0.67  4.55  4.93  3.75  2.43  4.36 
utt>   153                   file_11  338    0   112 37  2 4 3.312520e-12 -1.426124e+02 -4.820300e+04
INFO: cmn.c(133): CMN: 87.69  1.08  3.80  4.84 -4.19  0.28 -5.78 -7.00 -2.29 -1.26 -0.30  6.21 -2.83 
utt>   154                    file_1  320    0   180 51  4 8 1.227309e-11 -1.488727e+02 -4.763926e+04
INFO: cmn.c(133): CMN: 81.90  4.05 -0.40  5.93 -4.22  2.35 -0.49  0.27  1.38  0.94  4.37  1.89 -2.12 
utt>   155                    file_2  346    0   120 29  2 5 3.686530e-12 -1.450978e+02 -5.020385e+04
INFO: cmn.c(133): CMN: 78.82  7.87 -1.95  4.38 -5.03 -1.06 -4.96 -1.23 -2.62 -2.56 -0.10  6.09  4.13 
utt>   156                    file_3  341    0   108 32  3 5 5.569532e-12 -1.410438e+02 -4.809592e+04
INFO: cmn.c(133): CMN: 86.16  1.21 -3.48 11.26 -0.88 -2.24 -8.77 -6.66 -0.40 -0.61  3.80  1.90  0.59 
utt>   157                    file_4  405    0   168 43  2 5 5.540199e-12 -1.472172e+02 -5.962296e+04
INFO: cmn.c(133): CMN: 86.10  6.98 -5.00  3.30 -7.06 -3.48 -9.40 -2.95  1.88  3.16  2.60 -0.08 -3.67 
utt>   158                    file_5  368    0   144 30  2 5 4.156240e-12 -1.436200e+02 -5.285215e+04
INFO: cmn.c(133): CMN: 78.22 10.03 -3.23  2.30 -4.04 -0.30 -5.39 -5.49 -4.68 -0.28  3.71  4.85  0.82 
utt>   159                    file_6  373    0   108 43  2 5 4.065482e-12 -1.415992e+02 -5.281649e+04
INFO: cmn.c(133): CMN: 77.46  2.63 -2.14  2.29 -4.09 -2.26 -6.98 -3.95  1.38  3.49  1.48  0.65 -1.12 
utt>   160                    file_7 1083    0   180 26  1 3 2.856562e-12 -1.412143e+02 -1.529351e+05
INFO: cmn.c(133): CMN: 78.16  5.12 -1.08  2.01 -3.31 -1.76 -6.78 -3.80  1.64  1.24  0.41 -0.23  0.52 
utt>   161                    file_8 1063    0   176 27  2 3 3.302177e-12 -1.423565e+02 -1.513250e+05
INFO: cmn.c(133): CMN: 79.08  5.82 -1.44  3.05 -3.97  0.75 -4.62 -2.93 -2.45  1.22 -1.60 -2.79  1.02 
utt>   162                    file_9 1053    0   192 28  2 3 2.341029e-12 -1.414781e+02 -1.489764e+05
INFO: cmn.c(133): CMN: 79.17  6.21 -0.10  2.51 -7.38 -0.98 -5.94 -5.53 -2.66 -0.51  0.77  0.19  2.86 
utt>   163                   file_10 1014    0   204 30  2 4 3.596874e-12 -1.436965e+02 -1.457082e+05
INFO: cmn.c(133): CMN: 86.47 10.38 -2.52  3.64 -4.29 -0.67 -7.84 -7.13 -1.48  2.22  5.14  2.67  1.30 
utt>   164                   file_11  105    0    64 38  4 8 2.531696e-12 -1.434912e+02 -1.506658e+04
INFO: cmn.c(133): CMN: 87.08 -0.03 -0.11  9.07 -6.82  1.23 -3.84  2.98 -4.93  1.95  0.42 -2.31  7.06 
utt>   165                    file_1  411    0   180 33  3 7 7.866052e-12 -1.492285e+02 -6.133291e+04
INFO: cmn.c(133): CMN: 86.02  2.25 -6.66  2.54 -6.20  8.03  5.54  5.66 -6.59 -1.22 -6.88 -6.05 -3.19 
utt>   166                    file_2  367    0   120 26  2 5 3.507357e-12 -1.468161e+02 -5.388153e+04
INFO: cmn.c(133): CMN: 87.72  7.30 -3.12  6.48 -11.06  0.42 -4.86  2.43 -4.62 -1.78 -0.99 -3.21  2.37 
utt>   167                    file_3  321    0   108 35  3 6 7.335795e-12 -1.471953e+02 -4.724969e+04
INFO: cmn.c(133): CMN: 91.58 -1.71 -6.82  8.07 -4.54 -6.25 -11.87  3.21 -5.37  4.30 -2.99 -3.07  6.25 
utt>   168                    file_4  388    0   168 37  2 5 5.529692e-12 -1.478937e+02 -5.738277e+04
INFO: cmn.c(133): CMN: 93.99 -1.25 -11.61  1.06 -9.20 -1.37 -4.23  4.33 -3.05  1.51 -4.66 -1.81  8.18 
utt>   169                    file_5  368    0   144 34  2 5 5.168060e-12 -1.458937e+02 -5.368888e+04
INFO: cmn.c(133): CMN: 90.01  3.08 -4.97  5.54 -9.93 -1.54 -7.58  1.64 -6.11  2.10  2.80  1.74  5.31 
utt>   170                    file_6  307    0   108 37  3 6 6.001653e-12 -1.463067e+02 -4.491617e+04
INFO: cmn.c(133): CMN: 83.77 -4.14 -5.13  8.88 -9.78 -3.21 -3.90  3.22 -3.31  0.12  3.20 -1.74  1.20 
utt>   171                    file_7  921    0   180 24  2 3 2.979653e-12 -1.420361e+02 -1.308153e+05
INFO: cmn.c(133): CMN: 84.16  1.20 -5.33  6.84 -10.42 -4.08 -7.31  5.63 -3.77  0.66  2.49  0.65  5.43 
utt>   172                    file_8  898    0   176 24  1 3 2.348969e-12 -1.428351e+02 -1.282659e+05
INFO: cmn.c(133): CMN: 87.42 -3.48 -5.64  4.15 -11.62 -6.12 -9.09  4.94 -2.13  1.84  4.25  5.09  6.13 
utt>   173                    file_9  903    0   192 27  2 4 3.052305e-12 -1.439783e+02 -1.300124e+05
INFO: cmn.c(133): CMN: 85.76  1.91 -7.21  1.53 -16.22 -5.93 -7.81  4.25 -3.56  0.04  4.21  1.18  4.84 
utt>   174                   file_10  848    0   204 24  2 4 3.028797e-12 -1.435513e+02 -1.217315e+05
INFO: cmn.c(133): CMN: 93.09 -0.48 -10.40  2.81 -3.74 -1.54 -5.49 10.00 -1.08  3.00 -0.12  1.80  8.58 
utt>   175                   file_11  145    0    64 33  3 6 7.076599e-12 -1.451750e+02 -2.105037e+04
INFO: cmn.c(133): CMN: 53.67  2.05  5.36 11.21 -9.13  4.40  8.96 -6.47 -0.71  7.46 -10.91  1.25 16.03 
utt>   176                    file_1  170    0    76 27  3 6 6.918309e-12 -1.528864e+02 -2.599069e+04
INFO: cmn.c(133): CMN: 52.44  7.73 -6.48  1.87 -8.96 11.01 10.66 -5.55  0.30  4.73 -8.43 -8.32 14.39 
utt>   177                    file_2  148    0    56 22  2 5 4.909194e-12 -1.477121e+02 -2.186139e+04
INFO: cmn.c(133): CMN: 52.36 15.01  4.46  7.62 -23.28 -5.87  2.47 -12.71 -2.66 -1.90 -1.81  9.98 20.68 
utt>   178                    file_3  132    0    52 22  3 6 4.058274e-12 -1.505747e+02 -1.987586e+04
INFO: cmn.c(133): CMN: 55.25  6.87 -6.47 10.84 -9.45  5.01  4.30 -7.74  1.84  4.26 -6.62 -4.77 19.93 
utt>   179                    file_4  149    0    72 31  2 5 4.845500e-12 -1.518943e+02 -2.263225e+04
INFO: cmn.c(133): CMN: 54.49 10.92 -7.99  6.47 -11.40  3.99  7.47 -5.32  5.98  2.61 -11.77 -7.04 13.35 
utt>   180                    file_5  170    0    64 24  3 6 4.161465e-12 -1.504834e+02 -2.558219e+04
INFO: cmn.c(133): CMN: 53.15 15.25  5.55  9.81 -17.33  1.81  7.85 -3.38  5.16  0.10 -3.28  5.64 23.80 
utt>   181                    file_6  154    0    60 28  2 5 4.816204e-12 -1.500733e+02 -2.311130e+04
INFO: cmn.c(133): CMN: 49.32  3.74 -0.02 16.95 -12.19 -3.19 -1.40 -1.94 -2.60 -1.15 -2.95 -4.27 12.63 
utt>   182                    file_7  784    0   180 22  2 4 3.852823e-12 -1.464463e+02 -1.148139e+05
INFO: cmn.c(133): CMN: 50.00  9.62 -0.24 14.77 -13.27  0.61  4.58  2.93  2.54 -0.39 -1.10  1.43 10.84 
utt>   183                    file_8  872    0   176 22  2 3 3.640682e-12 -1.472327e+02 -1.283869e+05
INFO: cmn.c(133): CMN: 51.97  8.42 -0.78 13.93 -11.53 -3.04  4.22  1.11  1.09 -2.54 -1.66  4.79 14.40 
utt>   184                    file_9  835    0   200 22  2 4 3.131423e-12 -1.472607e+02 -1.229627e+05
INFO: cmn.c(133): CMN: 50.58 11.57 -2.53  5.86 -14.34  1.70  5.96 -1.88 -3.27 -1.17 -0.87  4.72 14.34 
utt>   185                   file_10  818    0   204 24  2 4 3.845894e-12 -1.487954e+02 -1.217146e+05
INFO: cmn.c(133): CMN: 57.38 12.78 -8.49  1.90 -10.25 -0.60  5.92  7.62  9.30  2.37 -2.99  1.25 15.03 
utt>   186                   file_11  158    0    64 24  3 5 6.282623e-12 -1.517777e+02 -2.398087e+04
INFO: cmn.c(133): CMN: 60.02  5.98 -6.29  9.56 -19.38 16.24  7.07 -8.01 -3.89  5.52 -9.38 -0.36  0.03 
utt>   187                    file_1  200    0    76 24  2 5 5.165692e-12 -1.524895e+02 -3.049789e+04
INFO: cmn.c(133): CMN: 57.10  8.37 -6.84  3.70 -16.85 15.92  6.65 -8.66 -3.91  2.88 -6.78 -0.04 -0.52 
utt>   188                    file_2  180    0    56 22  2 4 5.952067e-12 -1.485579e+02 -2.674042e+04
INFO: cmn.c(133): CMN: 59.45  8.78  2.04 11.87 -33.24  6.66 -1.71 -6.59  1.70  9.22 -6.35 10.99  2.63 
utt>   189                    file_3  209    0    52 23  2 4 3.609955e-12 -1.487828e+02 -3.109561e+04
INFO: cmn.c(133): CMN: 58.64  4.44 -9.68  9.05 -17.42 14.36 -8.38 -5.17  6.79  5.50 -6.32  6.13  4.16 
utt>   190                    file_4  211    0    72 28  2 4 3.504213e-12 -1.517117e+02 -3.201116e+04
INFO: cmn.c(133): CMN: 63.95  1.85 -19.88  4.88 -20.64 16.38 -3.53 -6.65  2.33  0.50 -6.46 -0.52  0.34 
utt>   191                    file_5  203    0    64 22  2 4 4.469344e-12 -1.517906e+02 -3.081348e+04
INFO: cmn.c(133): CMN: 57.00 12.83  0.93  5.91 -36.65 12.40 -5.65  0.51  6.00  3.40 -8.45 -3.77 -8.17 
utt>   192                    file_6  194    0    60 22  2 4 7.112643e-12 -1.535403e+02 -2.978682e+04
INFO: cmn.c(133): CMN: 55.97  2.88 -2.41 14.02 -23.40  4.48 -8.32  2.66  0.63  8.28  0.11  4.97 -0.05 
utt>   193                    file_7  833    0   180 21  2 3 2.674169e-12 -1.465000e+02 -1.220345e+05
INFO: cmn.c(133): CMN: 59.02  7.47 -3.47 10.21 -24.09  7.78 -9.34  8.22 -2.81  7.44  0.70  5.21  6.59 
utt>   194                    file_8  774    0   176 20  1 3 2.432027e-12 -1.489013e+02 -1.152496e+05
INFO: cmn.c(133): CMN: 58.42  6.11 -4.91  8.28 -22.89  4.45 -11.73  9.62 -1.80  7.13  1.58  1.75  7.91 
utt>   195                    file_9  854    0   200 21  2 3 3.117833e-12 -1.486167e+02 -1.269187e+05
INFO: cmn.c(133): CMN: 56.09  7.95 -1.68  0.59 -27.21 10.98 -5.48  7.70  2.65  5.33 -0.45  4.20  7.27 
utt>   196                   file_10  843    0   204 20  2 3 2.713984e-12 -1.488366e+02 -1.254693e+05
INFO: cmn.c(133): CMN: 60.00  9.87 -11.88  3.37 -19.10 14.27 -11.25  1.47  9.73  6.45 -0.55  4.05  8.03 
utt>   197                   file_11  203    0    64 24  2 5 4.319707e-12 -1.511601e+02 -3.068551e+04
INFO: cmn.c(133): CMN: 46.72  8.50  0.19  7.53  3.05  4.95 -5.80 -5.34 -8.10  3.39  2.97 -7.09  5.50 
utt>   198                    file_1  446    0   180 31  3 6 6.173099e-12 -1.466785e+02 -6.541862e+04
INFO: cmn.c(133): CMN: 46.17  7.99 -3.42  9.07 -1.85  9.15  0.43  2.89 -6.05  4.38  6.83 -7.65  6.36 
utt>   199                    file_2  426    0   120 24  2 4 4.640777e-12 -1.464376e+02 -6.238244e+04
INFO: cmn.c(133): CMN: 52.34 14.92 -8.08  2.28 -19.18  6.75  1.06  1.04 -4.51  2.96  4.34 -3.26  6.07 
utt>   200                    file_3  361    0    92 28  2 5 6.601985e-12 -1.491067e+02 -5.382751e+04
INFO: cmn.c(133): CMN: 49.51  7.69 -2.58 15.82 -3.11 -1.46 -11.69  1.85 -4.88  0.87  2.48 -10.46  6.15 
utt>   201                    file_4  436    0   168 34  3 6 6.799123e-12 -1.484224e+02 -6.471219e+04
INFO: cmn.c(133): CMN: 52.03 13.43 -11.77  5.47 -5.64  5.28 -5.44  3.40 -2.10  3.70  4.13 -13.89  6.47 
utt>   202                    file_5  389    0   144 31  3 5 5.797350e-12 -1.471134e+02 -5.722713e+04
INFO: cmn.c(133): CMN: 49.49 15.08 -3.43  4.21 -7.13  6.82 -4.09  1.52 -4.62  2.78  5.10 -8.54  5.55 
utt>   203                    file_6  354    0   108 40  2 5 3.467328e-12 -1.458627e+02 -5.163539e+04
INFO: cmn.c(133): CMN: 48.47  6.20 -3.91 13.97 -15.73 -0.76 -5.28  8.65  1.22  3.81  7.19 -6.28  3.24 
utt>   204                    file_7  730    0   180 23  2 4 3.099720e-12 -1.444246e+02 -1.054300e+05
INFO: cmn.c(133): CMN: 49.61 12.16 -5.41  9.28 -20.32 -1.09 -6.20  2.99 -1.74  3.48  3.11 -5.77  4.70 
utt>   205                    file_8  713    0   176 23  2 4 3.360355e-12 -1.449047e+02 -1.033170e+05
INFO: cmn.c(133): CMN: 49.53  9.92 -3.67  8.39 -17.01 -2.96 -5.07  9.12  0.71  4.52  1.55 -6.71  3.99 
utt>   206                    file_9  764    0   200 25  2 4 3.649354e-12 -1.450053e+02 -1.107840e+05
INFO: cmn.c(133): CMN: 48.68 11.53 -5.15  2.44 -19.28  2.58  0.74 10.51 -1.22  6.16  7.90 -4.83  5.26 
utt>   207                   file_10  726    0   204 24  2 4 3.369210e-12 -1.454424e+02 -1.055912e+05
INFO: cmn.c(133): CMN: 51.99 17.98 -10.05 -0.34 -8.07  7.94 -2.94  6.72  5.30 10.72  5.17 -1.58  5.82 
utt>   208                   file_11  302    0   112 37  3 6 4.174619e-12 -1.455181e+02 -4.394645e+04
INFO: cmn.c(133): CMN: 76.86  8.24  2.06  3.75 -13.10  4.69 -4.77 -4.73 -10.36 -4.64 -0.78  2.32 -3.58 
utt>   209                    file_1  435    0   180 28  3 5 4.756791e-12 -1.480757e+02 -6.441294e+04
INFO: cmn.c(133): CMN: 72.16 10.07 -2.17  2.64 -8.01  4.17 -2.09  0.22 -6.20 -2.58  3.00 -2.63 -8.25 
utt>   210                    file_2  405    0   120 27  2 3 3.111335e-12 -1.467753e+02 -5.944402e+04
INFO: cmn.c(133): CMN: 69.25 14.93  1.12  3.84 -6.55  1.34 -3.08 -3.99 -7.91 -6.23 -5.21 -0.49 -2.09 
utt>   211                    file_3  339    0   108 36  2 5 5.860954e-12 -1.442636e+02 -4.890535e+04
INFO: cmn.c(133): CMN: 77.57  5.60 -3.52  8.55 -8.84  1.01 -6.12 -5.36 -9.01 -4.60  1.02 -1.24 -6.99 
utt>   212                    file_4  423    0   168 30  2 4 4.791552e-12 -1.488869e+02 -6.297916e+04
INFO: cmn.c(133): CMN: 77.05  7.51 -5.48  5.72 -9.36  3.78 -7.26 -1.90 -6.65 -0.83  0.53 -6.22 -4.86 
utt>   213                    file_5  387    0   144 26  2 4 3.333772e-12 -1.452514e+02 -5.621228e+04
INFO: cmn.c(133): CMN: 74.73 13.22 -1.13  6.07 -7.72  5.76  0.70 -0.57 -5.68 -4.39 -4.42 -5.95 -2.04 
utt>   214                    file_6  341    0   108 39  2 5 5.108777e-12 -1.434280e+02 -4.890894e+04
INFO: cmn.c(133): CMN: 76.80  3.73 -3.91  3.82 -7.49 -0.99 -9.12 -5.41 -5.27 -3.91 -3.18 -0.81 -2.40 
utt>   215                    file_7  884    0   180 22  2 3 2.908672e-12 -1.419680e+02 -1.254997e+05
INFO: cmn.c(133): CMN: 77.20  9.40 -2.83  4.12 -9.00 -1.06 -6.61 -4.95 -4.07 -3.09 -3.85 -1.97 -1.52 
utt>   216                    file_8  949    0   176 22  1 3 2.363187e-12 -1.424723e+02 -1.352063e+05
INFO: cmn.c(133): CMN: 77.41  7.61 -2.03  2.95 -8.35  0.70 -7.34 -4.45 -4.67 -3.83 -3.56 -0.15 -1.13 
utt>   217                    file_9  924    0   200 21  1 3 2.985005e-12 -1.430523e+02 -1.321803e+05
INFO: cmn.c(133): CMN: 75.87 10.14 -3.17 -0.25 -12.86 -1.45 -5.61 -4.67 -4.59 -0.65 -2.25 -0.04 -1.26 
utt>   218                   file_10  931    0   204 22  2 3 2.386273e-12 -1.428067e+02 -1.329531e+05
INFO: cmn.c(133): CMN: 82.19  9.55 -4.16 10.10 -5.97  8.29 -6.18 -2.07 -8.86 -3.65 -5.78 -6.80 -2.84 
utt>   219                   file_11  119    0    64 29  3 6 5.959993e-12 -1.495468e+02 -1.779606e+04
INFO: cmn.c(133): CMN: 76.06  6.84 -5.14 17.53 -6.19  3.02  4.47  5.02  1.32 13.45 10.23 -1.82  9.36 
utt>   220                    file_1  438    0   180 31  3 6 6.875116e-12 -1.480358e+02 -6.483967e+04
INFO: cmn.c(133): CMN: 73.42  8.20 -7.35  9.11 -13.77 -2.39 -4.47 -2.91 -5.74  1.57  1.45 -1.16  0.96 
utt>   221                    file_2  369    0   120 28  2 4 4.514267e-12 -1.464098e+02 -5.402520e+04
INFO: cmn.c(133): CMN: 77.10  9.70 -5.21  7.34 -21.83 -4.75  2.17 -4.21 -3.83 -1.97  2.14  9.35  1.68 
utt>   222                    file_3  328    0   108 28  2 5 4.503379e-12 -1.487591e+02 -4.879300e+04
INFO: cmn.c(133): CMN: 79.91  4.83 -11.63 10.36 -13.75 -8.87 -8.25 -1.85  2.36  2.83 -1.87  0.08  1.93 
utt>   223                    file_4  415    0   168 32  3 5 4.864866e-12 -1.496637e+02 -6.211043e+04
INFO: cmn.c(133): CMN: 78.10  8.91 -13.56  9.14 -14.76 -5.48 -4.34 -0.87 -0.11  2.48 -1.25 -1.62  1.78 
utt>   224                    file_5  397    0   144 29  2 5 5.090753e-12 -1.481179e+02 -5.880281e+04
INFO: cmn.c(133): CMN: 74.70 10.23 -8.09  6.77 -17.66 -2.65 -3.09 -0.06  0.59 -0.07  2.32  4.54  0.62 
utt>   225                    file_6  360    0   108 33  2 5 5.338972e-12 -1.454374e+02 -5.235747e+04
INFO: cmn.c(133): CMN: 73.32  4.23 -7.10 12.12 -13.69 -9.74 -4.29 -4.68 -6.12 -0.83 -2.17  1.36 -1.00 
utt>   226                    file_7  930    0   180 23  1 3 2.085036e-12 -1.431596e+02 -1.331385e+05
INFO: cmn.c(133): CMN: 70.50  8.37 -8.36  5.00 -14.49 -6.60 -4.16 -2.77  0.34  0.74 -1.70  3.31  0.36 
utt>   227                    file_8 1099    0   176 23  1 3 2.039749e-12 -1.429557e+02 -1.571083e+05
INFO: cmn.c(133): CMN: 70.33  7.38 -6.01  7.68 -13.21 -6.92 -4.08 -3.32  0.63 -0.21 -1.38  4.39  1.64 
utt>   228                    file_9 1084    0   200 23  1 3 2.101257e-12 -1.425230e+02 -1.544949e+05
INFO: cmn.c(133): CMN: 69.46  8.57 -7.09  0.98 -16.04 -6.46 -2.81 -1.92 -2.77  0.44 -0.99  3.68  1.24 
utt>   229                   file_10 1077    0   204 22  1 3 2.384565e-12 -1.417734e+02 -1.526899e+05
INFO: cmn.c(133): CMN: 78.61 10.96 -11.12  9.01 -11.29 -3.72 -3.96  0.18  6.00  2.68 -3.27  3.61  2.96 
utt>   230                   file_11  160    0    64 26  3 5 5.425517e-12 -1.477605e+02 -2.364167e+04
INFO: cmn.c(133): CMN: 74.19  5.92 -0.70  3.42 -9.80 -3.36 -7.21 -2.24 -2.50  7.45  2.70  5.01  4.42 
utt>   231                    file_1  448    0   180 30  3 6 4.469025e-12 -1.499367e+02 -6.717162e+04
INFO: cmn.c(133): CMN: 74.63  7.71 -4.70 -0.93 -9.13 -0.80 -7.52 -1.70 -1.26  7.74 -2.18 -0.90  3.62 
utt>   232                    file_2  385    0   120 31  2 4 4.091392e-12 -1.474880e+02 -5.678288e+04
INFO: cmn.c(133): CMN: 74.74  9.60 -4.00 -2.27 -14.54 -6.45 -10.46 -7.17 -10.10  0.96  4.00  9.39  8.71 
utt>   233                    file_3  360    0   108 33  2 5 5.047310e-12 -1.489801e+02 -5.363284e+04
INFO: cmn.c(133): CMN: 79.31  2.09 -5.18  5.82 -14.42 -5.89 -13.70 -1.61 -0.50  6.25 -1.29  3.58  6.02 
utt>   234                    file_4  477    0   168 35  3 5 5.712863e-12 -1.499087e+02 -7.150646e+04
INFO: cmn.c(133): CMN: 81.05  5.84 -8.32  2.64 -13.77 -6.37 -10.70 -0.11 -2.29  3.21 -0.68  4.18  4.91 
utt>   235                    file_5  398    0   144 24  2 4 3.878606e-12 -1.479614e+02 -5.888864e+04
INFO: cmn.c(133): CMN: 77.50 10.83 -6.55 -0.31 -12.80 -3.37 -7.28 -4.03 -2.10  4.89  5.15 10.67  4.63 
utt>   236                    file_6  383    0   108 36  3 5 5.162730e-12 -1.445590e+02 -5.536608e+04
INFO: cmn.c(133): CMN: 77.78  1.71 -4.73  3.62 -12.18 -7.54 -8.30 -3.07 -3.93  0.53  3.40  5.81  0.20 
utt>   237                    file_7 1055    0   180 24  1 3 2.453483e-12 -1.444234e+02 -1.523667e+05
INFO: cmn.c(133): CMN: 76.49  6.44 -7.04 -2.80 -12.03 -5.11 -6.66  1.53 -1.02  0.54  1.71  7.66  2.63 
utt>   238                    file_8 1073    0   176 24  1 3 2.543581e-12 -1.441741e+02 -1.546988e+05
INFO: cmn.c(133): CMN: 75.95  5.33 -5.51 -2.52 -13.66 -7.77 -9.19 -1.71 -2.08  0.64 -0.15  5.32  1.52 
utt>   239                    file_9 1137    0   200 23  1 3 2.530598e-12 -1.435196e+02 -1.631818e+05
INFO: cmn.c(133): CMN: 74.59  8.25 -6.75 -4.03 -13.96 -2.67 -6.68 -2.84 -3.70  2.76  2.55  4.41  1.25 
utt>   240                   file_10 1153    0   204 24  2 3 2.077731e-12 -1.449743e+02 -1.671554e+05
INFO: cmn.c(133): CMN: 86.66  3.30 -8.46 -0.61 -11.38  1.35 -7.78  1.63  1.91  1.57 -1.68 11.63  2.13 
utt>   241                   file_11  181    0    64 27  2 5 4.880805e-12 -1.502799e+02 -2.720066e+04
INFO: cmn.c(133): CMN: 84.68  1.89 -1.90  0.90 -0.12 -2.20 -11.76 -2.27 -5.33  3.04  5.84  6.17  4.25 
utt>   242                    file_1  325    0   180 39  4 8 8.925534e-12 -1.493257e+02 -4.853085e+04
INFO: cmn.c(133): CMN: 82.10  3.63 -1.38  0.68 -5.10  0.95 -7.70 -1.00 -11.27 11.38 -0.25  7.54  6.74 
utt>   243                    file_2  276    0   120 29  2 5 3.495557e-12 -1.491290e+02 -4.115961e+04
INFO: cmn.c(133): CMN: 83.42  9.79 -4.57  4.56 -4.16 -5.23 -12.15 -1.78 -10.51  2.21  1.72  7.67  7.74 
utt>   244                    file_3  245    0   108 37  3 7 7.523133e-12 -1.448019e+02 -3.547646e+04
INFO: cmn.c(133): CMN: 88.88 -0.00 -4.13  7.20 -1.97 -3.03 -19.79 -6.38 -1.33  9.57 -3.24  7.18  9.95 
utt>   245                    file_4  327    0   168 41  3 6 2.983878e-12 -1.505254e+02 -4.922180e+04
INFO: cmn.c(133): CMN: 89.38  5.58 -7.52  3.32 -7.89 -10.21 -13.18 -0.49 -3.54  6.95  2.18  4.60  5.70 
utt>   246                    file_5  280    0   144 33  3 6 7.754541e-12 -1.460514e+02 -4.089438e+04
INFO: cmn.c(133): CMN: 87.98  6.87 -7.26  2.00 -4.01 -1.24 -10.95 -2.55 -5.26  5.47  5.08  9.84  5.35 
utt>   247                    file_6  237    0   108 39  3 5 6.394099e-12 -1.452157e+02 -3.441612e+04
INFO: cmn.c(133): CMN: 83.13  0.03 -5.23  2.13 -5.43 -8.09 -13.88  1.18  3.28  9.03 -3.57  8.80  5.54 
utt>   248                    file_7  741    0   180 24  2 3 3.783604e-12 -1.431690e+02 -1.060882e+05
INFO: cmn.c(133): CMN: 88.33  1.23 -7.93 -2.07 -8.02 -8.01 -14.65  1.29  1.86  5.16 -1.00 10.84  6.78 
utt>   249                    file_8  686    0   176 25  2 4 2.956103e-12 -1.455195e+02 -9.982638e+04
INFO: cmn.c(133): CMN: 85.40  2.61 -3.55  0.05 -5.20 -6.84 -16.17 -3.54  0.10  6.73 -1.34  9.20  5.86 
utt>   250                    file_9  683    0   200 26  2 4 3.032928e-12 -1.464734e+02 -1.000413e+05
INFO: cmn.c(133): CMN: 84.23  4.24 -4.81 -3.97 -10.08 -5.64 -14.13 -2.76 -0.62  7.98  3.88  8.80  5.56 
utt>   251                   file_10  692    0   204 26  2 4 3.647386e-12 -1.456384e+02 -1.007818e+05
INFO: cmn.c(133): CMN: 85.41  5.73 -6.84  1.13 -4.69 -4.38 -18.32 -5.19 -3.21 13.42  5.68  5.43  7.78 
utt>   252                   file_11  106    0    64 32  3 6 3.468765e-12 -1.477767e+02 -1.566433e+04
overall> stats 111012 (-0) -1.453280e+02 -1.613315e+07

INFO: s3mixw_io.c(233): Wrote /home/simone/Documenti/Elaborazione/project-NLP/bwaccumdir/android_db_buff_1/mixw_counts [633x1x1 array]
INFO: s3tmat_io.c(176): Wrote /home/simone/Documenti/Elaborazione/project-NLP/bwaccumdir/android_db_buff_1/tmat_counts [27x3x4 array]
INFO: s3gau_io.c(485): Wrote /home/simone/Documenti/Elaborazione/project-NLP/bwaccumdir/android_db_buff_1/gauden_counts with means with vars (2pass) [633x1x1 vector arrays]
INFO: main.c(999): Counts saved to /home/simone/Documenti/Elaborazione/project-NLP/bwaccumdir/android_db_buff_1
Sun Dec 11 12:12:00 2016
