        INFO: main.c(229): Compiled on Oct 27 2016 at 19:16:52
Current configuration:
[NAME]		[DEFLT]		[VALUE]
-2passvar	no		yes
-abeam		1e-100		1.000000e-90
-accumdir			/home/simone/Documenti/Elaborazione/project-NLP/bwaccumdir/android_db_buff_1
-agc		none		none
-agcthresh	2.0		2.000000e+00
-bbeam		1e-100		1.000000e-10
-cb2mllrfn	.1cls.		.1cls.
-cepdir				/home/simone/Documenti/Elaborazione/project-NLP/feat
-cepext		mfc		mfc
-ceplen		13		13
-ckptintv			0
-cmn		live		current
-cmninit	40,3,-1		40,3,-1
-ctlfn				/home/simone/Documenti/Elaborazione/project-NLP/etc/android_db_train.fileids
-diagfull	no		no
-dictfn				/home/simone/Documenti/Elaborazione/project-NLP/etc/android_db.dic
-example	no		no
-fdictfn			/home/simone/Documenti/Elaborazione/project-NLP/etc/android_db.filler
-feat		1s_c_d_dd	1s_c_d_dd
-fullvar	no		no
-help		no		no
-hmmdir				
-latdir				
-latext				
-lda				
-ldadim		0		0
-lsnfn				/home/simone/Documenti/Elaborazione/project-NLP/etc/android_db_train.transcription
-lw		11.5		1.150000e+01
-maxuttlen	0		0
-meanfn				/home/simone/Documenti/Elaborazione/project-NLP/model_parameters/android_db.cd_cont_2000/means
-meanreest	yes		yes
-mixwfn				/home/simone/Documenti/Elaborazione/project-NLP/model_parameters/android_db.cd_cont_2000/mixture_weights
-mixwreest	yes		yes
-mllrmat			
-mmie		no		no
-mmie_type	rand		rand
-moddeffn			/home/simone/Documenti/Elaborazione/project-NLP/model_architecture/android_db.2000.mdef
-mwfloor	0.00001		1.000000e-05
-npart				1
-nskip				0
-outphsegdir			
-outputfullpath	no		no
-part				1
-pdumpdir			
-phsegdir			
-phsegext	phseg		phseg
-runlen		-1		-1
-sentdir			
-sentext	sent		sent
-spthresh	0.0		0.000000e+00
-svspec				
-timing		yes		no
-tmatfn				/home/simone/Documenti/Elaborazione/project-NLP/model_parameters/android_db.cd_cont_2000/transition_matrices
-tmatreest	yes		yes
-topn		4		1
-tpfloor	0.0001		1.000000e-05
-ts2cbfn			.cont.
-varfloor	0.00001		1.000000e-04
-varfn				/home/simone/Documenti/Elaborazione/project-NLP/model_parameters/android_db.cd_cont_2000/variances
-varnorm	no		no
-varreest	yes		yes
-viterbi	no		no

INFO: feat.c(715): Initializing feature stream to type: '1s_c_d_dd', ceplen=13, CMN='batch', VARNORM='no', AGC='none'
INFO: main.c(318): Reading /home/simone/Documenti/Elaborazione/project-NLP/model_architecture/android_db.2000.mdef
INFO: model_def_io.c(573): Model definition info:
INFO: model_def_io.c(574): 598 total models defined (27 base, 571 tri)
INFO: model_def_io.c(575): 2392 total states
INFO: model_def_io.c(576): 597 total tied states
INFO: model_def_io.c(577): 81 total tied CI states
INFO: model_def_io.c(578): 27 total tied transition matrices
INFO: model_def_io.c(579): 4 max state/model
INFO: model_def_io.c(580): 4 min state/model
INFO: s3mixw_io.c(117): Read /home/simone/Documenti/Elaborazione/project-NLP/model_parameters/android_db.cd_cont_2000/mixture_weights [597x1x1 array]
INFO: s3tmat_io.c(118): Read /home/simone/Documenti/Elaborazione/project-NLP/model_parameters/android_db.cd_cont_2000/transition_matrices [27x3x4 array]
INFO: mod_inv.c(301): inserting tprob floor 1.000000e-05 and renormalizing
INFO: s3gau_io.c(169): Read /home/simone/Documenti/Elaborazione/project-NLP/model_parameters/android_db.cd_cont_2000/means [597x1x1 array]
INFO: s3gau_io.c(169): Read /home/simone/Documenti/Elaborazione/project-NLP/model_parameters/android_db.cd_cont_2000/variances [597x1x1 array]
INFO: gauden.c(176): 597 total mgau
INFO: gauden.c(150): 1 feature streams (|0|=39 )
INFO: gauden.c(187): 1 total densities
INFO: gauden.c(90): min_var=1.000000e-04
INFO: gauden.c(165): compute 1 densities/frame
INFO: main.c(431): Will reestimate mixing weights.
INFO: main.c(433): Will reestimate means.
INFO: main.c(435): Will reestimate variances.
INFO: main.c(443): Will reestimate transition matrices
INFO: main.c(456): Reading main dictionary: /home/simone/Documenti/Elaborazione/project-NLP/etc/android_db.dic
INFO: lexicon.c(221): 24 entries added from /home/simone/Documenti/Elaborazione/project-NLP/etc/android_db.dic
INFO: main.c(466): Reading filler dictionary: /home/simone/Documenti/Elaborazione/project-NLP/etc/android_db.filler
INFO: lexicon.c(221): 3 entries added from /home/simone/Documenti/Elaborazione/project-NLP/etc/android_db.filler
INFO: corpus.c(1062): Will process all remaining utts starting at 0
INFO: main.c(665): Reestimation: Baum-Welch
INFO: cmn.c(133): CMN: 89.64  2.21 -0.46  5.91 -1.57  5.41 -1.05  4.40 -1.04  0.54  2.20  5.75 -0.88 
column defns
	<seq>
	<id>
	<n_frame_in>
	<n_frame_del>
	<n_state_shmm>
	<avg_states_alpha>
	<avg_states_beta>
	<avg_states_reest>
	<avg_posterior_prune>
	<frame_log_lik>
	<utt_log_lik>
	... timing info ... 
utt>     0                    file_1  440    0   180 20  2 5 3.234158e-12 -1.452835e+02 -6.392474e+04
INFO: cmn.c(133): CMN: 87.17  0.63 -7.64  4.20 -3.57  3.86  3.86  7.98  1.14 -0.48  3.61  3.34 -4.79 
utt>     1                    file_2  395    0   120 14  1 3 2.789606e-12 -1.395215e+02 -5.511098e+04
INFO: cmn.c(133): CMN: 87.50  5.32 -4.61  3.04 -9.79 -4.95 -5.72  1.35  2.60  2.02 -2.15  2.04 -1.23 
utt>     2                    file_3  373    0   108 25  2 4 3.284318e-12 -1.401470e+02 -5.227482e+04
INFO: cmn.c(133): CMN: 88.33 -0.22 -8.39  4.52 -0.33 -0.00 -2.19  4.97  0.57  2.47  5.31  5.68 -5.39 
utt>     3                    file_4  494    0   168 20  2 4 4.403808e-12 -1.420800e+02 -7.018754e+04
INFO: cmn.c(133): CMN: 89.11  2.37 -7.79  2.51 -5.79 -1.48 -2.43  6.33  2.88  0.08 -0.85 -2.42 -7.08 
utt>     4                    file_5  429    0   144 14  2 4 3.661017e-12 -1.399272e+02 -6.002875e+04
INFO: cmn.c(133): CMN: 87.59  6.91 -6.05  2.68 -5.10  0.58 -3.92  2.78  0.82  3.59  1.96 -0.08 -3.26 
utt>     5                    file_6  362    0   108 25  2 4 3.067596e-12 -1.401478e+02 -5.073349e+04
INFO: cmn.c(133): CMN: 79.36  1.55 -6.93  4.80 -1.90 -0.23 -3.75  3.25  4.98 -1.33 -4.80  1.32  0.30 
utt>     6                    file_7  939    0   180 18  1 3 2.812089e-12 -1.406127e+02 -1.320353e+05
INFO: cmn.c(133): CMN: 77.86  3.78 -5.53  8.99 -3.38 -2.62 -10.03 -2.35  7.28 -0.26 -4.29 -0.13 -1.59 
utt>     7                    file_8  916    0   168 18  1 3 2.044970e-12 -1.413759e+02 -1.295003e+05
INFO: cmn.c(133): CMN: 76.86  4.13 -7.45  5.91 -0.57 -1.99 -6.86 -1.66  4.40  0.87 -5.96 -0.51 -2.11 
utt>     8                    file_9  912    0   176 17  1 3 3.133712e-12 -1.401925e+02 -1.278556e+05
INFO: cmn.c(133): CMN: 75.95  7.15 -4.92  1.19 -8.39 -5.05 -7.88 -1.30  7.70  2.47 -4.01  0.83 -1.23 
utt>     9                   file_10  957    0   204 17  1 3 2.086869e-12 -1.414727e+02 -1.353894e+05
INFO: cmn.c(133): CMN: 82.36  9.44 -1.40  1.37 -0.27 -1.06 -10.13 -4.62 -12.22 -0.90  3.55  5.74  0.65 
utt>    10                   file_11  139    0    64 14  2 4 5.266499e-12 -1.453635e+02 -2.020553e+04
INFO: cmn.c(133): CMN: 78.29 -2.70  5.74  8.09 -12.81  8.61 -10.16 -2.78 -0.93  4.20  2.66  2.63 -0.07 
utt>    11                    file_1  178    0    76 15  2 4 3.898825e-12 -1.470976e+02 -2.618336e+04
INFO: cmn.c(133): CMN: 77.94  1.84 -4.07  4.49 -12.72 13.76 -2.11 -1.99 -0.87  7.72 -2.61 -4.72 -4.61 
utt>    12                    file_2  134    0    56 14  2 4 2.895845e-12 -1.453645e+02 -1.947885e+04
INFO: cmn.c(133): CMN: 75.35 11.59  7.29  5.53 -10.99  2.14 -10.01 -6.01 -9.74  1.10 -6.88  4.61  7.14 
utt>    13                    file_3  123    0    52 15  2 4 3.556335e-12 -1.460375e+02 -1.796261e+04
INFO: cmn.c(133): CMN: 83.04 -2.09 -6.51  8.55 -8.64  0.68 -16.11 -1.87  1.93 14.96 -9.61  0.04  3.69 
utt>    14                    file_4  156    0    72 16  2 4 3.678034e-12 -1.480901e+02 -2.310206e+04
INFO: cmn.c(133): CMN: 82.28  6.13 -8.38  7.71 -7.81  5.03 -10.88 -1.74 -1.44  4.47 -9.59 -1.63  0.79 
utt>    15                    file_5  163    0    64 14  2 4 5.434792e-12 -1.475667e+02 -2.405337e+04
INFO: cmn.c(133): CMN: 84.04  4.68 -1.38  8.44 -11.97  3.85 -8.64 -3.01 -7.79  3.11 -7.44 -2.15  3.24 
utt>    16                    file_6  153    0    60 16  2 4 3.625851e-12 -1.485778e+02 -2.273240e+04
INFO: cmn.c(133): CMN: 80.48 -1.34  0.45 10.71 -13.34 -5.84 -12.08 -0.66 -4.73 -0.36  0.30  3.70 -3.36 
utt>    17                    file_7  708    0   180 15  1 3 2.227702e-12 -1.483631e+02 -1.050411e+05
INFO: cmn.c(133): CMN: 76.44  5.76  1.33  8.76 -10.50 -5.32 -13.20 -0.25  2.54 -0.62 -2.49  7.91 -0.01 
utt>    18                    file_8  748    0   168 18  1 3 2.460814e-12 -1.463310e+02 -1.094556e+05
INFO: cmn.c(133): CMN: 77.36  4.09  1.04 11.11 -9.28 -3.13 -12.01 -2.81  0.51  2.64 -2.59 10.45 -1.10 
utt>    19                    file_9  708    0   176 16  1 3 2.608475e-12 -1.466458e+02 -1.038252e+05
INFO: cmn.c(133): CMN: 74.52  7.18  2.47  5.02 -11.80 -2.81 -12.43 -6.22 -1.41  5.32 -4.18  8.48  1.03 
utt>    20                   file_10  774    0   204 17  1 3 2.791041e-12 -1.452735e+02 -1.124417e+05
INFO: cmn.c(133): CMN: 82.56  4.63 -6.87 10.02 -4.52  8.05 -15.24 -0.69  7.30  3.20 -13.09  2.42  2.91 
utt>    21                   file_11  158    0    64 14  2 4 3.775181e-12 -1.473473e+02 -2.328087e+04
INFO: cmn.c(133): CMN: 84.85  5.46 -2.82  7.65 -0.55 -1.83 -3.22 -0.06 -4.61  4.31  0.39  1.57  0.22 
utt>    22                    file_1  160    0    76 17  2 5 4.559607e-12 -1.442328e+02 -2.307725e+04
INFO: cmn.c(133): CMN: 84.49  6.48 -3.82  1.06  0.48 -4.29 -0.24  4.17 -4.70  3.16  8.02 -0.81 -5.19 
utt>    23                    file_2  134    0    56 13  2 3 3.044180e-12 -1.445660e+02 -1.937185e+04
INFO: cmn.c(133): CMN: 85.31  6.96 -2.02  3.88 -4.00 -4.03 -10.10  1.74 -0.09 -3.14 -4.89 -2.53 -3.81 
utt>    24                    file_3  143    0    52 19  2 4 6.142452e-12 -1.422458e+02 -2.034115e+04
INFO: cmn.c(133): CMN: 90.37  2.82 -7.71  1.79 -0.28  0.97 -9.65 -5.96 -5.37  5.64  7.87 -2.34 -7.91 
utt>    25                    file_4  145    0    72 22  2 4 2.712990e-12 -1.446806e+02 -2.097869e+04
INFO: cmn.c(133): CMN: 84.87  5.98 -6.41  5.43 -0.91  2.04  0.88 -3.35 -5.56 14.16  5.61 -2.73 -1.44 
utt>    26                    file_5  153    0    64 16  2 4 3.988138e-12 -1.436362e+02 -2.197634e+04
INFO: cmn.c(133): CMN: 84.11 12.39 -1.56  7.53 -6.80 -5.82 -1.97 -2.06  1.81  5.87  2.65 -0.00 -3.98 
utt>    27                    file_6  121    0    60 20  2 4 4.527481e-12 -1.422122e+02 -1.720767e+04
INFO: cmn.c(133): CMN: 87.16  2.14 -1.59  4.71 -4.21 -14.48 -10.56  3.10 -8.86  2.63  1.25  1.54  1.98 
utt>    28                    file_7  570    0   180 20  2 4 3.016077e-12 -1.460183e+02 -8.323044e+04
INFO: cmn.c(133): CMN: 83.96  7.93 -6.39  4.41 -2.31 -9.79 -14.42 -2.05 -1.11  3.86 -0.43  0.87  2.06 
utt>    29                    file_8  788    0   168 20  1 3 3.063827e-12 -1.430307e+02 -1.127082e+05
INFO: cmn.c(133): CMN: 83.97  8.04 -6.86  4.56 -2.21 -10.32 -11.70  0.14 -0.60  6.34  1.74 -2.67  1.28 
utt>    30                    file_9  776    0   176 21  1 3 3.857645e-12 -1.446793e+02 -1.122712e+05
INFO: cmn.c(133): CMN: 78.71 10.52 -3.73  3.87 -8.10 -8.68 -7.42 -2.06 -0.90  0.83 -2.50 -2.99  1.54 
utt>    31                   file_10  947    0   204 18  1 3 3.389160e-12 -1.425222e+02 -1.349685e+05
INFO: cmn.c(133): CMN: 85.73 10.40 -5.55  5.49 -4.00  0.40 -5.86 -5.10  2.93 12.77  5.08 -2.84 -3.22 
utt>    32                   file_11  127    0    64 15  2 4 4.696936e-12 -1.404653e+02 -1.783909e+04
INFO: cmn.c(133): CMN: 88.37 -1.66  1.03  1.68 -8.49  1.66 -4.04  1.42 -9.53 -12.22 -0.09  0.45 -10.13 
utt>    33                    file_1  134    0    76 18  2 5 5.114668e-12 -1.454563e+02 -1.949114e+04
INFO: cmn.c(133): CMN: 87.77 -4.21 -4.24  1.57 -14.63  5.76  0.07  4.23 -10.00 -0.92  6.08 -5.76 -9.77 
utt>    34                    file_2  134    0    56 13  2 3 3.915168e-12 -1.435205e+02 -1.923175e+04
INFO: cmn.c(133): CMN: 87.57  2.35  2.24  4.75 -13.79 -3.89 -12.71  1.85 -5.67 -11.28 -2.46  1.82 -0.66 
utt>    35                    file_3  132    0    52 16  2 3 3.557049e-12 -1.447225e+02 -1.910337e+04
INFO: cmn.c(133): CMN: 90.41 -5.74 -4.04  8.78 -3.20  2.39 -6.55 -1.14 -5.58 -6.31  1.52  4.40 -10.14 
utt>    36                    file_4  146    0    72 15  2 4 1.560411e-12 -1.469758e+02 -2.145846e+04
INFO: cmn.c(133): CMN: 91.01 -1.26 -7.67  3.97 -11.43  1.80 -1.92  6.69 -2.94 -2.79  0.70 -0.76 -12.67 
utt>    37                    file_5  142    0    64 14  2 4 4.968626e-12 -1.443810e+02 -2.050211e+04
INFO: cmn.c(133): CMN: 88.61  2.46  1.53 10.24 -12.82  3.62 -3.36  5.00 -5.06 -6.62 -3.51  2.31 -4.27 
utt>    38                    file_6  129    0    60 19  2 4 3.479109e-12 -1.467268e+02 -1.892775e+04
INFO: cmn.c(133): CMN: 85.32 -4.20 -0.39 12.79 -7.80 -5.70 -12.58  2.41 -2.52 -6.75 -2.00  1.41 -5.58 
utt>    39                    file_7  710    0   180 16  2 3 3.545933e-12 -1.440206e+02 -1.022546e+05
INFO: cmn.c(133): CMN: 82.42 -0.36 -0.22 13.67 -8.54 -7.24 -9.55  1.00 -4.83 -6.25 -4.61 -1.75 -1.83 
utt>    40                    file_8  717    0   168 18  2 3 3.713662e-12 -1.435845e+02 -1.029501e+05
INFO: cmn.c(133): CMN: 81.47  0.12 -1.15 13.72 -6.39 -6.95 -6.54  3.37 -4.03 -5.68 -2.62 -3.45  2.79 
utt>    41                    file_9  716    0   176 17  1 3 3.362774e-12 -1.447617e+02 -1.036493e+05
INFO: cmn.c(133): CMN: 82.03  3.20  1.07  4.55 -14.71 -4.46 -7.94  3.02 -4.55 -3.75 -5.00  1.12 -0.30 
utt>    42                   file_10  734    0   204 16  1 3 2.349048e-12 -1.446738e+02 -1.061906e+05
INFO: cmn.c(133): CMN: 88.95  2.30 -3.19  6.88 -6.58  3.89 -11.16  1.26  0.35  2.96 -1.07  2.06 -10.49 
utt>    43                   file_11  125    0    64 17  2 5 4.766458e-12 -1.446607e+02 -1.808259e+04
INFO: cmn.c(133): CMN: 79.85  4.84 -1.56  2.42 -5.91  8.50 -5.36 -0.86  0.85 -3.07 -7.03  4.34 -1.66 
utt>    44                    file_1  137    0    76 17  2 5 5.313649e-12 -1.471439e+02 -2.015871e+04
INFO: cmn.c(133): CMN: 81.49  6.90 -4.33  1.98 -14.52  4.33 -6.37  3.16  3.09 -3.45  1.00 -2.07 -5.35 
utt>    45                    file_2  110    0    56 14  2 4 2.473871e-12 -1.447684e+02 -1.592452e+04
INFO: cmn.c(133): CMN: 80.50  9.57  0.78  3.57 -12.34  5.45 -10.37 -0.14 -4.48 -3.63  2.89  4.51 -2.83 
utt>    46                    file_3  106    0    52 16  2 4 2.880729e-12 -1.466416e+02 -1.554401e+04
INFO: cmn.c(133): CMN: 82.96  1.75 -0.45 11.48 -10.36  8.92 -13.39 -1.40 -7.33 -0.05  2.10 -6.98  2.80 
utt>    47                    file_4  123    0    72 18  2 5 7.018791e-12 -1.485434e+02 -1.827084e+04
INFO: cmn.c(133): CMN: 83.11  9.89 -7.01  5.23 -5.47  8.56 -16.47  1.30 -3.63 -1.85  4.64 -5.61 -2.09 
utt>    48                    file_5  117    0    64 14  2 4 6.356418e-12 -1.438358e+02 -1.682879e+04
INFO: cmn.c(133): CMN: 83.32 11.49 -0.82  8.41 -10.60 12.28 -6.42  0.02 -3.87 -12.18 -0.58 -4.94  0.66 
utt>    49                    file_6  100    0    60 21  3 6 7.240125e-12 -1.455581e+02 -1.455581e+04
INFO: cmn.c(133): CMN: 80.69  1.31 -5.60  4.46 -13.93 -4.75 -10.84  2.53  2.65  1.45 -0.37 -8.49  4.92 
utt>    50                    file_7  784    0   180 17  1 3 2.631370e-12 -1.440761e+02 -1.129556e+05
INFO: cmn.c(133): CMN: 78.16  7.31 -4.06  2.21 -11.63  0.97 -10.38 -0.02 -3.25  5.20 -1.94 -5.44  5.96 
utt>    51                    file_8  775    0   168 19  1 3 3.275438e-12 -1.434762e+02 -1.111941e+05
INFO: cmn.c(133): CMN: 76.22  6.43 -5.03 -0.44 -10.89  3.26 -7.91 -1.54 -1.43  5.03  2.73 -6.94  1.95 
utt>    52                    file_9  810    0   176 18  1 3 2.378713e-12 -1.431316e+02 -1.159366e+05
INFO: cmn.c(133): CMN: 76.42  8.83 -4.24  0.47 -17.11 -5.38 -5.46 -1.35 -3.79  2.78  0.11 -0.91  5.10 
utt>    53                   file_10  845    0   204 18  1 3 2.863590e-12 -1.429756e+02 -1.208144e+05
INFO: cmn.c(133): CMN: 83.01  5.07 -4.26  7.96 -12.13  6.03 -16.53  2.20  0.54  2.02  2.88 -5.06 -5.16 
utt>    54                   file_11  109    0    64 15  2 4 4.615148e-12 -1.449634e+02 -1.580101e+04
INFO: cmn.c(133): CMN: 86.71 -0.09 -6.48  8.21 -3.23  3.37 -10.57 -0.32 -0.01  4.00 -1.29  5.21  8.60 
utt>    55                    file_1  165    0    76 17  2 4 3.604829e-12 -1.431709e+02 -2.362319e+04
INFO: cmn.c(133): CMN: 87.49  1.96 -9.66  6.61 -4.63  1.26 -9.33 -1.49 -2.21  1.82 -3.63 -0.49  7.46 
utt>    56                    file_2  120    0    56 15  2 4 4.072502e-12 -1.449709e+02 -1.739651e+04
INFO: cmn.c(133): CMN: 89.58  3.87 -1.94  4.97 -9.99  0.37 -9.96 -6.60 -8.79  3.92 -1.09  4.36  1.96 
utt>    57                    file_3  114    0    52 17  3 6 2.907181e-12 -1.456440e+02 -1.660342e+04
INFO: cmn.c(133): CMN: 89.37 -2.67 -3.46  7.76 -8.25 -3.62 -16.62 -3.97 -3.46 -2.54 -3.62 -3.31  6.53 
utt>    58                    file_4  148    0    72 19  3 5 4.754438e-12 -1.490534e+02 -2.205991e+04
INFO: cmn.c(133): CMN: 90.80  2.84 -10.22  4.23 -6.86 -7.76 -16.13  2.33 -3.60  0.56 -3.90 -6.42  3.19 
utt>    59                    file_5  127    0    64 15  2 5 4.339870e-12 -1.447744e+02 -1.838634e+04
INFO: cmn.c(133): CMN: 89.87  2.54 -4.74  7.51 -13.20  2.71 -14.18  0.20 -5.59  3.82  0.45  2.38  6.29 
utt>    60                    file_6  121    0    60 22  2 5 6.868552e-12 -1.435692e+02 -1.737187e+04
INFO: cmn.c(133): CMN: 89.88 -4.37 -4.95  9.37 -7.17 -6.23 -9.89  1.99 -2.10 -0.55  1.71  7.97  3.53 
utt>    61                    file_7  608    0   180 20  2 4 3.959570e-12 -1.448670e+02 -8.807913e+04
INFO: cmn.c(133): CMN: 86.36 -0.49 -3.91  9.01 -5.55 -3.93 -8.65  3.71 -1.31  1.35  4.81  8.58  4.58 
utt>    62                    file_8  620    0   168 22  2 4 4.588527e-12 -1.450528e+02 -8.993273e+04
INFO: cmn.c(133): CMN: 88.58 -1.13 -5.40  8.75 -8.22 -4.77 -11.25  0.30 -0.61  0.07  2.27  6.46  2.07 
utt>    63                    file_9  607    0   176 20  2 4 3.223022e-12 -1.460025e+02 -8.862354e+04
INFO: cmn.c(133): CMN: 86.87  2.67 -6.41  2.61 -6.43 -0.21 -9.33 -1.11 -3.26  0.29  5.25  6.95  3.94 
utt>    64                   file_10  603    0   204 21  2 4 3.495891e-12 -1.464062e+02 -8.828291e+04
INFO: cmn.c(133): CMN: 90.90 -2.05 -10.18  2.85 -2.96 -0.11 -10.79  5.82  6.91  6.23 -3.02 11.82 10.37 
utt>    65                   file_11  130    0    64 21  2 5 5.152298e-12 -1.425891e+02 -1.853658e+04
INFO: cmn.c(133): CMN: 83.51  2.64 -3.02  7.12 -1.22  3.91 -5.41 -7.11  5.84  4.15 -5.67 -4.27 -0.47 
utt>    66                    file_1  149    0    76 16  2 5 4.544918e-12 -1.444744e+02 -2.152669e+04
INFO: cmn.c(133): CMN: 83.69  3.57 -6.41  3.09 -8.96  3.96 -1.00 -0.22  1.14  5.54 -2.70 -1.75 -0.15 
utt>    67                    file_2  112    0    56 14  2 4 3.596694e-12 -1.456454e+02 -1.631228e+04
INFO: cmn.c(133): CMN: 85.50  4.87 -5.19  4.77 -11.15 -0.01 -1.58 -3.56 -5.52  3.83  0.33  9.99 11.14 
utt>    68                    file_3  109    0    52 16  2 5 3.933698e-12 -1.479727e+02 -1.612903e+04
INFO: cmn.c(133): CMN: 86.89 -1.63 -7.13  6.36 -7.86  4.29 -6.28 -4.74  3.44  6.78 -3.03 -0.23  6.30 
utt>    69                    file_4  138    0    72 16  2 4 5.115402e-12 -1.490931e+02 -2.057485e+04
INFO: cmn.c(133): CMN: 86.58  3.26 -10.22  5.80 -7.04  1.62 -8.59 -1.32  1.12  8.12 -6.65 -1.74  7.68 
utt>    70                    file_5  124    0    64 14  2 4 6.337685e-12 -1.448737e+02 -1.796434e+04
INFO: cmn.c(133): CMN: 87.14  7.14 -6.96  7.28 -6.89  2.77 -2.37 -2.52 -6.11  3.17  2.25  3.31  6.54 
utt>    71                    file_6  105    0    60 19  3 5 4.753414e-12 -1.460936e+02 -1.533982e+04
INFO: cmn.c(133): CMN: 88.89 -1.76 -7.34  2.44 -6.45 -3.99 -6.40  1.86  7.94  9.29 -1.56  1.50  4.02 
utt>    72                    file_7  538    0   180 20  2 4 3.820158e-12 -1.471137e+02 -7.914716e+04
INFO: cmn.c(133): CMN: 88.51  0.95 -8.57  1.69 -3.32 -0.25 -10.32 -5.22  5.79  8.75 -1.86  1.91 11.35 
utt>    73                    file_8  518    0   168 24  2 4 3.818415e-12 -1.475893e+02 -7.645126e+04
INFO: cmn.c(133): CMN: 89.59 -1.58 -9.10  2.96 -4.67  0.52 -8.28 -5.70  3.85 10.63 -2.38  0.41 11.30 
utt>    74                    file_9  484    0   176 24  2 4 3.620728e-12 -1.500012e+02 -7.260057e+04
INFO: cmn.c(133): CMN: 87.62  0.71 -6.33 -1.42 -8.91  0.83 -8.64 -3.12 -0.07  4.83 -3.27 -0.07  6.74 
utt>    75                   file_10  511    0   204 21  2 4 4.837096e-12 -1.490429e+02 -7.616092e+04
INFO: cmn.c(133): CMN: 89.76  2.94 -7.73  4.57 -0.82  1.57 -13.21 -9.99  3.46 12.81  0.98 -3.35 10.37 
utt>    76                   file_11  120    0    64 17  2 5 7.321803e-12 -1.438244e+02 -1.725892e+04
INFO: cmn.c(133): CMN: 81.27  1.44 -2.49 -0.32  2.73  4.38 -4.88 -1.72 -2.33  4.76  0.57 -3.63  0.49 
utt>    77                    file_1  130    0    76 22  3 6 4.330408e-12 -1.426053e+02 -1.853869e+04
INFO: cmn.c(133): CMN: 84.91  3.99 -7.51  2.14 -0.34 -2.55 -8.81 -2.19 -4.74  3.49  6.93  5.05 -0.91 
utt>    78                    file_2  116    0    56 14  2 4 5.124434e-12 -1.432665e+02 -1.661891e+04
INFO: cmn.c(133): CMN: 78.27 12.30 -3.05  4.59  0.95 -0.90 -7.58 -2.76 -3.53 -3.47  0.19  4.45  2.40 
utt>    79                    file_3  123    0    52 17  2 5 2.763150e-12 -1.417269e+02 -1.743241e+04
INFO: cmn.c(133): CMN: 84.56  0.03 -8.51  8.37  0.19  0.90 -3.73 -7.29 -6.54  1.86  3.49  0.80 -3.63 
utt>    80                    file_4  132    0    72 23  3 6 5.475079e-12 -1.460156e+02 -1.927406e+04
INFO: cmn.c(133): CMN: 83.88 13.40 -9.18  1.33 -3.19 -0.75 -1.94 -3.55 -2.73  3.34  3.50  3.55 -1.73 
utt>    81                    file_5  102    0    64 19  2 5 5.488189e-12 -1.455081e+02 -1.484182e+04
INFO: cmn.c(133): CMN: 77.21 13.52 -2.91  3.00 -0.65  2.29 -1.77  3.44 -1.79 -5.32 -4.60  2.60  1.13 
utt>    82                    file_6  115    0    60 26  2 5 5.378363e-12 -1.431464e+02 -1.646183e+04
INFO: cmn.c(133): CMN: 79.50  4.44 -3.80  3.06  2.74 -5.11 -9.87 -1.90  0.90  3.15 -0.52  1.24 -0.04 
utt>    83                    file_7  738    0   180 17  2 3 2.669823e-12 -1.414746e+02 -1.044083e+05
INFO: cmn.c(133): CMN: 75.54  9.27 -2.09 -0.96 -0.36 -3.66 -4.73 -2.04  0.58  2.51  0.06  1.04 -0.45 
utt>    84                    file_8  815    0   168 19  1 3 2.745238e-12 -1.415734e+02 -1.153823e+05
INFO: cmn.c(133): CMN: 75.17  8.56 -2.60 -0.72 -1.57 -2.91 -4.36 -0.74  2.88  2.88  0.79  1.89  0.54 
utt>    85                    file_9  815    0   176 19  2 3 3.025915e-12 -1.417002e+02 -1.154856e+05
INFO: cmn.c(133): CMN: 76.21 10.47 -3.59 -3.25 -5.42 -4.69 -7.09 -1.73 -1.86 -2.78  0.69  4.35  3.86 
utt>    86                   file_10  809    0   204 18  1 3 3.499287e-12 -1.417200e+02 -1.146515e+05
INFO: cmn.c(133): CMN: 81.44 13.10 -5.79  0.38  1.91 -0.99 -2.01 -2.81 -0.57  0.43  0.58  5.94  2.87 
utt>    87                   file_11  105    0    64 18  2 5 6.065882e-12 -1.417051e+02 -1.487904e+04
INFO: cmn.c(133): CMN: 75.57  2.26 -3.30  5.05  1.55  8.11 -2.00  2.01  6.35  7.40  2.13 -0.47 -2.16 
utt>    88                    file_1  139    0    76 16  2 4 4.784525e-12 -1.436179e+02 -1.996289e+04
INFO: cmn.c(133): CMN: 76.28  5.93 -5.93  2.24 -7.71  3.37 -0.45  0.66  5.18 10.36 11.58  2.74 -2.21 
utt>    89                    file_2  103    0    56 17  2 5 3.469434e-12 -1.473043e+02 -1.517234e+04
INFO: cmn.c(133): CMN: 72.93  7.47 -1.38  8.44 -1.14  5.50 -1.89  2.09  4.41 -3.44  3.61 -1.26 -1.38 
utt>    90                    file_3  115    0    52 17  2 4 4.731496e-12 -1.407811e+02 -1.618983e+04
INFO: cmn.c(133): CMN: 77.59 -1.21 -7.64 10.71 -2.79  1.08 -9.90 -0.36  6.85  6.97  4.94 -2.04 -2.65 
utt>    91                    file_4  143    0    72 22  2 5 4.788288e-12 -1.450894e+02 -2.074778e+04
INFO: cmn.c(133): CMN: 78.22  7.66 -10.51  9.89 -4.23 -2.47 -13.78  2.00  9.31 11.74  7.13 -6.62  0.60 
utt>    92                    file_5  108    0    64 23  2 5 6.088761e-12 -1.458647e+02 -1.575339e+04
INFO: cmn.c(133): CMN: 79.22 11.13 -2.28  9.86 -10.92  0.65 -0.16  3.61 10.19  1.57  4.75 -1.03 -1.18 
utt>    93                    file_6  101    0    60 23  3 6 3.444008e-12 -1.460687e+02 -1.475294e+04
INFO: cmn.c(133): CMN: 75.48  1.08 -1.24  9.05 -3.11 -0.75 -9.60  3.67  3.89  2.15  2.60 -4.92  2.15 
utt>    94                    file_7  775    0   180 24  2 3 2.683707e-12 -1.423551e+02 -1.103252e+05
INFO: cmn.c(133): CMN: 72.15  7.17  0.57  5.17 -6.68 -0.20 -6.85 -0.97  4.87  8.88  0.24 -1.98  7.06 
utt>    95                    file_8  710    0   168 21  2 3 3.315811e-12 -1.400944e+02 -9.946704e+04
INFO: cmn.c(133): CMN: 73.33  5.34 -0.02  7.74 -7.13  0.39 -7.70 -0.08  3.72  7.14  3.36 -0.45  7.99 
utt>    96                    file_9  688    0   176 21  2 4 3.426583e-12 -1.416611e+02 -9.746285e+04
INFO: cmn.c(133): CMN: 72.26  6.73  1.48  3.79 -10.83  1.75 -2.97  3.17  3.91  7.72  2.10  1.19  4.13 
utt>    97                   file_10  774    0   204 19  1 3 3.028279e-12 -1.403705e+02 -1.086467e+05
INFO: cmn.c(133): CMN: 84.74  4.68 -2.49  7.88 -6.44  3.58 -10.96 -3.42  4.19  6.03  3.21 -4.46  5.04 
utt>    98                   file_11  106    0    64 18  2 5 4.279508e-12 -1.415917e+02 -1.500872e+04
INFO: cmn.c(133): CMN: 86.53  1.66  0.01 13.18  0.87  6.81  0.16 -4.11 -12.27 -11.14 -2.33  0.94 -6.66 
utt>    99                    file_1  379    0   180 18  2 4 3.331659e-12 -1.428112e+02 -5.412543e+04
INFO: cmn.c(133): CMN: 80.95  3.30 -5.10  9.96 -3.76  1.87  3.62 -0.30 -5.38 -2.42  1.31  3.71 -6.11 
utt>   100                    file_2  370    0   120 12  1 3 2.532275e-12 -1.399680e+02 -5.178818e+04
INFO: cmn.c(133): CMN: 83.50  6.77  0.09  1.33 -7.08 -6.83 -2.25  0.09 -4.28 -4.35 -6.17 -5.92  1.34 
utt>   101                    file_3  352    0   108 21  2 4 2.725373e-12 -1.402567e+02 -4.937037e+04
INFO: cmn.c(133): CMN: 87.23 -1.27 -5.64  8.68  1.57  2.50 -5.40 -6.16  0.26 -0.13  0.63  3.27 -2.60 
utt>   102                    file_4  420    0   168 19  2 4 4.017310e-12 -1.413032e+02 -5.934736e+04
INFO: cmn.c(133): CMN: 86.99  1.76 -10.61  3.16 -3.35 -1.18 -4.77 -5.18 -4.99 -2.98 -1.56 -0.80 -9.64 
utt>   103                    file_5  402    0   144 15  2 4 3.073771e-12 -1.377405e+02 -5.537170e+04
INFO: cmn.c(133): CMN: 83.42  5.81 -5.51  3.54 -1.97  0.88 -1.34 -3.20 -12.53 -7.94 -3.43 -2.69 -3.08 
utt>   104                    file_6  350    0   108 21  2 4 3.474547e-12 -1.378696e+02 -4.825434e+04
INFO: cmn.c(133): CMN: 88.35 -1.78 -5.63  7.24  1.29 -2.43 -11.24 -1.85 -1.97 -4.82  0.61  0.62 -4.45 
utt>   105                    file_7  713    0   180 18  2 3 3.258276e-12 -1.427010e+02 -1.017458e+05
INFO: cmn.c(133): CMN: 86.19  1.60 -5.11  7.80 -0.77  0.92 -10.07 -5.33 -2.69 -4.43  2.42 -0.32 -4.21 
utt>   106                    file_8  735    0   168 21  1 3 2.033269e-12 -1.428215e+02 -1.049738e+05
INFO: cmn.c(133): CMN: 86.33  3.20 -8.38  3.80 -3.18  0.30 -8.05 -4.98 -5.20 -6.08  0.13  0.11 -4.65 
utt>   107                    file_9  754    0   176 19  2 3 3.196909e-12 -1.439647e+02 -1.085494e+05
INFO: cmn.c(133): CMN: 87.14  6.31 -5.68 -0.06 -8.14 -0.61 -6.36 -2.39 -4.75 -1.94  3.30  3.32  2.71 
utt>   108                   file_10  766    0   204 19  1 3 2.995062e-12 -1.439253e+02 -1.102468e+05
INFO: cmn.c(133): CMN: 91.00  1.93 -6.72  3.49 -5.38  4.03 -4.08 -4.91 -6.67 -2.86  2.57 -1.35 -6.86 
utt>   109                   file_11  138    0    64 17  2 5 6.088938e-12 -1.409376e+02 -1.944939e+04
INFO: cmn.c(133): CMN: 83.36  2.21 -2.33  6.22  3.26 11.28  2.84  2.87  0.82  0.35 -2.49  4.67  2.65 
utt>   110                    file_1  134    0    76 19  2 5 4.689331e-12 -1.497938e+02 -2.007237e+04
INFO: cmn.c(133): CMN: 82.19  8.35 -5.65  8.25 -6.27  9.00  3.39  0.46 -4.20  5.53 -1.54 -1.26  5.75 
utt>   111                    file_2  110    0    56 15  2 4 5.728124e-12 -1.450761e+02 -1.595837e+04
INFO: cmn.c(133): CMN: 81.14 13.41 -2.55  3.68 -6.83 -1.67 -2.85  8.45  0.05  4.78 -1.08  5.74  2.74 
utt>   112                    file_3  120    0    52 16  2 3 2.273008e-12 -1.471608e+02 -1.765929e+04
INFO: cmn.c(133): CMN: 82.91  2.19 -4.94 11.51 -1.90  1.73 -5.58  7.06 -2.06  3.10 -0.70  3.56  8.56 
utt>   113                    file_4  149    0    72 18  2 5 4.759491e-12 -1.481463e+02 -2.207380e+04
INFO: cmn.c(133): CMN: 85.58  5.68 -7.87 10.86 -6.57  0.61 -2.25  3.79 -8.81  4.50 -4.27  0.14  6.04 
utt>   114                    file_5  137    0    64 16  2 4 4.223500e-12 -1.447158e+02 -1.982607e+04
INFO: cmn.c(133): CMN: 82.12 13.66 -0.67  9.51 -4.61  6.23  2.07 13.01 -1.66  6.01 -0.28 -3.35 -0.91 
utt>   115                    file_6  109    0    60 26  3 7 6.599915e-12 -1.458500e+02 -1.589765e+04
INFO: cmn.c(133): CMN: 87.16  1.24 -2.29 12.28 -6.73 -3.86  4.80  9.93  0.55  7.43  0.78  1.35  0.97 
utt>   116                    file_7  625    0   180 20  2 4 4.722299e-12 -1.462884e+02 -9.143023e+04
INFO: cmn.c(133): CMN: 83.81  6.16 -2.53 12.65 -5.50 -5.98  1.58  5.63 -1.31 -0.73 -6.38  0.95  1.91 
utt>   117                    file_8  516    0   168 22  2 4 3.953070e-12 -1.466020e+02 -7.564664e+04
INFO: cmn.c(133): CMN: 81.37  6.63 -1.23 12.72 -6.90 -2.67 -0.01  8.10 -1.97 -0.22 -5.10  1.69  5.08 
utt>   118                    file_9  643    0   176 18  2 3 3.375068e-12 -1.444927e+02 -9.290881e+04
INFO: cmn.c(133): CMN: 81.82  8.06 -2.12  1.31 -12.94 -0.58  2.72  8.55 -3.12  0.90 -3.91  3.11  3.29 
utt>   119                   file_10  662    0   204 20  2 3 3.000276e-12 -1.451716e+02 -9.610359e+04
INFO: cmn.c(133): CMN: 81.49  7.02 -5.73 10.22 -0.66  7.41  3.84 13.96 12.06  2.87 -10.31 -3.43  4.50 
utt>   120                   file_11  138    0    64 17  2 5 4.731139e-12 -1.437038e+02 -1.983113e+04
INFO: cmn.c(133): CMN: 85.07  3.05 -6.21  8.41 -8.76 -2.63 -0.41 -8.26 -14.27 -1.68  3.56  1.10 -7.52 
utt>   121                    file_1  131    0    76 20  2 5 5.707140e-12 -1.470131e+02 -1.925872e+04
INFO: cmn.c(133): CMN: 80.76  6.96 -11.25 12.18 -9.42 -4.08  5.66 -2.00 -13.83 -1.83  2.94  3.36 -4.53 
utt>   122                    file_2  124    0    56 16  2 4 2.858295e-12 -1.414021e+02 -1.753386e+04
INFO: cmn.c(133): CMN: 82.98 10.90 -7.82 11.71 -14.07 -14.46  0.34 -7.00 -17.11 -2.41 -4.73 -1.89  2.77 
utt>   123                    file_3  107    0    52 19  2 4 7.403928e-12 -1.422982e+02 -1.522591e+04
INFO: cmn.c(133): CMN: 87.46  3.64 -13.02 12.43 -8.47 -7.07 -4.14 -11.66 -12.80  1.95  2.97  3.22 -5.93 
utt>   124                    file_4  122    0    72 25  2 5 4.504791e-12 -1.456119e+02 -1.776465e+04
INFO: cmn.c(133): CMN: 89.36  0.68 -14.07  9.22 -10.74 -7.52 -4.23 -11.39 -5.93  4.39  5.34  5.39 -10.21 
utt>   125                    file_5  110    0    64 18  2 5 5.334769e-12 -1.394767e+02 -1.534243e+04
INFO: cmn.c(133): CMN: 79.02  9.87 -7.20 12.36 -5.70 -4.51  1.88  0.92 -10.54 -5.82  1.23 -0.19 -4.16 
utt>   126                    file_6  129    0    60 22  2 5 3.346866e-12 -1.392660e+02 -1.796532e+04
INFO: cmn.c(133): CMN: 80.92  1.36 -8.08 15.59 -5.19 -9.39 -3.64 -6.86 -3.15  0.73 -2.71  5.25  2.43 
utt>   127                    file_7  650    0   180 17  2 3 3.569260e-12 -1.419555e+02 -9.227106e+04
INFO: cmn.c(133): CMN: 79.81  5.80 -8.68 14.46 -3.58 -8.29 -4.10 -8.59 -7.13  2.51 -3.61  1.52  3.77 
utt>   128                    file_8  595    0   168 19  2 4 3.033069e-12 -1.415447e+02 -8.421907e+04
INFO: cmn.c(133): CMN: 80.53  5.08 -8.65 14.14 -8.34 -8.56 -1.59 -8.30 -7.41  0.46 -2.31  3.27  2.60 
utt>   129                    file_9  687    0   176 18  2 3 3.286987e-12 -1.401308e+02 -9.626984e+04
INFO: cmn.c(133): CMN: 80.94  8.83 -9.40  6.05 -13.28 -10.33 -0.97 -2.84 -13.69  0.92  1.11  2.39  5.05 
utt>   130                   file_10  612    0   204 18  2 4 3.051685e-12 -1.428334e+02 -8.741402e+04
INFO: cmn.c(133): CMN: 82.92  9.61 -12.27 10.88 -8.75 -4.75 -3.04 -8.22 -6.28  3.92  4.50 -1.06 -5.80 
utt>   131                   file_11  132    0    64 20  3 6 4.144968e-12 -1.400245e+02 -1.848323e+04
INFO: cmn.c(133): CMN: 88.81  1.13 -2.64  3.99 -10.10 -6.35 -15.99 -3.59 -3.88 -0.91 -0.62 -3.02  6.85 
utt>   132                    file_1  300    0   180 21  2 4 5.731531e-12 -1.490634e+02 -4.471902e+04
INFO: cmn.c(133): CMN: 86.62  4.19 -4.78 -2.74 -8.62  0.70 -6.69 -0.90 -4.33  5.54 -5.23 -4.41  4.25 
utt>   133                    file_2  224    0   120 16  2 4 4.436595e-12 -1.450652e+02 -3.249460e+04
INFO: cmn.c(133): CMN: 87.27  6.08 -8.75 -0.44 -17.78 -8.99 -10.54  3.17 -7.71  2.15  1.31  1.60  7.76 
utt>   134                    file_3  230    0   108 18  2 4 3.997395e-12 -1.469021e+02 -3.378748e+04
INFO: cmn.c(133): CMN: 89.15  0.80 -5.29  4.94 -9.15 -9.08 -19.10  0.87  0.05 12.37 -5.17 -2.19 12.05 
utt>   135                    file_4  306    0   168 20  2 5 5.234377e-12 -1.472466e+02 -4.505747e+04
INFO: cmn.c(133): CMN: 89.58  2.93 -11.72  1.30 -10.97 -7.07 -14.87 -0.34 -3.47 10.32 -5.22  2.02 10.52 
utt>   136                    file_5  268    0   144 18  2 5 5.597815e-12 -1.452593e+02 -3.892949e+04
INFO: cmn.c(133): CMN: 85.26  7.26 -6.25 -0.63 -13.22  0.07 -14.95  0.70 -4.27  3.79 -0.39  3.53 -2.87 
utt>   137                    file_6  239    0   108 23  2 5 5.135396e-12 -1.455835e+02 -3.479446e+04
INFO: cmn.c(133): CMN: 84.56 -0.22 -5.73  1.52 -12.87 -9.39 -9.52  8.44  5.79  0.53 -3.53  1.63 -0.49 
utt>   138                    file_7  723    0   180 17  1 3 1.928435e-12 -1.444017e+02 -1.044024e+05
INFO: cmn.c(133): CMN: 80.96  6.18 -9.75 -2.96 -9.27 -7.08 -11.07  7.12 11.09  4.37 -4.55  2.94  2.87 
utt>   139                    file_8  755    0   168 19  1 3 2.356673e-12 -1.422391e+02 -1.073905e+05
INFO: cmn.c(133): CMN: 82.23  6.26 -9.76 -1.27 -8.20 -4.05 -9.83  8.31  9.62  5.67 -1.54  3.80  4.20 
utt>   140                    file_9  700    0   176 18  1 3 2.430916e-12 -1.432003e+02 -1.002402e+05
INFO: cmn.c(133): CMN: 81.34  6.82 -7.14 -7.65 -14.04 -3.26 -7.55  2.41  0.75  4.74  1.22 -0.20  5.66 
utt>   141                   file_10  765    0   204 18  1 3 2.695591e-12 -1.441979e+02 -1.103114e+05
INFO: cmn.c(133): CMN: 84.38  9.36 -9.02 -2.01 -7.37 -2.68 -15.42  3.14  0.72  7.10  1.75 -2.88  0.33 
utt>   142                   file_11  252    0   112 18  2 4 4.306556e-12 -1.445733e+02 -3.643246e+04
INFO: cmn.c(133): CMN: 85.80  1.97 -0.34  6.14  1.21 -8.84 -6.76 -4.55 -2.79  7.04  9.86 -2.79  8.19 
utt>   143                    file_1  401    0   180 19  2 5 3.805763e-12 -1.441669e+02 -5.781092e+04
INFO: cmn.c(133): CMN: 84.77  4.42 -8.03  4.98 -2.82 -0.99  0.25  0.64 -3.43  5.86 -1.02 -10.17  2.62 
utt>   144                    file_2  331    0   120 13  2 3 3.645669e-12 -1.441086e+02 -4.769994e+04
INFO: cmn.c(133): CMN: 85.19 12.18 -5.60  3.98 -6.23 -5.41 -3.88 -0.32 -7.46 -2.97  2.60  5.12  6.53 
utt>   145                    file_3  288    0   108 19  2 4 5.883352e-12 -1.406803e+02 -4.051592e+04
INFO: cmn.c(133): CMN: 89.74 -0.91 -7.31  5.70 -0.45 -15.02 -13.64  3.92  0.75  4.38  2.80 -1.88  4.46 
utt>   146                    file_4  400    0   168 19  2 4 5.715651e-12 -1.436648e+02 -5.746592e+04
INFO: cmn.c(133): CMN: 86.42  4.88 -9.13  2.45 -0.28 -5.18 -7.28  3.73  0.05  1.18 -0.36 -4.25  0.37 
utt>   147                    file_5  395    0   144 14  2 4 5.411973e-12 -1.404268e+02 -5.546858e+04
INFO: cmn.c(133): CMN: 83.37  5.57 -3.24  1.21  0.35 -2.09 -3.78  2.14  1.48  1.72 -0.07  3.25  4.59 
utt>   148                    file_6  360    0   108 23  2 3 3.137583e-12 -1.403682e+02 -5.053254e+04
INFO: cmn.c(133): CMN: 80.18 -0.45 -3.86  7.12 -1.48 -11.25 -6.60  3.34  1.37  5.15  8.12  6.65  3.64 
utt>   149                    file_7  903    0   180 18  2 3 2.953177e-12 -1.399644e+02 -1.263878e+05
INFO: cmn.c(133): CMN: 78.22  3.06 -4.53  5.12 -0.34 -7.43 -8.83  2.20 -2.22  3.00  2.00  3.12  4.65 
utt>   150                    file_8  956    0   168 18  1 3 2.344735e-12 -1.401783e+02 -1.340105e+05
INFO: cmn.c(133): CMN: 78.24  4.64 -4.27  4.69  0.69 -8.08 -2.63  2.91  1.67  2.51  4.30  4.16  5.53 
utt>   151                    file_9  987    0   176 20  1 3 2.399977e-12 -1.403527e+02 -1.385281e+05
INFO: cmn.c(133): CMN: 78.98  5.43 -4.46  0.54 -2.33 -5.66 -4.13  1.29  2.38  5.02  7.12  3.13  5.40 
utt>   152                   file_10  948    0   204 19  1 3 2.453714e-12 -1.404379e+02 -1.331351e+05
INFO: cmn.c(133): CMN: 80.60  7.77 -5.21  3.37  3.22 -3.45 -3.41 -0.67  4.55  4.93  3.75  2.43  4.36 
utt>   153                   file_11  338    0   112 19  2 4 2.806842e-12 -1.403161e+02 -4.742685e+04
INFO: cmn.c(133): CMN: 87.69  1.08  3.80  4.84 -4.19  0.28 -5.78 -7.00 -2.29 -1.26 -0.30  6.21 -2.83 
utt>   154                    file_1  320    0   180 20  2 5 6.735430e-12 -1.448807e+02 -4.636181e+04
INFO: cmn.c(133): CMN: 81.90  4.05 -0.40  5.93 -4.22  2.35 -0.49  0.27  1.38  0.94  4.37  1.89 -2.12 
utt>   155                    file_2  346    0   120 15  2 3 3.133502e-12 -1.425375e+02 -4.931797e+04
INFO: cmn.c(133): CMN: 78.82  7.87 -1.95  4.38 -5.03 -1.06 -4.96 -1.23 -2.62 -2.56 -0.10  6.09  4.13 
utt>   156                    file_3  341    0   108 18  2 4 3.786065e-12 -1.385131e+02 -4.723295e+04
INFO: cmn.c(133): CMN: 86.16  1.21 -3.48 11.26 -0.88 -2.24 -8.77 -6.66 -0.40 -0.61  3.80  1.90  0.59 
utt>   157                    file_4  405    0   168 17  2 4 4.192375e-12 -1.437398e+02 -5.821463e+04
INFO: cmn.c(133): CMN: 86.10  6.98 -5.00  3.30 -7.06 -3.48 -9.40 -2.95  1.88  3.16  2.60 -0.08 -3.67 
utt>   158                    file_5  368    0   144 15  2 4 3.766826e-12 -1.399845e+02 -5.151429e+04
INFO: cmn.c(133): CMN: 78.22 10.03 -3.23  2.30 -4.04 -0.30 -5.39 -5.49 -4.68 -0.28  3.71  4.85  0.82 
utt>   159                    file_6  373    0   108 20  1 3 3.673607e-12 -1.395719e+02 -5.206032e+04
INFO: cmn.c(133): CMN: 77.46  2.63 -2.14  2.29 -4.09 -2.26 -6.98 -3.95  1.38  3.49  1.48  0.65 -1.12 
utt>   160                    file_7 1083    0   180 19  1 3 2.647907e-12 -1.399091e+02 -1.515216e+05
INFO: cmn.c(133): CMN: 78.16  5.12 -1.08  2.01 -3.31 -1.76 -6.78 -3.80  1.64  1.24  0.41 -0.23  0.52 
utt>   161                    file_8 1063    0   176 17  1 2 2.033015e-12 -1.404362e+02 -1.492837e+05
INFO: cmn.c(133): CMN: 79.08  5.82 -1.44  3.05 -3.97  0.75 -4.62 -2.93 -2.45  1.22 -1.60 -2.79  1.02 
utt>   162                    file_9 1053    0   192 17  1 3 2.838648e-12 -1.398796e+02 -1.472932e+05
INFO: cmn.c(133): CMN: 79.17  6.21 -0.10  2.51 -7.38 -0.98 -5.94 -5.53 -2.66 -0.51  0.77  0.19  2.86 
utt>   163                   file_10 1014    0   204 20  1 3 2.396487e-12 -1.420954e+02 -1.440847e+05
INFO: cmn.c(133): CMN: 86.47 10.38 -2.52  3.64 -4.29 -0.67 -7.84 -7.13 -1.48  2.22  5.14  2.67  1.30 
utt>   164                   file_11  105    0    64 21  2 5 4.928311e-12 -1.402713e+02 -1.472848e+04
INFO: cmn.c(133): CMN: 87.08 -0.03 -0.11  9.07 -6.82  1.23 -3.84  2.98 -4.93  1.95  0.42 -2.31  7.06 
utt>   165                    file_1  411    0   180 19  2 4 3.870246e-12 -1.457796e+02 -5.991541e+04
INFO: cmn.c(133): CMN: 86.02  2.25 -6.66  2.54 -6.20  8.03  5.54  5.66 -6.59 -1.22 -6.88 -6.05 -3.19 
utt>   166                    file_2  367    0   120 13  1 3 2.828246e-12 -1.438922e+02 -5.280844e+04
INFO: cmn.c(133): CMN: 87.72  7.30 -3.12  6.48 -11.06  0.42 -4.86  2.43 -4.62 -1.78 -0.99 -3.21  2.37 
utt>   167                    file_3  321    0   108 16  2 4 3.928691e-12 -1.442579e+02 -4.630679e+04
INFO: cmn.c(133): CMN: 91.58 -1.71 -6.82  8.07 -4.54 -6.25 -11.87  3.21 -5.37  4.30 -2.99 -3.07  6.25 
utt>   168                    file_4  388    0   168 19  2 3 4.394431e-12 -1.455459e+02 -5.647182e+04
INFO: cmn.c(133): CMN: 93.99 -1.25 -11.61  1.06 -9.20 -1.37 -4.23  4.33 -3.05  1.51 -4.66 -1.81  8.18 
utt>   169                    file_5  368    0   144 16  2 4 3.400056e-12 -1.423987e+02 -5.240274e+04
INFO: cmn.c(133): CMN: 90.01  3.08 -4.97  5.54 -9.93 -1.54 -7.58  1.64 -6.11  2.10  2.80  1.74  5.31 
utt>   170                    file_6  307    0   108 21  2 4 4.416127e-12 -1.440786e+02 -4.423212e+04
INFO: cmn.c(133): CMN: 83.77 -4.14 -5.13  8.88 -9.78 -3.21 -3.90  3.22 -3.31  0.12  3.20 -1.74  1.20 
utt>   171                    file_7  921    0   180 18  1 3 2.607887e-12 -1.409521e+02 -1.298169e+05
INFO: cmn.c(133): CMN: 84.16  1.20 -5.33  6.84 -10.42 -4.08 -7.31  5.63 -3.77  0.66  2.49  0.65  5.43 
utt>   172                    file_8  898    0   176 17  1 3 1.521576e-12 -1.415632e+02 -1.271238e+05
INFO: cmn.c(133): CMN: 87.42 -3.48 -5.64  4.15 -11.62 -6.12 -9.09  4.94 -2.13  1.84  4.25  5.09  6.13 
utt>   173                    file_9  903    0   192 18  1 3 2.386917e-12 -1.427550e+02 -1.289078e+05
INFO: cmn.c(133): CMN: 85.76  1.91 -7.21  1.53 -16.22 -5.93 -7.81  4.25 -3.56  0.04  4.21  1.18  4.84 
utt>   174                   file_10  848    0   204 18  1 3 2.497077e-12 -1.423995e+02 -1.207548e+05
INFO: cmn.c(133): CMN: 93.09 -0.48 -10.40  2.81 -3.74 -1.54 -5.49 10.00 -1.08  3.00 -0.12  1.80  8.58 
utt>   175                   file_11  145    0    64 19  2 4 5.220283e-12 -1.427976e+02 -2.070565e+04
overall> stats 71829 (-0) -1.431094e+02 -1.027941e+07

INFO: s3mixw_io.c(233): Wrote /home/simone/Documenti/Elaborazione/project-NLP/bwaccumdir/android_db_buff_1/mixw_counts [597x1x1 array]
INFO: s3tmat_io.c(176): Wrote /home/simone/Documenti/Elaborazione/project-NLP/bwaccumdir/android_db_buff_1/tmat_counts [27x3x4 array]
INFO: s3gau_io.c(485): Wrote /home/simone/Documenti/Elaborazione/project-NLP/bwaccumdir/android_db_buff_1/gauden_counts with means with vars (2pass) [597x1x1 vector arrays]
INFO: main.c(999): Counts saved to /home/simone/Documenti/Elaborazione/project-NLP/bwaccumdir/android_db_buff_1
Sat Dec  3 19:23:25 2016
