        INFO: main.c(229): Compiled on Oct 27 2016 at 19:16:52
Current configuration:
[NAME]		[DEFLT]		[VALUE]
-2passvar	no		yes
-abeam		1e-100		1.000000e-90
-accumdir			/home/simone/Documenti/Elaborazione/project-NLP/bwaccumdir/android_db_buff_1
-agc		none		none
-agcthresh	2.0		2.000000e+00
-bbeam		1e-100		1.000000e-10
-cb2mllrfn	.1cls.		.1cls.
-cepdir				/home/simone/Documenti/Elaborazione/project-NLP/feat
-cepext		mfc		mfc
-ceplen		13		13
-ckptintv			0
-cmn		live		current
-cmninit	40,3,-1		40,3,-1
-ctlfn				/home/simone/Documenti/Elaborazione/project-NLP/etc/android_db_train.fileids
-diagfull	no		no
-dictfn				/home/simone/Documenti/Elaborazione/project-NLP/etc/android_db.dic
-example	no		no
-fdictfn			/home/simone/Documenti/Elaborazione/project-NLP/etc/android_db.filler
-feat		1s_c_d_dd	1s_c_d_dd
-fullvar	no		no
-help		no		no
-hmmdir				
-latdir				
-latext				
-lda				
-ldadim		0		0
-lsnfn				/home/simone/Documenti/Elaborazione/project-NLP/etc/android_db_train.transcription
-lw		11.5		1.150000e+01
-maxuttlen	0		0
-meanfn				/home/simone/Documenti/Elaborazione/project-NLP/model_parameters/android_db.cd_cont_200/means
-meanreest	yes		yes
-mixwfn				/home/simone/Documenti/Elaborazione/project-NLP/model_parameters/android_db.cd_cont_200/mixture_weights
-mixwreest	yes		yes
-mllrmat			
-mmie		no		no
-mmie_type	rand		rand
-moddeffn			/home/simone/Documenti/Elaborazione/project-NLP/model_architecture/android_db.200.mdef
-mwfloor	0.00001		1.000000e-05
-npart				1
-nskip				0
-outphsegdir			
-outputfullpath	no		no
-part				1
-pdumpdir			
-phsegdir			
-phsegext	phseg		phseg
-runlen		-1		-1
-sentdir			
-sentext	sent		sent
-spthresh	0.0		0.000000e+00
-svspec				
-timing		yes		no
-tmatfn				/home/simone/Documenti/Elaborazione/project-NLP/model_parameters/android_db.cd_cont_200/transition_matrices
-tmatreest	yes		yes
-topn		4		4
-tpfloor	0.0001		1.000000e-05
-ts2cbfn			.cont.
-varfloor	0.00001		1.000000e-04
-varfn				/home/simone/Documenti/Elaborazione/project-NLP/model_parameters/android_db.cd_cont_200/variances
-varnorm	no		no
-varreest	yes		yes
-viterbi	no		no

INFO: feat.c(715): Initializing feature stream to type: '1s_c_d_dd', ceplen=13, CMN='batch', VARNORM='no', AGC='none'
INFO: main.c(318): Reading /home/simone/Documenti/Elaborazione/project-NLP/model_architecture/android_db.200.mdef
INFO: model_def_io.c(573): Model definition info:
INFO: model_def_io.c(574): 598 total models defined (27 base, 571 tri)
INFO: model_def_io.c(575): 2392 total states
INFO: model_def_io.c(576): 281 total tied states
INFO: model_def_io.c(577): 81 total tied CI states
INFO: model_def_io.c(578): 27 total tied transition matrices
INFO: model_def_io.c(579): 4 max state/model
INFO: model_def_io.c(580): 4 min state/model
INFO: s3mixw_io.c(117): Read /home/simone/Documenti/Elaborazione/project-NLP/model_parameters/android_db.cd_cont_200/mixture_weights [281x1x4 array]
INFO: s3tmat_io.c(118): Read /home/simone/Documenti/Elaborazione/project-NLP/model_parameters/android_db.cd_cont_200/transition_matrices [27x3x4 array]
INFO: mod_inv.c(301): inserting tprob floor 1.000000e-05 and renormalizing
INFO: s3gau_io.c(169): Read /home/simone/Documenti/Elaborazione/project-NLP/model_parameters/android_db.cd_cont_200/means [281x1x4 array]
INFO: s3gau_io.c(169): Read /home/simone/Documenti/Elaborazione/project-NLP/model_parameters/android_db.cd_cont_200/variances [281x1x4 array]
INFO: gauden.c(176): 281 total mgau
INFO: gauden.c(150): 1 feature streams (|0|=39 )
INFO: gauden.c(187): 4 total densities
INFO: gauden.c(90): min_var=1.000000e-04
INFO: gauden.c(165): compute 4 densities/frame
INFO: main.c(431): Will reestimate mixing weights.
INFO: main.c(433): Will reestimate means.
INFO: main.c(435): Will reestimate variances.
INFO: main.c(443): Will reestimate transition matrices
INFO: main.c(456): Reading main dictionary: /home/simone/Documenti/Elaborazione/project-NLP/etc/android_db.dic
INFO: lexicon.c(221): 24 entries added from /home/simone/Documenti/Elaborazione/project-NLP/etc/android_db.dic
INFO: main.c(466): Reading filler dictionary: /home/simone/Documenti/Elaborazione/project-NLP/etc/android_db.filler
INFO: lexicon.c(221): 3 entries added from /home/simone/Documenti/Elaborazione/project-NLP/etc/android_db.filler
INFO: corpus.c(1062): Will process all remaining utts starting at 0
INFO: main.c(665): Reestimation: Baum-Welch
INFO: cmn.c(133): CMN: 89.64  2.21 -0.46  5.91 -1.57  5.41 -1.05  4.40 -1.04  0.54  2.20  5.75 -0.88 
column defns
	<seq>
	<id>
	<n_frame_in>
	<n_frame_del>
	<n_state_shmm>
	<avg_states_alpha>
	<avg_states_beta>
	<avg_states_reest>
	<avg_posterior_prune>
	<frame_log_lik>
	<utt_log_lik>
	... timing info ... 
utt>     0                    file_1  440    0   180 17  2 4 3.342605e-12 -1.443946e+02 -6.353363e+04
INFO: cmn.c(133): CMN: 87.17  0.63 -7.64  4.20 -3.57  3.86  3.86  7.98  1.14 -0.48  3.61  3.34 -4.79 
utt>     1                    file_2  395    0   120 14  1 3 2.544007e-12 -1.392094e+02 -5.498771e+04
INFO: cmn.c(133): CMN: 87.50  5.32 -4.61  3.04 -9.79 -4.95 -5.72  1.35  2.60  2.02 -2.15  2.04 -1.23 
utt>     2                    file_3  373    0   108 21  2 3 3.020980e-12 -1.400430e+02 -5.223602e+04
INFO: cmn.c(133): CMN: 88.33 -0.22 -8.39  4.52 -0.33 -0.00 -2.19  4.97  0.57  2.47  5.31  5.68 -5.39 
utt>     3                    file_4  494    0   168 19  1 3 3.546575e-12 -1.415887e+02 -6.994482e+04
INFO: cmn.c(133): CMN: 89.11  2.37 -7.79  2.51 -5.79 -1.48 -2.43  6.33  2.88  0.08 -0.85 -2.42 -7.08 
utt>     4                    file_5  429    0   144 15  1 3 3.146098e-12 -1.394943e+02 -5.984307e+04
INFO: cmn.c(133): CMN: 87.59  6.91 -6.05  2.68 -5.10  0.58 -3.92  2.78  0.82  3.59  1.96 -0.08 -3.26 
utt>     5                    file_6  362    0   108 21  2 3 3.140424e-12 -1.393498e+02 -5.044464e+04
INFO: cmn.c(133): CMN: 79.36  1.55 -6.93  4.80 -1.90 -0.23 -3.75  3.25  4.98 -1.33 -4.80  1.32  0.30 
utt>     6                    file_7  939    0   180 15  1 3 2.369200e-12 -1.389418e+02 -1.304663e+05
INFO: cmn.c(133): CMN: 77.86  3.78 -5.53  8.99 -3.38 -2.62 -10.03 -2.35  7.28 -0.26 -4.29 -0.13 -1.59 
utt>     7                    file_8  916    0   168 14  1 2 1.937219e-12 -1.392370e+02 -1.275411e+05
INFO: cmn.c(133): CMN: 76.86  4.13 -7.45  5.91 -0.57 -1.99 -6.86 -1.66  4.40  0.87 -5.96 -0.51 -2.11 
utt>     8                    file_9  912    0   176 14  1 2 2.405535e-12 -1.384108e+02 -1.262306e+05
INFO: cmn.c(133): CMN: 75.95  7.15 -4.92  1.19 -8.39 -5.05 -7.88 -1.30  7.70  2.47 -4.01  0.83 -1.23 
utt>     9                   file_10  957    0   204 14  1 3 2.663872e-12 -1.401177e+02 -1.340926e+05
INFO: cmn.c(133): CMN: 82.36  9.44 -1.40  1.37 -0.27 -1.06 -10.13 -4.62 -12.22 -0.90  3.55  5.74  0.65 
utt>    10                   file_11  139    0    64 14  2 4 4.904087e-12 -1.441578e+02 -2.003794e+04
INFO: cmn.c(133): CMN: 78.29 -2.70  5.74  8.09 -12.81  8.61 -10.16 -2.78 -0.93  4.20  2.66  2.63 -0.07 
utt>    11                    file_1  178    0    76 13  2 4 3.811114e-12 -1.445419e+02 -2.572846e+04
INFO: cmn.c(133): CMN: 77.94  1.84 -4.07  4.49 -12.72 13.76 -2.11 -1.99 -0.87  7.72 -2.61 -4.72 -4.61 
utt>    12                    file_2  134    0    56 13  2 4 2.485516e-12 -1.435978e+02 -1.924211e+04
INFO: cmn.c(133): CMN: 75.35 11.59  7.29  5.53 -10.99  2.14 -10.01 -6.01 -9.74  1.10 -6.88  4.61  7.14 
utt>    13                    file_3  123    0    52 13  2 4 5.398187e-12 -1.447324e+02 -1.780209e+04
INFO: cmn.c(133): CMN: 83.04 -2.09 -6.51  8.55 -8.64  0.68 -16.11 -1.87  1.93 14.96 -9.61  0.04  3.69 
utt>    14                    file_4  156    0    72 13  2 3 1.595536e-12 -1.463941e+02 -2.283749e+04
INFO: cmn.c(133): CMN: 82.28  6.13 -8.38  7.71 -7.81  5.03 -10.88 -1.74 -1.44  4.47 -9.59 -1.63  0.79 
utt>    15                    file_5  163    0    64 12  2 3 4.101810e-12 -1.447682e+02 -2.359721e+04
INFO: cmn.c(133): CMN: 84.04  4.68 -1.38  8.44 -11.97  3.85 -8.64 -3.01 -7.79  3.11 -7.44 -2.15  3.24 
utt>    16                    file_6  153    0    60 15  2 4 2.959615e-12 -1.471511e+02 -2.251412e+04
INFO: cmn.c(133): CMN: 80.48 -1.34  0.45 10.71 -13.34 -5.84 -12.08 -0.66 -4.73 -0.36  0.30  3.70 -3.36 
utt>    17                    file_7  708    0   180 13  1 3 2.975962e-12 -1.463602e+02 -1.036230e+05
INFO: cmn.c(133): CMN: 76.44  5.76  1.33  8.76 -10.50 -5.32 -13.20 -0.25  2.54 -0.62 -2.49  7.91 -0.01 
utt>    18                    file_8  748    0   168 14  1 3 2.862478e-12 -1.436710e+02 -1.074659e+05
INFO: cmn.c(133): CMN: 77.36  4.09  1.04 11.11 -9.28 -3.13 -12.01 -2.81  0.51  2.64 -2.59 10.45 -1.10 
utt>    19                    file_9  708    0   176 14  1 3 2.503616e-12 -1.446545e+02 -1.024154e+05
INFO: cmn.c(133): CMN: 74.52  7.18  2.47  5.02 -11.80 -2.81 -12.43 -6.22 -1.41  5.32 -4.18  8.48  1.03 
utt>    20                   file_10  774    0   204 14  1 3 2.911141e-12 -1.431835e+02 -1.108241e+05
INFO: cmn.c(133): CMN: 82.56  4.63 -6.87 10.02 -4.52  8.05 -15.24 -0.69  7.30  3.20 -13.09  2.42  2.91 
utt>    21                   file_11  158    0    64 15  2 4 1.745235e-12 -1.472517e+02 -2.326576e+04
INFO: cmn.c(133): CMN: 84.85  5.46 -2.82  7.65 -0.55 -1.83 -3.22 -0.06 -4.61  4.31  0.39  1.57  0.22 
utt>    22                    file_1  160    0    76 14  2 4 2.841027e-12 -1.427276e+02 -2.283641e+04
INFO: cmn.c(133): CMN: 84.49  6.48 -3.82  1.06  0.48 -4.29 -0.24  4.17 -4.70  3.16  8.02 -0.81 -5.19 
utt>    23                    file_2  134    0    56 12  2 4 2.131742e-12 -1.432527e+02 -1.919586e+04
INFO: cmn.c(133): CMN: 85.31  6.96 -2.02  3.88 -4.00 -4.03 -10.10  1.74 -0.09 -3.14 -4.89 -2.53 -3.81 
utt>    24                    file_3  143    0    52 15  2 4 3.914779e-12 -1.415866e+02 -2.024688e+04
INFO: cmn.c(133): CMN: 90.37  2.82 -7.71  1.79 -0.28  0.97 -9.65 -5.96 -5.37  5.64  7.87 -2.34 -7.91 
utt>    25                    file_4  145    0    72 18  2 4 3.735026e-12 -1.435447e+02 -2.081398e+04
INFO: cmn.c(133): CMN: 84.87  5.98 -6.41  5.43 -0.91  2.04  0.88 -3.35 -5.56 14.16  5.61 -2.73 -1.44 
utt>    26                    file_5  153    0    64 14  2 3 2.591860e-12 -1.420063e+02 -2.172696e+04
INFO: cmn.c(133): CMN: 84.11 12.39 -1.56  7.53 -6.80 -5.82 -1.97 -2.06  1.81  5.87  2.65 -0.00 -3.98 
utt>    27                    file_6  121    0    60 17  2 5 1.901219e-12 -1.417931e+02 -1.715697e+04
INFO: cmn.c(133): CMN: 87.16  2.14 -1.59  4.71 -4.21 -14.48 -10.56  3.10 -8.86  2.63  1.25  1.54  1.98 
utt>    28                    file_7  570    0   180 17  2 3 2.398322e-12 -1.449612e+02 -8.262786e+04
INFO: cmn.c(133): CMN: 83.96  7.93 -6.39  4.41 -2.31 -9.79 -14.42 -2.05 -1.11  3.86 -0.43  0.87  2.06 
utt>    29                    file_8  788    0   168 17  1 3 2.642054e-12 -1.417069e+02 -1.116651e+05
INFO: cmn.c(133): CMN: 83.97  8.04 -6.86  4.56 -2.21 -10.32 -11.70  0.14 -0.60  6.34  1.74 -2.67  1.28 
utt>    30                    file_9  776    0   176 17  1 3 1.766888e-12 -1.433301e+02 -1.112242e+05
INFO: cmn.c(133): CMN: 78.71 10.52 -3.73  3.87 -8.10 -8.68 -7.42 -2.06 -0.90  0.83 -2.50 -2.99  1.54 
utt>    31                   file_10  947    0   204 15  1 3 1.839245e-12 -1.411262e+02 -1.336465e+05
INFO: cmn.c(133): CMN: 85.73 10.40 -5.55  5.49 -4.00  0.40 -5.86 -5.10  2.93 12.77  5.08 -2.84 -3.22 
utt>    32                   file_11  127    0    64 16  2 4 5.010711e-12 -1.401003e+02 -1.779273e+04
INFO: cmn.c(133): CMN: 88.37 -1.66  1.03  1.68 -8.49  1.66 -4.04  1.42 -9.53 -12.22 -0.09  0.45 -10.13 
utt>    33                    file_1  134    0    76 15  2 4 3.111085e-12 -1.447009e+02 -1.938993e+04
INFO: cmn.c(133): CMN: 87.77 -4.21 -4.24  1.57 -14.63  5.76  0.07  4.23 -10.00 -0.92  6.08 -5.76 -9.77 
utt>    34                    file_2  134    0    56 12  2 4 3.077567e-12 -1.432451e+02 -1.919484e+04
INFO: cmn.c(133): CMN: 87.57  2.35  2.24  4.75 -13.79 -3.89 -12.71  1.85 -5.67 -11.28 -2.46  1.82 -0.66 
utt>    35                    file_3  132    0    52 14  2 3 3.399784e-12 -1.437189e+02 -1.897089e+04
INFO: cmn.c(133): CMN: 90.41 -5.74 -4.04  8.78 -3.20  2.39 -6.55 -1.14 -5.58 -6.31  1.52  4.40 -10.14 
utt>    36                    file_4  146    0    72 14  2 3 4.156180e-12 -1.463494e+02 -2.136701e+04
INFO: cmn.c(133): CMN: 91.01 -1.26 -7.67  3.97 -11.43  1.80 -1.92  6.69 -2.94 -2.79  0.70 -0.76 -12.67 
utt>    37                    file_5  142    0    64 13  2 4 3.937202e-12 -1.427606e+02 -2.027200e+04
INFO: cmn.c(133): CMN: 88.61  2.46  1.53 10.24 -12.82  3.62 -3.36  5.00 -5.06 -6.62 -3.51  2.31 -4.27 
utt>    38                    file_6  129    0    60 17  2 4 6.369528e-12 -1.459424e+02 -1.882657e+04
INFO: cmn.c(133): CMN: 85.32 -4.20 -0.39 12.79 -7.80 -5.70 -12.58  2.41 -2.52 -6.75 -2.00  1.41 -5.58 
utt>    39                    file_7  710    0   180 14  1 3 2.051930e-12 -1.420069e+02 -1.008249e+05
INFO: cmn.c(133): CMN: 82.42 -0.36 -0.22 13.67 -8.54 -7.24 -9.55  1.00 -4.83 -6.25 -4.61 -1.75 -1.83 
utt>    40                    file_8  717    0   168 15  1 3 2.228013e-12 -1.414392e+02 -1.014119e+05
INFO: cmn.c(133): CMN: 81.47  0.12 -1.15 13.72 -6.39 -6.95 -6.54  3.37 -4.03 -5.68 -2.62 -3.45  2.79 
utt>    41                    file_9  716    0   176 14  1 3 2.580694e-12 -1.423842e+02 -1.019471e+05
INFO: cmn.c(133): CMN: 82.03  3.20  1.07  4.55 -14.71 -4.46 -7.94  3.02 -4.55 -3.75 -5.00  1.12 -0.30 
utt>    42                   file_10  734    0   204 14  1 3 2.369906e-12 -1.431333e+02 -1.050599e+05
INFO: cmn.c(133): CMN: 88.95  2.30 -3.19  6.88 -6.58  3.89 -11.16  1.26  0.35  2.96 -1.07  2.06 -10.49 
utt>    43                   file_11  125    0    64 17  2 5 2.546864e-12 -1.432634e+02 -1.790793e+04
INFO: cmn.c(133): CMN: 79.85  4.84 -1.56  2.42 -5.91  8.50 -5.36 -0.86  0.85 -3.07 -7.03  4.34 -1.66 
utt>    44                    file_1  137    0    76 14  2 4 2.429854e-12 -1.451353e+02 -1.988354e+04
INFO: cmn.c(133): CMN: 81.49  6.90 -4.33  1.98 -14.52  4.33 -6.37  3.16  3.09 -3.45  1.00 -2.07 -5.35 
utt>    45                    file_2  110    0    56 13  2 4 1.777335e-12 -1.436385e+02 -1.580024e+04
INFO: cmn.c(133): CMN: 80.50  9.57  0.78  3.57 -12.34  5.45 -10.37 -0.14 -4.48 -3.63  2.89  4.51 -2.83 
utt>    46                    file_3  106    0    52 14  2 5 5.149422e-12 -1.451534e+02 -1.538626e+04
INFO: cmn.c(133): CMN: 82.96  1.75 -0.45 11.48 -10.36  8.92 -13.39 -1.40 -7.33 -0.05  2.10 -6.98  2.80 
utt>    47                    file_4  123    0    72 15  2 4 2.044567e-12 -1.466522e+02 -1.803822e+04
INFO: cmn.c(133): CMN: 83.11  9.89 -7.01  5.23 -5.47  8.56 -16.47  1.30 -3.63 -1.85  4.64 -5.61 -2.09 
utt>    48                    file_5  117    0    64 13  2 4 4.603980e-12 -1.417898e+02 -1.658941e+04
INFO: cmn.c(133): CMN: 83.32 11.49 -0.82  8.41 -10.60 12.28 -6.42  0.02 -3.87 -12.18 -0.58 -4.94  0.66 
utt>    49                    file_6  100    0    60 16  2 4 3.740580e-12 -1.435931e+02 -1.435931e+04
INFO: cmn.c(133): CMN: 80.69  1.31 -5.60  4.46 -13.93 -4.75 -10.84  2.53  2.65  1.45 -0.37 -8.49  4.92 
utt>    50                    file_7  784    0   180 14  1 3 2.125054e-12 -1.421591e+02 -1.114527e+05
INFO: cmn.c(133): CMN: 78.16  7.31 -4.06  2.21 -11.63  0.97 -10.38 -0.02 -3.25  5.20 -1.94 -5.44  5.96 
utt>    51                    file_8  775    0   168 15  1 3 2.275242e-12 -1.411758e+02 -1.094113e+05
INFO: cmn.c(133): CMN: 76.22  6.43 -5.03 -0.44 -10.89  3.26 -7.91 -1.54 -1.43  5.03  2.73 -6.94  1.95 
utt>    52                    file_9  810    0   176 15  1 3 2.410278e-12 -1.412228e+02 -1.143905e+05
INFO: cmn.c(133): CMN: 76.42  8.83 -4.24  0.47 -17.11 -5.38 -5.46 -1.35 -3.79  2.78  0.11 -0.91  5.10 
utt>    53                   file_10  845    0   204 14  1 3 2.844274e-12 -1.410738e+02 -1.192074e+05
INFO: cmn.c(133): CMN: 83.01  5.07 -4.26  7.96 -12.13  6.03 -16.53  2.20  0.54  2.02  2.88 -5.06 -5.16 
utt>    54                   file_11  109    0    64 16  2 5 1.820784e-12 -1.447212e+02 -1.577461e+04
INFO: cmn.c(133): CMN: 86.71 -0.09 -6.48  8.21 -3.23  3.37 -10.57 -0.32 -0.01  4.00 -1.29  5.21  8.60 
utt>    55                    file_1  165    0    76 15  2 4 3.596034e-12 -1.420893e+02 -2.344473e+04
INFO: cmn.c(133): CMN: 87.49  1.96 -9.66  6.61 -4.63  1.26 -9.33 -1.49 -2.21  1.82 -3.63 -0.49  7.46 
utt>    56                    file_2  120    0    56 15  2 4 2.470709e-12 -1.448431e+02 -1.738117e+04
INFO: cmn.c(133): CMN: 89.58  3.87 -1.94  4.97 -9.99  0.37 -9.96 -6.60 -8.79  3.92 -1.09  4.36  1.96 
utt>    57                    file_3  114    0    52 17  2 5 5.003219e-12 -1.446750e+02 -1.649295e+04
INFO: cmn.c(133): CMN: 89.37 -2.67 -3.46  7.76 -8.25 -3.62 -16.62 -3.97 -3.46 -2.54 -3.62 -3.31  6.53 
utt>    58                    file_4  148    0    72 15  2 4 4.759811e-12 -1.469848e+02 -2.175375e+04
INFO: cmn.c(133): CMN: 90.80  2.84 -10.22  4.23 -6.86 -7.76 -16.13  2.33 -3.60  0.56 -3.90 -6.42  3.19 
utt>    59                    file_5  127    0    64 14  2 4 3.550605e-12 -1.435078e+02 -1.822549e+04
INFO: cmn.c(133): CMN: 89.87  2.54 -4.74  7.51 -13.20  2.71 -14.18  0.20 -5.59  3.82  0.45  2.38  6.29 
utt>    60                    file_6  121    0    60 19  2 5 6.102385e-12 -1.425313e+02 -1.724628e+04
INFO: cmn.c(133): CMN: 89.88 -4.37 -4.95  9.37 -7.17 -6.23 -9.89  1.99 -2.10 -0.55  1.71  7.97  3.53 
utt>    61                    file_7  608    0   180 17  2 3 3.170117e-12 -1.437362e+02 -8.739163e+04
INFO: cmn.c(133): CMN: 86.36 -0.49 -3.91  9.01 -5.55 -3.93 -8.65  3.71 -1.31  1.35  4.81  8.58  4.58 
utt>    62                    file_8  620    0   168 18  2 3 3.102127e-12 -1.433887e+02 -8.890097e+04
INFO: cmn.c(133): CMN: 88.58 -1.13 -5.40  8.75 -8.22 -4.77 -11.25  0.30 -0.61  0.07  2.27  6.46  2.07 
utt>    63                    file_9  607    0   176 16  1 3 2.992359e-12 -1.438963e+02 -8.734506e+04
INFO: cmn.c(133): CMN: 86.87  2.67 -6.41  2.61 -6.43 -0.21 -9.33 -1.11 -3.26  0.29  5.25  6.95  3.94 
utt>    64                   file_10  603    0   204 17  2 3 3.021210e-12 -1.446225e+02 -8.720736e+04
INFO: cmn.c(133): CMN: 90.90 -2.05 -10.18  2.85 -2.96 -0.11 -10.79  5.82  6.91  6.23 -3.02 11.82 10.37 
utt>    65                   file_11  130    0    64 19  2 5 4.176710e-12 -1.413845e+02 -1.837998e+04
INFO: cmn.c(133): CMN: 83.51  2.64 -3.02  7.12 -1.22  3.91 -5.41 -7.11  5.84  4.15 -5.67 -4.27 -0.47 
utt>    66                    file_1  149    0    76 14  2 4 2.855644e-12 -1.427340e+02 -2.126736e+04
INFO: cmn.c(133): CMN: 83.69  3.57 -6.41  3.09 -8.96  3.96 -1.00 -0.22  1.14  5.54 -2.70 -1.75 -0.15 
utt>    67                    file_2  112    0    56 13  2 4 3.488407e-12 -1.441904e+02 -1.614933e+04
INFO: cmn.c(133): CMN: 85.50  4.87 -5.19  4.77 -11.15 -0.01 -1.58 -3.56 -5.52  3.83  0.33  9.99 11.14 
utt>    68                    file_3  109    0    52 15  2 4 4.910108e-12 -1.465916e+02 -1.597848e+04
INFO: cmn.c(133): CMN: 86.89 -1.63 -7.13  6.36 -7.86  4.29 -6.28 -4.74  3.44  6.78 -3.03 -0.23  6.30 
utt>    69                    file_4  138    0    72 14  2 4 4.359733e-12 -1.470103e+02 -2.028742e+04
INFO: cmn.c(133): CMN: 86.58  3.26 -10.22  5.80 -7.04  1.62 -8.59 -1.32  1.12  8.12 -6.65 -1.74  7.68 
utt>    70                    file_5  124    0    64 12  2 4 4.522672e-12 -1.424897e+02 -1.766873e+04
INFO: cmn.c(133): CMN: 87.14  7.14 -6.96  7.28 -6.89  2.77 -2.37 -2.52 -6.11  3.17  2.25  3.31  6.54 
utt>    71                    file_6  105    0    60 15  2 5 4.597432e-12 -1.437966e+02 -1.509865e+04
INFO: cmn.c(133): CMN: 88.89 -1.76 -7.34  2.44 -6.45 -3.99 -6.40  1.86  7.94  9.29 -1.56  1.50  4.02 
utt>    72                    file_7  538    0   180 15  2 3 3.058428e-12 -1.451799e+02 -7.810678e+04
INFO: cmn.c(133): CMN: 88.51  0.95 -8.57  1.69 -3.32 -0.25 -10.32 -5.22  5.79  8.75 -1.86  1.91 11.35 
utt>    73                    file_8  518    0   168 17  2 4 3.246037e-12 -1.456394e+02 -7.544119e+04
INFO: cmn.c(133): CMN: 89.59 -1.58 -9.10  2.96 -4.67  0.52 -8.28 -5.70  3.85 10.63 -2.38  0.41 11.30 
utt>    74                    file_9  484    0   176 16  2 4 2.304996e-12 -1.478654e+02 -7.156687e+04
INFO: cmn.c(133): CMN: 87.62  0.71 -6.33 -1.42 -8.91  0.83 -8.64 -3.12 -0.07  4.83 -3.27 -0.07  6.74 
utt>    75                   file_10  511    0   204 16  2 3 2.955486e-12 -1.470908e+02 -7.516342e+04
INFO: cmn.c(133): CMN: 89.76  2.94 -7.73  4.57 -0.82  1.57 -13.21 -9.99  3.46 12.81  0.98 -3.35 10.37 
utt>    76                   file_11  120    0    64 16  2 5 5.790067e-12 -1.436212e+02 -1.723454e+04
INFO: cmn.c(133): CMN: 81.27  1.44 -2.49 -0.32  2.73  4.38 -4.88 -1.72 -2.33  4.76  0.57 -3.63  0.49 
utt>    77                    file_1  130    0    76 18  2 5 5.569531e-12 -1.410898e+02 -1.834167e+04
INFO: cmn.c(133): CMN: 84.91  3.99 -7.51  2.14 -0.34 -2.55 -8.81 -2.19 -4.74  3.49  6.93  5.05 -0.91 
utt>    78                    file_2  116    0    56 14  2 4 4.848520e-12 -1.427555e+02 -1.655964e+04
INFO: cmn.c(133): CMN: 78.27 12.30 -3.05  4.59  0.95 -0.90 -7.58 -2.76 -3.53 -3.47  0.19  4.45  2.40 
utt>    79                    file_3  123    0    52 16  2 5 3.783873e-12 -1.418063e+02 -1.744217e+04
INFO: cmn.c(133): CMN: 84.56  0.03 -8.51  8.37  0.19  0.90 -3.73 -7.29 -6.54  1.86  3.49  0.80 -3.63 
utt>    80                    file_4  132    0    72 17  2 4 5.574867e-12 -1.445832e+02 -1.908498e+04
INFO: cmn.c(133): CMN: 83.88 13.40 -9.18  1.33 -3.19 -0.75 -1.94 -3.55 -2.73  3.34  3.50  3.55 -1.73 
utt>    81                    file_5  102    0    64 17  2 5 3.749715e-12 -1.447737e+02 -1.476692e+04
INFO: cmn.c(133): CMN: 77.21 13.52 -2.91  3.00 -0.65  2.29 -1.77  3.44 -1.79 -5.32 -4.60  2.60  1.13 
utt>    82                    file_6  115    0    60 23  2 5 3.622401e-12 -1.426804e+02 -1.640825e+04
INFO: cmn.c(133): CMN: 79.50  4.44 -3.80  3.06  2.74 -5.11 -9.87 -1.90  0.90  3.15 -0.52  1.24 -0.04 
utt>    83                    file_7  738    0   180 15  1 3 2.709355e-12 -1.398755e+02 -1.032281e+05
INFO: cmn.c(133): CMN: 75.54  9.27 -2.09 -0.96 -0.36 -3.66 -4.73 -2.04  0.58  2.51  0.06  1.04 -0.45 
utt>    84                    file_8  815    0   168 15  1 3 2.647618e-12 -1.400123e+02 -1.141100e+05
INFO: cmn.c(133): CMN: 75.17  8.56 -2.60 -0.72 -1.57 -2.91 -4.36 -0.74  2.88  2.88  0.79  1.89  0.54 
utt>    85                    file_9  815    0   176 16  1 3 2.308981e-12 -1.401237e+02 -1.142008e+05
INFO: cmn.c(133): CMN: 76.21 10.47 -3.59 -3.25 -5.42 -4.69 -7.09 -1.73 -1.86 -2.78  0.69  4.35  3.86 
utt>    86                   file_10  809    0   204 15  1 3 2.253690e-12 -1.402692e+02 -1.134778e+05
INFO: cmn.c(133): CMN: 81.44 13.10 -5.79  0.38  1.91 -0.99 -2.01 -2.81 -0.57  0.43  0.58  5.94  2.87 
utt>    87                   file_11  105    0    64 18  3 6 3.200106e-12 -1.408891e+02 -1.479336e+04
INFO: cmn.c(133): CMN: 75.57  2.26 -3.30  5.05  1.55  8.11 -2.00  2.01  6.35  7.40  2.13 -0.47 -2.16 
utt>    88                    file_1  139    0    76 14  2 4 3.092672e-12 -1.429960e+02 -1.987645e+04
INFO: cmn.c(133): CMN: 76.28  5.93 -5.93  2.24 -7.71  3.37 -0.45  0.66  5.18 10.36 11.58  2.74 -2.21 
utt>    89                    file_2  103    0    56 15  2 4 1.203828e-12 -1.452336e+02 -1.495907e+04
INFO: cmn.c(133): CMN: 72.93  7.47 -1.38  8.44 -1.14  5.50 -1.89  2.09  4.41 -3.44  3.61 -1.26 -1.38 
utt>    90                    file_3  115    0    52 15  2 5 3.877615e-12 -1.412102e+02 -1.623917e+04
INFO: cmn.c(133): CMN: 77.59 -1.21 -7.64 10.71 -2.79  1.08 -9.90 -0.36  6.85  6.97  4.94 -2.04 -2.65 
utt>    91                    file_4  143    0    72 17  2 5 3.191085e-12 -1.434359e+02 -2.051133e+04
INFO: cmn.c(133): CMN: 78.22  7.66 -10.51  9.89 -4.23 -2.47 -13.78  2.00  9.31 11.74  7.13 -6.62  0.60 
utt>    92                    file_5  108    0    64 19  2 5 6.362774e-12 -1.443074e+02 -1.558520e+04
INFO: cmn.c(133): CMN: 79.22 11.13 -2.28  9.86 -10.92  0.65 -0.16  3.61 10.19  1.57  4.75 -1.03 -1.18 
utt>    93                    file_6  101    0    60 21  2 5 6.733447e-12 -1.454072e+02 -1.468613e+04
INFO: cmn.c(133): CMN: 75.48  1.08 -1.24  9.05 -3.11 -0.75 -9.60  3.67  3.89  2.15  2.60 -4.92  2.15 
utt>    94                    file_7  775    0   180 19  1 3 2.711691e-12 -1.413854e+02 -1.095737e+05
INFO: cmn.c(133): CMN: 72.15  7.17  0.57  5.17 -6.68 -0.20 -6.85 -0.97  4.87  8.88  0.24 -1.98  7.06 
utt>    95                    file_8  710    0   168 17  1 3 2.316471e-12 -1.394117e+02 -9.898228e+04
INFO: cmn.c(133): CMN: 73.33  5.34 -0.02  7.74 -7.13  0.39 -7.70 -0.08  3.72  7.14  3.36 -0.45  7.99 
utt>    96                    file_9  688    0   176 17  1 3 2.922431e-12 -1.408984e+02 -9.693808e+04
INFO: cmn.c(133): CMN: 72.26  6.73  1.48  3.79 -10.83  1.75 -2.97  3.17  3.91  7.72  2.10  1.19  4.13 
utt>    97                   file_10  774    0   204 16  1 3 2.244363e-12 -1.399287e+02 -1.083048e+05
INFO: cmn.c(133): CMN: 84.74  4.68 -2.49  7.88 -6.44  3.58 -10.96 -3.42  4.19  6.03  3.21 -4.46  5.04 
utt>    98                   file_11  106    0    64 19  2 5 5.868310e-12 -1.421149e+02 -1.506418e+04
INFO: cmn.c(133): CMN: 86.53  1.66  0.01 13.18  0.87  6.81  0.16 -4.11 -12.27 -11.14 -2.33  0.94 -6.66 
utt>    99                    file_1  379    0   180 15  2 4 2.428093e-12 -1.416940e+02 -5.370203e+04
INFO: cmn.c(133): CMN: 80.95  3.30 -5.10  9.96 -3.76  1.87  3.62 -0.30 -5.38 -2.42  1.31  3.71 -6.11 
utt>   100                    file_2  370    0   120 12  1 3 1.837030e-12 -1.392993e+02 -5.154075e+04
INFO: cmn.c(133): CMN: 83.50  6.77  0.09  1.33 -7.08 -6.83 -2.25  0.09 -4.28 -4.35 -6.17 -5.92  1.34 
utt>   101                    file_3  352    0   108 21  2 4 3.069616e-12 -1.405903e+02 -4.948780e+04
INFO: cmn.c(133): CMN: 87.23 -1.27 -5.64  8.68  1.57  2.50 -5.40 -6.16  0.26 -0.13  0.63  3.27 -2.60 
utt>   102                    file_4  420    0   168 17  2 3 4.070648e-12 -1.405714e+02 -5.904000e+04
INFO: cmn.c(133): CMN: 86.99  1.76 -10.61  3.16 -3.35 -1.18 -4.77 -5.18 -4.99 -2.98 -1.56 -0.80 -9.64 
utt>   103                    file_5  402    0   144 15  1 3 3.007024e-12 -1.370345e+02 -5.508789e+04
INFO: cmn.c(133): CMN: 83.42  5.81 -5.51  3.54 -1.97  0.88 -1.34 -3.20 -12.53 -7.94 -3.43 -2.69 -3.08 
utt>   104                    file_6  350    0   108 20  2 4 4.149226e-12 -1.375392e+02 -4.813870e+04
INFO: cmn.c(133): CMN: 88.35 -1.78 -5.63  7.24  1.29 -2.43 -11.24 -1.85 -1.97 -4.82  0.61  0.62 -4.45 
utt>   105                    file_7  713    0   180 16  2 3 2.712891e-12 -1.416412e+02 -1.009902e+05
INFO: cmn.c(133): CMN: 86.19  1.60 -5.11  7.80 -0.77  0.92 -10.07 -5.33 -2.69 -4.43  2.42 -0.32 -4.21 
utt>   106                    file_8  735    0   168 17  1 3 2.670953e-12 -1.414193e+02 -1.039432e+05
INFO: cmn.c(133): CMN: 86.33  3.20 -8.38  3.80 -3.18  0.30 -8.05 -4.98 -5.20 -6.08  0.13  0.11 -4.65 
utt>   107                    file_9  754    0   176 17  1 3 3.042660e-12 -1.428561e+02 -1.077135e+05
INFO: cmn.c(133): CMN: 87.14  6.31 -5.68 -0.06 -8.14 -0.61 -6.36 -2.39 -4.75 -1.94  3.30  3.32  2.71 
utt>   108                   file_10  766    0   204 16  1 3 2.444561e-12 -1.425747e+02 -1.092122e+05
INFO: cmn.c(133): CMN: 91.00  1.93 -6.72  3.49 -5.38  4.03 -4.08 -4.91 -6.67 -2.86  2.57 -1.35 -6.86 
utt>   109                   file_11  138    0    64 17  2 4 3.394303e-12 -1.409241e+02 -1.944752e+04
INFO: cmn.c(133): CMN: 83.36  2.21 -2.33  6.22  3.26 11.28  2.84  2.87  0.82  0.35 -2.49  4.67  2.65 
utt>   110                    file_1  134    0    76 16  2 4 2.226177e-12 -1.489299e+02 -1.995661e+04
INFO: cmn.c(133): CMN: 82.19  8.35 -5.65  8.25 -6.27  9.00  3.39  0.46 -4.20  5.53 -1.54 -1.26  5.75 
utt>   111                    file_2  110    0    56 15  2 4 2.148536e-12 -1.444480e+02 -1.588928e+04
INFO: cmn.c(133): CMN: 81.14 13.41 -2.55  3.68 -6.83 -1.67 -2.85  8.45  0.05  4.78 -1.08  5.74  2.74 
utt>   112                    file_3  120    0    52 14  2 3 2.060726e-12 -1.455905e+02 -1.747086e+04
INFO: cmn.c(133): CMN: 82.91  2.19 -4.94 11.51 -1.90  1.73 -5.58  7.06 -2.06  3.10 -0.70  3.56  8.56 
utt>   113                    file_4  149    0    72 15  2 4 3.649509e-12 -1.463753e+02 -2.180992e+04
INFO: cmn.c(133): CMN: 85.58  5.68 -7.87 10.86 -6.57  0.61 -2.25  3.79 -8.81  4.50 -4.27  0.14  6.04 
utt>   114                    file_5  137    0    64 14  2 4 1.859001e-12 -1.436228e+02 -1.967632e+04
INFO: cmn.c(133): CMN: 82.12 13.66 -0.67  9.51 -4.61  6.23  2.07 13.01 -1.66  6.01 -0.28 -3.35 -0.91 
utt>   115                    file_6  109    0    60 22  2 5 3.297534e-12 -1.443938e+02 -1.573892e+04
INFO: cmn.c(133): CMN: 87.16  1.24 -2.29 12.28 -6.73 -3.86  4.80  9.93  0.55  7.43  0.78  1.35  0.97 
utt>   116                    file_7  625    0   180 17  2 3 3.996198e-12 -1.447189e+02 -9.044929e+04
INFO: cmn.c(133): CMN: 83.81  6.16 -2.53 12.65 -5.50 -5.98  1.58  5.63 -1.31 -0.73 -6.38  0.95  1.91 
utt>   117                    file_8  516    0   168 18  2 4 3.791967e-12 -1.449953e+02 -7.481757e+04
INFO: cmn.c(133): CMN: 81.37  6.63 -1.23 12.72 -6.90 -2.67 -0.01  8.10 -1.97 -0.22 -5.10  1.69  5.08 
utt>   118                    file_9  643    0   176 16  2 3 3.331470e-12 -1.432100e+02 -9.208404e+04
INFO: cmn.c(133): CMN: 81.82  8.06 -2.12  1.31 -12.94 -0.58  2.72  8.55 -3.12  0.90 -3.91  3.11  3.29 
utt>   119                   file_10  662    0   204 16  1 3 3.616120e-12 -1.437047e+02 -9.513254e+04
INFO: cmn.c(133): CMN: 81.49  7.02 -5.73 10.22 -0.66  7.41  3.84 13.96 12.06  2.87 -10.31 -3.43  4.50 
utt>   120                   file_11  138    0    64 18  2 4 3.663669e-12 -1.436197e+02 -1.981951e+04
INFO: cmn.c(133): CMN: 85.07  3.05 -6.21  8.41 -8.76 -2.63 -0.41 -8.26 -14.27 -1.68  3.56  1.10 -7.52 
utt>   121                    file_1  131    0    76 16  2 4 6.197169e-12 -1.453725e+02 -1.904380e+04
INFO: cmn.c(133): CMN: 80.76  6.96 -11.25 12.18 -9.42 -4.08  5.66 -2.00 -13.83 -1.83  2.94  3.36 -4.53 
utt>   122                    file_2  124    0    56 15  2 4 2.238361e-12 -1.404939e+02 -1.742125e+04
INFO: cmn.c(133): CMN: 82.98 10.90 -7.82 11.71 -14.07 -14.46  0.34 -7.00 -17.11 -2.41 -4.73 -1.89  2.77 
utt>   123                    file_3  107    0    52 16  2 4 3.080537e-12 -1.423034e+02 -1.522646e+04
INFO: cmn.c(133): CMN: 87.46  3.64 -13.02 12.43 -8.47 -7.07 -4.14 -11.66 -12.80  1.95  2.97  3.22 -5.93 
utt>   124                    file_4  122    0    72 23  2 4 5.427291e-12 -1.455594e+02 -1.775824e+04
INFO: cmn.c(133): CMN: 89.36  0.68 -14.07  9.22 -10.74 -7.52 -4.23 -11.39 -5.93  4.39  5.34  5.39 -10.21 
utt>   125                    file_5  110    0    64 16  2 5 3.122672e-12 -1.393698e+02 -1.533068e+04
INFO: cmn.c(133): CMN: 79.02  9.87 -7.20 12.36 -5.70 -4.51  1.88  0.92 -10.54 -5.82  1.23 -0.19 -4.16 
utt>   126                    file_6  129    0    60 21  2 5 9.096239e-12 -1.391385e+02 -1.794886e+04
INFO: cmn.c(133): CMN: 80.92  1.36 -8.08 15.59 -5.19 -9.39 -3.64 -6.86 -3.15  0.73 -2.71  5.25  2.43 
utt>   127                    file_7  650    0   180 15  1 3 2.401586e-12 -1.407392e+02 -9.148046e+04
INFO: cmn.c(133): CMN: 79.81  5.80 -8.68 14.46 -3.58 -8.29 -4.10 -8.59 -7.13  2.51 -3.61  1.52  3.77 
utt>   128                    file_8  595    0   168 16  2 3 3.147458e-12 -1.403004e+02 -8.347875e+04
INFO: cmn.c(133): CMN: 80.53  5.08 -8.65 14.14 -8.34 -8.56 -1.59 -8.30 -7.41  0.46 -2.31  3.27  2.60 
utt>   129                    file_9  687    0   176 15  1 3 2.416266e-12 -1.390481e+02 -9.552601e+04
INFO: cmn.c(133): CMN: 80.94  8.83 -9.40  6.05 -13.28 -10.33 -0.97 -2.84 -13.69  0.92  1.11  2.39  5.05 
utt>   130                   file_10  612    0   204 16  2 4 2.851380e-12 -1.419016e+02 -8.684377e+04
INFO: cmn.c(133): CMN: 82.92  9.61 -12.27 10.88 -8.75 -4.75 -3.04 -8.22 -6.28  3.92  4.50 -1.06 -5.80 
utt>   131                   file_11  132    0    64 20  2 5 5.608370e-12 -1.398037e+02 -1.845409e+04
INFO: cmn.c(133): CMN: 88.81  1.13 -2.64  3.99 -10.10 -6.35 -15.99 -3.59 -3.88 -0.91 -0.62 -3.02  6.85 
utt>   132                    file_1  300    0   180 17  2 5 4.893357e-12 -1.475223e+02 -4.425668e+04
INFO: cmn.c(133): CMN: 86.62  4.19 -4.78 -2.74 -8.62  0.70 -6.69 -0.90 -4.33  5.54 -5.23 -4.41  4.25 
utt>   133                    file_2  224    0   120 16  2 4 4.535219e-12 -1.448705e+02 -3.245098e+04
INFO: cmn.c(133): CMN: 87.27  6.08 -8.75 -0.44 -17.78 -8.99 -10.54  3.17 -7.71  2.15  1.31  1.60  7.76 
utt>   134                    file_3  230    0   108 18  2 5 4.653361e-12 -1.459930e+02 -3.357840e+04
INFO: cmn.c(133): CMN: 89.15  0.80 -5.29  4.94 -9.15 -9.08 -19.10  0.87  0.05 12.37 -5.17 -2.19 12.05 
utt>   135                    file_4  306    0   168 19  2 4 3.313700e-12 -1.463330e+02 -4.477789e+04
INFO: cmn.c(133): CMN: 89.58  2.93 -11.72  1.30 -10.97 -7.07 -14.87 -0.34 -3.47 10.32 -5.22  2.02 10.52 
utt>   136                    file_5  268    0   144 19  2 4 2.903333e-12 -1.445364e+02 -3.873576e+04
INFO: cmn.c(133): CMN: 85.26  7.26 -6.25 -0.63 -13.22  0.07 -14.95  0.70 -4.27  3.79 -0.39  3.53 -2.87 
utt>   137                    file_6  239    0   108 20  2 4 3.721201e-12 -1.448502e+02 -3.461921e+04
INFO: cmn.c(133): CMN: 84.56 -0.22 -5.73  1.52 -12.87 -9.39 -9.52  8.44  5.79  0.53 -3.53  1.63 -0.49 
utt>   138                    file_7  723    0   180 15  1 3 2.220284e-12 -1.425386e+02 -1.030554e+05
INFO: cmn.c(133): CMN: 80.96  6.18 -9.75 -2.96 -9.27 -7.08 -11.07  7.12 11.09  4.37 -4.55  2.94  2.87 
utt>   139                    file_8  755    0   168 15  1 3 2.460025e-12 -1.402157e+02 -1.058629e+05
INFO: cmn.c(133): CMN: 82.23  6.26 -9.76 -1.27 -8.20 -4.05 -9.83  8.31  9.62  5.67 -1.54  3.80  4.20 
utt>   140                    file_9  700    0   176 15  1 3 3.545809e-12 -1.411526e+02 -9.880681e+04
INFO: cmn.c(133): CMN: 81.34  6.82 -7.14 -7.65 -14.04 -3.26 -7.55  2.41  0.75  4.74  1.22 -0.20  5.66 
utt>   141                   file_10  765    0   204 14  1 3 2.710653e-12 -1.422348e+02 -1.088097e+05
INFO: cmn.c(133): CMN: 84.38  9.36 -9.02 -2.01 -7.37 -2.68 -15.42  3.14  0.72  7.10  1.75 -2.88  0.33 
utt>   142                   file_11  252    0   112 19  2 4 4.348952e-12 -1.439510e+02 -3.627565e+04
INFO: cmn.c(133): CMN: 85.80  1.97 -0.34  6.14  1.21 -8.84 -6.76 -4.55 -2.79  7.04  9.86 -2.79  8.19 
utt>   143                    file_1  401    0   180 15  2 4 4.223316e-12 -1.431537e+02 -5.740463e+04
INFO: cmn.c(133): CMN: 84.77  4.42 -8.03  4.98 -2.82 -0.99  0.25  0.64 -3.43  5.86 -1.02 -10.17  2.62 
utt>   144                    file_2  331    0   120 13  1 3 2.971932e-12 -1.431094e+02 -4.736922e+04
INFO: cmn.c(133): CMN: 85.19 12.18 -5.60  3.98 -6.23 -5.41 -3.88 -0.32 -7.46 -2.97  2.60  5.12  6.53 
utt>   145                    file_3  288    0   108 17  2 4 3.947322e-12 -1.395538e+02 -4.019149e+04
INFO: cmn.c(133): CMN: 89.74 -0.91 -7.31  5.70 -0.45 -15.02 -13.64  3.92  0.75  4.38  2.80 -1.88  4.46 
utt>   146                    file_4  400    0   168 17  2 4 2.158228e-12 -1.426058e+02 -5.704230e+04
INFO: cmn.c(133): CMN: 86.42  4.88 -9.13  2.45 -0.28 -5.18 -7.28  3.73  0.05  1.18 -0.36 -4.25  0.37 
utt>   147                    file_5  395    0   144 14  1 3 3.366938e-12 -1.391369e+02 -5.495906e+04
INFO: cmn.c(133): CMN: 83.37  5.57 -3.24  1.21  0.35 -2.09 -3.78  2.14  1.48  1.72 -0.07  3.25  4.59 
utt>   148                    file_6  360    0   108 21  2 4 3.312585e-12 -1.405166e+02 -5.058599e+04
INFO: cmn.c(133): CMN: 80.18 -0.45 -3.86  7.12 -1.48 -11.25 -6.60  3.34  1.37  5.15  8.12  6.65  3.64 
utt>   149                    file_7  903    0   180 15  1 3 2.041910e-12 -1.384056e+02 -1.249803e+05
INFO: cmn.c(133): CMN: 78.22  3.06 -4.53  5.12 -0.34 -7.43 -8.83  2.20 -2.22  3.00  2.00  3.12  4.65 
utt>   150                    file_8  956    0   168 15  1 3 1.991772e-12 -1.385908e+02 -1.324928e+05
INFO: cmn.c(133): CMN: 78.24  4.64 -4.27  4.69  0.69 -8.08 -2.63  2.91  1.67  2.51  4.30  4.16  5.53 
utt>   151                    file_9  987    0   176 17  1 3 2.771460e-12 -1.390967e+02 -1.372885e+05
INFO: cmn.c(133): CMN: 78.98  5.43 -4.46  0.54 -2.33 -5.66 -4.13  1.29  2.38  5.02  7.12  3.13  5.40 
utt>   152                   file_10  948    0   204 16  1 3 2.033123e-12 -1.396900e+02 -1.324261e+05
INFO: cmn.c(133): CMN: 80.60  7.77 -5.21  3.37  3.22 -3.45 -3.41 -0.67  4.55  4.93  3.75  2.43  4.36 
utt>   153                   file_11  338    0   112 18  2 4 3.861581e-12 -1.400204e+02 -4.732689e+04
INFO: cmn.c(133): CMN: 87.69  1.08  3.80  4.84 -4.19  0.28 -5.78 -7.00 -2.29 -1.26 -0.30  6.21 -2.83 
utt>   154                    file_1  320    0   180 16  2 4 3.619463e-12 -1.437039e+02 -4.598525e+04
INFO: cmn.c(133): CMN: 81.90  4.05 -0.40  5.93 -4.22  2.35 -0.49  0.27  1.38  0.94  4.37  1.89 -2.12 
utt>   155                    file_2  346    0   120 15  2 3 4.183381e-12 -1.420497e+02 -4.914920e+04
INFO: cmn.c(133): CMN: 78.82  7.87 -1.95  4.38 -5.03 -1.06 -4.96 -1.23 -2.62 -2.56 -0.10  6.09  4.13 
utt>   156                    file_3  341    0   108 17  2 4 4.498115e-12 -1.387338e+02 -4.730823e+04
INFO: cmn.c(133): CMN: 86.16  1.21 -3.48 11.26 -0.88 -2.24 -8.77 -6.66 -0.40 -0.61  3.80  1.90  0.59 
utt>   157                    file_4  405    0   168 16  2 3 3.514239e-12 -1.428551e+02 -5.785633e+04
INFO: cmn.c(133): CMN: 86.10  6.98 -5.00  3.30 -7.06 -3.48 -9.40 -2.95  1.88  3.16  2.60 -0.08 -3.67 
utt>   158                    file_5  368    0   144 15  2 4 3.589820e-12 -1.391923e+02 -5.122276e+04
INFO: cmn.c(133): CMN: 78.22 10.03 -3.23  2.30 -4.04 -0.30 -5.39 -5.49 -4.68 -0.28  3.71  4.85  0.82 
utt>   159                    file_6  373    0   108 18  1 3 2.962450e-12 -1.387562e+02 -5.175605e+04
INFO: cmn.c(133): CMN: 77.46  2.63 -2.14  2.29 -4.09 -2.26 -6.98 -3.95  1.38  3.49  1.48  0.65 -1.12 
utt>   160                    file_7 1083    0   180 16  1 3 2.513655e-12 -1.388233e+02 -1.503456e+05
INFO: cmn.c(133): CMN: 78.16  5.12 -1.08  2.01 -3.31 -1.76 -6.78 -3.80  1.64  1.24  0.41 -0.23  0.52 
utt>   161                    file_8 1063    0   176 17  1 3 2.315881e-12 -1.400561e+02 -1.488796e+05
INFO: cmn.c(133): CMN: 79.08  5.82 -1.44  3.05 -3.97  0.75 -4.62 -2.93 -2.45  1.22 -1.60 -2.79  1.02 
utt>   162                    file_9 1053    0   192 17  1 3 2.589629e-12 -1.391609e+02 -1.465364e+05
INFO: cmn.c(133): CMN: 79.17  6.21 -0.10  2.51 -7.38 -0.98 -5.94 -5.53 -2.66 -0.51  0.77  0.19  2.86 
utt>   163                   file_10 1014    0   204 17  1 3 2.884583e-12 -1.412293e+02 -1.432065e+05
INFO: cmn.c(133): CMN: 86.47 10.38 -2.52  3.64 -4.29 -0.67 -7.84 -7.13 -1.48  2.22  5.14  2.67  1.30 
utt>   164                   file_11  105    0    64 23  3 5 4.986435e-12 -1.400443e+02 -1.470465e+04
INFO: cmn.c(133): CMN: 87.08 -0.03 -0.11  9.07 -6.82  1.23 -3.84  2.98 -4.93  1.95  0.42 -2.31  7.06 
utt>   165                    file_1  411    0   180 15  2 4 3.515321e-12 -1.445689e+02 -5.941780e+04
INFO: cmn.c(133): CMN: 86.02  2.25 -6.66  2.54 -6.20  8.03  5.54  5.66 -6.59 -1.22 -6.88 -6.05 -3.19 
utt>   166                    file_2  367    0   120 13  1 3 4.010217e-12 -1.432925e+02 -5.258834e+04
INFO: cmn.c(133): CMN: 87.72  7.30 -3.12  6.48 -11.06  0.42 -4.86  2.43 -4.62 -1.78 -0.99 -3.21  2.37 
utt>   167                    file_3  321    0   108 16  2 4 3.913734e-12 -1.433880e+02 -4.602756e+04
INFO: cmn.c(133): CMN: 91.58 -1.71 -6.82  8.07 -4.54 -6.25 -11.87  3.21 -5.37  4.30 -2.99 -3.07  6.25 
utt>   168                    file_4  388    0   168 19  2 4 2.603586e-12 -1.448127e+02 -5.618734e+04
INFO: cmn.c(133): CMN: 93.99 -1.25 -11.61  1.06 -9.20 -1.37 -4.23  4.33 -3.05  1.51 -4.66 -1.81  8.18 
utt>   169                    file_5  368    0   144 16  2 4 3.598593e-12 -1.412152e+02 -5.196718e+04
INFO: cmn.c(133): CMN: 90.01  3.08 -4.97  5.54 -9.93 -1.54 -7.58  1.64 -6.11  2.10  2.80  1.74  5.31 
utt>   170                    file_6  307    0   108 20  2 4 4.247106e-12 -1.434843e+02 -4.404969e+04
INFO: cmn.c(133): CMN: 83.77 -4.14 -5.13  8.88 -9.78 -3.21 -3.90  3.22 -3.31  0.12  3.20 -1.74  1.20 
utt>   171                    file_7  921    0   180 16  1 3 2.225224e-12 -1.394120e+02 -1.283985e+05
INFO: cmn.c(133): CMN: 84.16  1.20 -5.33  6.84 -10.42 -4.08 -7.31  5.63 -3.77  0.66  2.49  0.65  5.43 
utt>   172                    file_8  898    0   176 15  1 3 2.063176e-12 -1.404701e+02 -1.261422e+05
INFO: cmn.c(133): CMN: 87.42 -3.48 -5.64  4.15 -11.62 -6.12 -9.09  4.94 -2.13  1.84  4.25  5.09  6.13 
utt>   173                    file_9  903    0   192 16  1 3 1.986233e-12 -1.418159e+02 -1.280598e+05
INFO: cmn.c(133): CMN: 85.76  1.91 -7.21  1.53 -16.22 -5.93 -7.81  4.25 -3.56  0.04  4.21  1.18  4.84 
utt>   174                   file_10  848    0   204 15  1 3 2.573098e-12 -1.413073e+02 -1.198286e+05
INFO: cmn.c(133): CMN: 93.09 -0.48 -10.40  2.81 -3.74 -1.54 -5.49 10.00 -1.08  3.00 -0.12  1.80  8.58 
utt>   175                   file_11  145    0    64 20  2 5 6.038801e-12 -1.429073e+02 -2.072156e+04
INFO: cmn.c(133): CMN: 53.67  2.05  5.36 11.21 -9.13  4.40  8.96 -6.47 -0.71  7.46 -10.91  1.25 16.03 
utt>   176                    file_1  170    0    76 14  2 4 4.451001e-12 -1.480574e+02 -2.516975e+04
INFO: cmn.c(133): CMN: 52.44  7.73 -6.48  1.87 -8.96 11.01 10.66 -5.55  0.30  4.73 -8.43 -8.32 14.39 
utt>   177                    file_2  148    0    56 12  2 3 3.226285e-12 -1.440208e+02 -2.131508e+04
INFO: cmn.c(133): CMN: 52.36 15.01  4.46  7.62 -23.28 -5.87  2.47 -12.71 -2.66 -1.90 -1.81  9.98 20.68 
utt>   178                    file_3  132    0    52 15  2 4 2.090300e-12 -1.474290e+02 -1.946063e+04
INFO: cmn.c(133): CMN: 55.25  6.87 -6.47 10.84 -9.45  5.01  4.30 -7.74  1.84  4.26 -6.62 -4.77 19.93 
utt>   179                    file_4  149    0    72 16  2 4 3.949845e-12 -1.479683e+02 -2.204727e+04
INFO: cmn.c(133): CMN: 54.49 10.92 -7.99  6.47 -11.40  3.99  7.47 -5.32  5.98  2.61 -11.77 -7.04 13.35 
utt>   180                    file_5  170    0    64 13  1 3 3.158331e-12 -1.450826e+02 -2.466405e+04
INFO: cmn.c(133): CMN: 53.15 15.25  5.55  9.81 -17.33  1.81  7.85 -3.38  5.16  0.10 -3.28  5.64 23.80 
utt>   181                    file_6  154    0    60 16  2 4 3.800139e-12 -1.457095e+02 -2.243927e+04
INFO: cmn.c(133): CMN: 49.32  3.74 -0.02 16.95 -12.19 -3.19 -1.40 -1.94 -2.60 -1.15 -2.95 -4.27 12.63 
utt>   182                    file_7  784    0   180 15  1 3 2.634210e-12 -1.438258e+02 -1.127594e+05
INFO: cmn.c(133): CMN: 50.00  9.62 -0.24 14.77 -13.27  0.61  4.58  2.93  2.54 -0.39 -1.10  1.43 10.84 
utt>   183                    file_8  872    0   176 14  1 3 2.710027e-12 -1.439717e+02 -1.255434e+05
INFO: cmn.c(133): CMN: 51.97  8.42 -0.78 13.93 -11.53 -3.04  4.22  1.11  1.09 -2.54 -1.66  4.79 14.40 
utt>   184                    file_9  835    0   200 14  1 3 1.944982e-12 -1.444489e+02 -1.206148e+05
INFO: cmn.c(133): CMN: 50.58 11.57 -2.53  5.86 -14.34  1.70  5.96 -1.88 -3.27 -1.17 -0.87  4.72 14.34 
utt>   185                   file_10  818    0   204 15  1 3 3.017635e-12 -1.461126e+02 -1.195201e+05
INFO: cmn.c(133): CMN: 57.38 12.78 -8.49  1.90 -10.25 -0.60  5.92  7.62  9.30  2.37 -2.99  1.25 15.03 
utt>   186                   file_11  158    0    64 14  2 3 4.296476e-12 -1.475560e+02 -2.331384e+04
INFO: cmn.c(133): CMN: 60.02  5.98 -6.29  9.56 -19.38 16.24  7.07 -8.01 -3.89  5.52 -9.38 -0.36  0.03 
utt>   187                    file_1  200    0    76 11  1 3 3.028317e-12 -1.458457e+02 -2.916915e+04
INFO: cmn.c(133): CMN: 57.10  8.37 -6.84  3.70 -16.85 15.92  6.65 -8.66 -3.91  2.88 -6.78 -0.04 -0.52 
utt>   188                    file_2  180    0    56 12  1 3 2.566442e-12 -1.438958e+02 -2.590125e+04
INFO: cmn.c(133): CMN: 59.45  8.78  2.04 11.87 -33.24  6.66 -1.71 -6.59  1.70  9.22 -6.35 10.99  2.63 
utt>   189                    file_3  209    0    52 15  1 3 2.299878e-12 -1.454734e+02 -3.040395e+04
INFO: cmn.c(133): CMN: 58.64  4.44 -9.68  9.05 -17.42 14.36 -8.38 -5.17  6.79  5.50 -6.32  6.13  4.16 
utt>   190                    file_4  211    0    72 14  1 3 2.932018e-12 -1.469491e+02 -3.100626e+04
INFO: cmn.c(133): CMN: 63.95  1.85 -19.88  4.88 -20.64 16.38 -3.53 -6.65  2.33  0.50 -6.46 -0.52  0.34 
utt>   191                    file_5  203    0    64 11  1 3 3.555084e-12 -1.459430e+02 -2.962643e+04
INFO: cmn.c(133): CMN: 57.00 12.83  0.93  5.91 -36.65 12.40 -5.65  0.51  6.00  3.40 -8.45 -3.77 -8.17 
utt>   192                    file_6  194    0    60 13  1 3 2.061222e-12 -1.474947e+02 -2.861397e+04
INFO: cmn.c(133): CMN: 55.97  2.88 -2.41 14.02 -23.40  4.48 -8.32  2.66  0.63  8.28  0.11  4.97 -0.05 
utt>   193                    file_7  833    0   180 14  1 3 2.115443e-12 -1.434169e+02 -1.194662e+05
INFO: cmn.c(133): CMN: 59.02  7.47 -3.47 10.21 -24.09  7.78 -9.34  8.22 -2.81  7.44  0.70  5.21  6.59 
utt>   194                    file_8  774    0   176 13  1 3 2.227267e-12 -1.449336e+02 -1.121786e+05
INFO: cmn.c(133): CMN: 58.42  6.11 -4.91  8.28 -22.89  4.45 -11.73  9.62 -1.80  7.13  1.58  1.75  7.91 
utt>   195                    file_9  854    0   200 12  1 3 2.037235e-12 -1.445313e+02 -1.234297e+05
INFO: cmn.c(133): CMN: 56.09  7.95 -1.68  0.59 -27.21 10.98 -5.48  7.70  2.65  5.33 -0.45  4.20  7.27 
utt>   196                   file_10  843    0   204 13  1 3 2.137358e-12 -1.449764e+02 -1.222151e+05
INFO: cmn.c(133): CMN: 60.00  9.87 -11.88  3.37 -19.10 14.27 -11.25  1.47  9.73  6.45 -0.55  4.05  8.03 
utt>   197                   file_11  203    0    64 14  1 3 3.916245e-12 -1.473683e+02 -2.991576e+04
INFO: cmn.c(133): CMN: 46.72  8.50  0.19  7.53  3.05  4.95 -5.80 -5.34 -8.10  3.39  2.97 -7.09  5.50 
utt>   198                    file_1  446    0   180 16  2 4 4.213499e-12 -1.424451e+02 -6.353053e+04
INFO: cmn.c(133): CMN: 46.17  7.99 -3.42  9.07 -1.85  9.15  0.43  2.89 -6.05  4.38  6.83 -7.65  6.36 
utt>   199                    file_2  426    0   120 13  2 3 2.874243e-12 -1.433091e+02 -6.104968e+04
INFO: cmn.c(133): CMN: 52.34 14.92 -8.08  2.28 -19.18  6.75  1.06  1.04 -4.51  2.96  4.34 -3.26  6.07 
utt>   200                    file_3  361    0    92 19  2 3 2.596644e-12 -1.460836e+02 -5.273616e+04
INFO: cmn.c(133): CMN: 49.51  7.69 -2.58 15.82 -3.11 -1.46 -11.69  1.85 -4.88  0.87  2.48 -10.46  6.15 
utt>   201                    file_4  436    0   168 17  2 4 3.004743e-12 -1.447697e+02 -6.311958e+04
INFO: cmn.c(133): CMN: 52.03 13.43 -11.77  5.47 -5.64  5.28 -5.44  3.40 -2.10  3.70  4.13 -13.89  6.47 
utt>   202                    file_5  389    0   144 14  2 3 3.007635e-12 -1.419405e+02 -5.521487e+04
INFO: cmn.c(133): CMN: 49.49 15.08 -3.43  4.21 -7.13  6.82 -4.09  1.52 -4.62  2.78  5.10 -8.54  5.55 
utt>   203                    file_6  354    0   108 23  2 4 3.783469e-12 -1.428052e+02 -5.055303e+04
INFO: cmn.c(133): CMN: 48.47  6.20 -3.91 13.97 -15.73 -0.76 -5.28  8.65  1.22  3.81  7.19 -6.28  3.24 
utt>   204                    file_7  730    0   180 15  2 3 2.899456e-12 -1.418694e+02 -1.035646e+05
INFO: cmn.c(133): CMN: 49.61 12.16 -5.41  9.28 -20.32 -1.09 -6.20  2.99 -1.74  3.48  3.11 -5.77  4.70 
utt>   205                    file_8  713    0   176 14  1 3 2.403096e-12 -1.414520e+02 -1.008553e+05
INFO: cmn.c(133): CMN: 49.53  9.92 -3.67  8.39 -17.01 -2.96 -5.07  9.12  0.71  4.52  1.55 -6.71  3.99 
utt>   206                    file_9  764    0   200 14  1 3 2.610879e-12 -1.419979e+02 -1.084864e+05
INFO: cmn.c(133): CMN: 48.68 11.53 -5.15  2.44 -19.28  2.58  0.74 10.51 -1.22  6.16  7.90 -4.83  5.26 
utt>   207                   file_10  726    0   204 15  2 3 2.241467e-12 -1.429871e+02 -1.038086e+05
INFO: cmn.c(133): CMN: 51.99 17.98 -10.05 -0.34 -8.07  7.94 -2.94  6.72  5.30 10.72  5.17 -1.58  5.82 
utt>   208                   file_11  302    0   112 22  2 4 3.525056e-12 -1.424700e+02 -4.302595e+04
INFO: cmn.c(133): CMN: 76.86  8.24  2.06  3.75 -13.10  4.69 -4.77 -4.73 -10.36 -4.64 -0.78  2.32 -3.58 
utt>   209                    file_1  435    0   180 13  2 4 3.942418e-12 -1.425999e+02 -6.203096e+04
INFO: cmn.c(133): CMN: 72.16 10.07 -2.17  2.64 -8.01  4.17 -2.09  0.22 -6.20 -2.58  3.00 -2.63 -8.25 
utt>   210                    file_2  405    0   120 13  1 3 1.635458e-12 -1.425323e+02 -5.772559e+04
INFO: cmn.c(133): CMN: 69.25 14.93  1.12  3.84 -6.55  1.34 -3.08 -3.99 -7.91 -6.23 -5.21 -0.49 -2.09 
utt>   211                    file_3  339    0   108 17  2 3 2.717161e-12 -1.414040e+02 -4.793595e+04
INFO: cmn.c(133): CMN: 77.57  5.60 -3.52  8.55 -8.84  1.01 -6.12 -5.36 -9.01 -4.60  1.02 -1.24 -6.99 
utt>   212                    file_4  423    0   168 13  1 3 1.831283e-12 -1.436654e+02 -6.077045e+04
INFO: cmn.c(133): CMN: 77.05  7.51 -5.48  5.72 -9.36  3.78 -7.26 -1.90 -6.65 -0.83  0.53 -6.22 -4.86 
utt>   213                    file_5  387    0   144 13  1 3 2.763375e-12 -1.404549e+02 -5.435605e+04
INFO: cmn.c(133): CMN: 74.73 13.22 -1.13  6.07 -7.72  5.76  0.70 -0.57 -5.68 -4.39 -4.42 -5.95 -2.04 
utt>   214                    file_6  341    0   108 16  1 3 2.406298e-12 -1.396224e+02 -4.761122e+04
INFO: cmn.c(133): CMN: 76.80  3.73 -3.91  3.82 -7.49 -0.99 -9.12 -5.41 -5.27 -3.91 -3.18 -0.81 -2.40 
utt>   215                    file_7  884    0   180 14  1 3 2.291113e-12 -1.387684e+02 -1.226712e+05
INFO: cmn.c(133): CMN: 77.20  9.40 -2.83  4.12 -9.00 -1.06 -6.61 -4.95 -4.07 -3.09 -3.85 -1.97 -1.52 
utt>   216                    file_8  949    0   176 14  1 2 2.249136e-12 -1.392724e+02 -1.321695e+05
INFO: cmn.c(133): CMN: 77.41  7.61 -2.03  2.95 -8.35  0.70 -7.34 -4.45 -4.67 -3.83 -3.56 -0.15 -1.13 
utt>   217                    file_9  924    0   200 13  1 3 2.204035e-12 -1.395922e+02 -1.289832e+05
INFO: cmn.c(133): CMN: 75.87 10.14 -3.17 -0.25 -12.86 -1.45 -5.61 -4.67 -4.59 -0.65 -2.25 -0.04 -1.26 
utt>   218                   file_10  931    0   204 14  1 2 1.943817e-12 -1.396434e+02 -1.300080e+05
INFO: cmn.c(133): CMN: 82.19  9.55 -4.16 10.10 -5.97  8.29 -6.18 -2.07 -8.86 -3.65 -5.78 -6.80 -2.84 
utt>   219                   file_11  119    0    64 16  2 4 3.139900e-12 -1.448626e+02 -1.723865e+04
INFO: cmn.c(133): CMN: 76.06  6.84 -5.14 17.53 -6.19  3.02  4.47  5.02  1.32 13.45 10.23 -1.82  9.36 
utt>   220                    file_1  438    0   180 14  2 3 2.149705e-12 -1.429348e+02 -6.260543e+04
INFO: cmn.c(133): CMN: 73.42  8.20 -7.35  9.11 -13.77 -2.39 -4.47 -2.91 -5.74  1.57  1.45 -1.16  0.96 
utt>   221                    file_2  369    0   120 13  1 3 2.153708e-12 -1.425076e+02 -5.258529e+04
INFO: cmn.c(133): CMN: 77.10  9.70 -5.21  7.34 -21.83 -4.75  2.17 -4.21 -3.83 -1.97  2.14  9.35  1.68 
utt>   222                    file_3  328    0   108 15  2 3 1.987704e-12 -1.449222e+02 -4.753449e+04
INFO: cmn.c(133): CMN: 79.91  4.83 -11.63 10.36 -13.75 -8.87 -8.25 -1.85  2.36  2.83 -1.87  0.08  1.93 
utt>   223                    file_4  415    0   168 13  1 3 2.598839e-12 -1.444193e+02 -5.993402e+04
INFO: cmn.c(133): CMN: 78.10  8.91 -13.56  9.14 -14.76 -5.48 -4.34 -0.87 -0.11  2.48 -1.25 -1.62  1.78 
utt>   224                    file_5  397    0   144 12  1 3 2.441114e-12 -1.417016e+02 -5.625553e+04
INFO: cmn.c(133): CMN: 74.70 10.23 -8.09  6.77 -17.66 -2.65 -3.09 -0.06  0.59 -0.07  2.32  4.54  0.62 
utt>   225                    file_6  360    0   108 16  2 3 2.840817e-12 -1.421225e+02 -5.116410e+04
INFO: cmn.c(133): CMN: 73.32  4.23 -7.10 12.12 -13.69 -9.74 -4.29 -4.68 -6.12 -0.83 -2.17  1.36 -1.00 
utt>   226                    file_7  930    0   180 14  1 3 2.299919e-12 -1.400837e+02 -1.302779e+05
INFO: cmn.c(133): CMN: 70.50  8.37 -8.36  5.00 -14.49 -6.60 -4.16 -2.77  0.34  0.74 -1.70  3.31  0.36 
utt>   227                    file_8 1099    0   176 15  1 2 1.489521e-12 -1.399423e+02 -1.537966e+05
INFO: cmn.c(133): CMN: 70.33  7.38 -6.01  7.68 -13.21 -6.92 -4.08 -3.32  0.63 -0.21 -1.38  4.39  1.64 
utt>   228                    file_9 1084    0   200 14  1 3 2.077169e-12 -1.397914e+02 -1.515339e+05
INFO: cmn.c(133): CMN: 69.46  8.57 -7.09  0.98 -16.04 -6.46 -2.81 -1.92 -2.77  0.44 -0.99  3.68  1.24 
utt>   229                   file_10 1077    0   204 15  1 3 1.871687e-12 -1.391655e+02 -1.498812e+05
INFO: cmn.c(133): CMN: 78.61 10.96 -11.12  9.01 -11.29 -3.72 -3.96  0.18  6.00  2.68 -3.27  3.61  2.96 
utt>   230                   file_11  160    0    64 14  2 4 3.998697e-12 -1.441667e+02 -2.306668e+04
INFO: cmn.c(133): CMN: 74.19  5.92 -0.70  3.42 -9.80 -3.36 -7.21 -2.24 -2.50  7.45  2.70  5.01  4.42 
utt>   231                    file_1  448    0   180 13  1 3 2.608603e-12 -1.437425e+02 -6.439663e+04
INFO: cmn.c(133): CMN: 74.63  7.71 -4.70 -0.93 -9.13 -0.80 -7.52 -1.70 -1.26  7.74 -2.18 -0.90  3.62 
utt>   232                    file_2  385    0   120 13  1 3 2.747960e-12 -1.437071e+02 -5.532722e+04
INFO: cmn.c(133): CMN: 74.74  9.60 -4.00 -2.27 -14.54 -6.45 -10.46 -7.17 -10.10  0.96  4.00  9.39  8.71 
utt>   233                    file_3  360    0   108 15  1 3 3.234728e-12 -1.434401e+02 -5.163845e+04
INFO: cmn.c(133): CMN: 79.31  2.09 -5.18  5.82 -14.42 -5.89 -13.70 -1.61 -0.50  6.25 -1.29  3.58  6.02 
utt>   234                    file_4  477    0   168 14  1 3 2.450864e-12 -1.448636e+02 -6.909995e+04
INFO: cmn.c(133): CMN: 81.05  5.84 -8.32  2.64 -13.77 -6.37 -10.70 -0.11 -2.29  3.21 -0.68  4.18  4.91 
utt>   235                    file_5  398    0   144 12  1 3 2.450536e-12 -1.425880e+02 -5.675003e+04
INFO: cmn.c(133): CMN: 77.50 10.83 -6.55 -0.31 -12.80 -3.37 -7.28 -4.03 -2.10  4.89  5.15 10.67  4.63 
utt>   236                    file_6  383    0   108 20  2 3 2.064482e-12 -1.407295e+02 -5.389941e+04
INFO: cmn.c(133): CMN: 77.78  1.71 -4.73  3.62 -12.18 -7.54 -8.30 -3.07 -3.93  0.53  3.40  5.81  0.20 
utt>   237                    file_7 1055    0   180 15  1 2 1.850300e-12 -1.416586e+02 -1.494499e+05
INFO: cmn.c(133): CMN: 76.49  6.44 -7.04 -2.80 -12.03 -5.11 -6.66  1.53 -1.02  0.54  1.71  7.66  2.63 
utt>   238                    file_8 1073    0   176 14  1 2 1.688302e-12 -1.411302e+02 -1.514328e+05
INFO: cmn.c(133): CMN: 75.95  5.33 -5.51 -2.52 -13.66 -7.77 -9.19 -1.71 -2.08  0.64 -0.15  5.32  1.52 
utt>   239                    file_9 1137    0   200 14  1 2 2.085038e-12 -1.407139e+02 -1.599917e+05
INFO: cmn.c(133): CMN: 74.59  8.25 -6.75 -4.03 -13.96 -2.67 -6.68 -2.84 -3.70  2.76  2.55  4.41  1.25 
utt>   240                   file_10 1153    0   204 15  1 2 2.177523e-12 -1.422428e+02 -1.640060e+05
INFO: cmn.c(133): CMN: 86.66  3.30 -8.46 -0.61 -11.38  1.35 -7.78  1.63  1.91  1.57 -1.68 11.63  2.13 
utt>   241                   file_11  181    0    64 15  2 3 3.891865e-12 -1.457890e+02 -2.638781e+04
INFO: cmn.c(133): CMN: 84.68  1.89 -1.90  0.90 -0.12 -2.20 -11.76 -2.27 -5.33  3.04  5.84  6.17  4.25 
utt>   242                    file_1  325    0   180 16  2 4 3.736149e-12 -1.447880e+02 -4.705609e+04
INFO: cmn.c(133): CMN: 82.10  3.63 -1.38  0.68 -5.10  0.95 -7.70 -1.00 -11.27 11.38 -0.25  7.54  6.74 
utt>   243                    file_2  276    0   120 13  2 4 3.219137e-12 -1.450030e+02 -4.002082e+04
INFO: cmn.c(133): CMN: 83.42  9.79 -4.57  4.56 -4.16 -5.23 -12.15 -1.78 -10.51  2.21  1.72  7.67  7.74 
utt>   244                    file_3  245    0   108 17  2 5 3.750473e-12 -1.415748e+02 -3.468582e+04
INFO: cmn.c(133): CMN: 88.88 -0.00 -4.13  7.20 -1.97 -3.03 -19.79 -6.38 -1.33  9.57 -3.24  7.18  9.95 
utt>   245                    file_4  327    0   168 17  2 4 4.280173e-12 -1.468854e+02 -4.803151e+04
INFO: cmn.c(133): CMN: 89.38  5.58 -7.52  3.32 -7.89 -10.21 -13.18 -0.49 -3.54  6.95  2.18  4.60  5.70 
utt>   246                    file_5  280    0   144 15  2 4 5.036350e-12 -1.408719e+02 -3.944414e+04
INFO: cmn.c(133): CMN: 87.98  6.87 -7.26  2.00 -4.01 -1.24 -10.95 -2.55 -5.26  5.47  5.08  9.84  5.35 
utt>   247                    file_6  237    0   108 17  2 4 2.950672e-12 -1.413260e+02 -3.349426e+04
INFO: cmn.c(133): CMN: 83.13  0.03 -5.23  2.13 -5.43 -8.09 -13.88  1.18  3.28  9.03 -3.57  8.80  5.54 
utt>   248                    file_7  741    0   180 15  1 3 2.701321e-12 -1.398931e+02 -1.036608e+05
INFO: cmn.c(133): CMN: 88.33  1.23 -7.93 -2.07 -8.02 -8.01 -14.65  1.29  1.86  5.16 -1.00 10.84  6.78 
utt>   249                    file_8  686    0   176 15  1 3 2.054529e-12 -1.423513e+02 -9.765298e+04
INFO: cmn.c(133): CMN: 85.40  2.61 -3.55  0.05 -5.20 -6.84 -16.17 -3.54  0.10  6.73 -1.34  9.20  5.86 
utt>   250                    file_9  683    0   200 14  1 3 3.014906e-12 -1.430333e+02 -9.769173e+04
INFO: cmn.c(133): CMN: 84.23  4.24 -4.81 -3.97 -10.08 -5.64 -14.13 -2.76 -0.62  7.98  3.88  8.80  5.56 
utt>   251                   file_10  692    0   204 15  1 3 2.768305e-12 -1.423519e+02 -9.850753e+04
INFO: cmn.c(133): CMN: 85.41  5.73 -6.84  1.13 -4.69 -4.38 -18.32 -5.19 -3.21 13.42  5.68  5.43  7.78 
utt>   252                   file_11  106    0    64 14  2 4 4.844439e-12 -1.429257e+02 -1.515012e+04
overall> stats 111012 (-0) -1.420555e+02 -1.576987e+07

INFO: s3mixw_io.c(233): Wrote /home/simone/Documenti/Elaborazione/project-NLP/bwaccumdir/android_db_buff_1/mixw_counts [281x1x4 array]
INFO: s3tmat_io.c(176): Wrote /home/simone/Documenti/Elaborazione/project-NLP/bwaccumdir/android_db_buff_1/tmat_counts [27x3x4 array]
INFO: s3gau_io.c(485): Wrote /home/simone/Documenti/Elaborazione/project-NLP/bwaccumdir/android_db_buff_1/gauden_counts with means with vars (2pass) [281x1x4 vector arrays]
INFO: main.c(999): Counts saved to /home/simone/Documenti/Elaborazione/project-NLP/bwaccumdir/android_db_buff_1
Sun Dec 11 12:12:30 2016
