        INFO: main.c(229): Compiled on Oct 27 2016 at 19:16:52
Current configuration:
[NAME]		[DEFLT]		[VALUE]
-2passvar	no		no
-abeam		1e-100		1.000000e-90
-accumdir			/home/simone/Documenti/Elaborazione/project-NLP/bwaccumdir/android_db_buff_1
-agc		none		none
-agcthresh	2.0		2.000000e+00
-bbeam		1e-100		1.000000e-10
-cb2mllrfn	.1cls.		.1cls.
-cepdir				/home/simone/Documenti/Elaborazione/project-NLP/feat
-cepext		mfc		mfc
-ceplen		13		13
-ckptintv			0
-cmn		live		current
-cmninit	40,3,-1		40,3,-1
-ctlfn				/home/simone/Documenti/Elaborazione/project-NLP/etc/android_db_train.fileids
-diagfull	no		no
-dictfn				/home/simone/Documenti/Elaborazione/project-NLP/etc/android_db.dic
-example	no		no
-fdictfn			/home/simone/Documenti/Elaborazione/project-NLP/etc/android_db.filler
-feat		1s_c_d_dd	1s_c_d_dd
-fullvar	no		no
-help		no		no
-hmmdir				
-latdir				
-latext				
-lda				
-ldadim		0		0
-lsnfn				/home/simone/Documenti/Elaborazione/project-NLP/etc/android_db_train.transcription
-lw		11.5		1.150000e+01
-maxuttlen	0		0
-meanfn				/home/simone/Documenti/Elaborazione/project-NLP/model_parameters/android_db.cd_cont_initial/means
-meanreest	yes		yes
-mixwfn				/home/simone/Documenti/Elaborazione/project-NLP/model_parameters/android_db.cd_cont_initial/mixture_weights
-mixwreest	yes		yes
-mllrmat			
-mmie		no		no
-mmie_type	rand		rand
-moddeffn			/home/simone/Documenti/Elaborazione/project-NLP/model_architecture/android_db.200.mdef
-mwfloor	0.00001		1.000000e-05
-npart				1
-nskip				0
-outphsegdir			
-outputfullpath	no		no
-part				1
-pdumpdir			
-phsegdir			
-phsegext	phseg		phseg
-runlen		-1		-1
-sentdir			
-sentext	sent		sent
-spthresh	0.0		0.000000e+00
-svspec				
-timing		yes		no
-tmatfn				/home/simone/Documenti/Elaborazione/project-NLP/model_parameters/android_db.cd_cont_initial/transition_matrices
-tmatreest	yes		yes
-topn		4		4
-tpfloor	0.0001		1.000000e-05
-ts2cbfn			.cont.
-varfloor	0.00001		1.000000e-04
-varfn				/home/simone/Documenti/Elaborazione/project-NLP/model_parameters/android_db.cd_cont_initial/variances
-varnorm	no		no
-varreest	yes		yes
-viterbi	no		no

INFO: feat.c(715): Initializing feature stream to type: '1s_c_d_dd', ceplen=13, CMN='batch', VARNORM='no', AGC='none'
INFO: main.c(318): Reading /home/simone/Documenti/Elaborazione/project-NLP/model_architecture/android_db.200.mdef
INFO: model_def_io.c(573): Model definition info:
INFO: model_def_io.c(574): 598 total models defined (27 base, 571 tri)
INFO: model_def_io.c(575): 2392 total states
INFO: model_def_io.c(576): 281 total tied states
INFO: model_def_io.c(577): 81 total tied CI states
INFO: model_def_io.c(578): 27 total tied transition matrices
INFO: model_def_io.c(579): 4 max state/model
INFO: model_def_io.c(580): 4 min state/model
INFO: s3mixw_io.c(117): Read /home/simone/Documenti/Elaborazione/project-NLP/model_parameters/android_db.cd_cont_initial/mixture_weights [281x1x4 array]
INFO: s3tmat_io.c(118): Read /home/simone/Documenti/Elaborazione/project-NLP/model_parameters/android_db.cd_cont_initial/transition_matrices [27x3x4 array]
INFO: mod_inv.c(301): inserting tprob floor 1.000000e-05 and renormalizing
INFO: s3gau_io.c(169): Read /home/simone/Documenti/Elaborazione/project-NLP/model_parameters/android_db.cd_cont_initial/means [281x1x4 array]
INFO: s3gau_io.c(169): Read /home/simone/Documenti/Elaborazione/project-NLP/model_parameters/android_db.cd_cont_initial/variances [281x1x4 array]
INFO: gauden.c(176): 281 total mgau
INFO: gauden.c(150): 1 feature streams (|0|=39 )
INFO: gauden.c(187): 4 total densities
INFO: gauden.c(90): min_var=1.000000e-04
INFO: gauden.c(165): compute 4 densities/frame
INFO: main.c(431): Will reestimate mixing weights.
INFO: main.c(433): Will reestimate means.
INFO: main.c(435): Will reestimate variances.
INFO: main.c(443): Will reestimate transition matrices
INFO: main.c(456): Reading main dictionary: /home/simone/Documenti/Elaborazione/project-NLP/etc/android_db.dic
INFO: lexicon.c(221): 24 entries added from /home/simone/Documenti/Elaborazione/project-NLP/etc/android_db.dic
INFO: main.c(466): Reading filler dictionary: /home/simone/Documenti/Elaborazione/project-NLP/etc/android_db.filler
INFO: lexicon.c(221): 3 entries added from /home/simone/Documenti/Elaborazione/project-NLP/etc/android_db.filler
INFO: corpus.c(1062): Will process all remaining utts starting at 0
INFO: main.c(665): Reestimation: Baum-Welch
INFO: cmn.c(133): CMN: 89.64  2.21 -0.46  5.91 -1.57  5.41 -1.05  4.40 -1.04  0.54  2.20  5.75 -0.88 
column defns
	<seq>
	<id>
	<n_frame_in>
	<n_frame_del>
	<n_state_shmm>
	<avg_states_alpha>
	<avg_states_beta>
	<avg_states_reest>
	<avg_posterior_prune>
	<frame_log_lik>
	<utt_log_lik>
	... timing info ... 
utt>     0                    file_1  440    0   180 19  2 4 3.227114e-12 -1.456916e+02 -6.410432e+04
INFO: cmn.c(133): CMN: 87.17  0.63 -7.64  4.20 -3.57  3.86  3.86  7.98  1.14 -0.48  3.61  3.34 -4.79 
utt>     1                    file_2  395    0   120 15  1 3 2.757836e-12 -1.399818e+02 -5.529279e+04
INFO: cmn.c(133): CMN: 87.50  5.32 -4.61  3.04 -9.79 -4.95 -5.72  1.35  2.60  2.02 -2.15  2.04 -1.23 
utt>     2                    file_3  373    0   108 20  2 4 2.303625e-12 -1.403057e+02 -5.233402e+04
INFO: cmn.c(133): CMN: 88.33 -0.22 -8.39  4.52 -0.33 -0.00 -2.19  4.97  0.57  2.47  5.31  5.68 -5.39 
utt>     3                    file_4  494    0   168 21  2 3 2.355872e-12 -1.424956e+02 -7.039284e+04
INFO: cmn.c(133): CMN: 89.11  2.37 -7.79  2.51 -5.79 -1.48 -2.43  6.33  2.88  0.08 -0.85 -2.42 -7.08 
utt>     4                    file_5  429    0   144 17  2 3 4.098541e-12 -1.407254e+02 -6.037120e+04
INFO: cmn.c(133): CMN: 87.59  6.91 -6.05  2.68 -5.10  0.58 -3.92  2.78  0.82  3.59  1.96 -0.08 -3.26 
utt>     5                    file_6  362    0   108 26  2 4 4.332540e-12 -1.404588e+02 -5.084609e+04
INFO: cmn.c(133): CMN: 79.36  1.55 -6.93  4.80 -1.90 -0.23 -3.75  3.25  4.98 -1.33 -4.80  1.32  0.30 
utt>     6                    file_7  939    0   180 15  1 3 2.379227e-12 -1.399088e+02 -1.313743e+05
INFO: cmn.c(133): CMN: 77.86  3.78 -5.53  8.99 -3.38 -2.62 -10.03 -2.35  7.28 -0.26 -4.29 -0.13 -1.59 
utt>     7                    file_8  916    0   168 15  1 2 1.716194e-12 -1.402863e+02 -1.285022e+05
INFO: cmn.c(133): CMN: 76.86  4.13 -7.45  5.91 -0.57 -1.99 -6.86 -1.66  4.40  0.87 -5.96 -0.51 -2.11 
utt>     8                    file_9  912    0   176 15  1 3 2.755871e-12 -1.395056e+02 -1.272291e+05
INFO: cmn.c(133): CMN: 75.95  7.15 -4.92  1.19 -8.39 -5.05 -7.88 -1.30  7.70  2.47 -4.01  0.83 -1.23 
utt>     9                   file_10  957    0   204 15  1 3 2.339242e-12 -1.410395e+02 -1.349748e+05
INFO: cmn.c(133): CMN: 82.36  9.44 -1.40  1.37 -0.27 -1.06 -10.13 -4.62 -12.22 -0.90  3.55  5.74  0.65 
utt>    10                   file_11  139    0    64 16  2 5 4.609260e-12 -1.459468e+02 -2.028660e+04
INFO: cmn.c(133): CMN: 78.29 -2.70  5.74  8.09 -12.81  8.61 -10.16 -2.78 -0.93  4.20  2.66  2.63 -0.07 
utt>    11                    file_1  178    0    76 14  2 4 2.613413e-12 -1.464719e+02 -2.607199e+04
INFO: cmn.c(133): CMN: 77.94  1.84 -4.07  4.49 -12.72 13.76 -2.11 -1.99 -0.87  7.72 -2.61 -4.72 -4.61 
utt>    12                    file_2  134    0    56 13  2 3 1.757830e-12 -1.442033e+02 -1.932324e+04
INFO: cmn.c(133): CMN: 75.35 11.59  7.29  5.53 -10.99  2.14 -10.01 -6.01 -9.74  1.10 -6.88  4.61  7.14 
utt>    13                    file_3  123    0    52 14  2 4 5.176691e-12 -1.462014e+02 -1.798277e+04
INFO: cmn.c(133): CMN: 83.04 -2.09 -6.51  8.55 -8.64  0.68 -16.11 -1.87  1.93 14.96 -9.61  0.04  3.69 
utt>    14                    file_4  156    0    72 15  2 4 2.267186e-12 -1.477927e+02 -2.305566e+04
INFO: cmn.c(133): CMN: 82.28  6.13 -8.38  7.71 -7.81  5.03 -10.88 -1.74 -1.44  4.47 -9.59 -1.63  0.79 
utt>    15                    file_5  163    0    64 14  2 4 3.497839e-12 -1.467259e+02 -2.391633e+04
INFO: cmn.c(133): CMN: 84.04  4.68 -1.38  8.44 -11.97  3.85 -8.64 -3.01 -7.79  3.11 -7.44 -2.15  3.24 
utt>    16                    file_6  153    0    60 16  2 4 3.066303e-12 -1.479017e+02 -2.262897e+04
INFO: cmn.c(133): CMN: 80.48 -1.34  0.45 10.71 -13.34 -5.84 -12.08 -0.66 -4.73 -0.36  0.30  3.70 -3.36 
utt>    17                    file_7  708    0   180 14  1 3 2.361199e-12 -1.478132e+02 -1.046517e+05
INFO: cmn.c(133): CMN: 76.44  5.76  1.33  8.76 -10.50 -5.32 -13.20 -0.25  2.54 -0.62 -2.49  7.91 -0.01 
utt>    18                    file_8  748    0   168 15  1 3 2.429368e-12 -1.448583e+02 -1.083540e+05
INFO: cmn.c(133): CMN: 77.36  4.09  1.04 11.11 -9.28 -3.13 -12.01 -2.81  0.51  2.64 -2.59 10.45 -1.10 
utt>    19                    file_9  708    0   176 15  1 3 2.967359e-12 -1.459116e+02 -1.033054e+05
INFO: cmn.c(133): CMN: 74.52  7.18  2.47  5.02 -11.80 -2.81 -12.43 -6.22 -1.41  5.32 -4.18  8.48  1.03 
utt>    20                   file_10  774    0   204 15  1 3 3.006510e-12 -1.442336e+02 -1.116368e+05
INFO: cmn.c(133): CMN: 82.56  4.63 -6.87 10.02 -4.52  8.05 -15.24 -0.69  7.30  3.20 -13.09  2.42  2.91 
utt>    21                   file_11  158    0    64 18  2 4 3.685481e-12 -1.490333e+02 -2.354726e+04
INFO: cmn.c(133): CMN: 84.85  5.46 -2.82  7.65 -0.55 -1.83 -3.22 -0.06 -4.61  4.31  0.39  1.57  0.22 
utt>    22                    file_1  160    0    76 14  2 4 5.005334e-12 -1.436500e+02 -2.298399e+04
INFO: cmn.c(133): CMN: 84.49  6.48 -3.82  1.06  0.48 -4.29 -0.24  4.17 -4.70  3.16  8.02 -0.81 -5.19 
utt>    23                    file_2  134    0    56 13  2 3 2.529850e-12 -1.444403e+02 -1.935500e+04
INFO: cmn.c(133): CMN: 85.31  6.96 -2.02  3.88 -4.00 -4.03 -10.10  1.74 -0.09 -3.14 -4.89 -2.53 -3.81 
utt>    24                    file_3  143    0    52 17  2 4 4.276869e-12 -1.428397e+02 -2.042608e+04
INFO: cmn.c(133): CMN: 90.37  2.82 -7.71  1.79 -0.28  0.97 -9.65 -5.96 -5.37  5.64  7.87 -2.34 -7.91 
utt>    25                    file_4  145    0    72 20  2 4 4.064482e-12 -1.447174e+02 -2.098402e+04
INFO: cmn.c(133): CMN: 84.87  5.98 -6.41  5.43 -0.91  2.04  0.88 -3.35 -5.56 14.16  5.61 -2.73 -1.44 
utt>    26                    file_5  153    0    64 16  2 4 4.931249e-12 -1.432956e+02 -2.192422e+04
INFO: cmn.c(133): CMN: 84.11 12.39 -1.56  7.53 -6.80 -5.82 -1.97 -2.06  1.81  5.87  2.65 -0.00 -3.98 
utt>    27                    file_6  121    0    60 19  2 4 6.140012e-12 -1.422867e+02 -1.721669e+04
INFO: cmn.c(133): CMN: 87.16  2.14 -1.59  4.71 -4.21 -14.48 -10.56  3.10 -8.86  2.63  1.25  1.54  1.98 
utt>    28                    file_7  570    0   180 20  2 4 3.584442e-12 -1.460515e+02 -8.324937e+04
INFO: cmn.c(133): CMN: 83.96  7.93 -6.39  4.41 -2.31 -9.79 -14.42 -2.05 -1.11  3.86 -0.43  0.87  2.06 
utt>    29                    file_8  788    0   168 17  1 3 2.868994e-12 -1.425183e+02 -1.123044e+05
INFO: cmn.c(133): CMN: 83.97  8.04 -6.86  4.56 -2.21 -10.32 -11.70  0.14 -0.60  6.34  1.74 -2.67  1.28 
utt>    30                    file_9  776    0   176 20  2 3 3.308361e-12 -1.444253e+02 -1.120741e+05
INFO: cmn.c(133): CMN: 78.71 10.52 -3.73  3.87 -8.10 -8.68 -7.42 -2.06 -0.90  0.83 -2.50 -2.99  1.54 
utt>    31                   file_10  947    0   204 16  1 3 2.143028e-12 -1.421647e+02 -1.346300e+05
INFO: cmn.c(133): CMN: 85.73 10.40 -5.55  5.49 -4.00  0.40 -5.86 -5.10  2.93 12.77  5.08 -2.84 -3.22 
utt>    32                   file_11  127    0    64 18  2 4 3.979955e-12 -1.409339e+02 -1.789861e+04
INFO: cmn.c(133): CMN: 88.37 -1.66  1.03  1.68 -8.49  1.66 -4.04  1.42 -9.53 -12.22 -0.09  0.45 -10.13 
utt>    33                    file_1  134    0    76 16  2 5 2.979125e-12 -1.455275e+02 -1.950069e+04
INFO: cmn.c(133): CMN: 87.77 -4.21 -4.24  1.57 -14.63  5.76  0.07  4.23 -10.00 -0.92  6.08 -5.76 -9.77 
utt>    34                    file_2  134    0    56 13  2 3 2.072984e-12 -1.439465e+02 -1.928884e+04
INFO: cmn.c(133): CMN: 87.57  2.35  2.24  4.75 -13.79 -3.89 -12.71  1.85 -5.67 -11.28 -2.46  1.82 -0.66 
utt>    35                    file_3  132    0    52 16  2 4 3.442241e-12 -1.449038e+02 -1.912730e+04
INFO: cmn.c(133): CMN: 90.41 -5.74 -4.04  8.78 -3.20  2.39 -6.55 -1.14 -5.58 -6.31  1.52  4.40 -10.14 
utt>    36                    file_4  146    0    72 16  2 4 4.320943e-12 -1.476896e+02 -2.156268e+04
INFO: cmn.c(133): CMN: 91.01 -1.26 -7.67  3.97 -11.43  1.80 -1.92  6.69 -2.94 -2.79  0.70 -0.76 -12.67 
utt>    37                    file_5  142    0    64 14  2 4 3.439135e-12 -1.439926e+02 -2.044695e+04
INFO: cmn.c(133): CMN: 88.61  2.46  1.53 10.24 -12.82  3.62 -3.36  5.00 -5.06 -6.62 -3.51  2.31 -4.27 
utt>    38                    file_6  129    0    60 20  2 4 3.603281e-12 -1.472742e+02 -1.899837e+04
INFO: cmn.c(133): CMN: 85.32 -4.20 -0.39 12.79 -7.80 -5.70 -12.58  2.41 -2.52 -6.75 -2.00  1.41 -5.58 
utt>    39                    file_7  710    0   180 14  1 3 2.375101e-12 -1.430763e+02 -1.015842e+05
INFO: cmn.c(133): CMN: 82.42 -0.36 -0.22 13.67 -8.54 -7.24 -9.55  1.00 -4.83 -6.25 -4.61 -1.75 -1.83 
utt>    40                    file_8  717    0   168 15  1 3 2.123322e-12 -1.426583e+02 -1.022860e+05
INFO: cmn.c(133): CMN: 81.47  0.12 -1.15 13.72 -6.39 -6.95 -6.54  3.37 -4.03 -5.68 -2.62 -3.45  2.79 
utt>    41                    file_9  716    0   176 15  1 3 2.407065e-12 -1.439154e+02 -1.030434e+05
INFO: cmn.c(133): CMN: 82.03  3.20  1.07  4.55 -14.71 -4.46 -7.94  3.02 -4.55 -3.75 -5.00  1.12 -0.30 
utt>    42                   file_10  734    0   204 15  1 3 2.376937e-12 -1.445630e+02 -1.061093e+05
INFO: cmn.c(133): CMN: 88.95  2.30 -3.19  6.88 -6.58  3.89 -11.16  1.26  0.35  2.96 -1.07  2.06 -10.49 
utt>    43                   file_11  125    0    64 19  2 5 5.957657e-12 -1.446091e+02 -1.807614e+04
INFO: cmn.c(133): CMN: 79.85  4.84 -1.56  2.42 -5.91  8.50 -5.36 -0.86  0.85 -3.07 -7.03  4.34 -1.66 
utt>    44                    file_1  137    0    76 16  2 5 5.946638e-12 -1.469326e+02 -2.012976e+04
INFO: cmn.c(133): CMN: 81.49  6.90 -4.33  1.98 -14.52  4.33 -6.37  3.16  3.09 -3.45  1.00 -2.07 -5.35 
utt>    45                    file_2  110    0    56 14  2 4 2.003773e-12 -1.448071e+02 -1.592878e+04
INFO: cmn.c(133): CMN: 80.50  9.57  0.78  3.57 -12.34  5.45 -10.37 -0.14 -4.48 -3.63  2.89  4.51 -2.83 
utt>    46                    file_3  106    0    52 16  2 5 3.421405e-12 -1.464849e+02 -1.552739e+04
INFO: cmn.c(133): CMN: 82.96  1.75 -0.45 11.48 -10.36  8.92 -13.39 -1.40 -7.33 -0.05  2.10 -6.98  2.80 
utt>    47                    file_4  123    0    72 16  2 4 3.427408e-12 -1.482249e+02 -1.823166e+04
INFO: cmn.c(133): CMN: 83.11  9.89 -7.01  5.23 -5.47  8.56 -16.47  1.30 -3.63 -1.85  4.64 -5.61 -2.09 
utt>    48                    file_5  117    0    64 14  2 4 1.754257e-12 -1.430774e+02 -1.674005e+04
INFO: cmn.c(133): CMN: 83.32 11.49 -0.82  8.41 -10.60 12.28 -6.42  0.02 -3.87 -12.18 -0.58 -4.94  0.66 
utt>    49                    file_6  100    0    60 18  2 4 3.694611e-12 -1.445739e+02 -1.445739e+04
INFO: cmn.c(133): CMN: 80.69  1.31 -5.60  4.46 -13.93 -4.75 -10.84  2.53  2.65  1.45 -0.37 -8.49  4.92 
utt>    50                    file_7  784    0   180 15  1 3 2.786132e-12 -1.433256e+02 -1.123673e+05
INFO: cmn.c(133): CMN: 78.16  7.31 -4.06  2.21 -11.63  0.97 -10.38 -0.02 -3.25  5.20 -1.94 -5.44  5.96 
utt>    51                    file_8  775    0   168 16  1 3 1.924381e-12 -1.422910e+02 -1.102756e+05
INFO: cmn.c(133): CMN: 76.22  6.43 -5.03 -0.44 -10.89  3.26 -7.91 -1.54 -1.43  5.03  2.73 -6.94  1.95 
utt>    52                    file_9  810    0   176 16  1 3 2.578059e-12 -1.422975e+02 -1.152610e+05
INFO: cmn.c(133): CMN: 76.42  8.83 -4.24  0.47 -17.11 -5.38 -5.46 -1.35 -3.79  2.78  0.11 -0.91  5.10 
utt>    53                   file_10  845    0   204 15  1 3 1.959459e-12 -1.421215e+02 -1.200926e+05
INFO: cmn.c(133): CMN: 83.01  5.07 -4.26  7.96 -12.13  6.03 -16.53  2.20  0.54  2.02  2.88 -5.06 -5.16 
utt>    54                   file_11  109    0    64 17  2 5 4.450026e-12 -1.458141e+02 -1.589374e+04
INFO: cmn.c(133): CMN: 86.71 -0.09 -6.48  8.21 -3.23  3.37 -10.57 -0.32 -0.01  4.00 -1.29  5.21  8.60 
utt>    55                    file_1  165    0    76 16  2 4 2.308172e-12 -1.432111e+02 -2.362984e+04
INFO: cmn.c(133): CMN: 87.49  1.96 -9.66  6.61 -4.63  1.26 -9.33 -1.49 -2.21  1.82 -3.63 -0.49  7.46 
utt>    56                    file_2  120    0    56 16  2 4 2.818983e-12 -1.458469e+02 -1.750163e+04
INFO: cmn.c(133): CMN: 89.58  3.87 -1.94  4.97 -9.99  0.37 -9.96 -6.60 -8.79  3.92 -1.09  4.36  1.96 
utt>    57                    file_3  114    0    52 18  2 5 5.286260e-12 -1.459047e+02 -1.663313e+04
INFO: cmn.c(133): CMN: 89.37 -2.67 -3.46  7.76 -8.25 -3.62 -16.62 -3.97 -3.46 -2.54 -3.62 -3.31  6.53 
utt>    58                    file_4  148    0    72 18  2 5 3.040659e-12 -1.486324e+02 -2.199760e+04
INFO: cmn.c(133): CMN: 90.80  2.84 -10.22  4.23 -6.86 -7.76 -16.13  2.33 -3.60  0.56 -3.90 -6.42  3.19 
utt>    59                    file_5  127    0    64 16  2 4 5.213160e-12 -1.450636e+02 -1.842307e+04
INFO: cmn.c(133): CMN: 89.87  2.54 -4.74  7.51 -13.20  2.71 -14.18  0.20 -5.59  3.82  0.45  2.38  6.29 
utt>    60                    file_6  121    0    60 21  2 5 5.788629e-12 -1.435194e+02 -1.736585e+04
INFO: cmn.c(133): CMN: 89.88 -4.37 -4.95  9.37 -7.17 -6.23 -9.89  1.99 -2.10 -0.55  1.71  7.97  3.53 
utt>    61                    file_7  608    0   180 19  2 4 3.521167e-12 -1.446594e+02 -8.795291e+04
INFO: cmn.c(133): CMN: 86.36 -0.49 -3.91  9.01 -5.55 -3.93 -8.65  3.71 -1.31  1.35  4.81  8.58  4.58 
utt>    62                    file_8  620    0   168 19  2 4 3.502759e-12 -1.446124e+02 -8.965970e+04
INFO: cmn.c(133): CMN: 88.58 -1.13 -5.40  8.75 -8.22 -4.77 -11.25  0.30 -0.61  0.07  2.27  6.46  2.07 
utt>    63                    file_9  607    0   176 18  2 3 2.632581e-12 -1.450970e+02 -8.807388e+04
INFO: cmn.c(133): CMN: 86.87  2.67 -6.41  2.61 -6.43 -0.21 -9.33 -1.11 -3.26  0.29  5.25  6.95  3.94 
utt>    64                   file_10  603    0   204 18  2 4 3.796570e-12 -1.459245e+02 -8.799248e+04
INFO: cmn.c(133): CMN: 90.90 -2.05 -10.18  2.85 -2.96 -0.11 -10.79  5.82  6.91  6.23 -3.02 11.82 10.37 
utt>    65                   file_11  130    0    64 22  2 5 6.550170e-12 -1.426874e+02 -1.854936e+04
INFO: cmn.c(133): CMN: 83.51  2.64 -3.02  7.12 -1.22  3.91 -5.41 -7.11  5.84  4.15 -5.67 -4.27 -0.47 
utt>    66                    file_1  149    0    76 15  2 5 3.979699e-12 -1.440655e+02 -2.146576e+04
INFO: cmn.c(133): CMN: 83.69  3.57 -6.41  3.09 -8.96  3.96 -1.00 -0.22  1.14  5.54 -2.70 -1.75 -0.15 
utt>    67                    file_2  112    0    56 14  2 4 5.051025e-12 -1.459116e+02 -1.634210e+04
INFO: cmn.c(133): CMN: 85.50  4.87 -5.19  4.77 -11.15 -0.01 -1.58 -3.56 -5.52  3.83  0.33  9.99 11.14 
utt>    68                    file_3  109    0    52 16  2 5 4.029865e-12 -1.478507e+02 -1.611573e+04
INFO: cmn.c(133): CMN: 86.89 -1.63 -7.13  6.36 -7.86  4.29 -6.28 -4.74  3.44  6.78 -3.03 -0.23  6.30 
utt>    69                    file_4  138    0    72 15  2 4 3.420024e-12 -1.483675e+02 -2.047471e+04
INFO: cmn.c(133): CMN: 86.58  3.26 -10.22  5.80 -7.04  1.62 -8.59 -1.32  1.12  8.12 -6.65 -1.74  7.68 
utt>    70                    file_5  124    0    64 13  2 4 3.301108e-12 -1.444789e+02 -1.791539e+04
INFO: cmn.c(133): CMN: 87.14  7.14 -6.96  7.28 -6.89  2.77 -2.37 -2.52 -6.11  3.17  2.25  3.31  6.54 
utt>    71                    file_6  105    0    60 17  2 5 4.963117e-12 -1.448901e+02 -1.521346e+04
INFO: cmn.c(133): CMN: 88.89 -1.76 -7.34  2.44 -6.45 -3.99 -6.40  1.86  7.94  9.29 -1.56  1.50  4.02 
utt>    72                    file_7  538    0   180 17  2 4 3.921606e-12 -1.463886e+02 -7.875709e+04
INFO: cmn.c(133): CMN: 88.51  0.95 -8.57  1.69 -3.32 -0.25 -10.32 -5.22  5.79  8.75 -1.86  1.91 11.35 
utt>    73                    file_8  518    0   168 19  2 4 3.619544e-12 -1.468216e+02 -7.605357e+04
INFO: cmn.c(133): CMN: 89.59 -1.58 -9.10  2.96 -4.67  0.52 -8.28 -5.70  3.85 10.63 -2.38  0.41 11.30 
utt>    74                    file_9  484    0   176 19  2 4 4.140796e-12 -1.490561e+02 -7.214315e+04
INFO: cmn.c(133): CMN: 87.62  0.71 -6.33 -1.42 -8.91  0.83 -8.64 -3.12 -0.07  4.83 -3.27 -0.07  6.74 
utt>    75                   file_10  511    0   204 17  2 4 3.651200e-12 -1.482450e+02 -7.575320e+04
INFO: cmn.c(133): CMN: 89.76  2.94 -7.73  4.57 -0.82  1.57 -13.21 -9.99  3.46 12.81  0.98 -3.35 10.37 
utt>    76                   file_11  120    0    64 19  3 6 8.535029e-12 -1.452092e+02 -1.742510e+04
INFO: cmn.c(133): CMN: 81.27  1.44 -2.49 -0.32  2.73  4.38 -4.88 -1.72 -2.33  4.76  0.57 -3.63  0.49 
utt>    77                    file_1  130    0    76 19  2 5 3.367292e-12 -1.423747e+02 -1.850871e+04
INFO: cmn.c(133): CMN: 84.91  3.99 -7.51  2.14 -0.34 -2.55 -8.81 -2.19 -4.74  3.49  6.93  5.05 -0.91 
utt>    78                    file_2  116    0    56 14  2 4 3.685776e-12 -1.437492e+02 -1.667491e+04
INFO: cmn.c(133): CMN: 78.27 12.30 -3.05  4.59  0.95 -0.90 -7.58 -2.76 -3.53 -3.47  0.19  4.45  2.40 
utt>    79                    file_3  123    0    52 17  2 5 5.485041e-12 -1.426323e+02 -1.754377e+04
INFO: cmn.c(133): CMN: 84.56  0.03 -8.51  8.37  0.19  0.90 -3.73 -7.29 -6.54  1.86  3.49  0.80 -3.63 
utt>    80                    file_4  132    0    72 19  2 4 3.861663e-12 -1.459417e+02 -1.926430e+04
INFO: cmn.c(133): CMN: 83.88 13.40 -9.18  1.33 -3.19 -0.75 -1.94 -3.55 -2.73  3.34  3.50  3.55 -1.73 
utt>    81                    file_5  102    0    64 19  2 5 5.322889e-12 -1.460807e+02 -1.490023e+04
INFO: cmn.c(133): CMN: 77.21 13.52 -2.91  3.00 -0.65  2.29 -1.77  3.44 -1.79 -5.32 -4.60  2.60  1.13 
utt>    82                    file_6  115    0    60 26  2 5 4.492349e-12 -1.439746e+02 -1.655708e+04
INFO: cmn.c(133): CMN: 79.50  4.44 -3.80  3.06  2.74 -5.11 -9.87 -1.90  0.90  3.15 -0.52  1.24 -0.04 
utt>    83                    file_7  738    0   180 16  2 3 2.022772e-12 -1.411311e+02 -1.041547e+05
INFO: cmn.c(133): CMN: 75.54  9.27 -2.09 -0.96 -0.36 -3.66 -4.73 -2.04  0.58  2.51  0.06  1.04 -0.45 
utt>    84                    file_8  815    0   168 16  1 3 2.696579e-12 -1.409988e+02 -1.149140e+05
INFO: cmn.c(133): CMN: 75.17  8.56 -2.60 -0.72 -1.57 -2.91 -4.36 -0.74  2.88  2.88  0.79  1.89  0.54 
utt>    85                    file_9  815    0   176 17  1 3 2.857048e-12 -1.412100e+02 -1.150861e+05
INFO: cmn.c(133): CMN: 76.21 10.47 -3.59 -3.25 -5.42 -4.69 -7.09 -1.73 -1.86 -2.78  0.69  4.35  3.86 
utt>    86                   file_10  809    0   204 16  1 3 3.158859e-12 -1.411597e+02 -1.141982e+05
INFO: cmn.c(133): CMN: 81.44 13.10 -5.79  0.38  1.91 -0.99 -2.01 -2.81 -0.57  0.43  0.58  5.94  2.87 
utt>    87                   file_11  105    0    64 20  3 5 6.214679e-12 -1.420936e+02 -1.491983e+04
INFO: cmn.c(133): CMN: 75.57  2.26 -3.30  5.05  1.55  8.11 -2.00  2.01  6.35  7.40  2.13 -0.47 -2.16 
utt>    88                    file_1  139    0    76 15  2 4 4.017202e-12 -1.443297e+02 -2.006183e+04
INFO: cmn.c(133): CMN: 76.28  5.93 -5.93  2.24 -7.71  3.37 -0.45  0.66  5.18 10.36 11.58  2.74 -2.21 
utt>    89                    file_2  103    0    56 17  2 5 4.204307e-12 -1.470793e+02 -1.514916e+04
INFO: cmn.c(133): CMN: 72.93  7.47 -1.38  8.44 -1.14  5.50 -1.89  2.09  4.41 -3.44  3.61 -1.26 -1.38 
utt>    90                    file_3  115    0    52 17  2 5 6.187866e-12 -1.418952e+02 -1.631795e+04
INFO: cmn.c(133): CMN: 77.59 -1.21 -7.64 10.71 -2.79  1.08 -9.90 -0.36  6.85  6.97  4.94 -2.04 -2.65 
utt>    91                    file_4  143    0    72 19  2 4 3.181443e-12 -1.448402e+02 -2.071215e+04
INFO: cmn.c(133): CMN: 78.22  7.66 -10.51  9.89 -4.23 -2.47 -13.78  2.00  9.31 11.74  7.13 -6.62  0.60 
utt>    92                    file_5  108    0    64 23  2 5 5.199322e-12 -1.461285e+02 -1.578188e+04
INFO: cmn.c(133): CMN: 79.22 11.13 -2.28  9.86 -10.92  0.65 -0.16  3.61 10.19  1.57  4.75 -1.03 -1.18 
utt>    93                    file_6  101    0    60 22  2 5 4.387052e-12 -1.465223e+02 -1.479875e+04
INFO: cmn.c(133): CMN: 75.48  1.08 -1.24  9.05 -3.11 -0.75 -9.60  3.67  3.89  2.15  2.60 -4.92  2.15 
utt>    94                    file_7  775    0   180 19  1 3 3.128572e-12 -1.421631e+02 -1.101764e+05
INFO: cmn.c(133): CMN: 72.15  7.17  0.57  5.17 -6.68 -0.20 -6.85 -0.97  4.87  8.88  0.24 -1.98  7.06 
utt>    95                    file_8  710    0   168 19  1 3 2.607783e-12 -1.402834e+02 -9.960123e+04
INFO: cmn.c(133): CMN: 73.33  5.34 -0.02  7.74 -7.13  0.39 -7.70 -0.08  3.72  7.14  3.36 -0.45  7.99 
utt>    96                    file_9  688    0   176 19  2 3 3.275746e-12 -1.417509e+02 -9.752460e+04
INFO: cmn.c(133): CMN: 72.26  6.73  1.48  3.79 -10.83  1.75 -2.97  3.17  3.91  7.72  2.10  1.19  4.13 
utt>    97                   file_10  774    0   204 18  1 3 2.851890e-12 -1.407968e+02 -1.089767e+05
INFO: cmn.c(133): CMN: 84.74  4.68 -2.49  7.88 -6.44  3.58 -10.96 -3.42  4.19  6.03  3.21 -4.46  5.04 
utt>    98                   file_11  106    0    64 21  2 5 3.664102e-12 -1.429316e+02 -1.515075e+04
INFO: cmn.c(133): CMN: 86.53  1.66  0.01 13.18  0.87  6.81  0.16 -4.11 -12.27 -11.14 -2.33  0.94 -6.66 
utt>    99                    file_1  379    0   180 17  2 4 3.660449e-12 -1.428997e+02 -5.415898e+04
INFO: cmn.c(133): CMN: 80.95  3.30 -5.10  9.96 -3.76  1.87  3.62 -0.30 -5.38 -2.42  1.31  3.71 -6.11 
utt>   100                    file_2  370    0   120 13  1 3 3.180562e-12 -1.399775e+02 -5.179166e+04
INFO: cmn.c(133): CMN: 83.50  6.77  0.09  1.33 -7.08 -6.83 -2.25  0.09 -4.28 -4.35 -6.17 -5.92  1.34 
utt>   101                    file_3  352    0   108 20  2 4 4.067556e-12 -1.410418e+02 -4.964672e+04
INFO: cmn.c(133): CMN: 87.23 -1.27 -5.64  8.68  1.57  2.50 -5.40 -6.16  0.26 -0.13  0.63  3.27 -2.60 
utt>   102                    file_4  420    0   168 19  2 4 2.713799e-12 -1.417875e+02 -5.955077e+04
INFO: cmn.c(133): CMN: 86.99  1.76 -10.61  3.16 -3.35 -1.18 -4.77 -5.18 -4.99 -2.98 -1.56 -0.80 -9.64 
utt>   103                    file_5  402    0   144 17  2 4 2.656969e-12 -1.381713e+02 -5.554486e+04
INFO: cmn.c(133): CMN: 83.42  5.81 -5.51  3.54 -1.97  0.88 -1.34 -3.20 -12.53 -7.94 -3.43 -2.69 -3.08 
utt>   104                    file_6  350    0   108 21  2 4 3.137814e-12 -1.381781e+02 -4.836235e+04
INFO: cmn.c(133): CMN: 88.35 -1.78 -5.63  7.24  1.29 -2.43 -11.24 -1.85 -1.97 -4.82  0.61  0.62 -4.45 
utt>   105                    file_7  713    0   180 16  2 3 2.802373e-12 -1.426083e+02 -1.016797e+05
INFO: cmn.c(133): CMN: 86.19  1.60 -5.11  7.80 -0.77  0.92 -10.07 -5.33 -2.69 -4.43  2.42 -0.32 -4.21 
utt>   106                    file_8  735    0   168 17  1 3 2.481460e-12 -1.422315e+02 -1.045401e+05
INFO: cmn.c(133): CMN: 86.33  3.20 -8.38  3.80 -3.18  0.30 -8.05 -4.98 -5.20 -6.08  0.13  0.11 -4.65 
utt>   107                    file_9  754    0   176 18  1 3 3.163342e-12 -1.437928e+02 -1.084198e+05
INFO: cmn.c(133): CMN: 87.14  6.31 -5.68 -0.06 -8.14 -0.61 -6.36 -2.39 -4.75 -1.94  3.30  3.32  2.71 
utt>   108                   file_10  766    0   204 17  1 3 2.983419e-12 -1.433488e+02 -1.098052e+05
INFO: cmn.c(133): CMN: 91.00  1.93 -6.72  3.49 -5.38  4.03 -4.08 -4.91 -6.67 -2.86  2.57 -1.35 -6.86 
utt>   109                   file_11  138    0    64 19  2 4 4.022962e-12 -1.417479e+02 -1.956122e+04
INFO: cmn.c(133): CMN: 83.36  2.21 -2.33  6.22  3.26 11.28  2.84  2.87  0.82  0.35 -2.49  4.67  2.65 
utt>   110                    file_1  134    0    76 17  2 5 5.255319e-12 -1.500204e+02 -2.010274e+04
INFO: cmn.c(133): CMN: 82.19  8.35 -5.65  8.25 -6.27  9.00  3.39  0.46 -4.20  5.53 -1.54 -1.26  5.75 
utt>   111                    file_2  110    0    56 17  2 4 3.724496e-12 -1.457637e+02 -1.603401e+04
INFO: cmn.c(133): CMN: 81.14 13.41 -2.55  3.68 -6.83 -1.67 -2.85  8.45  0.05  4.78 -1.08  5.74  2.74 
utt>   112                    file_3  120    0    52 16  2 4 3.760387e-12 -1.471638e+02 -1.765966e+04
INFO: cmn.c(133): CMN: 82.91  2.19 -4.94 11.51 -1.90  1.73 -5.58  7.06 -2.06  3.10 -0.70  3.56  8.56 
utt>   113                    file_4  149    0    72 17  2 4 5.317655e-12 -1.477736e+02 -2.201827e+04
INFO: cmn.c(133): CMN: 85.58  5.68 -7.87 10.86 -6.57  0.61 -2.25  3.79 -8.81  4.50 -4.27  0.14  6.04 
utt>   114                    file_5  137    0    64 17  2 4 5.307966e-12 -1.451258e+02 -1.988223e+04
INFO: cmn.c(133): CMN: 82.12 13.66 -0.67  9.51 -4.61  6.23  2.07 13.01 -1.66  6.01 -0.28 -3.35 -0.91 
utt>   115                    file_6  109    0    60 25  2 5 5.912020e-12 -1.452873e+02 -1.583631e+04
INFO: cmn.c(133): CMN: 87.16  1.24 -2.29 12.28 -6.73 -3.86  4.80  9.93  0.55  7.43  0.78  1.35  0.97 
utt>   116                    file_7  625    0   180 19  2 3 2.586836e-12 -1.457728e+02 -9.110798e+04
INFO: cmn.c(133): CMN: 83.81  6.16 -2.53 12.65 -5.50 -5.98  1.58  5.63 -1.31 -0.73 -6.38  0.95  1.91 
utt>   117                    file_8  516    0   168 19  2 4 3.858016e-12 -1.458873e+02 -7.527785e+04
INFO: cmn.c(133): CMN: 81.37  6.63 -1.23 12.72 -6.90 -2.67 -0.01  8.10 -1.97 -0.22 -5.10  1.69  5.08 
utt>   118                    file_9  643    0   176 17  2 3 2.269132e-12 -1.439870e+02 -9.258362e+04
INFO: cmn.c(133): CMN: 81.82  8.06 -2.12  1.31 -12.94 -0.58  2.72  8.55 -3.12  0.90 -3.91  3.11  3.29 
utt>   119                   file_10  662    0   204 18  2 3 2.317433e-12 -1.445084e+02 -9.566457e+04
INFO: cmn.c(133): CMN: 81.49  7.02 -5.73 10.22 -0.66  7.41  3.84 13.96 12.06  2.87 -10.31 -3.43  4.50 
utt>   120                   file_11  138    0    64 21  2 5 5.223939e-12 -1.446079e+02 -1.995589e+04
INFO: cmn.c(133): CMN: 85.07  3.05 -6.21  8.41 -8.76 -2.63 -0.41 -8.26 -14.27 -1.68  3.56  1.10 -7.52 
utt>   121                    file_1  131    0    76 18  2 5 3.240431e-12 -1.468517e+02 -1.923758e+04
INFO: cmn.c(133): CMN: 80.76  6.96 -11.25 12.18 -9.42 -4.08  5.66 -2.00 -13.83 -1.83  2.94  3.36 -4.53 
utt>   122                    file_2  124    0    56 16  2 4 2.844800e-12 -1.416229e+02 -1.756124e+04
INFO: cmn.c(133): CMN: 82.98 10.90 -7.82 11.71 -14.07 -14.46  0.34 -7.00 -17.11 -2.41 -4.73 -1.89  2.77 
utt>   123                    file_3  107    0    52 17  2 5 5.602976e-12 -1.428250e+02 -1.528228e+04
INFO: cmn.c(133): CMN: 87.46  3.64 -13.02 12.43 -8.47 -7.07 -4.14 -11.66 -12.80  1.95  2.97  3.22 -5.93 
utt>   124                    file_4  122    0    72 27  2 5 6.923282e-12 -1.464103e+02 -1.786206e+04
INFO: cmn.c(133): CMN: 89.36  0.68 -14.07  9.22 -10.74 -7.52 -4.23 -11.39 -5.93  4.39  5.34  5.39 -10.21 
utt>   125                    file_5  110    0    64 19  2 5 4.298104e-12 -1.403286e+02 -1.543615e+04
INFO: cmn.c(133): CMN: 79.02  9.87 -7.20 12.36 -5.70 -4.51  1.88  0.92 -10.54 -5.82  1.23 -0.19 -4.16 
utt>   126                    file_6  129    0    60 22  2 5 7.610543e-12 -1.396906e+02 -1.802009e+04
INFO: cmn.c(133): CMN: 80.92  1.36 -8.08 15.59 -5.19 -9.39 -3.64 -6.86 -3.15  0.73 -2.71  5.25  2.43 
utt>   127                    file_7  650    0   180 15  2 3 2.960595e-12 -1.415281e+02 -9.199324e+04
INFO: cmn.c(133): CMN: 79.81  5.80 -8.68 14.46 -3.58 -8.29 -4.10 -8.59 -7.13  2.51 -3.61  1.52  3.77 
utt>   128                    file_8  595    0   168 17  2 3 3.165690e-12 -1.411461e+02 -8.398191e+04
INFO: cmn.c(133): CMN: 80.53  5.08 -8.65 14.14 -8.34 -8.56 -1.59 -8.30 -7.41  0.46 -2.31  3.27  2.60 
utt>   129                    file_9  687    0   176 16  1 3 2.551787e-12 -1.398169e+02 -9.605420e+04
INFO: cmn.c(133): CMN: 80.94  8.83 -9.40  6.05 -13.28 -10.33 -0.97 -2.84 -13.69  0.92  1.11  2.39  5.05 
utt>   130                   file_10  612    0   204 16  2 4 2.580270e-12 -1.427905e+02 -8.738779e+04
INFO: cmn.c(133): CMN: 82.92  9.61 -12.27 10.88 -8.75 -4.75 -3.04 -8.22 -6.28  3.92  4.50 -1.06 -5.80 
utt>   131                   file_11  132    0    64 21  2 5 5.340302e-12 -1.407180e+02 -1.857478e+04
INFO: cmn.c(133): CMN: 88.81  1.13 -2.64  3.99 -10.10 -6.35 -15.99 -3.59 -3.88 -0.91 -0.62 -3.02  6.85 
utt>   132                    file_1  300    0   180 20  2 5 5.476272e-12 -1.494753e+02 -4.484260e+04
INFO: cmn.c(133): CMN: 86.62  4.19 -4.78 -2.74 -8.62  0.70 -6.69 -0.90 -4.33  5.54 -5.23 -4.41  4.25 
utt>   133                    file_2  224    0   120 18  2 4 3.964107e-12 -1.456098e+02 -3.261659e+04
INFO: cmn.c(133): CMN: 87.27  6.08 -8.75 -0.44 -17.78 -8.99 -10.54  3.17 -7.71  2.15  1.31  1.60  7.76 
utt>   134                    file_3  230    0   108 18  2 4 4.177184e-12 -1.465327e+02 -3.370253e+04
INFO: cmn.c(133): CMN: 89.15  0.80 -5.29  4.94 -9.15 -9.08 -19.10  0.87  0.05 12.37 -5.17 -2.19 12.05 
utt>   135                    file_4  306    0   168 22  2 4 5.119977e-12 -1.477722e+02 -4.521829e+04
INFO: cmn.c(133): CMN: 89.58  2.93 -11.72  1.30 -10.97 -7.07 -14.87 -0.34 -3.47 10.32 -5.22  2.02 10.52 
utt>   136                    file_5  268    0   144 25  2 5 3.514876e-12 -1.460869e+02 -3.915130e+04
INFO: cmn.c(133): CMN: 85.26  7.26 -6.25 -0.63 -13.22  0.07 -14.95  0.70 -4.27  3.79 -0.39  3.53 -2.87 
utt>   137                    file_6  239    0   108 23  2 5 4.967318e-12 -1.457960e+02 -3.484523e+04
INFO: cmn.c(133): CMN: 84.56 -0.22 -5.73  1.52 -12.87 -9.39 -9.52  8.44  5.79  0.53 -3.53  1.63 -0.49 
utt>   138                    file_7  723    0   180 16  1 3 2.558966e-12 -1.437483e+02 -1.039300e+05
INFO: cmn.c(133): CMN: 80.96  6.18 -9.75 -2.96 -9.27 -7.08 -11.07  7.12 11.09  4.37 -4.55  2.94  2.87 
utt>   139                    file_8  755    0   168 16  1 3 3.157849e-12 -1.412503e+02 -1.066440e+05
INFO: cmn.c(133): CMN: 82.23  6.26 -9.76 -1.27 -8.20 -4.05 -9.83  8.31  9.62  5.67 -1.54  3.80  4.20 
utt>   140                    file_9  700    0   176 17  1 3 2.933107e-12 -1.424227e+02 -9.969590e+04
INFO: cmn.c(133): CMN: 81.34  6.82 -7.14 -7.65 -14.04 -3.26 -7.55  2.41  0.75  4.74  1.22 -0.20  5.66 
utt>   141                   file_10  765    0   204 15  1 3 3.001617e-12 -1.432328e+02 -1.095731e+05
INFO: cmn.c(133): CMN: 84.38  9.36 -9.02 -2.01 -7.37 -2.68 -15.42  3.14  0.72  7.10  1.75 -2.88  0.33 
utt>   142                   file_11  252    0   112 21  2 4 4.602860e-12 -1.451023e+02 -3.656578e+04
INFO: cmn.c(133): CMN: 85.80  1.97 -0.34  6.14  1.21 -8.84 -6.76 -4.55 -2.79  7.04  9.86 -2.79  8.19 
utt>   143                    file_1  401    0   180 17  2 4 4.088697e-12 -1.441388e+02 -5.779964e+04
INFO: cmn.c(133): CMN: 84.77  4.42 -8.03  4.98 -2.82 -0.99  0.25  0.64 -3.43  5.86 -1.02 -10.17  2.62 
utt>   144                    file_2  331    0   120 14  2 3 2.801229e-12 -1.439756e+02 -4.765591e+04
INFO: cmn.c(133): CMN: 85.19 12.18 -5.60  3.98 -6.23 -5.41 -3.88 -0.32 -7.46 -2.97  2.60  5.12  6.53 
utt>   145                    file_3  288    0   108 18  2 4 3.289053e-12 -1.409037e+02 -4.058027e+04
INFO: cmn.c(133): CMN: 89.74 -0.91 -7.31  5.70 -0.45 -15.02 -13.64  3.92  0.75  4.38  2.80 -1.88  4.46 
utt>   146                    file_4  400    0   168 19  2 4 2.871496e-12 -1.440087e+02 -5.760348e+04
INFO: cmn.c(133): CMN: 86.42  4.88 -9.13  2.45 -0.28 -5.18 -7.28  3.73  0.05  1.18 -0.36 -4.25  0.37 
utt>   147                    file_5  395    0   144 15  2 3 2.399833e-12 -1.405913e+02 -5.553356e+04
INFO: cmn.c(133): CMN: 83.37  5.57 -3.24  1.21  0.35 -2.09 -3.78  2.14  1.48  1.72 -0.07  3.25  4.59 
utt>   148                    file_6  360    0   108 23  2 4 3.980055e-12 -1.412851e+02 -5.086265e+04
INFO: cmn.c(133): CMN: 80.18 -0.45 -3.86  7.12 -1.48 -11.25 -6.60  3.34  1.37  5.15  8.12  6.65  3.64 
utt>   149                    file_7  903    0   180 15  1 3 3.312018e-12 -1.392478e+02 -1.257407e+05
INFO: cmn.c(133): CMN: 78.22  3.06 -4.53  5.12 -0.34 -7.43 -8.83  2.20 -2.22  3.00  2.00  3.12  4.65 
utt>   150                    file_8  956    0   168 16  1 3 2.178738e-12 -1.396312e+02 -1.334874e+05
INFO: cmn.c(133): CMN: 78.24  4.64 -4.27  4.69  0.69 -8.08 -2.63  2.91  1.67  2.51  4.30  4.16  5.53 
utt>   151                    file_9  987    0   176 18  1 3 2.385335e-12 -1.398592e+02 -1.380410e+05
INFO: cmn.c(133): CMN: 78.98  5.43 -4.46  0.54 -2.33 -5.66 -4.13  1.29  2.38  5.02  7.12  3.13  5.40 
utt>   152                   file_10  948    0   204 17  1 3 2.115454e-12 -1.404688e+02 -1.331644e+05
INFO: cmn.c(133): CMN: 80.60  7.77 -5.21  3.37  3.22 -3.45 -3.41 -0.67  4.55  4.93  3.75  2.43  4.36 
utt>   153                   file_11  338    0   112 21  2 4 2.701736e-12 -1.410849e+02 -4.768670e+04
INFO: cmn.c(133): CMN: 87.69  1.08  3.80  4.84 -4.19  0.28 -5.78 -7.00 -2.29 -1.26 -0.30  6.21 -2.83 
utt>   154                    file_1  320    0   180 18  2 5 5.051359e-12 -1.451613e+02 -4.645160e+04
INFO: cmn.c(133): CMN: 81.90  4.05 -0.40  5.93 -4.22  2.35 -0.49  0.27  1.38  0.94  4.37  1.89 -2.12 
utt>   155                    file_2  346    0   120 16  2 4 4.484912e-12 -1.428390e+02 -4.942228e+04
INFO: cmn.c(133): CMN: 78.82  7.87 -1.95  4.38 -5.03 -1.06 -4.96 -1.23 -2.62 -2.56 -0.10  6.09  4.13 
utt>   156                    file_3  341    0   108 18  2 4 4.167907e-12 -1.392964e+02 -4.750007e+04
INFO: cmn.c(133): CMN: 86.16  1.21 -3.48 11.26 -0.88 -2.24 -8.77 -6.66 -0.40 -0.61  3.80  1.90  0.59 
utt>   157                    file_4  405    0   168 18  2 4 4.644322e-12 -1.442295e+02 -5.841296e+04
INFO: cmn.c(133): CMN: 86.10  6.98 -5.00  3.30 -7.06 -3.48 -9.40 -2.95  1.88  3.16  2.60 -0.08 -3.67 
utt>   158                    file_5  368    0   144 17  2 4 3.308397e-12 -1.404684e+02 -5.169235e+04
INFO: cmn.c(133): CMN: 78.22 10.03 -3.23  2.30 -4.04 -0.30 -5.39 -5.49 -4.68 -0.28  3.71  4.85  0.82 
utt>   159                    file_6  373    0   108 20  2 3 3.176411e-12 -1.397625e+02 -5.213141e+04
INFO: cmn.c(133): CMN: 77.46  2.63 -2.14  2.29 -4.09 -2.26 -6.98 -3.95  1.38  3.49  1.48  0.65 -1.12 
utt>   160                    file_7 1083    0   180 17  1 3 2.545100e-12 -1.397323e+02 -1.513301e+05
INFO: cmn.c(133): CMN: 78.16  5.12 -1.08  2.01 -3.31 -1.76 -6.78 -3.80  1.64  1.24  0.41 -0.23  0.52 
utt>   161                    file_8 1063    0   176 18  1 3 2.346081e-12 -1.407879e+02 -1.496576e+05
INFO: cmn.c(133): CMN: 79.08  5.82 -1.44  3.05 -3.97  0.75 -4.62 -2.93 -2.45  1.22 -1.60 -2.79  1.02 
utt>   162                    file_9 1053    0   192 19  1 3 2.698421e-12 -1.400639e+02 -1.474873e+05
INFO: cmn.c(133): CMN: 79.17  6.21 -0.10  2.51 -7.38 -0.98 -5.94 -5.53 -2.66 -0.51  0.77  0.19  2.86 
utt>   163                   file_10 1014    0   204 19  1 3 2.476785e-12 -1.421515e+02 -1.441417e+05
INFO: cmn.c(133): CMN: 86.47 10.38 -2.52  3.64 -4.29 -0.67 -7.84 -7.13 -1.48  2.22  5.14  2.67  1.30 
utt>   164                   file_11  105    0    64 28  3 6 5.072100e-12 -1.414958e+02 -1.485706e+04
INFO: cmn.c(133): CMN: 87.08 -0.03 -0.11  9.07 -6.82  1.23 -3.84  2.98 -4.93  1.95  0.42 -2.31  7.06 
utt>   165                    file_1  411    0   180 17  2 4 4.320581e-12 -1.458808e+02 -5.995701e+04
INFO: cmn.c(133): CMN: 86.02  2.25 -6.66  2.54 -6.20  8.03  5.54  5.66 -6.59 -1.22 -6.88 -6.05 -3.19 
utt>   166                    file_2  367    0   120 14  2 3 3.363329e-12 -1.443978e+02 -5.299398e+04
INFO: cmn.c(133): CMN: 87.72  7.30 -3.12  6.48 -11.06  0.42 -4.86  2.43 -4.62 -1.78 -0.99 -3.21  2.37 
utt>   167                    file_3  321    0   108 17  2 4 4.421456e-12 -1.448061e+02 -4.648275e+04
INFO: cmn.c(133): CMN: 91.58 -1.71 -6.82  8.07 -4.54 -6.25 -11.87  3.21 -5.37  4.30 -2.99 -3.07  6.25 
utt>   168                    file_4  388    0   168 21  2 4 3.842271e-12 -1.460580e+02 -5.667052e+04
INFO: cmn.c(133): CMN: 93.99 -1.25 -11.61  1.06 -9.20 -1.37 -4.23  4.33 -3.05  1.51 -4.66 -1.81  8.18 
utt>   169                    file_5  368    0   144 19  2 4 2.692134e-12 -1.429952e+02 -5.262223e+04
INFO: cmn.c(133): CMN: 90.01  3.08 -4.97  5.54 -9.93 -1.54 -7.58  1.64 -6.11  2.10  2.80  1.74  5.31 
utt>   170                    file_6  307    0   108 23  2 5 4.418238e-12 -1.447262e+02 -4.443096e+04
INFO: cmn.c(133): CMN: 83.77 -4.14 -5.13  8.88 -9.78 -3.21 -3.90  3.22 -3.31  0.12  3.20 -1.74  1.20 
utt>   171                    file_7  921    0   180 16  1 3 2.299502e-12 -1.401935e+02 -1.291182e+05
INFO: cmn.c(133): CMN: 84.16  1.20 -5.33  6.84 -10.42 -4.08 -7.31  5.63 -3.77  0.66  2.49  0.65  5.43 
utt>   172                    file_8  898    0   176 16  1 3 3.106608e-12 -1.413930e+02 -1.269709e+05
INFO: cmn.c(133): CMN: 87.42 -3.48 -5.64  4.15 -11.62 -6.12 -9.09  4.94 -2.13  1.84  4.25  5.09  6.13 
utt>   173                    file_9  903    0   192 18  1 3 2.752902e-12 -1.427667e+02 -1.289184e+05
INFO: cmn.c(133): CMN: 85.76  1.91 -7.21  1.53 -16.22 -5.93 -7.81  4.25 -3.56  0.04  4.21  1.18  4.84 
utt>   174                   file_10  848    0   204 16  1 3 2.722096e-12 -1.421713e+02 -1.205613e+05
INFO: cmn.c(133): CMN: 93.09 -0.48 -10.40  2.81 -3.74 -1.54 -5.49 10.00 -1.08  3.00 -0.12  1.80  8.58 
utt>   175                   file_11  145    0    64 22  2 5 3.209109e-12 -1.437196e+02 -2.083935e+04
INFO: cmn.c(133): CMN: 53.67  2.05  5.36 11.21 -9.13  4.40  8.96 -6.47 -0.71  7.46 -10.91  1.25 16.03 
utt>   176                    file_1  170    0    76 15  2 4 2.882972e-12 -1.490915e+02 -2.534556e+04
INFO: cmn.c(133): CMN: 52.44  7.73 -6.48  1.87 -8.96 11.01 10.66 -5.55  0.30  4.73 -8.43 -8.32 14.39 
utt>   177                    file_2  148    0    56 14  2 4 4.169294e-12 -1.451968e+02 -2.148913e+04
INFO: cmn.c(133): CMN: 52.36 15.01  4.46  7.62 -23.28 -5.87  2.47 -12.71 -2.66 -1.90 -1.81  9.98 20.68 
utt>   178                    file_3  132    0    52 16  2 4 4.112413e-12 -1.485409e+02 -1.960740e+04
INFO: cmn.c(133): CMN: 55.25  6.87 -6.47 10.84 -9.45  5.01  4.30 -7.74  1.84  4.26 -6.62 -4.77 19.93 
utt>   179                    file_4  149    0    72 19  2 4 3.313386e-12 -1.495676e+02 -2.228558e+04
INFO: cmn.c(133): CMN: 54.49 10.92 -7.99  6.47 -11.40  3.99  7.47 -5.32  5.98  2.61 -11.77 -7.04 13.35 
utt>   180                    file_5  170    0    64 15  2 4 4.020905e-12 -1.469881e+02 -2.498798e+04
INFO: cmn.c(133): CMN: 53.15 15.25  5.55  9.81 -17.33  1.81  7.85 -3.38  5.16  0.10 -3.28  5.64 23.80 
utt>   181                    file_6  154    0    60 17  2 4 5.243412e-12 -1.471750e+02 -2.266495e+04
INFO: cmn.c(133): CMN: 49.32  3.74 -0.02 16.95 -12.19 -3.19 -1.40 -1.94 -2.60 -1.15 -2.95 -4.27 12.63 
utt>   182                    file_7  784    0   180 16  1 3 3.449584e-12 -1.449408e+02 -1.136336e+05
INFO: cmn.c(133): CMN: 50.00  9.62 -0.24 14.77 -13.27  0.61  4.58  2.93  2.54 -0.39 -1.10  1.43 10.84 
utt>   183                    file_8  872    0   176 15  1 3 2.310752e-12 -1.451802e+02 -1.265971e+05
INFO: cmn.c(133): CMN: 51.97  8.42 -0.78 13.93 -11.53 -3.04  4.22  1.11  1.09 -2.54 -1.66  4.79 14.40 
utt>   184                    file_9  835    0   200 15  1 3 2.363411e-12 -1.456594e+02 -1.216256e+05
INFO: cmn.c(133): CMN: 50.58 11.57 -2.53  5.86 -14.34  1.70  5.96 -1.88 -3.27 -1.17 -0.87  4.72 14.34 
utt>   185                   file_10  818    0   204 16  1 3 2.750390e-12 -1.474929e+02 -1.206492e+05
INFO: cmn.c(133): CMN: 57.38 12.78 -8.49  1.90 -10.25 -0.60  5.92  7.62  9.30  2.37 -2.99  1.25 15.03 
utt>   186                   file_11  158    0    64 16  2 4 2.465732e-12 -1.494403e+02 -2.361157e+04
INFO: cmn.c(133): CMN: 60.02  5.98 -6.29  9.56 -19.38 16.24  7.07 -8.01 -3.89  5.52 -9.38 -0.36  0.03 
utt>   187                    file_1  200    0    76 13  2 4 3.057793e-12 -1.482203e+02 -2.964406e+04
INFO: cmn.c(133): CMN: 57.10  8.37 -6.84  3.70 -16.85 15.92  6.65 -8.66 -3.91  2.88 -6.78 -0.04 -0.52 
utt>   188                    file_2  180    0    56 13  1 3 2.964856e-12 -1.454383e+02 -2.617889e+04
INFO: cmn.c(133): CMN: 59.45  8.78  2.04 11.87 -33.24  6.66 -1.71 -6.59  1.70  9.22 -6.35 10.99  2.63 
utt>   189                    file_3  209    0    52 16  2 3 2.638481e-12 -1.472304e+02 -3.077115e+04
INFO: cmn.c(133): CMN: 58.64  4.44 -9.68  9.05 -17.42 14.36 -8.38 -5.17  6.79  5.50 -6.32  6.13  4.16 
utt>   190                    file_4  211    0    72 16  1 3 3.968950e-12 -1.490497e+02 -3.144949e+04
INFO: cmn.c(133): CMN: 63.95  1.85 -19.88  4.88 -20.64 16.38 -3.53 -6.65  2.33  0.50 -6.46 -0.52  0.34 
utt>   191                    file_5  203    0    64 13  1 3 3.386970e-12 -1.482570e+02 -3.009617e+04
INFO: cmn.c(133): CMN: 57.00 12.83  0.93  5.91 -36.65 12.40 -5.65  0.51  6.00  3.40 -8.45 -3.77 -8.17 
utt>   192                    file_6  194    0    60 15  2 3 3.759126e-12 -1.499549e+02 -2.909125e+04
INFO: cmn.c(133): CMN: 55.97  2.88 -2.41 14.02 -23.40  4.48 -8.32  2.66  0.63  8.28  0.11  4.97 -0.05 
utt>   193                    file_7  833    0   180 15  1 3 3.159533e-12 -1.445796e+02 -1.204348e+05
INFO: cmn.c(133): CMN: 59.02  7.47 -3.47 10.21 -24.09  7.78 -9.34  8.22 -2.81  7.44  0.70  5.21  6.59 
utt>   194                    file_8  774    0   176 14  1 3 2.540850e-12 -1.466498e+02 -1.135070e+05
INFO: cmn.c(133): CMN: 58.42  6.11 -4.91  8.28 -22.89  4.45 -11.73  9.62 -1.80  7.13  1.58  1.75  7.91 
utt>   195                    file_9  854    0   200 13  1 3 2.341850e-12 -1.460996e+02 -1.247691e+05
INFO: cmn.c(133): CMN: 56.09  7.95 -1.68  0.59 -27.21 10.98 -5.48  7.70  2.65  5.33 -0.45  4.20  7.27 
utt>   196                   file_10  843    0   204 14  1 3 2.787814e-12 -1.462909e+02 -1.233232e+05
INFO: cmn.c(133): CMN: 60.00  9.87 -11.88  3.37 -19.10 14.27 -11.25  1.47  9.73  6.45 -0.55  4.05  8.03 
utt>   197                   file_11  203    0    64 16  2 3 3.192468e-12 -1.495245e+02 -3.035347e+04
INFO: cmn.c(133): CMN: 46.72  8.50  0.19  7.53  3.05  4.95 -5.80 -5.34 -8.10  3.39  2.97 -7.09  5.50 
utt>   198                    file_1  446    0   180 19  2 4 4.054176e-12 -1.439606e+02 -6.420641e+04
INFO: cmn.c(133): CMN: 46.17  7.99 -3.42  9.07 -1.85  9.15  0.43  2.89 -6.05  4.38  6.83 -7.65  6.36 
utt>   199                    file_2  426    0   120 14  2 3 3.340724e-12 -1.441032e+02 -6.138797e+04
INFO: cmn.c(133): CMN: 52.34 14.92 -8.08  2.28 -19.18  6.75  1.06  1.04 -4.51  2.96  4.34 -3.26  6.07 
utt>   200                    file_3  361    0    92 20  2 4 2.819325e-12 -1.476259e+02 -5.329296e+04
INFO: cmn.c(133): CMN: 49.51  7.69 -2.58 15.82 -3.11 -1.46 -11.69  1.85 -4.88  0.87  2.48 -10.46  6.15 
utt>   201                    file_4  436    0   168 19  2 4 4.399391e-12 -1.460600e+02 -6.368214e+04
INFO: cmn.c(133): CMN: 52.03 13.43 -11.77  5.47 -5.64  5.28 -5.44  3.40 -2.10  3.70  4.13 -13.89  6.47 
utt>   202                    file_5  389    0   144 16  2 4 3.383681e-12 -1.440171e+02 -5.602266e+04
INFO: cmn.c(133): CMN: 49.49 15.08 -3.43  4.21 -7.13  6.82 -4.09  1.52 -4.62  2.78  5.10 -8.54  5.55 
utt>   203                    file_6  354    0   108 26  2 4 2.715480e-12 -1.438413e+02 -5.091983e+04
INFO: cmn.c(133): CMN: 48.47  6.20 -3.91 13.97 -15.73 -0.76 -5.28  8.65  1.22  3.81  7.19 -6.28  3.24 
utt>   204                    file_7  730    0   180 16  2 3 2.568278e-12 -1.428211e+02 -1.042594e+05
INFO: cmn.c(133): CMN: 49.61 12.16 -5.41  9.28 -20.32 -1.09 -6.20  2.99 -1.74  3.48  3.11 -5.77  4.70 
utt>   205                    file_8  713    0   176 15  1 3 3.424190e-12 -1.428827e+02 -1.018754e+05
INFO: cmn.c(133): CMN: 49.53  9.92 -3.67  8.39 -17.01 -2.96 -5.07  9.12  0.71  4.52  1.55 -6.71  3.99 
utt>   206                    file_9  764    0   200 16  1 3 2.427066e-12 -1.434921e+02 -1.096279e+05
INFO: cmn.c(133): CMN: 48.68 11.53 -5.15  2.44 -19.28  2.58  0.74 10.51 -1.22  6.16  7.90 -4.83  5.26 
utt>   207                   file_10  726    0   204 16  2 3 3.419988e-12 -1.440725e+02 -1.045966e+05
INFO: cmn.c(133): CMN: 51.99 17.98 -10.05 -0.34 -8.07  7.94 -2.94  6.72  5.30 10.72  5.17 -1.58  5.82 
utt>   208                   file_11  302    0   112 23  2 4 4.722559e-12 -1.436276e+02 -4.337552e+04
INFO: cmn.c(133): CMN: 76.86  8.24  2.06  3.75 -13.10  4.69 -4.77 -4.73 -10.36 -4.64 -0.78  2.32 -3.58 
utt>   209                    file_1  435    0   180 14  2 4 3.001589e-12 -1.438678e+02 -6.258249e+04
INFO: cmn.c(133): CMN: 72.16 10.07 -2.17  2.64 -8.01  4.17 -2.09  0.22 -6.20 -2.58  3.00 -2.63 -8.25 
utt>   210                    file_2  405    0   120 13  1 3 2.586962e-12 -1.434862e+02 -5.811192e+04
INFO: cmn.c(133): CMN: 69.25 14.93  1.12  3.84 -6.55  1.34 -3.08 -3.99 -7.91 -6.23 -5.21 -0.49 -2.09 
utt>   211                    file_3  339    0   108 17  2 4 4.570029e-12 -1.424003e+02 -4.827370e+04
INFO: cmn.c(133): CMN: 77.57  5.60 -3.52  8.55 -8.84  1.01 -6.12 -5.36 -9.01 -4.60  1.02 -1.24 -6.99 
utt>   212                    file_4  423    0   168 15  1 3 2.270071e-12 -1.450351e+02 -6.134986e+04
INFO: cmn.c(133): CMN: 77.05  7.51 -5.48  5.72 -9.36  3.78 -7.26 -1.90 -6.65 -0.83  0.53 -6.22 -4.86 
utt>   213                    file_5  387    0   144 14  1 3 2.350800e-12 -1.417915e+02 -5.487330e+04
INFO: cmn.c(133): CMN: 74.73 13.22 -1.13  6.07 -7.72  5.76  0.70 -0.57 -5.68 -4.39 -4.42 -5.95 -2.04 
utt>   214                    file_6  341    0   108 18  2 3 3.886591e-12 -1.409048e+02 -4.804853e+04
INFO: cmn.c(133): CMN: 76.80  3.73 -3.91  3.82 -7.49 -0.99 -9.12 -5.41 -5.27 -3.91 -3.18 -0.81 -2.40 
utt>   215                    file_7  884    0   180 15  1 3 2.136111e-12 -1.396589e+02 -1.234585e+05
INFO: cmn.c(133): CMN: 77.20  9.40 -2.83  4.12 -9.00 -1.06 -6.61 -4.95 -4.07 -3.09 -3.85 -1.97 -1.52 
utt>   216                    file_8  949    0   176 15  1 3 2.435712e-12 -1.405257e+02 -1.333589e+05
INFO: cmn.c(133): CMN: 77.41  7.61 -2.03  2.95 -8.35  0.70 -7.34 -4.45 -4.67 -3.83 -3.56 -0.15 -1.13 
utt>   217                    file_9  924    0   200 14  1 3 2.023500e-12 -1.408119e+02 -1.301102e+05
INFO: cmn.c(133): CMN: 75.87 10.14 -3.17 -0.25 -12.86 -1.45 -5.61 -4.67 -4.59 -0.65 -2.25 -0.04 -1.26 
utt>   218                   file_10  931    0   204 15  1 3 2.561171e-12 -1.407716e+02 -1.310584e+05
INFO: cmn.c(133): CMN: 82.19  9.55 -4.16 10.10 -5.97  8.29 -6.18 -2.07 -8.86 -3.65 -5.78 -6.80 -2.84 
utt>   219                   file_11  119    0    64 19  2 5 6.476012e-12 -1.469271e+02 -1.748433e+04
INFO: cmn.c(133): CMN: 76.06  6.84 -5.14 17.53 -6.19  3.02  4.47  5.02  1.32 13.45 10.23 -1.82  9.36 
utt>   220                    file_1  438    0   180 16  2 4 4.016721e-12 -1.445340e+02 -6.330587e+04
INFO: cmn.c(133): CMN: 73.42  8.20 -7.35  9.11 -13.77 -2.39 -4.47 -2.91 -5.74  1.57  1.45 -1.16  0.96 
utt>   221                    file_2  369    0   120 14  1 3 1.693363e-12 -1.434353e+02 -5.292762e+04
INFO: cmn.c(133): CMN: 77.10  9.70 -5.21  7.34 -21.83 -4.75  2.17 -4.21 -3.83 -1.97  2.14  9.35  1.68 
utt>   222                    file_3  328    0   108 15  2 4 3.718285e-12 -1.465373e+02 -4.806424e+04
INFO: cmn.c(133): CMN: 79.91  4.83 -11.63 10.36 -13.75 -8.87 -8.25 -1.85  2.36  2.83 -1.87  0.08  1.93 
utt>   223                    file_4  415    0   168 15  1 3 3.815773e-12 -1.455979e+02 -6.042314e+04
INFO: cmn.c(133): CMN: 78.10  8.91 -13.56  9.14 -14.76 -5.48 -4.34 -0.87 -0.11  2.48 -1.25 -1.62  1.78 
utt>   224                    file_5  397    0   144 13  1 3 3.554310e-12 -1.433774e+02 -5.692083e+04
INFO: cmn.c(133): CMN: 74.70 10.23 -8.09  6.77 -17.66 -2.65 -3.09 -0.06  0.59 -0.07  2.32  4.54  0.62 
utt>   225                    file_6  360    0   108 17  2 3 3.121908e-12 -1.430387e+02 -5.149394e+04
INFO: cmn.c(133): CMN: 73.32  4.23 -7.10 12.12 -13.69 -9.74 -4.29 -4.68 -6.12 -0.83 -2.17  1.36 -1.00 
utt>   226                    file_7  930    0   180 15  1 2 2.566531e-12 -1.411187e+02 -1.312404e+05
INFO: cmn.c(133): CMN: 70.50  8.37 -8.36  5.00 -14.49 -6.60 -4.16 -2.77  0.34  0.74 -1.70  3.31  0.36 
utt>   227                    file_8 1099    0   176 16  1 2 2.055911e-12 -1.410582e+02 -1.550229e+05
INFO: cmn.c(133): CMN: 70.33  7.38 -6.01  7.68 -13.21 -6.92 -4.08 -3.32  0.63 -0.21 -1.38  4.39  1.64 
utt>   228                    file_9 1084    0   200 15  1 3 2.549999e-12 -1.408341e+02 -1.526642e+05
INFO: cmn.c(133): CMN: 69.46  8.57 -7.09  0.98 -16.04 -6.46 -2.81 -1.92 -2.77  0.44 -0.99  3.68  1.24 
utt>   229                   file_10 1077    0   204 15  1 3 2.070887e-12 -1.400351e+02 -1.508177e+05
INFO: cmn.c(133): CMN: 78.61 10.96 -11.12  9.01 -11.29 -3.72 -3.96  0.18  6.00  2.68 -3.27  3.61  2.96 
utt>   230                   file_11  160    0    64 17  2 4 3.899973e-12 -1.452505e+02 -2.324008e+04
INFO: cmn.c(133): CMN: 74.19  5.92 -0.70  3.42 -9.80 -3.36 -7.21 -2.24 -2.50  7.45  2.70  5.01  4.42 
utt>   231                    file_1  448    0   180 15  2 3 1.993404e-12 -1.461663e+02 -6.548251e+04
INFO: cmn.c(133): CMN: 74.63  7.71 -4.70 -0.93 -9.13 -0.80 -7.52 -1.70 -1.26  7.74 -2.18 -0.90  3.62 
utt>   232                    file_2  385    0   120 14  1 3 1.936492e-12 -1.451752e+02 -5.589247e+04
INFO: cmn.c(133): CMN: 74.74  9.60 -4.00 -2.27 -14.54 -6.45 -10.46 -7.17 -10.10  0.96  4.00  9.39  8.71 
utt>   233                    file_3  360    0   108 15  2 3 3.131762e-12 -1.452510e+02 -5.229036e+04
INFO: cmn.c(133): CMN: 79.31  2.09 -5.18  5.82 -14.42 -5.89 -13.70 -1.61 -0.50  6.25 -1.29  3.58  6.02 
utt>   234                    file_4  477    0   168 16  1 3 3.171980e-12 -1.465954e+02 -6.992602e+04
INFO: cmn.c(133): CMN: 81.05  5.84 -8.32  2.64 -13.77 -6.37 -10.70 -0.11 -2.29  3.21 -0.68  4.18  4.91 
utt>   235                    file_5  398    0   144 14  2 3 3.118809e-12 -1.441741e+02 -5.738128e+04
INFO: cmn.c(133): CMN: 77.50 10.83 -6.55 -0.31 -12.80 -3.37 -7.28 -4.03 -2.10  4.89  5.15 10.67  4.63 
utt>   236                    file_6  383    0   108 22  2 4 3.144182e-12 -1.418702e+02 -5.433630e+04
INFO: cmn.c(133): CMN: 77.78  1.71 -4.73  3.62 -12.18 -7.54 -8.30 -3.07 -3.93  0.53  3.40  5.81  0.20 
utt>   237                    file_7 1055    0   180 15  1 3 2.432475e-12 -1.426831e+02 -1.505307e+05
INFO: cmn.c(133): CMN: 76.49  6.44 -7.04 -2.80 -12.03 -5.11 -6.66  1.53 -1.02  0.54  1.71  7.66  2.63 
utt>   238                    file_8 1073    0   176 15  1 2 1.870930e-12 -1.423518e+02 -1.527434e+05
INFO: cmn.c(133): CMN: 75.95  5.33 -5.51 -2.52 -13.66 -7.77 -9.19 -1.71 -2.08  0.64 -0.15  5.32  1.52 
utt>   239                    file_9 1137    0   200 15  1 2 1.913932e-12 -1.418291e+02 -1.612597e+05
INFO: cmn.c(133): CMN: 74.59  8.25 -6.75 -4.03 -13.96 -2.67 -6.68 -2.84 -3.70  2.76  2.55  4.41  1.25 
utt>   240                   file_10 1153    0   204 16  1 3 2.796112e-12 -1.435066e+02 -1.654631e+05
INFO: cmn.c(133): CMN: 86.66  3.30 -8.46 -0.61 -11.38  1.35 -7.78  1.63  1.91  1.57 -1.68 11.63  2.13 
utt>   241                   file_11  181    0    64 17  2 4 3.625543e-12 -1.474846e+02 -2.669472e+04
INFO: cmn.c(133): CMN: 84.68  1.89 -1.90  0.90 -0.12 -2.20 -11.76 -2.27 -5.33  3.04  5.84  6.17  4.25 
utt>   242                    file_1  325    0   180 19  2 5 3.792034e-12 -1.462266e+02 -4.752364e+04
INFO: cmn.c(133): CMN: 82.10  3.63 -1.38  0.68 -5.10  0.95 -7.70 -1.00 -11.27 11.38 -0.25  7.54  6.74 
utt>   243                    file_2  276    0   120 14  2 4 5.060065e-12 -1.461946e+02 -4.034972e+04
INFO: cmn.c(133): CMN: 83.42  9.79 -4.57  4.56 -4.16 -5.23 -12.15 -1.78 -10.51  2.21  1.72  7.67  7.74 
utt>   244                    file_3  245    0   108 18  2 5 2.489533e-12 -1.428617e+02 -3.500112e+04
INFO: cmn.c(133): CMN: 88.88 -0.00 -4.13  7.20 -1.97 -3.03 -19.79 -6.38 -1.33  9.57 -3.24  7.18  9.95 
utt>   245                    file_4  327    0   168 20  2 4 3.338892e-12 -1.479546e+02 -4.838114e+04
INFO: cmn.c(133): CMN: 89.38  5.58 -7.52  3.32 -7.89 -10.21 -13.18 -0.49 -3.54  6.95  2.18  4.60  5.70 
utt>   246                    file_5  280    0   144 16  2 4 4.536133e-12 -1.419738e+02 -3.975267e+04
INFO: cmn.c(133): CMN: 87.98  6.87 -7.26  2.00 -4.01 -1.24 -10.95 -2.55 -5.26  5.47  5.08  9.84  5.35 
utt>   247                    file_6  237    0   108 19  2 5 3.430526e-12 -1.423621e+02 -3.373983e+04
INFO: cmn.c(133): CMN: 83.13  0.03 -5.23  2.13 -5.43 -8.09 -13.88  1.18  3.28  9.03 -3.57  8.80  5.54 
utt>   248                    file_7  741    0   180 16  1 3 2.936322e-12 -1.411129e+02 -1.045647e+05
INFO: cmn.c(133): CMN: 88.33  1.23 -7.93 -2.07 -8.02 -8.01 -14.65  1.29  1.86  5.16 -1.00 10.84  6.78 
utt>   249                    file_8  686    0   176 16  1 3 2.631389e-12 -1.435329e+02 -9.846356e+04
INFO: cmn.c(133): CMN: 85.40  2.61 -3.55  0.05 -5.20 -6.84 -16.17 -3.54  0.10  6.73 -1.34  9.20  5.86 
utt>   250                    file_9  683    0   200 15  1 3 3.448451e-12 -1.441869e+02 -9.847966e+04
INFO: cmn.c(133): CMN: 84.23  4.24 -4.81 -3.97 -10.08 -5.64 -14.13 -2.76 -0.62  7.98  3.88  8.80  5.56 
utt>   251                   file_10  692    0   204 16  1 3 2.904494e-12 -1.434194e+02 -9.924623e+04
INFO: cmn.c(133): CMN: 85.41  5.73 -6.84  1.13 -4.69 -4.38 -18.32 -5.19 -3.21 13.42  5.68  5.43  7.78 
utt>   252                   file_11  106    0    64 16  2 5 4.080096e-12 -1.447234e+02 -1.534068e+04
INFO: cmn.c(133): CMN: 72.69  8.03  1.95  9.00 -14.12 -2.10 -7.42 -1.17 -7.31 -13.27  2.78 -5.04 -5.42 
utt>   253                    file_1  438    0   180 15  2 4 3.237651e-12 -1.448268e+02 -6.343414e+04
INFO: cmn.c(133): CMN: 72.70 11.73 -3.32  5.67 -16.99 -4.94 -5.00 -0.79 -6.34 -6.45  3.71 -4.24 -6.13 
utt>   254                    file_2  319    0   120 15  2 3 2.134392e-12 -1.431991e+02 -4.568052e+04
INFO: cmn.c(133): CMN: 72.85 15.61  0.66 10.91 -14.43 -7.22 -3.91 -1.50 -9.00 -12.17 -4.88 -4.03 -4.62 
utt>   255                    file_3  278    0   108 17  2 4 5.033021e-12 -1.440501e+02 -4.004593e+04
INFO: cmn.c(133): CMN: 75.53  7.14  0.20 14.65 -13.32 -1.58 -9.53 -4.46 -7.93 -11.82  5.65 -2.55 -8.95 
utt>   256                    file_4  352    0   168 18  2 4 3.854108e-12 -1.459830e+02 -5.138603e+04
INFO: cmn.c(133): CMN: 78.96 12.65 -9.23 11.63 -11.01 -9.70 -10.24 -0.76 -2.46 -5.89  3.71 -8.07 -11.37 
utt>   257                    file_5  285    0   144 16  2 3 4.253187e-12 -1.441474e+02 -4.108201e+04
INFO: cmn.c(133): CMN: 73.58 17.82 -2.45  7.87 -11.17 -6.40 -2.53  1.50 -7.87 -12.40  0.38 -6.97 -10.86 
utt>   258                    file_6  303    0   108 23  2 4 3.495078e-12 -1.445437e+02 -4.379673e+04
INFO: cmn.c(133): CMN: 73.14  6.99 -2.04 12.23 -9.19 -7.30 -9.31 -2.91 -9.41 -8.59  1.51 -0.94 -2.89 
utt>   259                    file_7  815    0   180 16  1 3 1.958365e-12 -1.403524e+02 -1.143872e+05
INFO: cmn.c(133): CMN: 72.49 12.28 -1.04  5.62 -10.67 -4.67 -11.12 -3.89 -4.39 -7.63 -0.67 -1.07 -4.23 
utt>   260                    file_8  823    0   176 16  1 3 1.939285e-12 -1.409870e+02 -1.160323e+05
INFO: cmn.c(133): CMN: 71.84  9.90 -1.86  8.49 -10.60 -6.90 -9.76 -3.01 -6.52 -4.25  0.12 -6.89 -2.76 
utt>   261                    file_9  829    0   200 16  1 3 2.943013e-12 -1.423803e+02 -1.180333e+05
INFO: cmn.c(133): CMN: 72.56 11.86 -1.43  4.02 -12.57 -5.36 -7.37 -2.00 -5.68 -5.29 -0.88 -2.39 -2.87 
utt>   262                   file_10  793    0   204 16  1 3 3.315960e-12 -1.407286e+02 -1.115978e+05
INFO: cmn.c(133): CMN: 77.51 15.03 -2.34  8.79 -15.52 -4.73 -10.09 -3.66 -7.03 -9.51  6.10 -7.17 -8.54 
utt>   263                   file_11  155    0    64 21  2 4 5.269827e-12 -1.447189e+02 -2.243142e+04
INFO: cmn.c(133): CMN: 89.76  3.52  1.35  4.30 -6.74  7.55 -5.93 -4.62 -9.98 -2.91  0.83  0.91 -1.20 
utt>   264                    file_1  297    0   180 20  2 5 5.129840e-12 -1.429862e+02 -4.246691e+04
INFO: cmn.c(133): CMN: 91.76  6.77 -5.61  2.93 -9.85 -0.53 -4.16 -0.54 -6.85  0.06  5.78  7.11 -1.30 
utt>   265                    file_2  232    0   120 22  2 4 5.673047e-12 -1.436013e+02 -3.331549e+04
INFO: cmn.c(133): CMN: 92.15  8.82 -5.96  4.83 -9.00 -2.97 -4.37 -0.38 -4.25 -7.35 -5.47  7.08  4.26 
utt>   266                    file_3  211    0   108 20  2 5 4.086317e-12 -1.395317e+02 -2.944118e+04
INFO: cmn.c(133): CMN: 92.83  3.63 -4.37  7.55 -5.49  4.34 -8.76 -9.56 -4.73 -1.31  2.04  3.92 -0.99 
utt>   267                    file_4  309    0   168 25  2 4 6.515547e-12 -1.443069e+02 -4.459083e+04
INFO: cmn.c(133): CMN: 91.25  7.97 -7.24  4.27 -5.51  0.33 -12.45 -6.97 -0.12  4.75  0.09  1.05 -6.33 
utt>   268                    file_5  282    0   144 20  2 4 4.351377e-12 -1.403359e+02 -3.957472e+04
INFO: cmn.c(133): CMN: 91.94  8.27 -5.59  6.52 -7.52 -0.72  0.75 -0.57 -4.15 -1.73 -0.47  3.82  0.40 
utt>   269                    file_6  223    0   108 32  2 5 4.727956e-12 -1.392079e+02 -3.104337e+04
INFO: cmn.c(133): CMN: 84.90  4.16 -5.15  3.54 -4.46 -4.72 -15.20 -5.86  4.32  1.68  2.71  6.13  0.92 
utt>   270                    file_7  898    0   180 18  1 3 2.269253e-12 -1.406175e+02 -1.262745e+05
INFO: cmn.c(133): CMN: 87.98  8.04 -5.85  3.64 -6.02 -2.46 -11.36 -6.68 -1.55 -2.36  0.41  3.61 -0.44 
utt>   271                    file_8  821    0   176 20  1 3 3.292553e-12 -1.401394e+02 -1.150544e+05
INFO: cmn.c(133): CMN: 90.77  3.67 -5.72  4.07 -6.02 -1.30 -10.49 -6.30 -1.45 -4.60 -1.76  7.02 -0.84 
utt>   272                    file_9  873    0   200 21  1 3 2.581023e-12 -1.422756e+02 -1.242066e+05
INFO: cmn.c(133): CMN: 89.93  6.86 -6.07  1.27 -10.66 -1.38 -8.98 -6.33 -1.97 -6.45 -2.63  6.57 -0.60 
utt>   273                   file_10  812    0   204 21  2 3 3.444075e-12 -1.421290e+02 -1.154088e+05
INFO: cmn.c(133): CMN: 93.40  6.59 -6.75  4.28 -6.20  2.12 -1.70 -5.21 -2.18  2.00  1.78  4.25 -2.10 
utt>   274                   file_11  148    0    64 27  2 4 4.498083e-12 -1.405835e+02 -2.080636e+04
overall> stats 121508 (-0) -1.430841e+02 -1.738586e+07

INFO: s3mixw_io.c(233): Wrote /home/simone/Documenti/Elaborazione/project-NLP/bwaccumdir/android_db_buff_1/mixw_counts [281x1x4 array]
INFO: s3tmat_io.c(176): Wrote /home/simone/Documenti/Elaborazione/project-NLP/bwaccumdir/android_db_buff_1/tmat_counts [27x3x4 array]
INFO: s3gau_io.c(485): Wrote /home/simone/Documenti/Elaborazione/project-NLP/bwaccumdir/android_db_buff_1/gauden_counts with means with vars [281x1x4 vector arrays]
INFO: main.c(999): Counts saved to /home/simone/Documenti/Elaborazione/project-NLP/bwaccumdir/android_db_buff_1
Thu Feb 16 16:24:48 2017
