        INFO: main.c(229): Compiled on Oct 27 2016 at 19:16:52
Current configuration:
[NAME]		[DEFLT]		[VALUE]
-2passvar	no		yes
-abeam		1e-100		1.000000e-90
-accumdir			/home/simone/Documenti/Elaborazione/project-NLP/bwaccumdir/android_db_buff_1
-agc		none		none
-agcthresh	2.0		2.000000e+00
-bbeam		1e-100		1.000000e-10
-cb2mllrfn	.1cls.		.1cls.
-cepdir				/home/simone/Documenti/Elaborazione/project-NLP/feat
-cepext		mfc		mfc
-ceplen		13		13
-ckptintv			0
-cmn		live		current
-cmninit	40,3,-1		40,3,-1
-ctlfn				/home/simone/Documenti/Elaborazione/project-NLP/etc/android_db_train.fileids
-diagfull	no		no
-dictfn				/home/simone/Documenti/Elaborazione/project-NLP/etc/android_db.dic
-example	no		no
-fdictfn			/home/simone/Documenti/Elaborazione/project-NLP/etc/android_db.filler
-feat		1s_c_d_dd	1s_c_d_dd
-fullvar	no		no
-help		no		no
-hmmdir				
-latdir				
-latext				
-lda				
-ldadim		0		0
-lsnfn				/home/simone/Documenti/Elaborazione/project-NLP/etc/android_db_train.transcription
-lw		11.5		1.150000e+01
-maxuttlen	0		0
-meanfn				/home/simone/Documenti/Elaborazione/project-NLP/model_parameters/android_db.cd_cont_2000/means
-meanreest	yes		yes
-mixwfn				/home/simone/Documenti/Elaborazione/project-NLP/model_parameters/android_db.cd_cont_2000/mixture_weights
-mixwreest	yes		yes
-mllrmat			
-mmie		no		no
-mmie_type	rand		rand
-moddeffn			/home/simone/Documenti/Elaborazione/project-NLP/model_architecture/android_db.2000.mdef
-mwfloor	0.00001		1.000000e-05
-npart				1
-nskip				0
-outphsegdir			
-outputfullpath	no		no
-part				1
-pdumpdir			
-phsegdir			
-phsegext	phseg		phseg
-runlen		-1		-1
-sentdir			
-sentext	sent		sent
-spthresh	0.0		0.000000e+00
-svspec				
-timing		yes		no
-tmatfn				/home/simone/Documenti/Elaborazione/project-NLP/model_parameters/android_db.cd_cont_2000/transition_matrices
-tmatreest	yes		yes
-topn		4		8
-tpfloor	0.0001		1.000000e-05
-ts2cbfn			.cont.
-varfloor	0.00001		1.000000e-04
-varfn				/home/simone/Documenti/Elaborazione/project-NLP/model_parameters/android_db.cd_cont_2000/variances
-varnorm	no		no
-varreest	yes		yes
-viterbi	no		no

INFO: feat.c(715): Initializing feature stream to type: '1s_c_d_dd', ceplen=13, CMN='batch', VARNORM='no', AGC='none'
INFO: main.c(318): Reading /home/simone/Documenti/Elaborazione/project-NLP/model_architecture/android_db.2000.mdef
INFO: model_def_io.c(573): Model definition info:
INFO: model_def_io.c(574): 598 total models defined (27 base, 571 tri)
INFO: model_def_io.c(575): 2392 total states
INFO: model_def_io.c(576): 597 total tied states
INFO: model_def_io.c(577): 81 total tied CI states
INFO: model_def_io.c(578): 27 total tied transition matrices
INFO: model_def_io.c(579): 4 max state/model
INFO: model_def_io.c(580): 4 min state/model
INFO: s3mixw_io.c(117): Read /home/simone/Documenti/Elaborazione/project-NLP/model_parameters/android_db.cd_cont_2000/mixture_weights [597x1x8 array]
INFO: s3tmat_io.c(118): Read /home/simone/Documenti/Elaborazione/project-NLP/model_parameters/android_db.cd_cont_2000/transition_matrices [27x3x4 array]
INFO: mod_inv.c(301): inserting tprob floor 1.000000e-05 and renormalizing
INFO: s3gau_io.c(169): Read /home/simone/Documenti/Elaborazione/project-NLP/model_parameters/android_db.cd_cont_2000/means [597x1x8 array]
INFO: s3gau_io.c(169): Read /home/simone/Documenti/Elaborazione/project-NLP/model_parameters/android_db.cd_cont_2000/variances [597x1x8 array]
INFO: gauden.c(176): 597 total mgau
INFO: gauden.c(150): 1 feature streams (|0|=39 )
INFO: gauden.c(187): 8 total densities
INFO: gauden.c(90): min_var=1.000000e-04
INFO: gauden.c(165): compute 8 densities/frame
INFO: main.c(431): Will reestimate mixing weights.
INFO: main.c(433): Will reestimate means.
INFO: main.c(435): Will reestimate variances.
INFO: main.c(443): Will reestimate transition matrices
INFO: main.c(456): Reading main dictionary: /home/simone/Documenti/Elaborazione/project-NLP/etc/android_db.dic
INFO: lexicon.c(221): 24 entries added from /home/simone/Documenti/Elaborazione/project-NLP/etc/android_db.dic
INFO: main.c(466): Reading filler dictionary: /home/simone/Documenti/Elaborazione/project-NLP/etc/android_db.filler
INFO: lexicon.c(221): 3 entries added from /home/simone/Documenti/Elaborazione/project-NLP/etc/android_db.filler
INFO: corpus.c(1062): Will process all remaining utts starting at 0
INFO: main.c(665): Reestimation: Baum-Welch
INFO: cmn.c(133): CMN: 89.64  2.21 -0.46  5.91 -1.57  5.41 -1.05  4.40 -1.04  0.54  2.20  5.75 -0.88 
column defns
	<seq>
	<id>
	<n_frame_in>
	<n_frame_del>
	<n_state_shmm>
	<avg_states_alpha>
	<avg_states_beta>
	<avg_states_reest>
	<avg_posterior_prune>
	<frame_log_lik>
	<utt_log_lik>
	... timing info ... 
utt>     0                    file_1  440    0   180 7  1 2 1.586534e-12 -1.346544e+02 -5.924795e+04
INFO: cmn.c(133): CMN: 87.17  0.63 -7.64  4.20 -3.57  3.86  3.86  7.98  1.14 -0.48  3.61  3.34 -4.79 
utt>     1                    file_2  395    0   120 8  1 2 1.866099e-12 -1.336536e+02 -5.279317e+04
INFO: cmn.c(133): CMN: 87.50  5.32 -4.61  3.04 -9.79 -4.95 -5.72  1.35  2.60  2.02 -2.15  2.04 -1.23 
utt>     2                    file_3  373    0   108 9  1 2 1.062061e-12 -1.327401e+02 -4.951207e+04
INFO: cmn.c(133): CMN: 88.33 -0.22 -8.39  4.52 -0.33 -0.00 -2.19  4.97  0.57  2.47  5.31  5.68 -5.39 
utt>     3                    file_4  494    0   168 8  1 2 1.691753e-12 -1.343949e+02 -6.639108e+04
INFO: cmn.c(133): CMN: 89.11  2.37 -7.79  2.51 -5.79 -1.48 -2.43  6.33  2.88  0.08 -0.85 -2.42 -7.08 
utt>     4                    file_5  429    0   144 7  1 2 1.004840e-12 -1.320458e+02 -5.664765e+04
INFO: cmn.c(133): CMN: 87.59  6.91 -6.05  2.68 -5.10  0.58 -3.92  2.78  0.82  3.59  1.96 -0.08 -3.26 
utt>     5                    file_6  362    0   108 9  1 2 1.996492e-12 -1.330819e+02 -4.817565e+04
INFO: cmn.c(133): CMN: 79.36  1.55 -6.93  4.80 -1.90 -0.23 -3.75  3.25  4.98 -1.33 -4.80  1.32  0.30 
utt>     6                    file_7  939    0   180 11  1 2 1.196125e-12 -1.357211e+02 -1.274422e+05
INFO: cmn.c(133): CMN: 77.86  3.78 -5.53  8.99 -3.38 -2.62 -10.03 -2.35  7.28 -0.26 -4.29 -0.13 -1.59 
utt>     7                    file_8  916    0   168 11  1 2 1.730944e-12 -1.363244e+02 -1.248732e+05
INFO: cmn.c(133): CMN: 76.86  4.13 -7.45  5.91 -0.57 -1.99 -6.86 -1.66  4.40  0.87 -5.96 -0.51 -2.11 
utt>     8                    file_9  912    0   176 11  1 2 1.766195e-12 -1.357022e+02 -1.237604e+05
INFO: cmn.c(133): CMN: 75.95  7.15 -4.92  1.19 -8.39 -5.05 -7.88 -1.30  7.70  2.47 -4.01  0.83 -1.23 
utt>     9                   file_10  957    0   204 10  1 2 2.128310e-12 -1.368123e+02 -1.309293e+05
INFO: cmn.c(133): CMN: 82.36  9.44 -1.40  1.37 -0.27 -1.06 -10.13 -4.62 -12.22 -0.90  3.55  5.74  0.65 
utt>    10                   file_11  139    0    64 7  1 2 3.114965e-12 -1.357674e+02 -1.887167e+04
INFO: cmn.c(133): CMN: 78.29 -2.70  5.74  8.09 -12.81  8.61 -10.16 -2.78 -0.93  4.20  2.66  2.63 -0.07 
utt>    11                    file_1  178    0    76 7  1 2 3.099395e-12 -1.378782e+02 -2.454232e+04
INFO: cmn.c(133): CMN: 77.94  1.84 -4.07  4.49 -12.72 13.76 -2.11 -1.99 -0.87  7.72 -2.61 -4.72 -4.61 
utt>    12                    file_2  134    0    56 8  1 2 2.258719e-12 -1.378459e+02 -1.847135e+04
INFO: cmn.c(133): CMN: 75.35 11.59  7.29  5.53 -10.99  2.14 -10.01 -6.01 -9.74  1.10 -6.88  4.61  7.14 
utt>    13                    file_3  123    0    52 7  1 2 2.487842e-12 -1.367285e+02 -1.681760e+04
INFO: cmn.c(133): CMN: 83.04 -2.09 -6.51  8.55 -8.64  0.68 -16.11 -1.87  1.93 14.96 -9.61  0.04  3.69 
utt>    14                    file_4  156    0    72 7  1 2 1.581603e-12 -1.395289e+02 -2.176651e+04
INFO: cmn.c(133): CMN: 82.28  6.13 -8.38  7.71 -7.81  5.03 -10.88 -1.74 -1.44  4.47 -9.59 -1.63  0.79 
utt>    15                    file_5  163    0    64 7  1 2 2.560681e-12 -1.374749e+02 -2.240841e+04
INFO: cmn.c(133): CMN: 84.04  4.68 -1.38  8.44 -11.97  3.85 -8.64 -3.01 -7.79  3.11 -7.44 -2.15  3.24 
utt>    16                    file_6  153    0    60 6  1 2 2.006597e-12 -1.306566e+02 -1.999045e+04
INFO: cmn.c(133): CMN: 80.48 -1.34  0.45 10.71 -13.34 -5.84 -12.08 -0.66 -4.73 -0.36  0.30  3.70 -3.36 
utt>    17                    file_7  708    0   180 9  1 2 1.755135e-12 -1.420479e+02 -1.005699e+05
INFO: cmn.c(133): CMN: 76.44  5.76  1.33  8.76 -10.50 -5.32 -13.20 -0.25  2.54 -0.62 -2.49  7.91 -0.01 
utt>    18                    file_8  748    0   168 10  1 2 1.469667e-12 -1.399850e+02 -1.047088e+05
INFO: cmn.c(133): CMN: 77.36  4.09  1.04 11.11 -9.28 -3.13 -12.01 -2.81  0.51  2.64 -2.59 10.45 -1.10 
utt>    19                    file_9  708    0   176 10  1 2 2.156911e-12 -1.410654e+02 -9.987428e+04
INFO: cmn.c(133): CMN: 74.52  7.18  2.47  5.02 -11.80 -2.81 -12.43 -6.22 -1.41  5.32 -4.18  8.48  1.03 
utt>    20                   file_10  774    0   204 10  1 2 1.973248e-12 -1.397435e+02 -1.081615e+05
INFO: cmn.c(133): CMN: 82.56  4.63 -6.87 10.02 -4.52  8.05 -15.24 -0.69  7.30  3.20 -13.09  2.42  2.91 
utt>    21                   file_11  158    0    64 6  1 2 1.518456e-12 -1.304300e+02 -2.060795e+04
INFO: cmn.c(133): CMN: 84.85  5.46 -2.82  7.65 -0.55 -1.83 -3.22 -0.06 -4.61  4.31  0.39  1.57  0.22 
utt>    22                    file_1  160    0    76 8  1 2 2.322824e-12 -1.369152e+02 -2.190644e+04
INFO: cmn.c(133): CMN: 84.49  6.48 -3.82  1.06  0.48 -4.29 -0.24  4.17 -4.70  3.16  8.02 -0.81 -5.19 
utt>    23                    file_2  134    0    56 8  1 2 2.338427e-12 -1.384297e+02 -1.854958e+04
INFO: cmn.c(133): CMN: 85.31  6.96 -2.02  3.88 -4.00 -4.03 -10.10  1.74 -0.09 -3.14 -4.89 -2.53 -3.81 
utt>    24                    file_3  143    0    52 8  1 2 7.112353e-13 -1.353501e+02 -1.935506e+04
INFO: cmn.c(133): CMN: 90.37  2.82 -7.71  1.79 -0.28  0.97 -9.65 -5.96 -5.37  5.64  7.87 -2.34 -7.91 
utt>    25                    file_4  145    0    72 8  1 2 3.208763e-12 -1.372675e+02 -1.990378e+04
INFO: cmn.c(133): CMN: 84.87  5.98 -6.41  5.43 -0.91  2.04  0.88 -3.35 -5.56 14.16  5.61 -2.73 -1.44 
utt>    26                    file_5  153    0    64 8  1 2 2.177716e-12 -1.365102e+02 -2.088607e+04
INFO: cmn.c(133): CMN: 84.11 12.39 -1.56  7.53 -6.80 -5.82 -1.97 -2.06  1.81  5.87  2.65 -0.00 -3.98 
utt>    27                    file_6  121    0    60 8  1 2 9.931504e-13 -1.345878e+02 -1.628512e+04
INFO: cmn.c(133): CMN: 87.16  2.14 -1.59  4.71 -4.21 -14.48 -10.56  3.10 -8.86  2.63  1.25  1.54  1.98 
utt>    28                    file_7  570    0   180 11  1 2 2.199467e-12 -1.410210e+02 -8.038197e+04
INFO: cmn.c(133): CMN: 83.96  7.93 -6.39  4.41 -2.31 -9.79 -14.42 -2.05 -1.11  3.86 -0.43  0.87  2.06 
utt>    29                    file_8  788    0   168 12  1 2 1.511902e-12 -1.383179e+02 -1.089945e+05
INFO: cmn.c(133): CMN: 83.97  8.04 -6.86  4.56 -2.21 -10.32 -11.70  0.14 -0.60  6.34  1.74 -2.67  1.28 
utt>    30                    file_9  776    0   176 11  1 2 2.167583e-12 -1.398831e+02 -1.085493e+05
INFO: cmn.c(133): CMN: 78.71 10.52 -3.73  3.87 -8.10 -8.68 -7.42 -2.06 -0.90  0.83 -2.50 -2.99  1.54 
utt>    31                   file_10  947    0   204 11  1 2 1.415946e-12 -1.378829e+02 -1.305751e+05
INFO: cmn.c(133): CMN: 85.73 10.40 -5.55  5.49 -4.00  0.40 -5.86 -5.10  2.93 12.77  5.08 -2.84 -3.22 
utt>    32                   file_11  127    0    64 8  1 2 2.167182e-12 -1.312199e+02 -1.666492e+04
INFO: cmn.c(133): CMN: 88.37 -1.66  1.03  1.68 -8.49  1.66 -4.04  1.42 -9.53 -12.22 -0.09  0.45 -10.13 
utt>    33                    file_1  134    0    76 8  1 2 2.596128e-12 -1.378815e+02 -1.847613e+04
INFO: cmn.c(133): CMN: 87.77 -4.21 -4.24  1.57 -14.63  5.76  0.07  4.23 -10.00 -0.92  6.08 -5.76 -9.77 
utt>    34                    file_2  134    0    56 8  1 2 9.464778e-13 -1.374739e+02 -1.842150e+04
INFO: cmn.c(133): CMN: 87.57  2.35  2.24  4.75 -13.79 -3.89 -12.71  1.85 -5.67 -11.28 -2.46  1.82 -0.66 
utt>    35                    file_3  132    0    52 7  1 1 1.502248e-12 -1.356781e+02 -1.790951e+04
INFO: cmn.c(133): CMN: 90.41 -5.74 -4.04  8.78 -3.20  2.39 -6.55 -1.14 -5.58 -6.31  1.52  4.40 -10.14 
utt>    36                    file_4  146    0    72 8  1 2 7.817835e-13 -1.389275e+02 -2.028341e+04
INFO: cmn.c(133): CMN: 91.01 -1.26 -7.67  3.97 -11.43  1.80 -1.92  6.69 -2.94 -2.79  0.70 -0.76 -12.67 
utt>    37                    file_5  142    0    64 7  1 2 1.231776e-12 -1.363896e+02 -1.936732e+04
INFO: cmn.c(133): CMN: 88.61  2.46  1.53 10.24 -12.82  3.62 -3.36  5.00 -5.06 -6.62 -3.51  2.31 -4.27 
utt>    38                    file_6  129    0    60 7  1 2 1.106249e-12 -1.334259e+02 -1.721194e+04
INFO: cmn.c(133): CMN: 85.32 -4.20 -0.39 12.79 -7.80 -5.70 -12.58  2.41 -2.52 -6.75 -2.00  1.41 -5.58 
utt>    39                    file_7  710    0   180 9  1 2 2.162582e-12 -1.377027e+02 -9.776893e+04
INFO: cmn.c(133): CMN: 82.42 -0.36 -0.22 13.67 -8.54 -7.24 -9.55  1.00 -4.83 -6.25 -4.61 -1.75 -1.83 
utt>    40                    file_8  717    0   168 10  1 2 1.833026e-12 -1.377488e+02 -9.876588e+04
INFO: cmn.c(133): CMN: 81.47  0.12 -1.15 13.72 -6.39 -6.95 -6.54  3.37 -4.03 -5.68 -2.62 -3.45  2.79 
utt>    41                    file_9  716    0   176 10  1 2 2.003471e-12 -1.388273e+02 -9.940038e+04
INFO: cmn.c(133): CMN: 82.03  3.20  1.07  4.55 -14.71 -4.46 -7.94  3.02 -4.55 -3.75 -5.00  1.12 -0.30 
utt>    42                   file_10  734    0   204 10  1 2 1.424609e-12 -1.390462e+02 -1.020599e+05
INFO: cmn.c(133): CMN: 88.95  2.30 -3.19  6.88 -6.58  3.89 -11.16  1.26  0.35  2.96 -1.07  2.06 -10.49 
utt>    43                   file_11  125    0    64 7  1 2 1.462162e-12 -1.331005e+02 -1.663756e+04
INFO: cmn.c(133): CMN: 79.85  4.84 -1.56  2.42 -5.91  8.50 -5.36 -0.86  0.85 -3.07 -7.03  4.34 -1.66 
utt>    44                    file_1  137    0    76 7  1 2 3.899130e-12 -1.392359e+02 -1.907532e+04
INFO: cmn.c(133): CMN: 81.49  6.90 -4.33  1.98 -14.52  4.33 -6.37  3.16  3.09 -3.45  1.00 -2.07 -5.35 
utt>    45                    file_2  110    0    56 8  1 2 1.826960e-13 -1.388783e+02 -1.527662e+04
INFO: cmn.c(133): CMN: 80.50  9.57  0.78  3.57 -12.34  5.45 -10.37 -0.14 -4.48 -3.63  2.89  4.51 -2.83 
utt>    46                    file_3  106    0    52 7  1 2 3.164353e-12 -1.368801e+02 -1.450929e+04
INFO: cmn.c(133): CMN: 82.96  1.75 -0.45 11.48 -10.36  8.92 -13.39 -1.40 -7.33 -0.05  2.10 -6.98  2.80 
utt>    47                    file_4  123    0    72 8  1 2 2.119701e-12 -1.397305e+02 -1.718686e+04
INFO: cmn.c(133): CMN: 83.11  9.89 -7.01  5.23 -5.47  8.56 -16.47  1.30 -3.63 -1.85  4.64 -5.61 -2.09 
utt>    48                    file_5  117    0    64 8  1 2 2.692092e-12 -1.365190e+02 -1.597272e+04
INFO: cmn.c(133): CMN: 83.32 11.49 -0.82  8.41 -10.60 12.28 -6.42  0.02 -3.87 -12.18 -0.58 -4.94  0.66 
utt>    49                    file_6  100    0    60 8  1 2 1.840780e-12 -1.363882e+02 -1.363882e+04
INFO: cmn.c(133): CMN: 80.69  1.31 -5.60  4.46 -13.93 -4.75 -10.84  2.53  2.65  1.45 -0.37 -8.49  4.92 
utt>    50                    file_7  784    0   180 10  1 2 1.762881e-12 -1.387233e+02 -1.087590e+05
INFO: cmn.c(133): CMN: 78.16  7.31 -4.06  2.21 -11.63  0.97 -10.38 -0.02 -3.25  5.20 -1.94 -5.44  5.96 
utt>    51                    file_8  775    0   168 11  1 2 1.115793e-12 -1.384140e+02 -1.072708e+05
INFO: cmn.c(133): CMN: 76.22  6.43 -5.03 -0.44 -10.89  3.26 -7.91 -1.54 -1.43  5.03  2.73 -6.94  1.95 
utt>    52                    file_9  810    0   176 11  1 2 1.741077e-12 -1.381362e+02 -1.118904e+05
INFO: cmn.c(133): CMN: 76.42  8.83 -4.24  0.47 -17.11 -5.38 -5.46 -1.35 -3.79  2.78  0.11 -0.91  5.10 
utt>    53                   file_10  845    0   204 10  1 2 1.240836e-12 -1.382371e+02 -1.168104e+05
INFO: cmn.c(133): CMN: 83.01  5.07 -4.26  7.96 -12.13  6.03 -16.53  2.20  0.54  2.02  2.88 -5.06 -5.16 
utt>    54                   file_11  109    0    64 7  1 2 2.940060e-12 -1.361529e+02 -1.484066e+04
INFO: cmn.c(133): CMN: 86.71 -0.09 -6.48  8.21 -3.23  3.37 -10.57 -0.32 -0.01  4.00 -1.29  5.21  8.60 
utt>    55                    file_1  165    0    76 8  1 2 1.693176e-12 -1.362399e+02 -2.247959e+04
INFO: cmn.c(133): CMN: 87.49  1.96 -9.66  6.61 -4.63  1.26 -9.33 -1.49 -2.21  1.82 -3.63 -0.49  7.46 
utt>    56                    file_2  120    0    56 8  1 2 1.782914e-12 -1.381431e+02 -1.657717e+04
INFO: cmn.c(133): CMN: 89.58  3.87 -1.94  4.97 -9.99  0.37 -9.96 -6.60 -8.79  3.92 -1.09  4.36  1.96 
utt>    57                    file_3  114    0    52 8  1 2 4.208061e-12 -1.363002e+02 -1.553822e+04
INFO: cmn.c(133): CMN: 89.37 -2.67 -3.46  7.76 -8.25 -3.62 -16.62 -3.97 -3.46 -2.54 -3.62 -3.31  6.53 
utt>    58                    file_4  148    0    72 7  1 2 2.038714e-12 -1.389394e+02 -2.056303e+04
INFO: cmn.c(133): CMN: 90.80  2.84 -10.22  4.23 -6.86 -7.76 -16.13  2.33 -3.60  0.56 -3.90 -6.42  3.19 
utt>    59                    file_5  127    0    64 8  1 2 2.396494e-12 -1.343035e+02 -1.705654e+04
INFO: cmn.c(133): CMN: 89.87  2.54 -4.74  7.51 -13.20  2.71 -14.18  0.20 -5.59  3.82  0.45  2.38  6.29 
utt>    60                    file_6  121    0    60 8  1 2 2.711203e-12 -1.323869e+02 -1.601881e+04
INFO: cmn.c(133): CMN: 89.88 -4.37 -4.95  9.37 -7.17 -6.23 -9.89  1.99 -2.10 -0.55  1.71  7.97  3.53 
utt>    61                    file_7  608    0   180 11  1 2 1.579697e-12 -1.401424e+02 -8.520659e+04
INFO: cmn.c(133): CMN: 86.36 -0.49 -3.91  9.01 -5.55 -3.93 -8.65  3.71 -1.31  1.35  4.81  8.58  4.58 
utt>    62                    file_8  620    0   168 12  1 2 2.201992e-12 -1.399167e+02 -8.674834e+04
INFO: cmn.c(133): CMN: 88.58 -1.13 -5.40  8.75 -8.22 -4.77 -11.25  0.30 -0.61  0.07  2.27  6.46  2.07 
utt>    63                    file_9  607    0   176 12  1 2 2.295200e-12 -1.397634e+02 -8.483641e+04
INFO: cmn.c(133): CMN: 86.87  2.67 -6.41  2.61 -6.43 -0.21 -9.33 -1.11 -3.26  0.29  5.25  6.95  3.94 
utt>    64                   file_10  603    0   204 11  1 2 2.152789e-12 -1.413160e+02 -8.521357e+04
INFO: cmn.c(133): CMN: 90.90 -2.05 -10.18  2.85 -2.96 -0.11 -10.79  5.82  6.91  6.23 -3.02 11.82 10.37 
utt>    65                   file_11  130    0    64 7  1 2 2.306753e-12 -1.322980e+02 -1.719874e+04
INFO: cmn.c(133): CMN: 83.51  2.64 -3.02  7.12 -1.22  3.91 -5.41 -7.11  5.84  4.15 -5.67 -4.27 -0.47 
utt>    66                    file_1  149    0    76 8  1 2 3.168925e-12 -1.363541e+02 -2.031676e+04
INFO: cmn.c(133): CMN: 83.69  3.57 -6.41  3.09 -8.96  3.96 -1.00 -0.22  1.14  5.54 -2.70 -1.75 -0.15 
utt>    67                    file_2  112    0    56 8  1 2 1.219126e-12 -1.379176e+02 -1.544677e+04
INFO: cmn.c(133): CMN: 85.50  4.87 -5.19  4.77 -11.15 -0.01 -1.58 -3.56 -5.52  3.83  0.33  9.99 11.14 
utt>    68                    file_3  109    0    52 7  1 2 2.039558e-12 -1.384427e+02 -1.509025e+04
INFO: cmn.c(133): CMN: 86.89 -1.63 -7.13  6.36 -7.86  4.29 -6.28 -4.74  3.44  6.78 -3.03 -0.23  6.30 
utt>    69                    file_4  138    0    72 7  1 2 3.463639e-12 -1.411299e+02 -1.947592e+04
INFO: cmn.c(133): CMN: 86.58  3.26 -10.22  5.80 -7.04  1.62 -8.59 -1.32  1.12  8.12 -6.65 -1.74  7.68 
utt>    70                    file_5  124    0    64 7  1 2 1.358325e-12 -1.367228e+02 -1.695362e+04
INFO: cmn.c(133): CMN: 87.14  7.14 -6.96  7.28 -6.89  2.77 -2.37 -2.52 -6.11  3.17  2.25  3.31  6.54 
utt>    71                    file_6  105    0    60 8  1 2 2.270558e-12 -1.375604e+02 -1.444384e+04
INFO: cmn.c(133): CMN: 88.89 -1.76 -7.34  2.44 -6.45 -3.99 -6.40  1.86  7.94  9.29 -1.56  1.50  4.02 
utt>    72                    file_7  538    0   180 10  1 2 2.790144e-12 -1.416036e+02 -7.618272e+04
INFO: cmn.c(133): CMN: 88.51  0.95 -8.57  1.69 -3.32 -0.25 -10.32 -5.22  5.79  8.75 -1.86  1.91 11.35 
utt>    73                    file_8  518    0   168 11  1 2 2.430717e-12 -1.424598e+02 -7.379418e+04
INFO: cmn.c(133): CMN: 89.59 -1.58 -9.10  2.96 -4.67  0.52 -8.28 -5.70  3.85 10.63 -2.38  0.41 11.30 
utt>    74                    file_9  484    0   176 11  1 2 1.646673e-12 -1.437233e+02 -6.956207e+04
INFO: cmn.c(133): CMN: 87.62  0.71 -6.33 -1.42 -8.91  0.83 -8.64 -3.12 -0.07  4.83 -3.27 -0.07  6.74 
utt>    75                   file_10  511    0   204 10  1 2 3.017500e-12 -1.429636e+02 -7.305438e+04
INFO: cmn.c(133): CMN: 89.76  2.94 -7.73  4.57 -0.82  1.57 -13.21 -9.99  3.46 12.81  0.98 -3.35 10.37 
utt>    76                   file_11  120    0    64 7  1 2 1.688320e-12 -1.330862e+02 -1.597034e+04
INFO: cmn.c(133): CMN: 81.27  1.44 -2.49 -0.32  2.73  4.38 -4.88 -1.72 -2.33  4.76  0.57 -3.63  0.49 
utt>    77                    file_1  130    0    76 9  1 2 2.697840e-12 -1.356195e+02 -1.763053e+04
INFO: cmn.c(133): CMN: 84.91  3.99 -7.51  2.14 -0.34 -2.55 -8.81 -2.19 -4.74  3.49  6.93  5.05 -0.91 
utt>    78                    file_2  116    0    56 8  1 2 3.102314e-12 -1.368602e+02 -1.587578e+04
INFO: cmn.c(133): CMN: 78.27 12.30 -3.05  4.59  0.95 -0.90 -7.58 -2.76 -3.53 -3.47  0.19  4.45  2.40 
utt>    79                    file_3  123    0    52 7  1 2 2.016263e-12 -1.350311e+02 -1.660883e+04
INFO: cmn.c(133): CMN: 84.56  0.03 -8.51  8.37  0.19  0.90 -3.73 -7.29 -6.54  1.86  3.49  0.80 -3.63 
utt>    80                    file_4  132    0    72 8  1 2 2.828072e-12 -1.376112e+02 -1.816468e+04
INFO: cmn.c(133): CMN: 83.88 13.40 -9.18  1.33 -3.19 -0.75 -1.94 -3.55 -2.73  3.34  3.50  3.55 -1.73 
utt>    81                    file_5  102    0    64 9  1 2 3.320488e-12 -1.386919e+02 -1.414658e+04
INFO: cmn.c(133): CMN: 77.21 13.52 -2.91  3.00 -0.65  2.29 -1.77  3.44 -1.79 -5.32 -4.60  2.60  1.13 
utt>    82                    file_6  115    0    60 8  1 2 2.457101e-12 -1.362589e+02 -1.566977e+04
INFO: cmn.c(133): CMN: 79.50  4.44 -3.80  3.06  2.74 -5.11 -9.87 -1.90  0.90  3.15 -0.52  1.24 -0.04 
utt>    83                    file_7  738    0   180 11  1 2 2.264596e-12 -1.367759e+02 -1.009406e+05
INFO: cmn.c(133): CMN: 75.54  9.27 -2.09 -0.96 -0.36 -3.66 -4.73 -2.04  0.58  2.51  0.06  1.04 -0.45 
utt>    84                    file_8  815    0   168 11  1 2 1.865926e-12 -1.374507e+02 -1.120223e+05
INFO: cmn.c(133): CMN: 75.17  8.56 -2.60 -0.72 -1.57 -2.91 -4.36 -0.74  2.88  2.88  0.79  1.89  0.54 
utt>    85                    file_9  815    0   176 12  1 2 2.200176e-12 -1.371004e+02 -1.117368e+05
INFO: cmn.c(133): CMN: 76.21 10.47 -3.59 -3.25 -5.42 -4.69 -7.09 -1.73 -1.86 -2.78  0.69  4.35  3.86 
utt>    86                   file_10  809    0   204 11  1 2 1.629787e-12 -1.373938e+02 -1.111515e+05
INFO: cmn.c(133): CMN: 81.44 13.10 -5.79  0.38  1.91 -0.99 -2.01 -2.81 -0.57  0.43  0.58  5.94  2.87 
utt>    87                   file_11  105    0    64 8  1 3 3.855219e-12 -1.332074e+02 -1.398678e+04
INFO: cmn.c(133): CMN: 75.57  2.26 -3.30  5.05  1.55  8.11 -2.00  2.01  6.35  7.40  2.13 -0.47 -2.16 
utt>    88                    file_1  139    0    76 7  1 2 2.199637e-12 -1.361161e+02 -1.892014e+04
INFO: cmn.c(133): CMN: 76.28  5.93 -5.93  2.24 -7.71  3.37 -0.45  0.66  5.18 10.36 11.58  2.74 -2.21 
utt>    89                    file_2  103    0    56 8  1 2 2.832970e-12 -1.407623e+02 -1.449852e+04
INFO: cmn.c(133): CMN: 72.93  7.47 -1.38  8.44 -1.14  5.50 -1.89  2.09  4.41 -3.44  3.61 -1.26 -1.38 
utt>    90                    file_3  115    0    52 8  1 2 2.390617e-12 -1.347263e+02 -1.549352e+04
INFO: cmn.c(133): CMN: 77.59 -1.21 -7.64 10.71 -2.79  1.08 -9.90 -0.36  6.85  6.97  4.94 -2.04 -2.65 
utt>    91                    file_4  143    0    72 8  1 2 2.190518e-12 -1.357360e+02 -1.941025e+04
INFO: cmn.c(133): CMN: 78.22  7.66 -10.51  9.89 -4.23 -2.47 -13.78  2.00  9.31 11.74  7.13 -6.62  0.60 
utt>    92                    file_5  108    0    64 8  1 2 1.809710e-12 -1.367012e+02 -1.476373e+04
INFO: cmn.c(133): CMN: 79.22 11.13 -2.28  9.86 -10.92  0.65 -0.16  3.61 10.19  1.57  4.75 -1.03 -1.18 
utt>    93                    file_6  101    0    60 8  1 2 2.933301e-12 -1.368869e+02 -1.382558e+04
INFO: cmn.c(133): CMN: 75.48  1.08 -1.24  9.05 -3.11 -0.75 -9.60  3.67  3.89  2.15  2.60 -4.92  2.15 
utt>    94                    file_7  775    0   180 11  1 2 1.726216e-12 -1.373452e+02 -1.064425e+05
INFO: cmn.c(133): CMN: 72.15  7.17  0.57  5.17 -6.68 -0.20 -6.85 -0.97  4.87  8.88  0.24 -1.98  7.06 
utt>    95                    file_8  710    0   168 12  1 2 2.806249e-12 -1.362798e+02 -9.675866e+04
INFO: cmn.c(133): CMN: 73.33  5.34 -0.02  7.74 -7.13  0.39 -7.70 -0.08  3.72  7.14  3.36 -0.45  7.99 
utt>    96                    file_9  688    0   176 12  1 2 2.348809e-12 -1.374208e+02 -9.454548e+04
INFO: cmn.c(133): CMN: 72.26  6.73  1.48  3.79 -10.83  1.75 -2.97  3.17  3.91  7.72  2.10  1.19  4.13 
utt>    97                   file_10  774    0   204 11  1 2 1.391961e-12 -1.366573e+02 -1.057727e+05
INFO: cmn.c(133): CMN: 84.74  4.68 -2.49  7.88 -6.44  3.58 -10.96 -3.42  4.19  6.03  3.21 -4.46  5.04 
utt>    98                   file_11  106    0    64 8  1 3 2.030355e-12 -1.350047e+02 -1.431049e+04
INFO: cmn.c(133): CMN: 86.53  1.66  0.01 13.18  0.87  6.81  0.16 -4.11 -12.27 -11.14 -2.33  0.94 -6.66 
utt>    99                    file_1  379    0   180 7  1 2 1.644480e-12 -1.331234e+02 -5.045377e+04
INFO: cmn.c(133): CMN: 80.95  3.30 -5.10  9.96 -3.76  1.87  3.62 -0.30 -5.38 -2.42  1.31  3.71 -6.11 
utt>   100                    file_2  370    0   120 7  1 2 1.599510e-12 -1.337291e+02 -4.947977e+04
INFO: cmn.c(133): CMN: 83.50  6.77  0.09  1.33 -7.08 -6.83 -2.25  0.09 -4.28 -4.35 -6.17 -5.92  1.34 
utt>   101                    file_3  352    0   108 8  1 2 1.778155e-12 -1.324097e+02 -4.660820e+04
INFO: cmn.c(133): CMN: 87.23 -1.27 -5.64  8.68  1.57  2.50 -5.40 -6.16  0.26 -0.13  0.63  3.27 -2.60 
utt>   102                    file_4  420    0   168 8  1 2 1.176750e-12 -1.330465e+02 -5.587951e+04
INFO: cmn.c(133): CMN: 86.99  1.76 -10.61  3.16 -3.35 -1.18 -4.77 -5.18 -4.99 -2.98 -1.56 -0.80 -9.64 
utt>   103                    file_5  402    0   144 7  1 2 1.834046e-12 -1.312275e+02 -5.275345e+04
INFO: cmn.c(133): CMN: 83.42  5.81 -5.51  3.54 -1.97  0.88 -1.34 -3.20 -12.53 -7.94 -3.43 -2.69 -3.08 
utt>   104                    file_6  350    0   108 10  1 2 2.216585e-12 -1.319482e+02 -4.618188e+04
INFO: cmn.c(133): CMN: 88.35 -1.78 -5.63  7.24  1.29 -2.43 -11.24 -1.85 -1.97 -4.82  0.61  0.62 -4.45 
utt>   105                    file_7  713    0   180 11  1 2 1.959112e-12 -1.378103e+02 -9.825877e+04
INFO: cmn.c(133): CMN: 86.19  1.60 -5.11  7.80 -0.77  0.92 -10.07 -5.33 -2.69 -4.43  2.42 -0.32 -4.21 
utt>   106                    file_8  735    0   168 11  1 2 2.062071e-12 -1.377463e+02 -1.012435e+05
INFO: cmn.c(133): CMN: 86.33  3.20 -8.38  3.80 -3.18  0.30 -8.05 -4.98 -5.20 -6.08  0.13  0.11 -4.65 
utt>   107                    file_9  754    0   176 11  1 2 2.123947e-12 -1.388497e+02 -1.046927e+05
INFO: cmn.c(133): CMN: 87.14  6.31 -5.68 -0.06 -8.14 -0.61 -6.36 -2.39 -4.75 -1.94  3.30  3.32  2.71 
utt>   108                   file_10  766    0   204 11  1 2 1.837447e-12 -1.384305e+02 -1.060377e+05
INFO: cmn.c(133): CMN: 91.00  1.93 -6.72  3.49 -5.38  4.03 -4.08 -4.91 -6.67 -2.86  2.57 -1.35 -6.86 
utt>   109                   file_11  138    0    64 7  1 2 2.731227e-12 -1.285666e+02 -1.774219e+04
INFO: cmn.c(133): CMN: 83.36  2.21 -2.33  6.22  3.26 11.28  2.84  2.87  0.82  0.35 -2.49  4.67  2.65 
utt>   110                    file_1  134    0    76 8  1 2 3.260265e-12 -1.405854e+02 -1.883844e+04
INFO: cmn.c(133): CMN: 82.19  8.35 -5.65  8.25 -6.27  9.00  3.39  0.46 -4.20  5.53 -1.54 -1.26  5.75 
utt>   111                    file_2  110    0    56 9  1 2 3.012494e-12 -1.394717e+02 -1.534189e+04
INFO: cmn.c(133): CMN: 81.14 13.41 -2.55  3.68 -6.83 -1.67 -2.85  8.45  0.05  4.78 -1.08  5.74  2.74 
utt>   112                    file_3  120    0    52 8  1 2 1.859958e-12 -1.381725e+02 -1.658070e+04
INFO: cmn.c(133): CMN: 82.91  2.19 -4.94 11.51 -1.90  1.73 -5.58  7.06 -2.06  3.10 -0.70  3.56  8.56 
utt>   113                    file_4  149    0    72 8  1 2 2.345526e-12 -1.404082e+02 -2.092082e+04
INFO: cmn.c(133): CMN: 85.58  5.68 -7.87 10.86 -6.57  0.61 -2.25  3.79 -8.81  4.50 -4.27  0.14  6.04 
utt>   114                    file_5  137    0    64 8  1 2 3.490504e-12 -1.359775e+02 -1.862892e+04
INFO: cmn.c(133): CMN: 82.12 13.66 -0.67  9.51 -4.61  6.23  2.07 13.01 -1.66  6.01 -0.28 -3.35 -0.91 
utt>   115                    file_6  109    0    60 9  1 2 1.752853e-12 -1.354414e+02 -1.476311e+04
INFO: cmn.c(133): CMN: 87.16  1.24 -2.29 12.28 -6.73 -3.86  4.80  9.93  0.55  7.43  0.78  1.35  0.97 
utt>   116                    file_7  625    0   180 11  1 2 1.765714e-12 -1.415337e+02 -8.845859e+04
INFO: cmn.c(133): CMN: 83.81  6.16 -2.53 12.65 -5.50 -5.98  1.58  5.63 -1.31 -0.73 -6.38  0.95  1.91 
utt>   117                    file_8  516    0   168 12  1 2 1.540133e-12 -1.421358e+02 -7.334205e+04
INFO: cmn.c(133): CMN: 81.37  6.63 -1.23 12.72 -6.90 -2.67 -0.01  8.10 -1.97 -0.22 -5.10  1.69  5.08 
utt>   118                    file_9  643    0   176 12  1 2 2.526661e-12 -1.405681e+02 -9.038530e+04
INFO: cmn.c(133): CMN: 81.82  8.06 -2.12  1.31 -12.94 -0.58  2.72  8.55 -3.12  0.90 -3.91  3.11  3.29 
utt>   119                   file_10  662    0   204 11  1 2 2.140913e-12 -1.407222e+02 -9.315811e+04
INFO: cmn.c(133): CMN: 81.49  7.02 -5.73 10.22 -0.66  7.41  3.84 13.96 12.06  2.87 -10.31 -3.43  4.50 
utt>   120                   file_11  138    0    64 7  1 2 2.441296e-12 -1.338866e+02 -1.847636e+04
INFO: cmn.c(133): CMN: 85.07  3.05 -6.21  8.41 -8.76 -2.63 -0.41 -8.26 -14.27 -1.68  3.56  1.10 -7.52 
utt>   121                    file_1  131    0    76 8  1 2 1.547624e-12 -1.387330e+02 -1.817402e+04
INFO: cmn.c(133): CMN: 80.76  6.96 -11.25 12.18 -9.42 -4.08  5.66 -2.00 -13.83 -1.83  2.94  3.36 -4.53 
utt>   122                    file_2  124    0    56 8  1 2 1.572253e-12 -1.353802e+02 -1.678714e+04
INFO: cmn.c(133): CMN: 82.98 10.90 -7.82 11.71 -14.07 -14.46  0.34 -7.00 -17.11 -2.41 -4.73 -1.89  2.77 
utt>   123                    file_3  107    0    52 9  1 2 2.088967e-12 -1.355249e+02 -1.450116e+04
INFO: cmn.c(133): CMN: 87.46  3.64 -13.02 12.43 -8.47 -7.07 -4.14 -11.66 -12.80  1.95  2.97  3.22 -5.93 
utt>   124                    file_4  122    0    72 9  1 2 2.314606e-12 -1.395958e+02 -1.703069e+04
INFO: cmn.c(133): CMN: 89.36  0.68 -14.07  9.22 -10.74 -7.52 -4.23 -11.39 -5.93  4.39  5.34  5.39 -10.21 
utt>   125                    file_5  110    0    64 10  1 2 1.263438e-12 -1.338732e+02 -1.472606e+04
INFO: cmn.c(133): CMN: 79.02  9.87 -7.20 12.36 -5.70 -4.51  1.88  0.92 -10.54 -5.82  1.23 -0.19 -4.16 
utt>   126                    file_6  129    0    60 9  1 2 7.399470e-13 -1.315314e+02 -1.696755e+04
INFO: cmn.c(133): CMN: 80.92  1.36 -8.08 15.59 -5.19 -9.39 -3.64 -6.86 -3.15  0.73 -2.71  5.25  2.43 
utt>   127                    file_7  650    0   180 10  1 2 1.774642e-12 -1.373572e+02 -8.928220e+04
INFO: cmn.c(133): CMN: 79.81  5.80 -8.68 14.46 -3.58 -8.29 -4.10 -8.59 -7.13  2.51 -3.61  1.52  3.77 
utt>   128                    file_8  595    0   168 11  1 2 2.434088e-12 -1.370498e+02 -8.154462e+04
INFO: cmn.c(133): CMN: 80.53  5.08 -8.65 14.14 -8.34 -8.56 -1.59 -8.30 -7.41  0.46 -2.31  3.27  2.60 
utt>   129                    file_9  687    0   176 11  1 2 1.751706e-12 -1.361899e+02 -9.356246e+04
INFO: cmn.c(133): CMN: 80.94  8.83 -9.40  6.05 -13.28 -10.33 -0.97 -2.84 -13.69  0.92  1.11  2.39  5.05 
utt>   130                   file_10  612    0   204 11  1 2 1.889076e-12 -1.388779e+02 -8.499328e+04
INFO: cmn.c(133): CMN: 82.92  9.61 -12.27 10.88 -8.75 -4.75 -3.04 -8.22 -6.28  3.92  4.50 -1.06 -5.80 
utt>   131                   file_11  132    0    64 8  1 2 3.656041e-12 -1.315824e+02 -1.736888e+04
INFO: cmn.c(133): CMN: 88.81  1.13 -2.64  3.99 -10.10 -6.35 -15.99 -3.59 -3.88 -0.91 -0.62 -3.02  6.85 
utt>   132                    file_1  300    0   180 7  1 2 2.026552e-12 -1.371073e+02 -4.113219e+04
INFO: cmn.c(133): CMN: 86.62  4.19 -4.78 -2.74 -8.62  0.70 -6.69 -0.90 -4.33  5.54 -5.23 -4.41  4.25 
utt>   133                    file_2  224    0   120 8  1 2 1.742399e-12 -1.389303e+02 -3.112039e+04
INFO: cmn.c(133): CMN: 87.27  6.08 -8.75 -0.44 -17.78 -8.99 -10.54  3.17 -7.71  2.15  1.31  1.60  7.76 
utt>   134                    file_3  230    0   108 8  1 2 1.875161e-12 -1.375308e+02 -3.163208e+04
INFO: cmn.c(133): CMN: 89.15  0.80 -5.29  4.94 -9.15 -9.08 -19.10  0.87  0.05 12.37 -5.17 -2.19 12.05 
utt>   135                    file_4  306    0   168 7  1 2 3.143141e-12 -1.385534e+02 -4.239734e+04
INFO: cmn.c(133): CMN: 89.58  2.93 -11.72  1.30 -10.97 -7.07 -14.87 -0.34 -3.47 10.32 -5.22  2.02 10.52 
utt>   136                    file_5  268    0   144 8  1 2 1.605481e-12 -1.365548e+02 -3.659668e+04
INFO: cmn.c(133): CMN: 85.26  7.26 -6.25 -0.63 -13.22  0.07 -14.95  0.70 -4.27  3.79 -0.39  3.53 -2.87 
utt>   137                    file_6  239    0   108 8  1 2 2.876360e-12 -1.351885e+02 -3.231005e+04
INFO: cmn.c(133): CMN: 84.56 -0.22 -5.73  1.52 -12.87 -9.39 -9.52  8.44  5.79  0.53 -3.53  1.63 -0.49 
utt>   138                    file_7  723    0   180 10  1 2 2.109329e-12 -1.392369e+02 -1.006682e+05
INFO: cmn.c(133): CMN: 80.96  6.18 -9.75 -2.96 -9.27 -7.08 -11.07  7.12 11.09  4.37 -4.55  2.94  2.87 
utt>   139                    file_8  755    0   168 11  1 2 1.669584e-12 -1.377933e+02 -1.040339e+05
INFO: cmn.c(133): CMN: 82.23  6.26 -9.76 -1.27 -8.20 -4.05 -9.83  8.31  9.62  5.67 -1.54  3.80  4.20 
utt>   140                    file_9  700    0   176 11  1 2 1.326787e-12 -1.383353e+02 -9.683474e+04
INFO: cmn.c(133): CMN: 81.34  6.82 -7.14 -7.65 -14.04 -3.26 -7.55  2.41  0.75  4.74  1.22 -0.20  5.66 
utt>   141                   file_10  765    0   204 10  1 2 2.343149e-12 -1.392110e+02 -1.064964e+05
INFO: cmn.c(133): CMN: 84.38  9.36 -9.02 -2.01 -7.37 -2.68 -15.42  3.14  0.72  7.10  1.75 -2.88  0.33 
utt>   142                   file_11  252    0   112 8  1 2 2.575548e-12 -1.362932e+02 -3.434589e+04
INFO: cmn.c(133): CMN: 85.80  1.97 -0.34  6.14  1.21 -8.84 -6.76 -4.55 -2.79  7.04  9.86 -2.79  8.19 
utt>   143                    file_1  401    0   180 8  1 2 1.306977e-12 -1.354095e+02 -5.429920e+04
INFO: cmn.c(133): CMN: 84.77  4.42 -8.03  4.98 -2.82 -0.99  0.25  0.64 -3.43  5.86 -1.02 -10.17  2.62 
utt>   144                    file_2  331    0   120 7  1 2 9.722648e-13 -1.368084e+02 -4.528357e+04
INFO: cmn.c(133): CMN: 85.19 12.18 -5.60  3.98 -6.23 -5.41 -3.88 -0.32 -7.46 -2.97  2.60  5.12  6.53 
utt>   145                    file_3  288    0   108 9  1 2 1.390906e-12 -1.339383e+02 -3.857423e+04
INFO: cmn.c(133): CMN: 89.74 -0.91 -7.31  5.70 -0.45 -15.02 -13.64  3.92  0.75  4.38  2.80 -1.88  4.46 
utt>   146                    file_4  400    0   168 8  1 2 1.318434e-12 -1.357867e+02 -5.431470e+04
INFO: cmn.c(133): CMN: 86.42  4.88 -9.13  2.45 -0.28 -5.18 -7.28  3.73  0.05  1.18 -0.36 -4.25  0.37 
utt>   147                    file_5  395    0   144 7  1 2 2.027048e-12 -1.318748e+02 -5.209055e+04
INFO: cmn.c(133): CMN: 83.37  5.57 -3.24  1.21  0.35 -2.09 -3.78  2.14  1.48  1.72 -0.07  3.25  4.59 
utt>   148                    file_6  360    0   108 10  1 2 2.174404e-12 -1.347525e+02 -4.851090e+04
INFO: cmn.c(133): CMN: 80.18 -0.45 -3.86  7.12 -1.48 -11.25 -6.60  3.34  1.37  5.15  8.12  6.65  3.64 
utt>   149                    file_7  903    0   180 11  1 2 1.530504e-12 -1.355708e+02 -1.224205e+05
INFO: cmn.c(133): CMN: 78.22  3.06 -4.53  5.12 -0.34 -7.43 -8.83  2.20 -2.22  3.00  2.00  3.12  4.65 
utt>   150                    file_8  956    0   168 11  1 2 1.670237e-12 -1.361227e+02 -1.301333e+05
INFO: cmn.c(133): CMN: 78.24  4.64 -4.27  4.69  0.69 -8.08 -2.63  2.91  1.67  2.51  4.30  4.16  5.53 
utt>   151                    file_9  987    0   176 12  1 2 1.597148e-12 -1.366281e+02 -1.348520e+05
INFO: cmn.c(133): CMN: 78.98  5.43 -4.46  0.54 -2.33 -5.66 -4.13  1.29  2.38  5.02  7.12  3.13  5.40 
utt>   152                   file_10  948    0   204 11  1 2 1.915714e-12 -1.365872e+02 -1.294846e+05
INFO: cmn.c(133): CMN: 80.60  7.77 -5.21  3.37  3.22 -3.45 -3.41 -0.67  4.55  4.93  3.75  2.43  4.36 
utt>   153                   file_11  338    0   112 9  1 2 2.050328e-12 -1.329680e+02 -4.494317e+04
INFO: cmn.c(133): CMN: 87.69  1.08  3.80  4.84 -4.19  0.28 -5.78 -7.00 -2.29 -1.26 -0.30  6.21 -2.83 
utt>   154                    file_1  320    0   180 8  1 2 1.745122e-12 -1.354555e+02 -4.334576e+04
INFO: cmn.c(133): CMN: 81.90  4.05 -0.40  5.93 -4.22  2.35 -0.49  0.27  1.38  0.94  4.37  1.89 -2.12 
utt>   155                    file_2  346    0   120 8  1 2 1.276428e-12 -1.367000e+02 -4.729821e+04
INFO: cmn.c(133): CMN: 78.82  7.87 -1.95  4.38 -5.03 -1.06 -4.96 -1.23 -2.62 -2.56 -0.10  6.09  4.13 
utt>   156                    file_3  341    0   108 9  1 2 1.938788e-12 -1.330807e+02 -4.538052e+04
INFO: cmn.c(133): CMN: 86.16  1.21 -3.48 11.26 -0.88 -2.24 -8.77 -6.66 -0.40 -0.61  3.80  1.90  0.59 
utt>   157                    file_4  405    0   168 7  1 2 2.946007e-12 -1.355430e+02 -5.489493e+04
INFO: cmn.c(133): CMN: 86.10  6.98 -5.00  3.30 -7.06 -3.48 -9.40 -2.95  1.88  3.16  2.60 -0.08 -3.67 
utt>   158                    file_5  368    0   144 7  1 2 1.748386e-12 -1.330445e+02 -4.896037e+04
INFO: cmn.c(133): CMN: 78.22 10.03 -3.23  2.30 -4.04 -0.30 -5.39 -5.49 -4.68 -0.28  3.71  4.85  0.82 
utt>   159                    file_6  373    0   108 9  1 2 1.865947e-12 -1.341105e+02 -5.002323e+04
INFO: cmn.c(133): CMN: 77.46  2.63 -2.14  2.29 -4.09 -2.26 -6.98 -3.95  1.38  3.49  1.48  0.65 -1.12 
utt>   160                    file_7 1083    0   180 11  1 2 1.863541e-12 -1.356206e+02 -1.468771e+05
INFO: cmn.c(133): CMN: 78.16  5.12 -1.08  2.01 -3.31 -1.76 -6.78 -3.80  1.64  1.24  0.41 -0.23  0.52 
utt>   161                    file_8 1063    0   176 10  1 2 1.341277e-12 -1.317494e+02 -1.400496e+05
INFO: cmn.c(133): CMN: 79.08  5.82 -1.44  3.05 -3.97  0.75 -4.62 -2.93 -2.45  1.22 -1.60 -2.79  1.02 
utt>   162                    file_9 1053    0   192 9  1 2 9.405593e-13 -1.319565e+02 -1.389502e+05
INFO: cmn.c(133): CMN: 79.17  6.21 -0.10  2.51 -7.38 -0.98 -5.94 -5.53 -2.66 -0.51  0.77  0.19  2.86 
utt>   163                   file_10 1014    0   204 11  1 2 1.439319e-12 -1.373521e+02 -1.392751e+05
INFO: cmn.c(133): CMN: 86.47 10.38 -2.52  3.64 -4.29 -0.67 -7.84 -7.13 -1.48  2.22  5.14  2.67  1.30 
utt>   164                   file_11  105    0    64 9  1 3 4.589567e-12 -1.324520e+02 -1.390746e+04
INFO: cmn.c(133): CMN: 87.08 -0.03 -0.11  9.07 -6.82  1.23 -3.84  2.98 -4.93  1.95  0.42 -2.31  7.06 
utt>   165                    file_1  411    0   180 7  1 2 1.517814e-12 -1.368684e+02 -5.625292e+04
INFO: cmn.c(133): CMN: 86.02  2.25 -6.66  2.54 -6.20  8.03  5.54  5.66 -6.59 -1.22 -6.88 -6.05 -3.19 
utt>   166                    file_2  367    0   120 7  1 2 1.485066e-12 -1.374812e+02 -5.045561e+04
INFO: cmn.c(133): CMN: 87.72  7.30 -3.12  6.48 -11.06  0.42 -4.86  2.43 -4.62 -1.78 -0.99 -3.21  2.37 
utt>   167                    file_3  321    0   108 8  1 2 9.382735e-13 -1.364316e+02 -4.379453e+04
INFO: cmn.c(133): CMN: 91.58 -1.71 -6.82  8.07 -4.54 -6.25 -11.87  3.21 -5.37  4.30 -2.99 -3.07  6.25 
utt>   168                    file_4  388    0   168 8  1 2 1.377321e-12 -1.375585e+02 -5.337268e+04
INFO: cmn.c(133): CMN: 93.99 -1.25 -11.61  1.06 -9.20 -1.37 -4.23  4.33 -3.05  1.51 -4.66 -1.81  8.18 
utt>   169                    file_5  368    0   144 8  1 2 1.181090e-12 -1.338892e+02 -4.927122e+04
INFO: cmn.c(133): CMN: 90.01  3.08 -4.97  5.54 -9.93 -1.54 -7.58  1.64 -6.11  2.10  2.80  1.74  5.31 
utt>   170                    file_6  307    0   108 9  1 2 2.261500e-12 -1.351316e+02 -4.148539e+04
INFO: cmn.c(133): CMN: 83.77 -4.14 -5.13  8.88 -9.78 -3.21 -3.90  3.22 -3.31  0.12  3.20 -1.74  1.20 
utt>   171                    file_7  921    0   180 11  1 2 1.972381e-12 -1.368488e+02 -1.260378e+05
INFO: cmn.c(133): CMN: 84.16  1.20 -5.33  6.84 -10.42 -4.08 -7.31  5.63 -3.77  0.66  2.49  0.65  5.43 
utt>   172                    file_8  898    0   176 9  1 2 1.833667e-12 -1.338413e+02 -1.201895e+05
INFO: cmn.c(133): CMN: 87.42 -3.48 -5.64  4.15 -11.62 -6.12 -9.09  4.94 -2.13  1.84  4.25  5.09  6.13 
utt>   173                    file_9  903    0   192 9  1 2 1.101893e-12 -1.333845e+02 -1.204462e+05
INFO: cmn.c(133): CMN: 85.76  1.91 -7.21  1.53 -16.22 -5.93 -7.81  4.25 -3.56  0.04  4.21  1.18  4.84 
utt>   174                   file_10  848    0   204 11  1 2 1.670212e-12 -1.384848e+02 -1.174351e+05
INFO: cmn.c(133): CMN: 93.09 -0.48 -10.40  2.81 -3.74 -1.54 -5.49 10.00 -1.08  3.00 -0.12  1.80  8.58 
utt>   175                   file_11  145    0    64 8  1 2 7.327728e-13 -1.339819e+02 -1.942737e+04
overall> stats 71829 (-0) -1.370383e+02 -9.843321e+06

INFO: s3mixw_io.c(233): Wrote /home/simone/Documenti/Elaborazione/project-NLP/bwaccumdir/android_db_buff_1/mixw_counts [597x1x8 array]
INFO: s3tmat_io.c(176): Wrote /home/simone/Documenti/Elaborazione/project-NLP/bwaccumdir/android_db_buff_1/tmat_counts [27x3x4 array]
INFO: s3gau_io.c(485): Wrote /home/simone/Documenti/Elaborazione/project-NLP/bwaccumdir/android_db_buff_1/gauden_counts with means with vars (2pass) [597x1x8 vector arrays]
INFO: main.c(999): Counts saved to /home/simone/Documenti/Elaborazione/project-NLP/bwaccumdir/android_db_buff_1
Sat Dec  3 19:23:47 2016
