Current configuration:
[NAME]		[DEFLT]	[VALUE]
-dcountfn		/home/simone/Documenti/Elaborazione/project-NLP/model_parameters/android_db.cd_cont_200/mixture_weights
-example	no	no
-fullvar	no	no
-help		no	no
-inmeanfn		/home/simone/Documenti/Elaborazione/project-NLP/model_parameters/android_db.cd_cont_200/means
-inmixwfn		/home/simone/Documenti/Elaborazione/project-NLP/model_parameters/android_db.cd_cont_200/mixture_weights
-invarfn		/home/simone/Documenti/Elaborazione/project-NLP/model_parameters/android_db.cd_cont_200/variances
-ninc		1	2
-outmeanfn		/home/simone/Documenti/Elaborazione/project-NLP/model_parameters/android_db.cd_cont_initial/means
-outmixwfn		/home/simone/Documenti/Elaborazione/project-NLP/model_parameters/android_db.cd_cont_initial/mixture_weights
-outvarfn		/home/simone/Documenti/Elaborazione/project-NLP/model_parameters/android_db.cd_cont_initial/variances

INFO: main.c(86): Reading mixing weight file /home/simone/Documenti/Elaborazione/project-NLP/model_parameters/android_db.cd_cont_200/mixture_weights.
INFO: s3mixw_io.c(117): Read /home/simone/Documenti/Elaborazione/project-NLP/model_parameters/android_db.cd_cont_200/mixture_weights [281x1x2 array]
INFO: s3gau_io.c(169): Read /home/simone/Documenti/Elaborazione/project-NLP/model_parameters/android_db.cd_cont_200/means [281x1x2 array]
INFO: s3gau_io.c(169): Read /home/simone/Documenti/Elaborazione/project-NLP/model_parameters/android_db.cd_cont_200/variances [281x1x2 array]
INFO: s3gau_io.c(553): Read /home/simone/Documenti/Elaborazione/project-NLP/model_parameters/android_db.cd_cont_200/mixture_weights [281x1x2 array]
INFO: main.c(151): output n_density == 4
0:0(1.94e+03)1(1.31e+03)
1:0(1.61e+03)1(1.58e+03)
2:1(3.57e+03)0(1.34e+03)
3:0(6.41e+02)1(5.68e+02)
4:0(1.31e+03)1(1.03e+03)
5:0(1.48e+03)1(9.79e+02)
6:0(4.46e+02)1(4.14e+02)
7:1(8.17e+02)0(5.02e+02)
8:1(8.61e+02)0(3.45e+02)
9:0(3.72e+02)1(3.56e+02)
10:0(3.66e+02)1(3.53e+02)
11:0(3.15e+02)1(2.46e+02)
12:1(1.90e+03)0(1.28e+03)
13:1(2.29e+03)0(1.57e+03)
14:0(5.92e+02)1(4.78e+02)
15:0(8.25e+02)1(4.43e+02)
16:1(3.43e+02)0(2.42e+02)
17:0(3.84e+02)1(1.71e+02)
18:1(1.66e+03)0(1.30e+03)
19:1(2.13e+03)0(1.41e+03)
20:1(4.77e+03)0(1.89e+03)
21:1(6.09e+02)0(4.70e+02)
22:1(7.03e+02)0(2.79e+02)
23:0(3.50e+02)1(3.31e+02)
24:1(1.13e+03)0(3.74e+02)
25:1(1.13e+03)0(6.58e+02)
26:1(2.91e+03)0(8.02e+02)
27:0(3.57e+02)1(1.32e+02)
28:0(1.07e+02)1(7.51e+01)
29:1(1.33e+02)0(7.78e+01)
30:1(8.65e+02)0(6.28e+02)
31:1(8.53e+02)0(7.74e+02)
32:1(6.51e+02)0(3.65e+02)
33:1(1.16e+03)0(9.19e+02)
34:0(7.53e+02)1(5.70e+02)
35:1(5.54e+02)0(5.31e+02)
36:1(1.37e+02)0(1.24e+02)
37:0(1.05e+02)1(1.03e+02)
38:1(1.60e+02)0(1.24e+02)
39:1(3.33e+02)0(2.25e+02)
40:1(3.18e+02)0(3.02e+02)
41:0(3.01e+02)1(2.22e+02)
42:1(7.90e+02)0(3.22e+02)
43:0(8.54e+02)1(6.86e+02)
44:0(8.82e+02)1(7.70e+02)
45:1(2.11e+02)0(7.79e+01)
46:0(1.22e+02)1(1.16e+02)
47:0(4.61e+02)1(4.25e+02)
48:1(2.80e+03)0(1.58e+03)
49:1(4.99e+03)0(1.93e+03)
50:1(3.09e+03)0(1.12e+03)
51:1(1.51e+02)0(1.41e+02)
52:0(1.46e+02)1(1.20e+02)
53:1(1.98e+02)0(1.32e+02)
54:1(2.10e+02)0(2.03e+02)
55:0(1.48e+02)1(1.38e+02)
56:1(1.62e+02)0(1.17e+02)
57:0(1.06e+03)1(9.15e+02)
58:1(1.31e+03)0(1.19e+03)
59:0(1.95e+03)1(1.59e+03)
60:1(1.30e+03)0(7.91e+02)
61:0(3.17e+02)1(2.97e+02)
62:1(3.78e+02)0(2.85e+02)
63:0(1.64e+03)1(9.32e+02)
64:0(1.22e+03)1(1.04e+03)
65:0(1.12e+03)1(1.03e+03)
66:0(4.14e+02)1(2.11e+02)
67:0(1.37e+02)1(1.11e+02)
68:0(2.03e+02)1(1.71e+02)
69:0(9.13e+02)1(5.89e+02)
70:0(3.50e+02)1(3.49e+02)
71:0(3.10e+02)1(2.27e+02)
72:1(1.29e+03)0(4.53e+02)
73:0(1.11e+03)1(6.09e+02)
74:0(8.81e+02)1(7.02e+02)
75:0(2.87e+02)1(2.73e+02)
76:1(3.15e+02)0(2.93e+02)
77:1(4.35e+02)0(3.52e+02)
78:0(1.22e+02)1(9.14e+01)
79:0(1.70e+02)1(1.25e+02)
80:1(2.82e+02)0(1.68e+02)
81:1(4.88e+02)0(4.29e+02)
82:0(7.82e+02)1(6.17e+02)
83:1(5.09e+02)0(4.29e+02)
84:0(2.80e+02)1(2.49e+02)
85:1(1.11e+03)0(1.02e+03)
86:0(2.87e+02)1(2.40e+02)
87:1(1.78e+03)0(1.75e+03)
88:0(2.64e+02)1(2.49e+02)
89:0(4.43e+02)1(4.24e+02)
90:0(1.67e+02)1(5.94e+01)
91:0(9.94e+01)1(6.11e+01)
92:0(4.56e+02)1(3.66e+02)
93:0(1.04e+03)1(9.65e+02)
94:1(1.51e+02)0(7.06e+01)
95:0(5.98e+01)1(5.70e+01)
96:1(9.00e+02)0(6.18e+02)
97:1(6.89e+01)0(4.67e+01)
98:1(1.89e+02)0(1.54e+02)
99:1(2.80e+02)0(2.01e+02)
100:0(1.95e+02)1(1.66e+02)
101:1(2.08e+02)0(1.60e+02)
102:1(1.78e+02)0(1.38e+02)
103:1(2.41e+02)0(1.63e+02)
104:0(1.62e+02)1(1.45e+02)
105:1(1.34e+02)0(1.21e+02)
106:0(2.30e+02)1(1.85e+02)
107:0(6.33e+02)1(5.19e+02)
108:1(2.48e+02)0(2.47e+02)
109:0(2.37e+02)1(2.08e+02)
110:1(4.57e+02)0(2.19e+02)
111:1(1.67e+02)0(1.51e+02)
112:1(2.39e+02)0(2.37e+02)
113:0(1.91e+02)1(1.45e+02)
114:1(4.52e+02)0(3.22e+02)
115:1(6.23e+02)0(3.84e+02)
116:1(6.86e+02)0(2.60e+02)
117:1(1.53e+02)0(1.41e+02)
118:0(2.37e+02)1(2.09e+02)
119:0(1.74e+02)1(1.56e+02)
120:0(8.27e+02)1(3.25e+02)
121:1(6.24e+01)0(5.41e+01)
122:0(9.19e+01)1(5.75e+01)
123:1(2.63e+02)0(1.72e+02)
124:1(8.91e+01)0(8.42e+01)
125:1(1.95e+02)0(1.87e+02)
126:1(7.32e+02)0(6.29e+02)
127:1(8.95e+02)0(6.96e+02)
128:1(1.91e+03)0(1.29e+03)
129:1(2.23e+02)0(1.23e+02)
130:1(2.11e+03)0(1.56e+03)
131:1(8.98e+02)0(8.94e+02)
132:1(4.76e+02)0(4.47e+02)
133:0(1.51e+02)1(1.22e+02)
134:0(5.41e+02)1(4.28e+02)
135:0(7.15e+01)1(3.86e+01)
136:0(4.80e+02)1(3.63e+02)
137:0(7.89e+01)1(6.05e+01)
138:0(3.50e+02)1(3.31e+02)
139:0(7.74e+02)1(4.61e+02)
140:1(1.53e+02)0(1.20e+02)
141:1(5.95e+02)0(5.48e+02)
142:1(3.86e+02)0(2.55e+02)
143:1(9.67e+02)0(8.91e+02)
144:0(4.62e+02)1(4.47e+02)
145:1(3.59e+02)0(3.51e+02)
146:1(1.25e+02)0(1.09e+02)
147:1(5.60e+01)0(5.57e+01)
148:1(2.00e+02)0(1.77e+02)
149:0(1.07e+02)1(7.51e+01)
150:1(1.33e+02)0(7.78e+01)
151:0(1.33e+02)1(7.26e+01)
152:1(7.50e+02)0(5.37e+02)
153:1(1.37e+02)0(8.02e+01)
154:0(7.25e+02)1(6.84e+02)
155:0(1.68e+02)1(1.28e+02)
156:0(4.18e+02)1(3.02e+02)
157:0(3.09e+02)1(2.04e+02)
158:0(2.97e+02)1(2.91e+02)
159:0(2.40e+02)1(1.81e+02)
160:0(1.12e+02)1(9.99e+01)
161:0(2.53e+02)1(9.44e+01)
162:0(2.02e+02)1(1.68e+02)
163:0(2.01e+02)1(1.71e+02)
164:0(2.47e+02)1(9.89e+01)
165:0(1.28e+02)1(1.08e+02)
166:1(1.44e+02)0(1.15e+02)
167:1(1.94e+02)0(1.82e+02)
168:0(1.08e+02)1(9.24e+01)
169:1(1.33e+02)0(1.17e+02)
170:1(1.37e+02)0(1.24e+02)
171:0(1.05e+02)1(1.03e+02)
172:1(1.60e+02)0(1.24e+02)
173:0(1.68e+02)1(1.57e+02)
174:1(1.31e+02)0(1.02e+02)
175:0(2.45e+02)1(1.75e+02)
176:1(1.12e+02)0(8.78e+01)
177:0(1.67e+02)1(1.07e+02)
178:0(1.45e+02)1(1.03e+02)
179:0(1.92e+02)1(1.75e+02)
180:1(1.90e+02)0(1.26e+02)
181:0(2.36e+02)1(1.94e+02)
182:0(2.94e+02)1(2.66e+02)
183:0(2.53e+02)1(2.09e+02)
184:1(2.64e+02)0(2.53e+02)
185:0(2.01e+02)1(1.44e+02)
186:0(1.28e+02)1(1.08e+02)
187:0(1.56e+02)1(1.52e+02)
188:0(4.19e+02)1(3.44e+02)
189:1(2.11e+02)0(7.79e+01)
190:0(1.22e+02)1(1.16e+02)
191:0(4.61e+02)1(4.25e+02)
192:1(1.27e+03)0(8.90e+02)
193:1(6.74e+02)0(4.88e+02)
194:1(3.76e+02)0(3.69e+02)
195:1(1.66e+02)0(1.37e+02)
196:1(1.13e+03)0(1.09e+03)
197:1(1.06e+03)0(1.01e+03)
198:0(4.76e+02)1(4.37e+02)
199:0(7.87e+02)1(6.96e+02)
200:0(1.32e+02)1(9.92e+01)
201:1(4.38e+02)0(3.96e+02)
202:1(1.15e+03)0(5.31e+02)
203:1(1.03e+03)0(4.60e+02)
204:0(1.39e+02)1(6.31e+01)
205:1(1.51e+02)0(1.41e+02)
206:0(1.46e+02)1(1.20e+02)
207:1(1.98e+02)0(1.32e+02)
208:0(1.16e+02)1(7.74e+01)
209:0(1.37e+02)1(8.20e+01)
210:0(9.27e+01)1(4.40e+01)
211:0(8.22e+01)1(6.77e+01)
212:0(1.07e+02)1(9.04e+01)
213:0(4.71e+01)1(3.53e+01)
214:0(2.58e+02)1(1.94e+02)
215:0(4.33e+02)1(3.42e+02)
216:0(4.39e+02)1(3.12e+02)
217:0(1.46e+02)1(1.39e+02)
218:1(1.12e+02)0(7.58e+01)
219:0(4.71e+02)1(4.48e+02)
220:1(4.51e+02)0(4.19e+02)
221:1(1.42e+02)0(9.59e+01)
222:0(8.93e+02)1(5.88e+02)
223:1(7.82e+01)0(5.56e+01)
224:0(1.85e+02)1(1.50e+02)
225:1(2.30e+02)0(1.56e+02)
226:1(7.14e+02)0(4.93e+02)
227:1(1.22e+03)0(7.07e+02)
228:1(8.97e+01)0(7.57e+01)
229:0(2.90e+02)1(2.10e+02)
230:0(7.38e+01)1(3.98e+01)
231:1(3.05e+02)0(2.89e+02)
232:1(3.70e+01)0(3.29e+01)
233:0(6.52e+02)1(2.83e+02)
234:0(1.32e+02)1(9.38e+01)
235:0(2.70e+02)1(2.28e+02)
236:1(1.79e+02)0(1.45e+02)
237:1(1.55e+02)0(1.18e+02)
238:1(1.91e+02)0(1.20e+02)
239:1(1.03e+02)0(8.36e+01)
240:0(2.44e+02)1(1.99e+02)
241:0(1.04e+02)1(8.88e+01)
242:0(1.33e+02)1(1.05e+02)
243:1(3.73e+02)0(2.70e+02)
244:0(2.31e+02)1(1.96e+02)
245:0(6.29e+01)1(6.19e+01)
246:1(4.02e+02)0(2.62e+02)
247:0(1.70e+02)1(1.05e+02)
248:1(1.74e+02)0(1.00e+02)
249:0(1.27e+02)1(9.06e+01)
250:0(1.39e+02)1(1.20e+02)
251:0(2.84e+02)1(1.69e+02)
252:0(2.41e+02)1(2.12e+02)
253:1(1.21e+02)0(5.02e+01)
254:0(1.37e+02)1(1.11e+02)
255:0(1.01e+02)1(7.45e+01)
256:0(1.02e+02)1(9.78e+01)
257:0(8.30e+02)1(4.29e+02)
258:0(1.35e+02)1(1.08e+02)
259:0(2.62e+02)1(2.38e+02)
260:1(1.23e+02)0(7.53e+01)
261:0(2.23e+02)1(1.21e+02)
262:1(1.24e+02)0(6.85e+01)
263:1(2.80e+02)0(2.27e+02)
264:0(3.86e+02)1(3.40e+02)
265:1(3.03e+02)0(2.10e+02)
266:0(2.16e+02)1(1.92e+02)
267:0(4.73e+02)1(3.19e+02)
268:1(2.81e+02)0(2.39e+02)
269:1(3.57e+02)0(2.80e+02)
270:1(1.40e+02)0(1.20e+02)
271:1(3.73e+02)0(3.13e+02)
272:0(2.87e+02)1(2.73e+02)
273:1(3.15e+02)0(2.93e+02)
274:1(2.45e+02)0(2.22e+02)
275:0(2.15e+02)1(1.05e+02)
276:0(1.22e+02)1(9.14e+01)
277:0(6.29e+01)1(6.26e+01)
278:1(1.00e+02)0(6.94e+01)
279:1(9.11e+01)0(7.01e+01)
280:1(1.56e+02)0(1.32e+02)INFO: s3mixw_io.c(233): Wrote /home/simone/Documenti/Elaborazione/project-NLP/model_parameters/android_db.cd_cont_initial/mixture_weights [281x1x4 array]
INFO: s3gau_io.c(228): Wrote /home/simone/Documenti/Elaborazione/project-NLP/model_parameters/android_db.cd_cont_initial/means [281x1x4 array]
INFO: s3gau_io.c(228): Wrote /home/simone/Documenti/Elaborazione/project-NLP/model_parameters/android_db.cd_cont_initial/variances [281x1x4 array]

Thu Feb 16 16:24:46 2017
