Current configuration:
[NAME]		[DEFLT]	[VALUE]
-dcountfn		/home/simone/Documenti/Elaborazione/project-NLP/model_parameters/android_db.cd_cont_2000/mixture_weights
-example	no	no
-fullvar	no	no
-help		no	no
-inmeanfn		/home/simone/Documenti/Elaborazione/project-NLP/model_parameters/android_db.cd_cont_2000/means
-inmixwfn		/home/simone/Documenti/Elaborazione/project-NLP/model_parameters/android_db.cd_cont_2000/mixture_weights
-invarfn		/home/simone/Documenti/Elaborazione/project-NLP/model_parameters/android_db.cd_cont_2000/variances
-ninc		1	1
-outmeanfn		/home/simone/Documenti/Elaborazione/project-NLP/model_parameters/android_db.cd_cont_initial/means
-outmixwfn		/home/simone/Documenti/Elaborazione/project-NLP/model_parameters/android_db.cd_cont_initial/mixture_weights
-outvarfn		/home/simone/Documenti/Elaborazione/project-NLP/model_parameters/android_db.cd_cont_initial/variances

INFO: main.c(86): Reading mixing weight file /home/simone/Documenti/Elaborazione/project-NLP/model_parameters/android_db.cd_cont_2000/mixture_weights.
INFO: s3mixw_io.c(117): Read /home/simone/Documenti/Elaborazione/project-NLP/model_parameters/android_db.cd_cont_2000/mixture_weights [597x1x1 array]
INFO: s3gau_io.c(169): Read /home/simone/Documenti/Elaborazione/project-NLP/model_parameters/android_db.cd_cont_2000/means [597x1x1 array]
INFO: s3gau_io.c(169): Read /home/simone/Documenti/Elaborazione/project-NLP/model_parameters/android_db.cd_cont_2000/variances [597x1x1 array]
INFO: s3gau_io.c(553): Read /home/simone/Documenti/Elaborazione/project-NLP/model_parameters/android_db.cd_cont_2000/mixture_weights [597x1x1 array]
INFO: main.c(151): output n_density == 2
0:0(2.57e+03)
1:0(2.30e+03)
2:0(3.41e+03)
3:0(5.29e+02)
4:0(1.29e+03)
5:0(1.31e+03)
6:0(5.75e+02)
7:0(7.45e+02)
8:0(8.62e+02)
9:0(3.19e+02)
10:0(4.41e+02)
11:0(3.95e+02)
12:0(1.86e+03)
13:0(1.97e+03)
14:0(5.75e+02)
15:0(6.93e+02)
16:0(3.65e+02)
17:0(2.87e+02)
18:0(2.58e+03)
19:0(2.90e+03)
20:0(1.44e+03)
21:0(5.50e+02)
22:0(6.14e+02)
23:0(4.23e+02)
24:0(8.99e+02)
25:0(9.97e+02)
26:0(1.54e+03)
27:0(1.61e+02)
28:0(1.62e+02)
29:0(1.05e+02)
30:0(1.14e+03)
31:0(9.09e+02)
32:0(8.71e+02)
33:0(1.08e+03)
34:0(6.73e+02)
35:0(6.92e+02)
36:0(2.14e+02)
37:0(1.89e+02)
38:0(2.33e+02)
39:0(3.35e+02)
40:0(3.13e+02)
41:0(4.31e+02)
42:0(6.31e+02)
43:0(8.66e+02)
44:0(8.38e+02)
45:0(1.33e+02)
46:0(2.81e+02)
47:0(6.71e+02)
48:0(2.89e+03)
49:0(4.67e+03)
50:0(2.51e+03)
51:0(2.24e+02)
52:0(2.31e+02)
53:0(1.44e+02)
54:0(2.02e+02)
55:0(1.51e+02)
56:0(2.22e+02)
57:0(1.30e+03)
58:0(1.61e+03)
59:0(1.51e+03)
60:0(3.72e+02)
61:0(8.52e+02)
62:0(5.40e+02)
63:0(1.47e+03)
64:0(1.22e+03)
65:0(1.28e+03)
66:0(3.76e+02)
67:0(1.74e+02)
68:0(2.90e+02)
69:0(7.84e+02)
70:0(3.74e+02)
71:0(3.84e+02)
72:0(1.05e+03)
73:0(8.06e+02)
74:0(9.40e+02)
75:0(4.67e+02)
76:0(4.66e+02)
77:0(3.19e+02)
78:0(1.66e+02)
79:0(1.81e+02)
80:0(2.67e+02)
81:0(3.43e+02)
82:0(1.44e+02)
83:0(5.80e+02)
84:0(1.23e+02)
85:0(8.21e+01)
86:0(5.10e+02)
87:0(7.34e+02)
88:0(5.91e+01)
89:0(3.66e+02)
90:0(1.62e+02)
91:0(1.94e+02)
92:0(1.12e+02)
93:0(7.72e+02)
94:0(2.55e+02)
95:0(4.15e+02)
96:0(2.90e+01)
97:0(5.90e+02)
98:0(1.33e+03)
99:0(4.11e+02)
100:0(1.96e+02)
101:0(1.98e+02)
102:0(2.48e+01)
103:0(2.62e+02)
104:0(3.99e+02)
105:0(4.02e+01)
106:0(3.78e+01)
107:0(7.02e+01)
108:0(3.81e+02)
109:0(6.55e+01)
110:0(4.60e+01)
111:0(1.11e+03)
112:0(7.22e+01)
113:0(5.39e+01)
114:0(1.01e+02)
115:0(6.96e+01)
116:0(1.08e+03)
117:0(2.00e+00)
118:0(4.61e+01)
119:0(3.21e+01)
120:0(8.28e+01)
121:0(2.00e+00)
122:0(9.73e+01)
123:0(3.29e+01)
124:0(2.34e+01)
125:0(2.61e+01)
126:0(2.00e+00)
127:0(2.08e+01)
128:0(3.44e+01)
129:0(3.00e+00)
130:0(5.06e+01)
131:0(1.30e+02)
132:0(1.74e+02)
133:0(3.00e+00)
134:0(4.55e+01)
135:0(1.09e+02)
136:0(3.65e+01)
137:0(3.21e+01)
138:0(4.27e+01)
139:0(1.14e+02)
140:0(1.20e+01)
141:0(3.08e+02)
142:0(5.18e+02)
143:0(1.29e+02)
144:0(2.58e+02)
145:0(4.00e+02)
146:0(2.06e+02)
147:0(3.82e+01)
148:0(1.57e+02)
149:0(6.38e+01)
150:0(1.23e+02)
151:0(2.52e+02)
152:0(7.21e+02)
153:0(2.16e+02)
154:0(4.37e+02)
155:0(8.00e+01)
156:0(5.09e+01)
157:0(5.23e+01)
158:0(8.03e+01)
159:0(8.75e+01)
160:0(7.11e+01)
161:0(1.53e+02)
162:0(2.07e+02)
163:0(8.59e+01)
164:0(4.89e+01)
165:0(3.51e+02)
166:0(6.04e+01)
167:0(3.49e+01)
168:0(2.20e+02)
169:0(5.05e+01)
170:0(3.11e+01)
171:0(1.44e+02)
172:0(8.05e+01)
173:0(3.12e+01)
174:0(1.73e+02)
175:0(1.11e+02)
176:0(4.15e+02)
177:0(2.30e+02)
178:0(2.33e+02)
179:0(2.26e+02)
180:0(1.11e+02)
181:0(1.38e+02)
182:0(3.77e+01)
183:0(4.00e+01)
184:0(2.25e+02)
185:0(9.43e+01)
186:0(9.81e+01)
187:0(4.00e+00)
188:0(7.89e+01)
189:0(1.76e+02)
190:0(1.87e+02)
191:0(8.52e+01)
192:0(9.39e+01)
193:0(1.38e+02)
194:0(1.74e+02)
195:0(2.43e+02)
196:0(4.39e+02)
197:0(2.38e+02)
198:0(1.75e+02)
199:0(1.96e+02)
200:0(1.80e+01)
201:0(2.69e+01)
202:0(5.80e+01)
203:0(1.87e+02)
204:0(2.28e+02)
205:0(2.91e+02)
206:0(1.96e+02)
207:0(1.17e+02)
208:0(1.03e+02)
209:0(9.07e+01)
210:0(4.47e+01)
211:0(4.95e+01)
212:0(1.61e+02)
213:0(7.65e+01)
214:0(1.20e+02)
215:0(1.43e+02)
216:0(1.90e+01)
217:0(1.50e+01)
218:0(4.73e+01)
219:0(9.77e+01)
220:0(7.88e+01)
221:0(1.04e+02)
222:0(8.81e+01)
223:0(1.17e+02)
224:0(8.11e+01)
225:0(4.98e+02)
226:0(5.23e+01)
227:0(5.50e+02)
228:0(6.41e+01)
229:0(3.55e+02)
230:0(6.82e+01)
231:0(1.14e+02)
232:0(7.52e+01)
233:0(4.65e+01)
234:0(1.36e+02)
235:0(8.03e+01)
236:0(5.24e+01)
237:0(4.96e+01)
238:0(5.45e+01)
239:0(6.91e+01)
240:0(6.15e+01)
241:0(7.00e+01)
242:0(8.92e+01)
243:0(7.76e+01)
244:0(7.73e+01)
245:0(7.08e+01)
246:0(1.14e+02)
247:0(1.06e+02)
248:0(7.03e+01)
249:0(4.10e+01)
250:0(3.96e+01)
251:0(3.55e+01)
252:0(1.40e+02)
253:0(1.03e+02)
254:0(1.22e+02)
255:0(2.34e+02)
256:0(1.88e+02)
257:0(1.58e+02)
258:0(5.26e+01)
259:0(2.69e+01)
260:0(4.40e+01)
261:0(1.12e+02)
262:0(2.25e+02)
263:0(8.82e+01)
264:0(1.49e+02)
265:0(1.14e+02)
266:0(1.50e+02)
267:0(4.54e+01)
268:0(1.16e+02)
269:0(4.10e+01)
270:0(1.21e+02)
271:0(5.45e+01)
272:0(5.09e+01)
273:0(5.35e+01)
274:0(4.45e+01)
275:0(1.04e+03)
276:0(4.84e+01)
277:0(4.85e+01)
278:0(8.12e+02)
279:0(7.83e+01)
280:0(5.42e+01)
281:0(7.39e+02)
282:0(3.41e+02)
283:0(1.31e+02)
284:0(5.22e+01)
285:0(6.84e+01)
286:0(8.99e+01)
287:0(7.48e+01)
288:0(7.85e+01)
289:0(4.32e+01)
290:0(5.18e+01)
291:0(4.82e+01)
292:0(1.02e+02)
293:0(2.02e+02)
294:0(3.17e+01)
295:0(3.03e+01)
296:0(3.78e+01)
297:0(3.71e+01)
298:0(3.99e+01)
299:0(8.46e+01)
300:0(3.88e+01)
301:0(5.19e+01)
302:0(5.32e+01)
303:0(6.57e+01)
304:0(2.43e+02)
305:0(2.82e+01)
306:0(3.57e+01)
307:0(2.98e+01)
308:0(2.02e+01)
309:0(3.16e+01)
310:0(4.30e+01)
311:0(3.51e+01)
312:0(9.30e+01)
313:0(5.95e+01)
314:0(7.37e+01)
315:0(4.04e+01)
316:0(4.61e+01)
317:0(6.30e+01)
318:0(2.79e+01)
319:0(3.64e+01)
320:0(3.21e+01)
321:0(3.89e+01)
322:0(4.36e+01)
323:0(3.45e+01)
324:0(3.99e+01)
325:0(2.82e+01)
326:0(5.05e+01)
327:0(3.78e+01)
328:0(6.39e+01)
329:0(5.23e+01)
330:0(5.87e+01)
331:0(3.38e+01)
332:0(7.23e+01)
333:0(1.01e+02)
334:0(6.92e+01)
335:0(7.39e+01)
336:0(3.47e+01)
337:0(4.45e+01)
338:0(6.46e+01)
339:0(9.54e+01)
340:0(5.24e+01)
341:0(7.68e+01)
342:0(8.93e+01)
343:0(1.04e+02)
344:0(1.08e+02)
345:0(8.44e+01)
346:0(1.08e+02)
347:0(2.61e+01)
348:0(6.00e+00)
349:0(2.05e+01)
350:0(2.26e+01)
351:0(3.99e+01)
352:0(1.80e+02)
353:0(7.17e+01)
354:0(2.90e+01)
355:0(4.20e+01)
356:0(6.00e+00)
357:0(1.40e+02)
358:0(7.49e+01)
359:0(4.73e+01)
360:0(2.80e+01)
361:0(3.93e+01)
362:0(2.76e+01)
363:0(2.35e+02)
364:0(7.34e+01)
365:0(4.60e+01)
366:0(1.49e+02)
367:0(4.36e+01)
368:0(6.55e+01)
369:0(4.72e+01)
370:0(4.50e+01)
371:0(3.97e+01)
372:0(8.38e+01)
373:0(4.33e+01)
374:0(4.72e+01)
375:0(3.29e+02)
376:0(9.01e+01)
377:0(4.00e+00)
378:0(1.33e+02)
379:0(2.81e+02)
380:0(6.71e+02)
381:0(1.32e+02)
382:0(1.39e+02)
383:0(7.35e+01)
384:0(1.27e+02)
385:0(5.08e+02)
386:0(6.56e+01)
387:0(2.47e+02)
388:0(1.62e+02)
389:0(1.02e+02)
390:0(9.00e+01)
391:0(2.19e+02)
392:0(1.21e+02)
393:0(1.51e+02)
394:0(9.65e+01)
395:0(4.22e+01)
396:0(2.75e+01)
397:0(1.37e+02)
398:0(1.06e+02)
399:0(1.15e+02)
400:0(1.13e+02)
401:0(1.18e+02)
402:0(6.17e+01)
403:0(5.72e+01)
404:0(2.46e+01)
405:0(1.69e+02)
406:0(1.62e+02)
407:0(2.75e+02)
408:0(3.81e+02)
409:0(2.24e+02)
410:0(9.78e+02)
411:0(2.10e+02)
412:0(1.49e+02)
413:0(2.26e+02)
414:0(2.10e+02)
415:0(1.93e+02)
416:0(1.76e+02)
417:0(1.75e+02)
418:0(2.63e+02)
419:0(1.31e+02)
420:0(1.83e+02)
421:0(2.09e+02)
422:0(2.10e+02)
423:0(5.81e+01)
424:0(2.17e+02)
425:0(7.16e+01)
426:0(7.11e+01)
427:0(1.02e+02)
428:0(7.37e+01)
429:0(8.28e+01)
430:0(1.09e+02)
431:0(1.07e+02)
432:0(6.69e+01)
433:0(1.07e+02)
434:0(1.28e+02)
435:0(2.51e+02)
436:0(5.99e+02)
437:0(1.33e+02)
438:0(4.66e+01)
439:0(4.48e+01)
440:0(2.15e+01)
441:0(3.80e+01)
442:0(9.91e+01)
443:0(8.70e+01)
444:0(6.08e+01)
445:0(8.81e+01)
446:0(7.54e+01)
447:0(3.09e+01)
448:0(8.33e+01)
449:0(1.17e+02)
450:0(5.35e+01)
451:0(5.14e+01)
452:0(3.87e+01)
453:0(3.45e+01)
454:0(4.48e+01)
455:0(1.23e+02)
456:0(2.75e+01)
457:0(3.06e+01)
458:0(9.27e+01)
459:0(5.77e+01)
460:0(4.23e+01)
461:0(1.22e+02)
462:0(6.98e+01)
463:0(8.51e+01)
464:0(5.78e+01)
465:0(2.24e+02)
466:0(5.76e+02)
467:0(1.07e+02)
468:0(5.79e+01)
469:0(1.26e+02)
470:0(1.04e+02)
471:0(1.09e+02)
472:0(4.69e+01)
473:0(2.41e+02)
474:0(1.06e+02)
475:0(4.46e+01)
476:0(1.00e+02)
477:0(8.61e+02)
478:0(3.31e+02)
479:0(1.95e+02)
480:0(5.47e+01)
481:0(7.99e+01)
482:0(1.10e+02)
483:0(1.23e+02)
484:0(5.85e+01)
485:0(5.59e+02)
486:0(2.00e+00)
487:0(8.07e+01)
488:0(2.25e+02)
489:0(6.45e+01)
490:0(2.00e+00)
491:0(5.95e+02)
492:0(1.50e+02)
493:0(1.05e+02)
494:0(8.76e+01)
495:0(3.83e+02)
496:0(2.00e+00)
497:0(6.77e+01)
498:0(5.93e+01)
499:0(2.39e+02)
500:0(1.06e+02)
501:0(7.76e+01)
502:0(4.26e+02)
503:0(5.05e+01)
504:0(3.99e+01)
505:0(5.20e+01)
506:0(3.93e+01)
507:0(5.56e+01)
508:0(5.88e+01)
509:0(3.14e+01)
510:0(4.17e+01)
511:0(8.28e+01)
512:0(1.12e+02)
513:0(1.74e+02)
514:0(6.04e+01)
515:0(1.25e+02)
516:0(1.81e+02)
517:0(1.97e+02)
518:0(3.89e+01)
519:0(5.49e+01)
520:0(3.83e+01)
521:0(4.16e+01)
522:0(5.90e+01)
523:0(4.70e+01)
524:0(5.46e+01)
525:0(3.05e+01)
526:0(5.25e+01)
527:0(6.17e+01)
528:0(6.93e+01)
529:0(5.79e+01)
530:0(3.19e+01)
531:0(4.12e+01)
532:0(4.12e+01)
533:0(6.44e+01)
534:0(1.84e+02)
535:0(4.58e+01)
536:0(5.85e+01)
537:0(6.11e+01)
538:0(7.28e+01)
539:0(1.15e+02)
540:0(4.21e+01)
541:0(1.12e+02)
542:0(2.80e+02)
543:0(2.02e+02)
544:0(1.06e+02)
545:0(2.37e+01)
546:0(4.42e+01)
547:0(7.98e+01)
548:0(4.56e+01)
549:0(2.61e+01)
550:0(2.23e+01)
551:0(1.28e+02)
552:0(4.20e+01)
553:0(5.33e+01)
554:0(6.68e+01)
555:0(1.04e+02)
556:0(4.17e+02)
557:0(7.79e+01)
558:0(8.20e+01)
559:0(1.04e+02)
560:0(5.07e+01)
561:0(1.54e+02)
562:0(4.95e+01)
563:0(7.45e+01)
564:0(4.50e+01)
565:0(5.37e+01)
566:0(1.61e+02)
567:0(4.74e+01)
568:0(6.73e+01)
569:0(5.48e+01)
570:0(4.34e+02)
571:0(3.49e+02)
572:0(4.10e+01)
573:0(2.25e+02)
574:0(1.47e+02)
575:0(3.53e+02)
576:0(9.22e+01)
577:0(2.14e+02)
578:0(6.76e+01)
579:0(3.36e+02)
580:0(9.95e+01)
581:0(4.37e+02)
582:0(2.30e+02)
583:0(3.23e+01)
584:0(2.05e+02)
585:0(2.67e+01)
586:0(2.76e+02)
587:0(1.63e+02)
588:0(4.02e+01)
589:0(1.46e+02)
590:0(1.33e+02)
591:0(8.50e+01)
592:0(8.13e+01)
593:0(7.50e+01)
594:0(1.06e+02)
595:0(1.14e+02)
596:0(1.53e+02)INFO: s3mixw_io.c(233): Wrote /home/simone/Documenti/Elaborazione/project-NLP/model_parameters/android_db.cd_cont_initial/mixture_weights [597x1x2 array]
INFO: s3gau_io.c(228): Wrote /home/simone/Documenti/Elaborazione/project-NLP/model_parameters/android_db.cd_cont_initial/means [597x1x2 array]
INFO: s3gau_io.c(228): Wrote /home/simone/Documenti/Elaborazione/project-NLP/model_parameters/android_db.cd_cont_initial/variances [597x1x2 array]

Sat Dec  3 19:23:28 2016
