Current configuration:
[NAME]		[DEFLT]	[VALUE]
-dcountfn		/home/simone/Documenti/Elaborazione/project-NLP/model_parameters/android_db.cd_cont_200/mixture_weights
-example	no	no
-fullvar	no	no
-help		no	no
-inmeanfn		/home/simone/Documenti/Elaborazione/project-NLP/model_parameters/android_db.cd_cont_200/means
-inmixwfn		/home/simone/Documenti/Elaborazione/project-NLP/model_parameters/android_db.cd_cont_200/mixture_weights
-invarfn		/home/simone/Documenti/Elaborazione/project-NLP/model_parameters/android_db.cd_cont_200/variances
-ninc		1	4
-outmeanfn		/home/simone/Documenti/Elaborazione/project-NLP/model_parameters/android_db.cd_cont_initial/means
-outmixwfn		/home/simone/Documenti/Elaborazione/project-NLP/model_parameters/android_db.cd_cont_initial/mixture_weights
-outvarfn		/home/simone/Documenti/Elaborazione/project-NLP/model_parameters/android_db.cd_cont_initial/variances

INFO: main.c(86): Reading mixing weight file /home/simone/Documenti/Elaborazione/project-NLP/model_parameters/android_db.cd_cont_200/mixture_weights.
INFO: s3mixw_io.c(117): Read /home/simone/Documenti/Elaborazione/project-NLP/model_parameters/android_db.cd_cont_200/mixture_weights [93x1x4 array]
INFO: s3gau_io.c(169): Read /home/simone/Documenti/Elaborazione/project-NLP/model_parameters/android_db.cd_cont_200/means [93x1x4 array]
INFO: s3gau_io.c(169): Read /home/simone/Documenti/Elaborazione/project-NLP/model_parameters/android_db.cd_cont_200/variances [93x1x4 array]
INFO: s3gau_io.c(553): Read /home/simone/Documenti/Elaborazione/project-NLP/model_parameters/android_db.cd_cont_200/mixture_weights [93x1x4 array]
INFO: main.c(151): output n_density == 8
0:0(1.00e+00)2(1.00e+00)1(5.00e-01)3(5.00e-01)
1:2(2.00e+00)3(2.00e+00)0(1.00e+00)1(1.00e+00)
2:2(2.00e+00)0(1.00e+00)1(1.00e+00)3(1.00e+00)
3:0(2.00e+00)2(2.00e+00)1(1.00e+00)3(1.00e+00)
4:1(1.00e+00)2(1.00e+00)0(5.00e-01)3(5.00e-01)
5:0(2.00e+00)2(2.00e+00)3(2.00e+00)1(1.00e+00)
6:0(4.00e+00)2(3.00e+00)3(3.00e+00)1(2.00e+00)
7:1(3.00e+00)0(2.00e+00)2(2.00e+00)3(1.00e+00)
8:0(1.00e+00)2(1.00e+00)1(5.00e-01)3(5.00e-01)
9:1(2.00e+00)2(1.00e+00)0(5.00e-01)3(5.00e-01)
10:1(1.00e+00)2(1.00e+00)0(5.00e-01)3(5.00e-01)
11:0(1.00e+00)2(1.00e+00)1(5.00e-01)3(5.00e-01)
12:0(1.00e+00)1(1.00e+00)2(1.00e+00)3(1.00e+00)
13:1(1.00e+00)2(1.00e+00)0(5.00e-01)3(5.00e-01)
14:0(1.00e+00)2(1.00e+00)1(5.00e-01)3(5.00e-01)
15:1(3.00e+00)3(3.00e+00)2(2.00e+00)0(1.00e+00)
16:3(4.00e+00)0(3.00e+00)2(3.00e+00)1(2.00e+00)
17:0(2.00e+00)1(2.00e+00)2(2.00e+00)3(2.00e+00)
18:0(2.00e+00)1(2.00e+00)2(2.00e+00)3(2.00e+00)
19:2(3.00e+00)0(2.00e+00)1(2.00e+00)3(2.00e+00)
20:2(4.00e+00)0(3.00e+00)3(3.00e+00)1(2.00e+00)
21:0(2.00e+00)1(2.00e+00)2(2.00e+00)3(1.00e+00)
22:0(5.00e-01)1(5.00e-01)2(5.00e-01)3(5.00e-01)
23:0(1.00e+00)1(1.00e+00)2(1.00e+00)3(1.00e+00)
24:1(1.00e+00)2(1.00e+00)0(5.00e-01)3(5.00e-01)
25:0(5.00e-01)1(5.00e-01)2(5.00e-01)3(5.00e-01)
26:0(1.00e+00)1(1.00e+00)2(1.00e+00)3(1.00e+00)
27:0(5.00e-01)1(5.00e-01)2(5.00e-01)3(5.00e-01)
28:0(5.00e-01)1(5.00e-01)2(5.00e-01)3(5.00e-01)
29:0(5.00e-01)1(5.00e-01)2(5.00e-01)3(5.00e-01)
30:0(3.00e+00)2(2.00e+00)1(1.00e+00)3(1.00e+00)
31:1(3.00e+00)2(3.00e+00)0(2.00e+00)3(2.00e+00)
32:2(3.00e+00)1(2.00e+00)3(2.00e+00)0(1.00e+00)
33:0(1.00e+00)2(1.00e+00)1(5.00e-01)3(5.00e-01)
34:0(1.00e+00)2(1.00e+00)1(5.00e-01)3(5.00e-01)
35:1(1.00e+00)2(1.00e+00)0(5.00e-01)3(5.00e-01)
36:2(2.00e+00)0(1.00e+00)1(1.00e+00)3(1.00e+00)
37:0(1.00e+00)1(1.00e+00)2(1.00e+00)3(1.00e+00)
38:2(2.00e+00)0(1.00e+00)1(1.00e+00)3(1.00e+00)
39:0(1.00e+00)2(1.00e+00)1(5.00e-01)3(5.00e-01)
40:2(2.00e+00)0(1.00e+00)1(1.00e+00)3(1.00e+00)
41:0(3.00e+00)1(2.00e+00)2(2.00e+00)3(2.00e+00)
42:0(2.00e+00)2(2.00e+00)1(1.00e+00)3(1.00e+00)
43:1(1.00e+00)2(1.00e+00)0(5.00e-01)3(5.00e-01)
44:0(2.00e+00)2(2.00e+00)3(2.00e+00)1(1.00e+00)
45:0(4.00e+00)2(3.00e+00)3(3.00e+00)1(2.00e+00)
46:1(3.00e+00)0(2.00e+00)2(2.00e+00)3(1.00e+00)
47:0(1.00e+00)2(1.00e+00)1(5.00e-01)3(5.00e-01)
48:0(5.00e-01)1(5.00e-01)2(5.00e-01)3(5.00e-01)
49:0(2.50e-01)1(2.50e-01)2(2.50e-01)3(2.50e-01)
50:0(2.50e-01)1(2.50e-01)2(2.50e-01)3(2.50e-01)
51:0(2.50e-01)1(2.50e-01)2(2.50e-01)3(2.50e-01)
52:0(2.50e-01)1(2.50e-01)2(2.50e-01)3(2.50e-01)
53:0(2.50e-01)1(2.50e-01)2(2.50e-01)3(2.50e-01)
54:0(2.50e-01)1(2.50e-01)2(2.50e-01)3(2.50e-01)
55:0(2.50e-01)1(2.50e-01)2(2.50e-01)3(2.50e-01)
56:0(2.50e-01)1(2.50e-01)2(2.50e-01)3(2.50e-01)
57:0(1.00e+00)1(1.00e+00)2(1.00e+00)3(1.00e+00)
58:1(1.00e+00)2(1.00e+00)0(5.00e-01)3(5.00e-01)
59:0(1.00e+00)2(1.00e+00)1(5.00e-01)3(5.00e-01)
60:1(3.00e+00)3(3.00e+00)2(2.00e+00)0(1.00e+00)
61:3(4.00e+00)0(3.00e+00)2(3.00e+00)1(2.00e+00)
62:0(2.00e+00)1(2.00e+00)2(2.00e+00)3(2.00e+00)
63:0(2.00e+00)1(2.00e+00)2(2.00e+00)3(2.00e+00)
64:2(3.00e+00)0(2.00e+00)1(2.00e+00)3(2.00e+00)
65:2(4.00e+00)0(3.00e+00)3(3.00e+00)1(2.00e+00)
66:0(2.00e+00)1(2.00e+00)2(2.00e+00)3(1.00e+00)
67:0(5.00e-01)1(5.00e-01)2(5.00e-01)3(5.00e-01)
68:0(1.00e+00)1(1.00e+00)2(1.00e+00)3(1.00e+00)
69:1(1.00e+00)2(1.00e+00)0(5.00e-01)3(5.00e-01)
70:0(5.00e-01)1(5.00e-01)2(5.00e-01)3(5.00e-01)
71:0(1.00e+00)1(1.00e+00)2(1.00e+00)3(1.00e+00)
72:0(2.50e-01)1(2.50e-01)2(2.50e-01)3(2.50e-01)
73:0(2.50e-01)1(2.50e-01)2(2.50e-01)3(2.50e-01)
74:0(2.50e-01)1(2.50e-01)2(2.50e-01)3(2.50e-01)
75:0(2.50e-01)1(2.50e-01)2(2.50e-01)3(2.50e-01)
76:0(2.50e-01)1(2.50e-01)2(2.50e-01)3(2.50e-01)
77:0(2.50e-01)1(2.50e-01)2(2.50e-01)3(2.50e-01)
78:0(3.00e+00)2(2.00e+00)1(1.00e+00)3(1.00e+00)
79:1(3.00e+00)2(3.00e+00)0(2.00e+00)3(2.00e+00)
80:2(3.00e+00)1(2.00e+00)3(2.00e+00)0(1.00e+00)
81:0(1.00e+00)2(1.00e+00)1(5.00e-01)3(5.00e-01)
82:0(1.00e+00)2(1.00e+00)1(5.00e-01)3(5.00e-01)
83:1(1.00e+00)2(1.00e+00)0(5.00e-01)3(5.00e-01)
84:2(2.00e+00)0(1.00e+00)1(1.00e+00)3(1.00e+00)
85:0(1.00e+00)1(1.00e+00)2(1.00e+00)3(1.00e+00)
86:2(2.00e+00)0(1.00e+00)1(1.00e+00)3(1.00e+00)
87:0(2.50e-01)1(2.50e-01)2(2.50e-01)3(2.50e-01)
88:0(5.00e-01)1(5.00e-01)2(5.00e-01)3(5.00e-01)
89:0(2.50e-01)1(2.50e-01)2(2.50e-01)3(2.50e-01)
90:2(2.00e+00)0(1.00e+00)1(5.00e-01)3(5.00e-01)
91:1(3.00e+00)0(2.00e+00)2(2.00e+00)3(1.00e+00)
92:0(2.50e-01)1(2.50e-01)2(2.50e-01)3(2.50e-01)INFO: s3mixw_io.c(233): Wrote /home/simone/Documenti/Elaborazione/project-NLP/model_parameters/android_db.cd_cont_initial/mixture_weights [93x1x8 array]
INFO: s3gau_io.c(228): Wrote /home/simone/Documenti/Elaborazione/project-NLP/model_parameters/android_db.cd_cont_initial/means [93x1x8 array]
INFO: s3gau_io.c(228): Wrote /home/simone/Documenti/Elaborazione/project-NLP/model_parameters/android_db.cd_cont_initial/variances [93x1x8 array]

Mon Nov 14 20:50:23 2016
