        INFO: main.c(229): Compiled on Oct 27 2016 at 19:16:52
Current configuration:
[NAME]		[DEFLT]		[VALUE]
-2passvar	no		yes
-abeam		1e-100		1.000000e-90
-accumdir			/home/simone/Documenti/Elaborazione/project-NLP/bwaccumdir/android_db_buff_1
-agc		none		none
-agcthresh	2.0		2.000000e+00
-bbeam		1e-100		1.000000e-10
-cb2mllrfn	.1cls.		.1cls.
-cepdir				/home/simone/Documenti/Elaborazione/project-NLP/feat
-cepext		mfc		mfc
-ceplen		13		13
-ckptintv			0
-cmn		live		batch
-cmninit	40,3,-1		40,3,-1
-ctlfn				/home/simone/Documenti/Elaborazione/project-NLP/etc/android_db_train.fileids
-diagfull	no		no
-dictfn				/home/simone/Documenti/Elaborazione/project-NLP/etc/android_db.dic
-example	no		no
-fdictfn			/home/simone/Documenti/Elaborazione/project-NLP/etc/android_db.filler
-feat		1s_c_d_dd	1s_c_d_dd
-fullvar	no		no
-help		no		no
-hmmdir				
-latdir				
-latext				
-lda				
-ldadim		0		0
-lsnfn				/home/simone/Documenti/Elaborazione/project-NLP/etc/android_db_train.transcription
-lw		11.5		1.150000e+01
-maxuttlen	0		0
-meanfn				/home/simone/Documenti/Elaborazione/project-NLP/model_parameters/android_db.cd_cont_200/means
-meanreest	yes		yes
-mixwfn				/home/simone/Documenti/Elaborazione/project-NLP/model_parameters/android_db.cd_cont_200/mixture_weights
-mixwreest	yes		yes
-mllrmat			
-mmie		no		no
-mmie_type	rand		rand
-moddeffn			/home/simone/Documenti/Elaborazione/project-NLP/model_architecture/android_db.200.mdef
-mwfloor	0.00001		1.000000e-05
-npart				1
-nskip				0
-outphsegdir			
-outputfullpath	no		no
-part				1
-pdumpdir			
-phsegdir			
-phsegext	phseg		phseg
-runlen		-1		-1
-sentdir			
-sentext	sent		sent
-spthresh	0.0		0.000000e+00
-svspec				
-timing		yes		no
-tmatfn				/home/simone/Documenti/Elaborazione/project-NLP/model_parameters/android_db.cd_cont_200/transition_matrices
-tmatreest	yes		yes
-topn		4		8
-tpfloor	0.0001		1.000000e-05
-ts2cbfn			.cont.
-varfloor	0.00001		1.000000e-04
-varfn				/home/simone/Documenti/Elaborazione/project-NLP/model_parameters/android_db.cd_cont_200/variances
-varnorm	no		no
-varreest	yes		yes
-viterbi	no		no

INFO: feat.c(715): Initializing feature stream to type: '1s_c_d_dd', ceplen=13, CMN='batch', VARNORM='no', AGC='none'
INFO: main.c(318): Reading /home/simone/Documenti/Elaborazione/project-NLP/model_architecture/android_db.200.mdef
INFO: model_def_io.c(573): Model definition info:
INFO: model_def_io.c(574): 37 total models defined (14 base, 23 tri)
INFO: model_def_io.c(575): 148 total states
INFO: model_def_io.c(576): 93 total tied states
INFO: model_def_io.c(577): 42 total tied CI states
INFO: model_def_io.c(578): 14 total tied transition matrices
INFO: model_def_io.c(579): 4 max state/model
INFO: model_def_io.c(580): 4 min state/model
INFO: s3mixw_io.c(117): Read /home/simone/Documenti/Elaborazione/project-NLP/model_parameters/android_db.cd_cont_200/mixture_weights [93x1x8 array]
INFO: s3tmat_io.c(118): Read /home/simone/Documenti/Elaborazione/project-NLP/model_parameters/android_db.cd_cont_200/transition_matrices [14x3x4 array]
INFO: mod_inv.c(301): inserting tprob floor 1.000000e-05 and renormalizing
INFO: s3gau_io.c(169): Read /home/simone/Documenti/Elaborazione/project-NLP/model_parameters/android_db.cd_cont_200/means [93x1x8 array]
INFO: s3gau_io.c(169): Read /home/simone/Documenti/Elaborazione/project-NLP/model_parameters/android_db.cd_cont_200/variances [93x1x8 array]
INFO: gauden.c(176): 93 total mgau
INFO: gauden.c(150): 1 feature streams (|0|=39 )
INFO: gauden.c(187): 8 total densities
INFO: gauden.c(90): min_var=1.000000e-04
INFO: gauden.c(165): compute 8 densities/frame
INFO: main.c(431): Will reestimate mixing weights.
INFO: main.c(433): Will reestimate means.
INFO: main.c(435): Will reestimate variances.
INFO: main.c(443): Will reestimate transition matrices
INFO: main.c(456): Reading main dictionary: /home/simone/Documenti/Elaborazione/project-NLP/etc/android_db.dic
INFO: lexicon.c(221): 2 entries added from /home/simone/Documenti/Elaborazione/project-NLP/etc/android_db.dic
INFO: main.c(466): Reading filler dictionary: /home/simone/Documenti/Elaborazione/project-NLP/etc/android_db.filler
INFO: lexicon.c(221): 3 entries added from /home/simone/Documenti/Elaborazione/project-NLP/etc/android_db.filler
INFO: corpus.c(1062): Will process all remaining utts starting at 0
INFO: main.c(665): Reestimation: Baum-Welch
INFO: cmn.c(133): CMN: 70.91  2.24 -3.12 12.49 -2.45  4.35  9.47  0.29  2.06 -3.49  3.44  3.26 -0.37 
column defns
	<seq>
	<id>
	<n_frame_in>
	<n_frame_del>
	<n_state_shmm>
	<avg_states_alpha>
	<avg_states_beta>
	<avg_states_reest>
	<avg_posterior_prune>
	<frame_log_lik>
	<utt_log_lik>
	... timing info ... 
utt>     0                    file_1  224    0    76 1  0 1 3.426066e-22 2.930424e+00 6.564151e+02
overall> stats 224 (-0) 2.930424e+00 6.564151e+02

INFO: s3mixw_io.c(233): Wrote /home/simone/Documenti/Elaborazione/project-NLP/bwaccumdir/android_db_buff_1/mixw_counts [93x1x8 array]
INFO: s3tmat_io.c(176): Wrote /home/simone/Documenti/Elaborazione/project-NLP/bwaccumdir/android_db_buff_1/tmat_counts [14x3x4 array]
INFO: s3gau_io.c(485): Wrote /home/simone/Documenti/Elaborazione/project-NLP/bwaccumdir/android_db_buff_1/gauden_counts with means with vars (2pass) [93x1x8 vector arrays]
INFO: main.c(999): Counts saved to /home/simone/Documenti/Elaborazione/project-NLP/bwaccumdir/android_db_buff_1
Mon Nov 14 20:50:24 2016
