        INFO: main.c(229): Compiled on Oct 27 2016 at 19:16:52
Current configuration:
[NAME]		[DEFLT]		[VALUE]
-2passvar	no		yes
-abeam		1e-100		1.000000e-90
-accumdir			/home/simone/Documenti/Elaborazione/project-NLP/bwaccumdir/android_db_buff_1
-agc		none		none
-agcthresh	2.0		2.000000e+00
-bbeam		1e-100		1.000000e-10
-cb2mllrfn	.1cls.		.1cls.
-cepdir				/home/simone/Documenti/Elaborazione/project-NLP/feat
-cepext		mfc		mfc
-ceplen		13		13
-ckptintv			0
-cmn		live		current
-cmninit	40,3,-1		40,3,-1
-ctlfn				/home/simone/Documenti/Elaborazione/project-NLP/etc/android_db_train.fileids
-diagfull	no		no
-dictfn				/home/simone/Documenti/Elaborazione/project-NLP/etc/android_db.dic
-example	no		no
-fdictfn			/home/simone/Documenti/Elaborazione/project-NLP/etc/android_db.filler
-feat		1s_c_d_dd	1s_c_d_dd
-fullvar	no		no
-help		no		no
-hmmdir				
-latdir				
-latext				
-lda				
-ldadim		0		0
-lsnfn				/home/simone/Documenti/Elaborazione/project-NLP/etc/android_db_train.transcription
-lw		11.5		1.150000e+01
-maxuttlen	0		0
-meanfn				/home/simone/Documenti/Elaborazione/project-NLP/model_parameters/android_db.cd_cont_2000/means
-meanreest	yes		yes
-mixwfn				/home/simone/Documenti/Elaborazione/project-NLP/model_parameters/android_db.cd_cont_2000/mixture_weights
-mixwreest	yes		yes
-mllrmat			
-mmie		no		no
-mmie_type	rand		rand
-moddeffn			/home/simone/Documenti/Elaborazione/project-NLP/model_architecture/android_db.2000.mdef
-mwfloor	0.00001		1.000000e-05
-npart				1
-nskip				0
-outphsegdir			
-outputfullpath	no		no
-part				1
-pdumpdir			
-phsegdir			
-phsegext	phseg		phseg
-runlen		-1		-1
-sentdir			
-sentext	sent		sent
-spthresh	0.0		0.000000e+00
-svspec				
-timing		yes		no
-tmatfn				/home/simone/Documenti/Elaborazione/project-NLP/model_parameters/android_db.cd_cont_2000/transition_matrices
-tmatreest	yes		yes
-topn		4		8
-tpfloor	0.0001		1.000000e-05
-ts2cbfn			.cont.
-varfloor	0.00001		1.000000e-04
-varfn				/home/simone/Documenti/Elaborazione/project-NLP/model_parameters/android_db.cd_cont_2000/variances
-varnorm	no		no
-varreest	yes		yes
-viterbi	no		no

INFO: feat.c(715): Initializing feature stream to type: '1s_c_d_dd', ceplen=13, CMN='batch', VARNORM='no', AGC='none'
INFO: main.c(318): Reading /home/simone/Documenti/Elaborazione/project-NLP/model_architecture/android_db.2000.mdef
INFO: model_def_io.c(573): Model definition info:
INFO: model_def_io.c(574): 598 total models defined (27 base, 571 tri)
INFO: model_def_io.c(575): 2392 total states
INFO: model_def_io.c(576): 597 total tied states
INFO: model_def_io.c(577): 81 total tied CI states
INFO: model_def_io.c(578): 27 total tied transition matrices
INFO: model_def_io.c(579): 4 max state/model
INFO: model_def_io.c(580): 4 min state/model
INFO: s3mixw_io.c(117): Read /home/simone/Documenti/Elaborazione/project-NLP/model_parameters/android_db.cd_cont_2000/mixture_weights [597x1x8 array]
INFO: s3tmat_io.c(118): Read /home/simone/Documenti/Elaborazione/project-NLP/model_parameters/android_db.cd_cont_2000/transition_matrices [27x3x4 array]
INFO: mod_inv.c(301): inserting tprob floor 1.000000e-05 and renormalizing
INFO: s3gau_io.c(169): Read /home/simone/Documenti/Elaborazione/project-NLP/model_parameters/android_db.cd_cont_2000/means [597x1x8 array]
INFO: s3gau_io.c(169): Read /home/simone/Documenti/Elaborazione/project-NLP/model_parameters/android_db.cd_cont_2000/variances [597x1x8 array]
INFO: gauden.c(176): 597 total mgau
INFO: gauden.c(150): 1 feature streams (|0|=39 )
INFO: gauden.c(187): 8 total densities
INFO: gauden.c(90): min_var=1.000000e-04
INFO: gauden.c(165): compute 8 densities/frame
INFO: main.c(431): Will reestimate mixing weights.
INFO: main.c(433): Will reestimate means.
INFO: main.c(435): Will reestimate variances.
INFO: main.c(443): Will reestimate transition matrices
INFO: main.c(456): Reading main dictionary: /home/simone/Documenti/Elaborazione/project-NLP/etc/android_db.dic
INFO: lexicon.c(221): 24 entries added from /home/simone/Documenti/Elaborazione/project-NLP/etc/android_db.dic
INFO: main.c(466): Reading filler dictionary: /home/simone/Documenti/Elaborazione/project-NLP/etc/android_db.filler
INFO: lexicon.c(221): 3 entries added from /home/simone/Documenti/Elaborazione/project-NLP/etc/android_db.filler
INFO: corpus.c(1062): Will process all remaining utts starting at 0
INFO: main.c(665): Reestimation: Baum-Welch
INFO: cmn.c(133): CMN: 89.64  2.21 -0.46  5.91 -1.57  5.41 -1.05  4.40 -1.04  0.54  2.20  5.75 -0.88 
column defns
	<seq>
	<id>
	<n_frame_in>
	<n_frame_del>
	<n_state_shmm>
	<avg_states_alpha>
	<avg_states_beta>
	<avg_states_reest>
	<avg_posterior_prune>
	<frame_log_lik>
	<utt_log_lik>
	... timing info ... 
utt>     0                    file_1  440    0   180 7  1 2 1.448908e-12 -1.349369e+02 -5.937224e+04
INFO: cmn.c(133): CMN: 87.17  0.63 -7.64  4.20 -3.57  3.86  3.86  7.98  1.14 -0.48  3.61  3.34 -4.79 
utt>     1                    file_2  395    0   120 8  1 2 1.136328e-12 -1.337704e+02 -5.283930e+04
INFO: cmn.c(133): CMN: 87.50  5.32 -4.61  3.04 -9.79 -4.95 -5.72  1.35  2.60  2.02 -2.15  2.04 -1.23 
utt>     2                    file_3  373    0   108 9  1 2 1.291920e-12 -1.329747e+02 -4.959955e+04
INFO: cmn.c(133): CMN: 88.33 -0.22 -8.39  4.52 -0.33 -0.00 -2.19  4.97  0.57  2.47  5.31  5.68 -5.39 
utt>     3                    file_4  494    0   168 8  1 2 1.928872e-12 -1.346033e+02 -6.649404e+04
INFO: cmn.c(133): CMN: 89.11  2.37 -7.79  2.51 -5.79 -1.48 -2.43  6.33  2.88  0.08 -0.85 -2.42 -7.08 
utt>     4                    file_5  429    0   144 7  1 2 1.143455e-12 -1.322057e+02 -5.671623e+04
INFO: cmn.c(133): CMN: 87.59  6.91 -6.05  2.68 -5.10  0.58 -3.92  2.78  0.82  3.59  1.96 -0.08 -3.26 
utt>     5                    file_6  362    0   108 10  1 2 1.911540e-12 -1.332452e+02 -4.823477e+04
INFO: cmn.c(133): CMN: 79.36  1.55 -6.93  4.80 -1.90 -0.23 -3.75  3.25  4.98 -1.33 -4.80  1.32  0.30 
utt>     6                    file_7  939    0   180 11  1 2 1.641209e-12 -1.359023e+02 -1.276123e+05
INFO: cmn.c(133): CMN: 77.86  3.78 -5.53  8.99 -3.38 -2.62 -10.03 -2.35  7.28 -0.26 -4.29 -0.13 -1.59 
utt>     7                    file_8  916    0   168 11  1 2 2.040231e-12 -1.365544e+02 -1.250838e+05
INFO: cmn.c(133): CMN: 76.86  4.13 -7.45  5.91 -0.57 -1.99 -6.86 -1.66  4.40  0.87 -5.96 -0.51 -2.11 
utt>     8                    file_9  912    0   176 11  1 2 1.603278e-12 -1.359207e+02 -1.239596e+05
INFO: cmn.c(133): CMN: 75.95  7.15 -4.92  1.19 -8.39 -5.05 -7.88 -1.30  7.70  2.47 -4.01  0.83 -1.23 
utt>     9                   file_10  957    0   204 10  1 2 1.737764e-12 -1.369445e+02 -1.310559e+05
INFO: cmn.c(133): CMN: 82.36  9.44 -1.40  1.37 -0.27 -1.06 -10.13 -4.62 -12.22 -0.90  3.55  5.74  0.65 
utt>    10                   file_11  139    0    64 7  1 2 2.364250e-12 -1.359143e+02 -1.889209e+04
INFO: cmn.c(133): CMN: 78.29 -2.70  5.74  8.09 -12.81  8.61 -10.16 -2.78 -0.93  4.20  2.66  2.63 -0.07 
utt>    11                    file_1  178    0    76 7  1 2 1.179437e-12 -1.381259e+02 -2.458641e+04
INFO: cmn.c(133): CMN: 77.94  1.84 -4.07  4.49 -12.72 13.76 -2.11 -1.99 -0.87  7.72 -2.61 -4.72 -4.61 
utt>    12                    file_2  134    0    56 8  1 2 3.837295e-12 -1.381155e+02 -1.850747e+04
INFO: cmn.c(133): CMN: 75.35 11.59  7.29  5.53 -10.99  2.14 -10.01 -6.01 -9.74  1.10 -6.88  4.61  7.14 
utt>    13                    file_3  123    0    52 7  1 2 2.384902e-12 -1.370051e+02 -1.685163e+04
INFO: cmn.c(133): CMN: 83.04 -2.09 -6.51  8.55 -8.64  0.68 -16.11 -1.87  1.93 14.96 -9.61  0.04  3.69 
utt>    14                    file_4  156    0    72 7  1 2 2.324496e-12 -1.397056e+02 -2.179407e+04
INFO: cmn.c(133): CMN: 82.28  6.13 -8.38  7.71 -7.81  5.03 -10.88 -1.74 -1.44  4.47 -9.59 -1.63  0.79 
utt>    15                    file_5  163    0    64 7  1 2 2.420963e-12 -1.379476e+02 -2.248546e+04
INFO: cmn.c(133): CMN: 84.04  4.68 -1.38  8.44 -11.97  3.85 -8.64 -3.01 -7.79  3.11 -7.44 -2.15  3.24 
utt>    16                    file_6  153    0    60 6  1 2 1.249548e-12 -1.309644e+02 -2.003756e+04
INFO: cmn.c(133): CMN: 80.48 -1.34  0.45 10.71 -13.34 -5.84 -12.08 -0.66 -4.73 -0.36  0.30  3.70 -3.36 
utt>    17                    file_7  708    0   180 9  1 2 1.631227e-12 -1.422097e+02 -1.006845e+05
INFO: cmn.c(133): CMN: 76.44  5.76  1.33  8.76 -10.50 -5.32 -13.20 -0.25  2.54 -0.62 -2.49  7.91 -0.01 
utt>    18                    file_8  748    0   168 10  1 2 1.701536e-12 -1.401819e+02 -1.048561e+05
INFO: cmn.c(133): CMN: 77.36  4.09  1.04 11.11 -9.28 -3.13 -12.01 -2.81  0.51  2.64 -2.59 10.45 -1.10 
utt>    19                    file_9  708    0   176 10  1 2 1.931256e-12 -1.412935e+02 -1.000358e+05
INFO: cmn.c(133): CMN: 74.52  7.18  2.47  5.02 -11.80 -2.81 -12.43 -6.22 -1.41  5.32 -4.18  8.48  1.03 
utt>    20                   file_10  774    0   204 10  1 2 1.885499e-12 -1.399778e+02 -1.083428e+05
INFO: cmn.c(133): CMN: 82.56  4.63 -6.87 10.02 -4.52  8.05 -15.24 -0.69  7.30  3.20 -13.09  2.42  2.91 
utt>    21                   file_11  158    0    64 6  1 2 1.064235e-12 -1.305326e+02 -2.062416e+04
INFO: cmn.c(133): CMN: 84.85  5.46 -2.82  7.65 -0.55 -1.83 -3.22 -0.06 -4.61  4.31  0.39  1.57  0.22 
utt>    22                    file_1  160    0    76 8  1 2 2.848385e-12 -1.369880e+02 -2.191808e+04
INFO: cmn.c(133): CMN: 84.49  6.48 -3.82  1.06  0.48 -4.29 -0.24  4.17 -4.70  3.16  8.02 -0.81 -5.19 
utt>    23                    file_2  134    0    56 8  1 2 1.792564e-12 -1.384969e+02 -1.855858e+04
INFO: cmn.c(133): CMN: 85.31  6.96 -2.02  3.88 -4.00 -4.03 -10.10  1.74 -0.09 -3.14 -4.89 -2.53 -3.81 
utt>    24                    file_3  143    0    52 8  1 2 1.097591e-12 -1.356991e+02 -1.940496e+04
INFO: cmn.c(133): CMN: 90.37  2.82 -7.71  1.79 -0.28  0.97 -9.65 -5.96 -5.37  5.64  7.87 -2.34 -7.91 
utt>    25                    file_4  145    0    72 9  1 2 3.284232e-12 -1.373560e+02 -1.991662e+04
INFO: cmn.c(133): CMN: 84.87  5.98 -6.41  5.43 -0.91  2.04  0.88 -3.35 -5.56 14.16  5.61 -2.73 -1.44 
utt>    26                    file_5  153    0    64 8  1 2 3.018829e-12 -1.366839e+02 -2.091264e+04
INFO: cmn.c(133): CMN: 84.11 12.39 -1.56  7.53 -6.80 -5.82 -1.97 -2.06  1.81  5.87  2.65 -0.00 -3.98 
utt>    27                    file_6  121    0    60 8  1 2 1.913444e-12 -1.347765e+02 -1.630795e+04
INFO: cmn.c(133): CMN: 87.16  2.14 -1.59  4.71 -4.21 -14.48 -10.56  3.10 -8.86  2.63  1.25  1.54  1.98 
utt>    28                    file_7  570    0   180 11  1 2 1.508621e-12 -1.411289e+02 -8.044348e+04
INFO: cmn.c(133): CMN: 83.96  7.93 -6.39  4.41 -2.31 -9.79 -14.42 -2.05 -1.11  3.86 -0.43  0.87  2.06 
utt>    29                    file_8  788    0   168 12  1 2 2.031393e-12 -1.384954e+02 -1.091344e+05
INFO: cmn.c(133): CMN: 83.97  8.04 -6.86  4.56 -2.21 -10.32 -11.70  0.14 -0.60  6.34  1.74 -2.67  1.28 
utt>    30                    file_9  776    0   176 11  1 2 2.162329e-12 -1.400680e+02 -1.086928e+05
INFO: cmn.c(133): CMN: 78.71 10.52 -3.73  3.87 -8.10 -8.68 -7.42 -2.06 -0.90  0.83 -2.50 -2.99  1.54 
utt>    31                   file_10  947    0   204 11  1 2 1.326134e-12 -1.380684e+02 -1.307508e+05
INFO: cmn.c(133): CMN: 85.73 10.40 -5.55  5.49 -4.00  0.40 -5.86 -5.10  2.93 12.77  5.08 -2.84 -3.22 
utt>    32                   file_11  127    0    64 8  1 2 2.973124e-12 -1.315829e+02 -1.671103e+04
INFO: cmn.c(133): CMN: 88.37 -1.66  1.03  1.68 -8.49  1.66 -4.04  1.42 -9.53 -12.22 -0.09  0.45 -10.13 
utt>    33                    file_1  134    0    76 8  1 2 1.732170e-12 -1.380474e+02 -1.849835e+04
INFO: cmn.c(133): CMN: 87.77 -4.21 -4.24  1.57 -14.63  5.76  0.07  4.23 -10.00 -0.92  6.08 -5.76 -9.77 
utt>    34                    file_2  134    0    56 8  1 2 1.680241e-12 -1.376323e+02 -1.844272e+04
INFO: cmn.c(133): CMN: 87.57  2.35  2.24  4.75 -13.79 -3.89 -12.71  1.85 -5.67 -11.28 -2.46  1.82 -0.66 
utt>    35                    file_3  132    0    52 8  1 2 1.906348e-12 -1.358524e+02 -1.793251e+04
INFO: cmn.c(133): CMN: 90.41 -5.74 -4.04  8.78 -3.20  2.39 -6.55 -1.14 -5.58 -6.31  1.52  4.40 -10.14 
utt>    36                    file_4  146    0    72 8  1 2 7.569620e-13 -1.390917e+02 -2.030739e+04
INFO: cmn.c(133): CMN: 91.01 -1.26 -7.67  3.97 -11.43  1.80 -1.92  6.69 -2.94 -2.79  0.70 -0.76 -12.67 
utt>    37                    file_5  142    0    64 8  1 2 2.029909e-12 -1.365849e+02 -1.939505e+04
INFO: cmn.c(133): CMN: 88.61  2.46  1.53 10.24 -12.82  3.62 -3.36  5.00 -5.06 -6.62 -3.51  2.31 -4.27 
utt>    38                    file_6  129    0    60 7  1 2 1.773197e-12 -1.349533e+02 -1.740898e+04
INFO: cmn.c(133): CMN: 85.32 -4.20 -0.39 12.79 -7.80 -5.70 -12.58  2.41 -2.52 -6.75 -2.00  1.41 -5.58 
utt>    39                    file_7  710    0   180 9  1 2 2.486470e-12 -1.379212e+02 -9.792408e+04
INFO: cmn.c(133): CMN: 82.42 -0.36 -0.22 13.67 -8.54 -7.24 -9.55  1.00 -4.83 -6.25 -4.61 -1.75 -1.83 
utt>    40                    file_8  717    0   168 10  1 2 1.862663e-12 -1.379159e+02 -9.888569e+04
INFO: cmn.c(133): CMN: 81.47  0.12 -1.15 13.72 -6.39 -6.95 -6.54  3.37 -4.03 -5.68 -2.62 -3.45  2.79 
utt>    41                    file_9  716    0   176 11  1 2 2.297930e-12 -1.390620e+02 -9.956838e+04
INFO: cmn.c(133): CMN: 82.03  3.20  1.07  4.55 -14.71 -4.46 -7.94  3.02 -4.55 -3.75 -5.00  1.12 -0.30 
utt>    42                   file_10  734    0   204 10  1 2 1.690362e-12 -1.392443e+02 -1.022054e+05
INFO: cmn.c(133): CMN: 88.95  2.30 -3.19  6.88 -6.58  3.89 -11.16  1.26  0.35  2.96 -1.07  2.06 -10.49 
utt>    43                   file_11  125    0    64 7  1 2 3.627351e-12 -1.332516e+02 -1.665645e+04
INFO: cmn.c(133): CMN: 79.85  4.84 -1.56  2.42 -5.91  8.50 -5.36 -0.86  0.85 -3.07 -7.03  4.34 -1.66 
utt>    44                    file_1  137    0    76 7  1 2 3.213581e-12 -1.394557e+02 -1.910543e+04
INFO: cmn.c(133): CMN: 81.49  6.90 -4.33  1.98 -14.52  4.33 -6.37  3.16  3.09 -3.45  1.00 -2.07 -5.35 
utt>    45                    file_2  110    0    56 8  1 2 2.160424e-12 -1.390471e+02 -1.529518e+04
INFO: cmn.c(133): CMN: 80.50  9.57  0.78  3.57 -12.34  5.45 -10.37 -0.14 -4.48 -3.63  2.89  4.51 -2.83 
utt>    46                    file_3  106    0    52 8  1 2 3.806213e-12 -1.369497e+02 -1.451667e+04
INFO: cmn.c(133): CMN: 82.96  1.75 -0.45 11.48 -10.36  8.92 -13.39 -1.40 -7.33 -0.05  2.10 -6.98  2.80 
utt>    47                    file_4  123    0    72 8  1 2 1.773601e-12 -1.399223e+02 -1.721044e+04
INFO: cmn.c(133): CMN: 83.11  9.89 -7.01  5.23 -5.47  8.56 -16.47  1.30 -3.63 -1.85  4.64 -5.61 -2.09 
utt>    48                    file_5  117    0    64 8  1 2 1.887231e-12 -1.368493e+02 -1.601137e+04
INFO: cmn.c(133): CMN: 83.32 11.49 -0.82  8.41 -10.60 12.28 -6.42  0.02 -3.87 -12.18 -0.58 -4.94  0.66 
utt>    49                    file_6  100    0    60 8  1 2 2.114054e-12 -1.367973e+02 -1.367973e+04
INFO: cmn.c(133): CMN: 80.69  1.31 -5.60  4.46 -13.93 -4.75 -10.84  2.53  2.65  1.45 -0.37 -8.49  4.92 
utt>    50                    file_7  784    0   180 10  1 2 1.868050e-12 -1.389444e+02 -1.089324e+05
INFO: cmn.c(133): CMN: 78.16  7.31 -4.06  2.21 -11.63  0.97 -10.38 -0.02 -3.25  5.20 -1.94 -5.44  5.96 
utt>    51                    file_8  775    0   168 11  1 2 1.139725e-12 -1.386878e+02 -1.074830e+05
INFO: cmn.c(133): CMN: 76.22  6.43 -5.03 -0.44 -10.89  3.26 -7.91 -1.54 -1.43  5.03  2.73 -6.94  1.95 
utt>    52                    file_9  810    0   176 11  1 2 1.858804e-12 -1.383477e+02 -1.120617e+05
INFO: cmn.c(133): CMN: 76.42  8.83 -4.24  0.47 -17.11 -5.38 -5.46 -1.35 -3.79  2.78  0.11 -0.91  5.10 
utt>    53                   file_10  845    0   204 11  1 2 1.539075e-12 -1.384332e+02 -1.169761e+05
INFO: cmn.c(133): CMN: 83.01  5.07 -4.26  7.96 -12.13  6.03 -16.53  2.20  0.54  2.02  2.88 -5.06 -5.16 
utt>    54                   file_11  109    0    64 7  1 2 3.801811e-12 -1.363462e+02 -1.486174e+04
INFO: cmn.c(133): CMN: 86.71 -0.09 -6.48  8.21 -3.23  3.37 -10.57 -0.32 -0.01  4.00 -1.29  5.21  8.60 
utt>    55                    file_1  165    0    76 8  1 2 1.767400e-12 -1.362856e+02 -2.248713e+04
INFO: cmn.c(133): CMN: 87.49  1.96 -9.66  6.61 -4.63  1.26 -9.33 -1.49 -2.21  1.82 -3.63 -0.49  7.46 
utt>    56                    file_2  120    0    56 8  1 2 2.143770e-12 -1.383259e+02 -1.659911e+04
INFO: cmn.c(133): CMN: 89.58  3.87 -1.94  4.97 -9.99  0.37 -9.96 -6.60 -8.79  3.92 -1.09  4.36  1.96 
utt>    57                    file_3  114    0    52 8  1 2 3.778626e-12 -1.364553e+02 -1.555590e+04
INFO: cmn.c(133): CMN: 89.37 -2.67 -3.46  7.76 -8.25 -3.62 -16.62 -3.97 -3.46 -2.54 -3.62 -3.31  6.53 
utt>    58                    file_4  148    0    72 7  1 2 3.536237e-12 -1.390169e+02 -2.057450e+04
INFO: cmn.c(133): CMN: 90.80  2.84 -10.22  4.23 -6.86 -7.76 -16.13  2.33 -3.60  0.56 -3.90 -6.42  3.19 
utt>    59                    file_5  127    0    64 8  1 2 3.382429e-12 -1.344262e+02 -1.707213e+04
INFO: cmn.c(133): CMN: 89.87  2.54 -4.74  7.51 -13.20  2.71 -14.18  0.20 -5.59  3.82  0.45  2.38  6.29 
utt>    60                    file_6  121    0    60 8  1 2 1.209795e-12 -1.327047e+02 -1.605727e+04
INFO: cmn.c(133): CMN: 89.88 -4.37 -4.95  9.37 -7.17 -6.23 -9.89  1.99 -2.10 -0.55  1.71  7.97  3.53 
utt>    61                    file_7  608    0   180 11  1 2 2.397359e-12 -1.403016e+02 -8.530337e+04
INFO: cmn.c(133): CMN: 86.36 -0.49 -3.91  9.01 -5.55 -3.93 -8.65  3.71 -1.31  1.35  4.81  8.58  4.58 
utt>    62                    file_8  620    0   168 12  1 2 3.101889e-12 -1.401180e+02 -8.687313e+04
INFO: cmn.c(133): CMN: 88.58 -1.13 -5.40  8.75 -8.22 -4.77 -11.25  0.30 -0.61  0.07  2.27  6.46  2.07 
utt>    63                    file_9  607    0   176 12  1 2 2.489133e-12 -1.399222e+02 -8.493277e+04
INFO: cmn.c(133): CMN: 86.87  2.67 -6.41  2.61 -6.43 -0.21 -9.33 -1.11 -3.26  0.29  5.25  6.95  3.94 
utt>    64                   file_10  603    0   204 11  1 2 2.012315e-12 -1.415242e+02 -8.533907e+04
INFO: cmn.c(133): CMN: 90.90 -2.05 -10.18  2.85 -2.96 -0.11 -10.79  5.82  6.91  6.23 -3.02 11.82 10.37 
utt>    65                   file_11  130    0    64 8  1 2 1.727445e-12 -1.325928e+02 -1.723706e+04
INFO: cmn.c(133): CMN: 83.51  2.64 -3.02  7.12 -1.22  3.91 -5.41 -7.11  5.84  4.15 -5.67 -4.27 -0.47 
utt>    66                    file_1  149    0    76 8  1 3 3.344435e-12 -1.365731e+02 -2.034939e+04
INFO: cmn.c(133): CMN: 83.69  3.57 -6.41  3.09 -8.96  3.96 -1.00 -0.22  1.14  5.54 -2.70 -1.75 -0.15 
utt>    67                    file_2  112    0    56 8  1 2 2.897949e-12 -1.382131e+02 -1.547987e+04
INFO: cmn.c(133): CMN: 85.50  4.87 -5.19  4.77 -11.15 -0.01 -1.58 -3.56 -5.52  3.83  0.33  9.99 11.14 
utt>    68                    file_3  109    0    52 7  1 2 1.724105e-12 -1.385819e+02 -1.510543e+04
INFO: cmn.c(133): CMN: 86.89 -1.63 -7.13  6.36 -7.86  4.29 -6.28 -4.74  3.44  6.78 -3.03 -0.23  6.30 
utt>    69                    file_4  138    0    72 7  1 2 1.867922e-12 -1.413510e+02 -1.950644e+04
INFO: cmn.c(133): CMN: 86.58  3.26 -10.22  5.80 -7.04  1.62 -8.59 -1.32  1.12  8.12 -6.65 -1.74  7.68 
utt>    70                    file_5  124    0    64 8  1 2 1.834048e-12 -1.370048e+02 -1.698859e+04
INFO: cmn.c(133): CMN: 87.14  7.14 -6.96  7.28 -6.89  2.77 -2.37 -2.52 -6.11  3.17  2.25  3.31  6.54 
utt>    71                    file_6  105    0    60 8  1 2 4.652810e-12 -1.376693e+02 -1.445528e+04
INFO: cmn.c(133): CMN: 88.89 -1.76 -7.34  2.44 -6.45 -3.99 -6.40  1.86  7.94  9.29 -1.56  1.50  4.02 
utt>    72                    file_7  538    0   180 10  1 2 2.482739e-12 -1.418117e+02 -7.629469e+04
INFO: cmn.c(133): CMN: 88.51  0.95 -8.57  1.69 -3.32 -0.25 -10.32 -5.22  5.79  8.75 -1.86  1.91 11.35 
utt>    73                    file_8  518    0   168 12  1 2 2.971606e-12 -1.427383e+02 -7.393845e+04
INFO: cmn.c(133): CMN: 89.59 -1.58 -9.10  2.96 -4.67  0.52 -8.28 -5.70  3.85 10.63 -2.38  0.41 11.30 
utt>    74                    file_9  484    0   176 11  1 2 2.341723e-12 -1.438480e+02 -6.962243e+04
INFO: cmn.c(133): CMN: 87.62  0.71 -6.33 -1.42 -8.91  0.83 -8.64 -3.12 -0.07  4.83 -3.27 -0.07  6.74 
utt>    75                   file_10  511    0   204 10  1 2 3.497804e-12 -1.431855e+02 -7.316781e+04
INFO: cmn.c(133): CMN: 89.76  2.94 -7.73  4.57 -0.82  1.57 -13.21 -9.99  3.46 12.81  0.98 -3.35 10.37 
utt>    76                   file_11  120    0    64 7  1 2 6.930127e-13 -1.333595e+02 -1.600314e+04
INFO: cmn.c(133): CMN: 81.27  1.44 -2.49 -0.32  2.73  4.38 -4.88 -1.72 -2.33  4.76  0.57 -3.63  0.49 
utt>    77                    file_1  130    0    76 9  1 3 8.615747e-13 -1.357502e+02 -1.764752e+04
INFO: cmn.c(133): CMN: 84.91  3.99 -7.51  2.14 -0.34 -2.55 -8.81 -2.19 -4.74  3.49  6.93  5.05 -0.91 
utt>    78                    file_2  116    0    56 8  1 2 4.471986e-12 -1.371120e+02 -1.590499e+04
INFO: cmn.c(133): CMN: 78.27 12.30 -3.05  4.59  0.95 -0.90 -7.58 -2.76 -3.53 -3.47  0.19  4.45  2.40 
utt>    79                    file_3  123    0    52 8  1 2 2.617009e-12 -1.354960e+02 -1.666601e+04
INFO: cmn.c(133): CMN: 84.56  0.03 -8.51  8.37  0.19  0.90 -3.73 -7.29 -6.54  1.86  3.49  0.80 -3.63 
utt>    80                    file_4  132    0    72 8  1 2 2.354302e-12 -1.378077e+02 -1.819062e+04
INFO: cmn.c(133): CMN: 83.88 13.40 -9.18  1.33 -3.19 -0.75 -1.94 -3.55 -2.73  3.34  3.50  3.55 -1.73 
utt>    81                    file_5  102    0    64 9  1 2 3.908647e-12 -1.387468e+02 -1.415218e+04
INFO: cmn.c(133): CMN: 77.21 13.52 -2.91  3.00 -0.65  2.29 -1.77  3.44 -1.79 -5.32 -4.60  2.60  1.13 
utt>    82                    file_6  115    0    60 8  1 2 3.447963e-12 -1.365446e+02 -1.570263e+04
INFO: cmn.c(133): CMN: 79.50  4.44 -3.80  3.06  2.74 -5.11 -9.87 -1.90  0.90  3.15 -0.52  1.24 -0.04 
utt>    83                    file_7  738    0   180 11  1 2 2.877609e-12 -1.369093e+02 -1.010391e+05
INFO: cmn.c(133): CMN: 75.54  9.27 -2.09 -0.96 -0.36 -3.66 -4.73 -2.04  0.58  2.51  0.06  1.04 -0.45 
utt>    84                    file_8  815    0   168 12  1 2 2.286507e-12 -1.376245e+02 -1.121640e+05
INFO: cmn.c(133): CMN: 75.17  8.56 -2.60 -0.72 -1.57 -2.91 -4.36 -0.74  2.88  2.88  0.79  1.89  0.54 
utt>    85                    file_9  815    0   176 12  1 2 1.996163e-12 -1.372899e+02 -1.118912e+05
INFO: cmn.c(133): CMN: 76.21 10.47 -3.59 -3.25 -5.42 -4.69 -7.09 -1.73 -1.86 -2.78  0.69  4.35  3.86 
utt>    86                   file_10  809    0   204 11  1 2 1.595612e-12 -1.375688e+02 -1.112931e+05
INFO: cmn.c(133): CMN: 81.44 13.10 -5.79  0.38  1.91 -0.99 -2.01 -2.81 -0.57  0.43  0.58  5.94  2.87 
utt>    87                   file_11  105    0    64 8  1 3 1.963350e-12 -1.333236e+02 -1.399898e+04
INFO: cmn.c(133): CMN: 75.57  2.26 -3.30  5.05  1.55  8.11 -2.00  2.01  6.35  7.40  2.13 -0.47 -2.16 
utt>    88                    file_1  139    0    76 8  1 2 2.003171e-12 -1.363328e+02 -1.895026e+04
INFO: cmn.c(133): CMN: 76.28  5.93 -5.93  2.24 -7.71  3.37 -0.45  0.66  5.18 10.36 11.58  2.74 -2.21 
utt>    89                    file_2  103    0    56 8  1 3 2.653424e-12 -1.409904e+02 -1.452201e+04
INFO: cmn.c(133): CMN: 72.93  7.47 -1.38  8.44 -1.14  5.50 -1.89  2.09  4.41 -3.44  3.61 -1.26 -1.38 
utt>    90                    file_3  115    0    52 8  1 2 1.374516e-12 -1.348504e+02 -1.550780e+04
INFO: cmn.c(133): CMN: 77.59 -1.21 -7.64 10.71 -2.79  1.08 -9.90 -0.36  6.85  6.97  4.94 -2.04 -2.65 
utt>    91                    file_4  143    0    72 8  1 2 1.883928e-12 -1.360054e+02 -1.944877e+04
INFO: cmn.c(133): CMN: 78.22  7.66 -10.51  9.89 -4.23 -2.47 -13.78  2.00  9.31 11.74  7.13 -6.62  0.60 
utt>    92                    file_5  108    0    64 8  1 2 1.631994e-12 -1.369932e+02 -1.479526e+04
INFO: cmn.c(133): CMN: 79.22 11.13 -2.28  9.86 -10.92  0.65 -0.16  3.61 10.19  1.57  4.75 -1.03 -1.18 
utt>    93                    file_6  101    0    60 8  1 2 7.662069e-13 -1.371083e+02 -1.384794e+04
INFO: cmn.c(133): CMN: 75.48  1.08 -1.24  9.05 -3.11 -0.75 -9.60  3.67  3.89  2.15  2.60 -4.92  2.15 
utt>    94                    file_7  775    0   180 11  1 2 1.766773e-12 -1.375618e+02 -1.066104e+05
INFO: cmn.c(133): CMN: 72.15  7.17  0.57  5.17 -6.68 -0.20 -6.85 -0.97  4.87  8.88  0.24 -1.98  7.06 
utt>    95                    file_8  710    0   168 12  1 2 2.035781e-12 -1.364432e+02 -9.687467e+04
INFO: cmn.c(133): CMN: 73.33  5.34 -0.02  7.74 -7.13  0.39 -7.70 -0.08  3.72  7.14  3.36 -0.45  7.99 
utt>    96                    file_9  688    0   176 12  1 2 2.785151e-12 -1.376567e+02 -9.470782e+04
INFO: cmn.c(133): CMN: 72.26  6.73  1.48  3.79 -10.83  1.75 -2.97  3.17  3.91  7.72  2.10  1.19  4.13 
utt>    97                   file_10  774    0   204 12  1 2 1.643991e-12 -1.367962e+02 -1.058802e+05
INFO: cmn.c(133): CMN: 84.74  4.68 -2.49  7.88 -6.44  3.58 -10.96 -3.42  4.19  6.03  3.21 -4.46  5.04 
utt>    98                   file_11  106    0    64 8  1 3 2.689031e-12 -1.352231e+02 -1.433365e+04
INFO: cmn.c(133): CMN: 86.53  1.66  0.01 13.18  0.87  6.81  0.16 -4.11 -12.27 -11.14 -2.33  0.94 -6.66 
utt>    99                    file_1  379    0   180 7  1 2 1.661325e-12 -1.333800e+02 -5.055104e+04
INFO: cmn.c(133): CMN: 80.95  3.30 -5.10  9.96 -3.76  1.87  3.62 -0.30 -5.38 -2.42  1.31  3.71 -6.11 
utt>   100                    file_2  370    0   120 7  1 2 1.120035e-12 -1.339476e+02 -4.956061e+04
INFO: cmn.c(133): CMN: 83.50  6.77  0.09  1.33 -7.08 -6.83 -2.25  0.09 -4.28 -4.35 -6.17 -5.92  1.34 
utt>   101                    file_3  352    0   108 9  1 2 1.394207e-12 -1.326603e+02 -4.669641e+04
INFO: cmn.c(133): CMN: 87.23 -1.27 -5.64  8.68  1.57  2.50 -5.40 -6.16  0.26 -0.13  0.63  3.27 -2.60 
utt>   102                    file_4  420    0   168 8  1 2 1.486898e-12 -1.332316e+02 -5.595728e+04
INFO: cmn.c(133): CMN: 86.99  1.76 -10.61  3.16 -3.35 -1.18 -4.77 -5.18 -4.99 -2.98 -1.56 -0.80 -9.64 
utt>   103                    file_5  402    0   144 8  1 2 2.192749e-12 -1.313853e+02 -5.281690e+04
INFO: cmn.c(133): CMN: 83.42  5.81 -5.51  3.54 -1.97  0.88 -1.34 -3.20 -12.53 -7.94 -3.43 -2.69 -3.08 
utt>   104                    file_6  350    0   108 10  1 2 1.439666e-12 -1.322121e+02 -4.627425e+04
INFO: cmn.c(133): CMN: 88.35 -1.78 -5.63  7.24  1.29 -2.43 -11.24 -1.85 -1.97 -4.82  0.61  0.62 -4.45 
utt>   105                    file_7  713    0   180 11  1 2 1.923437e-12 -1.380666e+02 -9.844149e+04
INFO: cmn.c(133): CMN: 86.19  1.60 -5.11  7.80 -0.77  0.92 -10.07 -5.33 -2.69 -4.43  2.42 -0.32 -4.21 
utt>   106                    file_8  735    0   168 11  1 2 1.775976e-12 -1.379494e+02 -1.013928e+05
INFO: cmn.c(133): CMN: 86.33  3.20 -8.38  3.80 -3.18  0.30 -8.05 -4.98 -5.20 -6.08  0.13  0.11 -4.65 
utt>   107                    file_9  754    0   176 11  1 2 1.916403e-12 -1.390189e+02 -1.048203e+05
INFO: cmn.c(133): CMN: 87.14  6.31 -5.68 -0.06 -8.14 -0.61 -6.36 -2.39 -4.75 -1.94  3.30  3.32  2.71 
utt>   108                   file_10  766    0   204 11  1 2 2.367840e-12 -1.385735e+02 -1.061473e+05
INFO: cmn.c(133): CMN: 91.00  1.93 -6.72  3.49 -5.38  4.03 -4.08 -4.91 -6.67 -2.86  2.57 -1.35 -6.86 
utt>   109                   file_11  138    0    64 8  1 2 2.922650e-12 -1.289092e+02 -1.778947e+04
INFO: cmn.c(133): CMN: 83.36  2.21 -2.33  6.22  3.26 11.28  2.84  2.87  0.82  0.35 -2.49  4.67  2.65 
utt>   110                    file_1  134    0    76 8  1 2 2.127876e-12 -1.408194e+02 -1.886980e+04
INFO: cmn.c(133): CMN: 82.19  8.35 -5.65  8.25 -6.27  9.00  3.39  0.46 -4.20  5.53 -1.54 -1.26  5.75 
utt>   111                    file_2  110    0    56 9  1 2 1.576376e-12 -1.395615e+02 -1.535177e+04
INFO: cmn.c(133): CMN: 81.14 13.41 -2.55  3.68 -6.83 -1.67 -2.85  8.45  0.05  4.78 -1.08  5.74  2.74 
utt>   112                    file_3  120    0    52 8  1 2 2.635095e-12 -1.383389e+02 -1.660067e+04
INFO: cmn.c(133): CMN: 82.91  2.19 -4.94 11.51 -1.90  1.73 -5.58  7.06 -2.06  3.10 -0.70  3.56  8.56 
utt>   113                    file_4  149    0    72 8  1 2 1.077505e-12 -1.405333e+02 -2.093946e+04
INFO: cmn.c(133): CMN: 85.58  5.68 -7.87 10.86 -6.57  0.61 -2.25  3.79 -8.81  4.50 -4.27  0.14  6.04 
utt>   114                    file_5  137    0    64 8  1 2 3.190451e-12 -1.361983e+02 -1.865917e+04
INFO: cmn.c(133): CMN: 82.12 13.66 -0.67  9.51 -4.61  6.23  2.07 13.01 -1.66  6.01 -0.28 -3.35 -0.91 
utt>   115                    file_6  109    0    60 9  1 2 2.330285e-12 -1.357068e+02 -1.479205e+04
INFO: cmn.c(133): CMN: 87.16  1.24 -2.29 12.28 -6.73 -3.86  4.80  9.93  0.55  7.43  0.78  1.35  0.97 
utt>   116                    file_7  625    0   180 11  1 2 2.309309e-12 -1.416878e+02 -8.855488e+04
INFO: cmn.c(133): CMN: 83.81  6.16 -2.53 12.65 -5.50 -5.98  1.58  5.63 -1.31 -0.73 -6.38  0.95  1.91 
utt>   117                    file_8  516    0   168 13  1 2 1.933698e-12 -1.422183e+02 -7.338465e+04
INFO: cmn.c(133): CMN: 81.37  6.63 -1.23 12.72 -6.90 -2.67 -0.01  8.10 -1.97 -0.22 -5.10  1.69  5.08 
utt>   118                    file_9  643    0   176 12  1 2 2.825387e-12 -1.406947e+02 -9.046667e+04
INFO: cmn.c(133): CMN: 81.82  8.06 -2.12  1.31 -12.94 -0.58  2.72  8.55 -3.12  0.90 -3.91  3.11  3.29 
utt>   119                   file_10  662    0   204 11  1 2 2.103211e-12 -1.408745e+02 -9.325893e+04
INFO: cmn.c(133): CMN: 81.49  7.02 -5.73 10.22 -0.66  7.41  3.84 13.96 12.06  2.87 -10.31 -3.43  4.50 
utt>   120                   file_11  138    0    64 7  1 2 1.078424e-12 -1.341074e+02 -1.850682e+04
INFO: cmn.c(133): CMN: 85.07  3.05 -6.21  8.41 -8.76 -2.63 -0.41 -8.26 -14.27 -1.68  3.56  1.10 -7.52 
utt>   121                    file_1  131    0    76 8  1 2 2.390677e-12 -1.389616e+02 -1.820396e+04
INFO: cmn.c(133): CMN: 80.76  6.96 -11.25 12.18 -9.42 -4.08  5.66 -2.00 -13.83 -1.83  2.94  3.36 -4.53 
utt>   122                    file_2  124    0    56 9  1 2 1.332176e-12 -1.357310e+02 -1.683065e+04
INFO: cmn.c(133): CMN: 82.98 10.90 -7.82 11.71 -14.07 -14.46  0.34 -7.00 -17.11 -2.41 -4.73 -1.89  2.77 
utt>   123                    file_3  107    0    52 9  1 2 3.763700e-12 -1.355941e+02 -1.450857e+04
INFO: cmn.c(133): CMN: 87.46  3.64 -13.02 12.43 -8.47 -7.07 -4.14 -11.66 -12.80  1.95  2.97  3.22 -5.93 
utt>   124                    file_4  122    0    72 9  1 2 3.148608e-12 -1.397773e+02 -1.705284e+04
INFO: cmn.c(133): CMN: 89.36  0.68 -14.07  9.22 -10.74 -7.52 -4.23 -11.39 -5.93  4.39  5.34  5.39 -10.21 
utt>   125                    file_5  110    0    64 10  1 3 1.913394e-12 -1.341172e+02 -1.475289e+04
INFO: cmn.c(133): CMN: 79.02  9.87 -7.20 12.36 -5.70 -4.51  1.88  0.92 -10.54 -5.82  1.23 -0.19 -4.16 
utt>   126                    file_6  129    0    60 9  1 2 2.350485e-12 -1.316860e+02 -1.698749e+04
INFO: cmn.c(133): CMN: 80.92  1.36 -8.08 15.59 -5.19 -9.39 -3.64 -6.86 -3.15  0.73 -2.71  5.25  2.43 
utt>   127                    file_7  650    0   180 10  1 2 2.144074e-12 -1.375311e+02 -8.939520e+04
INFO: cmn.c(133): CMN: 79.81  5.80 -8.68 14.46 -3.58 -8.29 -4.10 -8.59 -7.13  2.51 -3.61  1.52  3.77 
utt>   128                    file_8  595    0   168 11  1 2 2.342945e-12 -1.372215e+02 -8.164677e+04
INFO: cmn.c(133): CMN: 80.53  5.08 -8.65 14.14 -8.34 -8.56 -1.59 -8.30 -7.41  0.46 -2.31  3.27  2.60 
utt>   129                    file_9  687    0   176 12  1 2 1.762825e-12 -1.363359e+02 -9.366279e+04
INFO: cmn.c(133): CMN: 80.94  8.83 -9.40  6.05 -13.28 -10.33 -0.97 -2.84 -13.69  0.92  1.11  2.39  5.05 
utt>   130                   file_10  612    0   204 11  1 3 1.916855e-12 -1.390419e+02 -8.509367e+04
INFO: cmn.c(133): CMN: 82.92  9.61 -12.27 10.88 -8.75 -4.75 -3.04 -8.22 -6.28  3.92  4.50 -1.06 -5.80 
utt>   131                   file_11  132    0    64 8  1 2 2.453235e-12 -1.318742e+02 -1.740739e+04
INFO: cmn.c(133): CMN: 88.81  1.13 -2.64  3.99 -10.10 -6.35 -15.99 -3.59 -3.88 -0.91 -0.62 -3.02  6.85 
utt>   132                    file_1  300    0   180 7  1 2 2.062495e-12 -1.373327e+02 -4.119981e+04
INFO: cmn.c(133): CMN: 86.62  4.19 -4.78 -2.74 -8.62  0.70 -6.69 -0.90 -4.33  5.54 -5.23 -4.41  4.25 
utt>   133                    file_2  224    0   120 9  1 2 2.145066e-12 -1.391370e+02 -3.116668e+04
INFO: cmn.c(133): CMN: 87.27  6.08 -8.75 -0.44 -17.78 -8.99 -10.54  3.17 -7.71  2.15  1.31  1.60  7.76 
utt>   134                    file_3  230    0   108 8  1 2 2.091516e-12 -1.377383e+02 -3.167981e+04
INFO: cmn.c(133): CMN: 89.15  0.80 -5.29  4.94 -9.15 -9.08 -19.10  0.87  0.05 12.37 -5.17 -2.19 12.05 
utt>   135                    file_4  306    0   168 7  1 2 3.453885e-12 -1.388333e+02 -4.248300e+04
INFO: cmn.c(133): CMN: 89.58  2.93 -11.72  1.30 -10.97 -7.07 -14.87 -0.34 -3.47 10.32 -5.22  2.02 10.52 
utt>   136                    file_5  268    0   144 8  1 2 1.428947e-12 -1.366914e+02 -3.663329e+04
INFO: cmn.c(133): CMN: 85.26  7.26 -6.25 -0.63 -13.22  0.07 -14.95  0.70 -4.27  3.79 -0.39  3.53 -2.87 
utt>   137                    file_6  239    0   108 8  1 2 1.957112e-12 -1.354222e+02 -3.236592e+04
INFO: cmn.c(133): CMN: 84.56 -0.22 -5.73  1.52 -12.87 -9.39 -9.52  8.44  5.79  0.53 -3.53  1.63 -0.49 
utt>   138                    file_7  723    0   180 10  1 2 1.849190e-12 -1.394516e+02 -1.008235e+05
INFO: cmn.c(133): CMN: 80.96  6.18 -9.75 -2.96 -9.27 -7.08 -11.07  7.12 11.09  4.37 -4.55  2.94  2.87 
utt>   139                    file_8  755    0   168 11  1 2 2.031346e-12 -1.379250e+02 -1.041334e+05
INFO: cmn.c(133): CMN: 82.23  6.26 -9.76 -1.27 -8.20 -4.05 -9.83  8.31  9.62  5.67 -1.54  3.80  4.20 
utt>   140                    file_9  700    0   176 12  1 2 2.141993e-12 -1.385083e+02 -9.695582e+04
INFO: cmn.c(133): CMN: 81.34  6.82 -7.14 -7.65 -14.04 -3.26 -7.55  2.41  0.75  4.74  1.22 -0.20  5.66 
utt>   141                   file_10  765    0   204 10  1 2 1.889470e-12 -1.394081e+02 -1.066472e+05
INFO: cmn.c(133): CMN: 84.38  9.36 -9.02 -2.01 -7.37 -2.68 -15.42  3.14  0.72  7.10  1.75 -2.88  0.33 
utt>   142                   file_11  252    0   112 8  1 2 1.705265e-12 -1.364207e+02 -3.437802e+04
INFO: cmn.c(133): CMN: 85.80  1.97 -0.34  6.14  1.21 -8.84 -6.76 -4.55 -2.79  7.04  9.86 -2.79  8.19 
utt>   143                    file_1  401    0   180 8  1 2 2.203758e-12 -1.356893e+02 -5.441140e+04
INFO: cmn.c(133): CMN: 84.77  4.42 -8.03  4.98 -2.82 -0.99  0.25  0.64 -3.43  5.86 -1.02 -10.17  2.62 
utt>   144                    file_2  331    0   120 7  1 2 1.152425e-12 -1.369833e+02 -4.534148e+04
INFO: cmn.c(133): CMN: 85.19 12.18 -5.60  3.98 -6.23 -5.41 -3.88 -0.32 -7.46 -2.97  2.60  5.12  6.53 
utt>   145                    file_3  288    0   108 9  1 2 1.307640e-12 -1.341494e+02 -3.863503e+04
INFO: cmn.c(133): CMN: 89.74 -0.91 -7.31  5.70 -0.45 -15.02 -13.64  3.92  0.75  4.38  2.80 -1.88  4.46 
utt>   146                    file_4  400    0   168 8  1 2 1.496865e-12 -1.359830e+02 -5.439320e+04
INFO: cmn.c(133): CMN: 86.42  4.88 -9.13  2.45 -0.28 -5.18 -7.28  3.73  0.05  1.18 -0.36 -4.25  0.37 
utt>   147                    file_5  395    0   144 7  1 2 1.681553e-12 -1.320772e+02 -5.217048e+04
INFO: cmn.c(133): CMN: 83.37  5.57 -3.24  1.21  0.35 -2.09 -3.78  2.14  1.48  1.72 -0.07  3.25  4.59 
utt>   148                    file_6  360    0   108 10  1 2 2.095681e-12 -1.349616e+02 -4.858617e+04
INFO: cmn.c(133): CMN: 80.18 -0.45 -3.86  7.12 -1.48 -11.25 -6.60  3.34  1.37  5.15  8.12  6.65  3.64 
utt>   149                    file_7  903    0   180 11  1 2 1.490709e-12 -1.357265e+02 -1.225611e+05
INFO: cmn.c(133): CMN: 78.22  3.06 -4.53  5.12 -0.34 -7.43 -8.83  2.20 -2.22  3.00  2.00  3.12  4.65 
utt>   150                    file_8  956    0   168 11  1 2 1.311705e-12 -1.362624e+02 -1.302669e+05
INFO: cmn.c(133): CMN: 78.24  4.64 -4.27  4.69  0.69 -8.08 -2.63  2.91  1.67  2.51  4.30  4.16  5.53 
utt>   151                    file_9  987    0   176 12  1 2 1.871725e-12 -1.368028e+02 -1.350244e+05
INFO: cmn.c(133): CMN: 78.98  5.43 -4.46  0.54 -2.33 -5.66 -4.13  1.29  2.38  5.02  7.12  3.13  5.40 
utt>   152                   file_10  948    0   204 11  1 2 1.833013e-12 -1.367104e+02 -1.296014e+05
INFO: cmn.c(133): CMN: 80.60  7.77 -5.21  3.37  3.22 -3.45 -3.41 -0.67  4.55  4.93  3.75  2.43  4.36 
utt>   153                   file_11  338    0   112 9  1 2 2.405164e-12 -1.332163e+02 -4.502711e+04
INFO: cmn.c(133): CMN: 87.69  1.08  3.80  4.84 -4.19  0.28 -5.78 -7.00 -2.29 -1.26 -0.30  6.21 -2.83 
utt>   154                    file_1  320    0   180 8  1 2 1.744055e-12 -1.356422e+02 -4.340549e+04
INFO: cmn.c(133): CMN: 81.90  4.05 -0.40  5.93 -4.22  2.35 -0.49  0.27  1.38  0.94  4.37  1.89 -2.12 
utt>   155                    file_2  346    0   120 8  1 2 1.251147e-12 -1.368215e+02 -4.734024e+04
INFO: cmn.c(133): CMN: 78.82  7.87 -1.95  4.38 -5.03 -1.06 -4.96 -1.23 -2.62 -2.56 -0.10  6.09  4.13 
utt>   156                    file_3  341    0   108 9  1 2 2.773647e-12 -1.332288e+02 -4.543103e+04
INFO: cmn.c(133): CMN: 86.16  1.21 -3.48 11.26 -0.88 -2.24 -8.77 -6.66 -0.40 -0.61  3.80  1.90  0.59 
utt>   157                    file_4  405    0   168 7  1 2 2.170206e-12 -1.357441e+02 -5.497634e+04
INFO: cmn.c(133): CMN: 86.10  6.98 -5.00  3.30 -7.06 -3.48 -9.40 -2.95  1.88  3.16  2.60 -0.08 -3.67 
utt>   158                    file_5  368    0   144 7  1 2 1.894850e-12 -1.332235e+02 -4.902623e+04
INFO: cmn.c(133): CMN: 78.22 10.03 -3.23  2.30 -4.04 -0.30 -5.39 -5.49 -4.68 -0.28  3.71  4.85  0.82 
utt>   159                    file_6  373    0   108 9  1 2 1.881365e-12 -1.342760e+02 -5.008495e+04
INFO: cmn.c(133): CMN: 77.46  2.63 -2.14  2.29 -4.09 -2.26 -6.98 -3.95  1.38  3.49  1.48  0.65 -1.12 
utt>   160                    file_7 1083    0   180 11  1 2 1.462604e-12 -1.357753e+02 -1.470446e+05
INFO: cmn.c(133): CMN: 78.16  5.12 -1.08  2.01 -3.31 -1.76 -6.78 -3.80  1.64  1.24  0.41 -0.23  0.52 
utt>   161                    file_8 1063    0   176 10  1 2 1.300887e-12 -1.319162e+02 -1.402269e+05
INFO: cmn.c(133): CMN: 79.08  5.82 -1.44  3.05 -3.97  0.75 -4.62 -2.93 -2.45  1.22 -1.60 -2.79  1.02 
utt>   162                    file_9 1053    0   192 10  1 2 1.290882e-12 -1.322937e+02 -1.393052e+05
INFO: cmn.c(133): CMN: 79.17  6.21 -0.10  2.51 -7.38 -0.98 -5.94 -5.53 -2.66 -0.51  0.77  0.19  2.86 
utt>   163                   file_10 1014    0   204 11  1 2 1.663748e-12 -1.375491e+02 -1.394748e+05
INFO: cmn.c(133): CMN: 86.47 10.38 -2.52  3.64 -4.29 -0.67 -7.84 -7.13 -1.48  2.22  5.14  2.67  1.30 
utt>   164                   file_11  105    0    64 9  1 3 2.276215e-12 -1.327373e+02 -1.393741e+04
INFO: cmn.c(133): CMN: 87.08 -0.03 -0.11  9.07 -6.82  1.23 -3.84  2.98 -4.93  1.95  0.42 -2.31  7.06 
utt>   165                    file_1  411    0   180 8  1 2 1.771618e-12 -1.370196e+02 -5.631504e+04
INFO: cmn.c(133): CMN: 86.02  2.25 -6.66  2.54 -6.20  8.03  5.54  5.66 -6.59 -1.22 -6.88 -6.05 -3.19 
utt>   166                    file_2  367    0   120 8  1 2 2.101355e-12 -1.376683e+02 -5.052427e+04
INFO: cmn.c(133): CMN: 87.72  7.30 -3.12  6.48 -11.06  0.42 -4.86  2.43 -4.62 -1.78 -0.99 -3.21  2.37 
utt>   167                    file_3  321    0   108 8  1 2 2.590072e-12 -1.367199e+02 -4.388709e+04
INFO: cmn.c(133): CMN: 91.58 -1.71 -6.82  8.07 -4.54 -6.25 -11.87  3.21 -5.37  4.30 -2.99 -3.07  6.25 
utt>   168                    file_4  388    0   168 8  1 2 2.031300e-12 -1.377291e+02 -5.343888e+04
INFO: cmn.c(133): CMN: 93.99 -1.25 -11.61  1.06 -9.20 -1.37 -4.23  4.33 -3.05  1.51 -4.66 -1.81  8.18 
utt>   169                    file_5  368    0   144 8  1 2 1.064482e-12 -1.341369e+02 -4.936237e+04
INFO: cmn.c(133): CMN: 90.01  3.08 -4.97  5.54 -9.93 -1.54 -7.58  1.64 -6.11  2.10  2.80  1.74  5.31 
utt>   170                    file_6  307    0   108 9  1 2 1.656651e-12 -1.353542e+02 -4.155374e+04
INFO: cmn.c(133): CMN: 83.77 -4.14 -5.13  8.88 -9.78 -3.21 -3.90  3.22 -3.31  0.12  3.20 -1.74  1.20 
utt>   171                    file_7  921    0   180 11  1 2 1.741684e-12 -1.370163e+02 -1.261920e+05
INFO: cmn.c(133): CMN: 84.16  1.20 -5.33  6.84 -10.42 -4.08 -7.31  5.63 -3.77  0.66  2.49  0.65  5.43 
utt>   172                    file_8  898    0   176 9  1 2 2.037629e-12 -1.340304e+02 -1.203593e+05
INFO: cmn.c(133): CMN: 87.42 -3.48 -5.64  4.15 -11.62 -6.12 -9.09  4.94 -2.13  1.84  4.25  5.09  6.13 
utt>   173                    file_9  903    0   192 9  1 2 1.286656e-12 -1.335748e+02 -1.206180e+05
INFO: cmn.c(133): CMN: 85.76  1.91 -7.21  1.53 -16.22 -5.93 -7.81  4.25 -3.56  0.04  4.21  1.18  4.84 
utt>   174                   file_10  848    0   204 11  1 2 2.323755e-12 -1.386182e+02 -1.175483e+05
INFO: cmn.c(133): CMN: 93.09 -0.48 -10.40  2.81 -3.74 -1.54 -5.49 10.00 -1.08  3.00 -0.12  1.80  8.58 
utt>   175                   file_11  145    0    64 8  1 2 1.362373e-12 -1.341786e+02 -1.945590e+04
overall> stats 71829 (-0) -1.372317e+02 -9.857216e+06

INFO: s3mixw_io.c(233): Wrote /home/simone/Documenti/Elaborazione/project-NLP/bwaccumdir/android_db_buff_1/mixw_counts [597x1x8 array]
INFO: s3tmat_io.c(176): Wrote /home/simone/Documenti/Elaborazione/project-NLP/bwaccumdir/android_db_buff_1/tmat_counts [27x3x4 array]
INFO: s3gau_io.c(485): Wrote /home/simone/Documenti/Elaborazione/project-NLP/bwaccumdir/android_db_buff_1/gauden_counts with means with vars (2pass) [597x1x8 vector arrays]
INFO: main.c(999): Counts saved to /home/simone/Documenti/Elaborazione/project-NLP/bwaccumdir/android_db_buff_1
Sat Dec  3 19:23:46 2016
