        INFO: main.c(229): Compiled on Oct 27 2016 at 19:16:52
Current configuration:
[NAME]		[DEFLT]		[VALUE]
-2passvar	no		yes
-abeam		1e-100		1.000000e-90
-accumdir			/home/simone/Documenti/Elaborazione/project-NLP/bwaccumdir/android_db_buff_1
-agc		none		none
-agcthresh	2.0		2.000000e+00
-bbeam		1e-100		1.000000e-10
-cb2mllrfn	.1cls.		.1cls.
-cepdir				/home/simone/Documenti/Elaborazione/project-NLP/feat
-cepext		mfc		mfc
-ceplen		13		13
-ckptintv			0
-cmn		live		current
-cmninit	40,3,-1		40,3,-1
-ctlfn				/home/simone/Documenti/Elaborazione/project-NLP/etc/android_db_train.fileids
-diagfull	no		no
-dictfn				/home/simone/Documenti/Elaborazione/project-NLP/etc/android_db.dic
-example	no		no
-fdictfn			/home/simone/Documenti/Elaborazione/project-NLP/etc/android_db.filler
-feat		1s_c_d_dd	1s_c_d_dd
-fullvar	no		no
-help		no		no
-hmmdir				
-latdir				
-latext				
-lda				
-ldadim		0		0
-lsnfn				/home/simone/Documenti/Elaborazione/project-NLP/etc/android_db_train.transcription
-lw		11.5		1.150000e+01
-maxuttlen	0		0
-meanfn				/home/simone/Documenti/Elaborazione/project-NLP/model_parameters/android_db.cd_cont_200/means
-meanreest	yes		yes
-mixwfn				/home/simone/Documenti/Elaborazione/project-NLP/model_parameters/android_db.cd_cont_200/mixture_weights
-mixwreest	yes		yes
-mllrmat			
-mmie		no		no
-mmie_type	rand		rand
-moddeffn			/home/simone/Documenti/Elaborazione/project-NLP/model_architecture/android_db.200.mdef
-mwfloor	0.00001		1.000000e-05
-npart				1
-nskip				0
-outphsegdir			
-outputfullpath	no		no
-part				1
-pdumpdir			
-phsegdir			
-phsegext	phseg		phseg
-runlen		-1		-1
-sentdir			
-sentext	sent		sent
-spthresh	0.0		0.000000e+00
-svspec				
-timing		yes		no
-tmatfn				/home/simone/Documenti/Elaborazione/project-NLP/model_parameters/android_db.cd_cont_200/transition_matrices
-tmatreest	yes		yes
-topn		4		2
-tpfloor	0.0001		1.000000e-05
-ts2cbfn			.cont.
-varfloor	0.00001		1.000000e-04
-varfn				/home/simone/Documenti/Elaborazione/project-NLP/model_parameters/android_db.cd_cont_200/variances
-varnorm	no		no
-varreest	yes		yes
-viterbi	no		no

INFO: feat.c(715): Initializing feature stream to type: '1s_c_d_dd', ceplen=13, CMN='batch', VARNORM='no', AGC='none'
INFO: main.c(318): Reading /home/simone/Documenti/Elaborazione/project-NLP/model_architecture/android_db.200.mdef
INFO: model_def_io.c(573): Model definition info:
INFO: model_def_io.c(574): 598 total models defined (27 base, 571 tri)
INFO: model_def_io.c(575): 2392 total states
INFO: model_def_io.c(576): 281 total tied states
INFO: model_def_io.c(577): 81 total tied CI states
INFO: model_def_io.c(578): 27 total tied transition matrices
INFO: model_def_io.c(579): 4 max state/model
INFO: model_def_io.c(580): 4 min state/model
INFO: s3mixw_io.c(117): Read /home/simone/Documenti/Elaborazione/project-NLP/model_parameters/android_db.cd_cont_200/mixture_weights [281x1x2 array]
INFO: s3tmat_io.c(118): Read /home/simone/Documenti/Elaborazione/project-NLP/model_parameters/android_db.cd_cont_200/transition_matrices [27x3x4 array]
INFO: mod_inv.c(301): inserting tprob floor 1.000000e-05 and renormalizing
INFO: s3gau_io.c(169): Read /home/simone/Documenti/Elaborazione/project-NLP/model_parameters/android_db.cd_cont_200/means [281x1x2 array]
INFO: s3gau_io.c(169): Read /home/simone/Documenti/Elaborazione/project-NLP/model_parameters/android_db.cd_cont_200/variances [281x1x2 array]
INFO: gauden.c(176): 281 total mgau
INFO: gauden.c(150): 1 feature streams (|0|=39 )
INFO: gauden.c(187): 2 total densities
INFO: gauden.c(90): min_var=1.000000e-04
INFO: gauden.c(165): compute 2 densities/frame
INFO: main.c(431): Will reestimate mixing weights.
INFO: main.c(433): Will reestimate means.
INFO: main.c(435): Will reestimate variances.
INFO: main.c(443): Will reestimate transition matrices
INFO: main.c(456): Reading main dictionary: /home/simone/Documenti/Elaborazione/project-NLP/etc/android_db.dic
INFO: lexicon.c(221): 24 entries added from /home/simone/Documenti/Elaborazione/project-NLP/etc/android_db.dic
INFO: main.c(466): Reading filler dictionary: /home/simone/Documenti/Elaborazione/project-NLP/etc/android_db.filler
INFO: lexicon.c(221): 3 entries added from /home/simone/Documenti/Elaborazione/project-NLP/etc/android_db.filler
INFO: corpus.c(1062): Will process all remaining utts starting at 0
INFO: main.c(665): Reestimation: Baum-Welch
INFO: cmn.c(133): CMN: 89.64  2.21 -0.46  5.91 -1.57  5.41 -1.05  4.40 -1.04  0.54  2.20  5.75 -0.88 
column defns
	<seq>
	<id>
	<n_frame_in>
	<n_frame_del>
	<n_state_shmm>
	<avg_states_alpha>
	<avg_states_beta>
	<avg_states_reest>
	<avg_posterior_prune>
	<frame_log_lik>
	<utt_log_lik>
	... timing info ... 
utt>     0                    file_1  440    0   180 21  2 4 3.892370e-12 -1.460623e+02 -6.426741e+04
INFO: cmn.c(133): CMN: 87.17  0.63 -7.64  4.20 -3.57  3.86  3.86  7.98  1.14 -0.48  3.61  3.34 -4.79 
utt>     1                    file_2  395    0   120 15  2 3 2.914524e-12 -1.399779e+02 -5.529129e+04
INFO: cmn.c(133): CMN: 87.50  5.32 -4.61  3.04 -9.79 -4.95 -5.72  1.35  2.60  2.02 -2.15  2.04 -1.23 
utt>     2                    file_3  373    0   108 21  2 4 2.785559e-12 -1.404528e+02 -5.238889e+04
INFO: cmn.c(133): CMN: 88.33 -0.22 -8.39  4.52 -0.33 -0.00 -2.19  4.97  0.57  2.47  5.31  5.68 -5.39 
utt>     3                    file_4  494    0   168 22  2 3 2.958815e-12 -1.424928e+02 -7.039146e+04
INFO: cmn.c(133): CMN: 89.11  2.37 -7.79  2.51 -5.79 -1.48 -2.43  6.33  2.88  0.08 -0.85 -2.42 -7.08 
utt>     4                    file_5  429    0   144 18  2 3 4.555262e-12 -1.406545e+02 -6.034078e+04
INFO: cmn.c(133): CMN: 87.59  6.91 -6.05  2.68 -5.10  0.58 -3.92  2.78  0.82  3.59  1.96 -0.08 -3.26 
utt>     5                    file_6  362    0   108 27  2 4 4.730512e-12 -1.406893e+02 -5.092951e+04
INFO: cmn.c(133): CMN: 79.36  1.55 -6.93  4.80 -1.90 -0.23 -3.75  3.25  4.98 -1.33 -4.80  1.32  0.30 
utt>     6                    file_7  939    0   180 17  1 3 1.856926e-12 -1.401410e+02 -1.315924e+05
INFO: cmn.c(133): CMN: 77.86  3.78 -5.53  8.99 -3.38 -2.62 -10.03 -2.35  7.28 -0.26 -4.29 -0.13 -1.59 
utt>     7                    file_8  916    0   168 16  1 2 2.024529e-12 -1.404543e+02 -1.286562e+05
INFO: cmn.c(133): CMN: 76.86  4.13 -7.45  5.91 -0.57 -1.99 -6.86 -1.66  4.40  0.87 -5.96 -0.51 -2.11 
utt>     8                    file_9  912    0   176 15  1 3 2.894988e-12 -1.395375e+02 -1.272582e+05
INFO: cmn.c(133): CMN: 75.95  7.15 -4.92  1.19 -8.39 -5.05 -7.88 -1.30  7.70  2.47 -4.01  0.83 -1.23 
utt>     9                   file_10  957    0   204 16  1 3 2.466687e-12 -1.412575e+02 -1.351834e+05
INFO: cmn.c(133): CMN: 82.36  9.44 -1.40  1.37 -0.27 -1.06 -10.13 -4.62 -12.22 -0.90  3.55  5.74  0.65 
utt>    10                   file_11  139    0    64 17  2 5 4.917039e-12 -1.458693e+02 -2.027584e+04
INFO: cmn.c(133): CMN: 78.29 -2.70  5.74  8.09 -12.81  8.61 -10.16 -2.78 -0.93  4.20  2.66  2.63 -0.07 
utt>    11                    file_1  178    0    76 15  2 4 3.696871e-12 -1.464513e+02 -2.606834e+04
INFO: cmn.c(133): CMN: 77.94  1.84 -4.07  4.49 -12.72 13.76 -2.11 -1.99 -0.87  7.72 -2.61 -4.72 -4.61 
utt>    12                    file_2  134    0    56 14  2 4 3.232589e-12 -1.442300e+02 -1.932682e+04
INFO: cmn.c(133): CMN: 75.35 11.59  7.29  5.53 -10.99  2.14 -10.01 -6.01 -9.74  1.10 -6.88  4.61  7.14 
utt>    13                    file_3  123    0    52 15  2 4 3.119890e-12 -1.463456e+02 -1.800050e+04
INFO: cmn.c(133): CMN: 83.04 -2.09 -6.51  8.55 -8.64  0.68 -16.11 -1.87  1.93 14.96 -9.61  0.04  3.69 
utt>    14                    file_4  156    0    72 15  2 4 3.640473e-12 -1.479163e+02 -2.307494e+04
INFO: cmn.c(133): CMN: 82.28  6.13 -8.38  7.71 -7.81  5.03 -10.88 -1.74 -1.44  4.47 -9.59 -1.63  0.79 
utt>    15                    file_5  163    0    64 14  2 4 3.954884e-12 -1.467055e+02 -2.391299e+04
INFO: cmn.c(133): CMN: 84.04  4.68 -1.38  8.44 -11.97  3.85 -8.64 -3.01 -7.79  3.11 -7.44 -2.15  3.24 
utt>    16                    file_6  153    0    60 17  2 4 4.452160e-12 -1.484721e+02 -2.271622e+04
INFO: cmn.c(133): CMN: 80.48 -1.34  0.45 10.71 -13.34 -5.84 -12.08 -0.66 -4.73 -0.36  0.30  3.70 -3.36 
utt>    17                    file_7  708    0   180 15  1 3 3.016309e-12 -1.480171e+02 -1.047961e+05
INFO: cmn.c(133): CMN: 76.44  5.76  1.33  8.76 -10.50 -5.32 -13.20 -0.25  2.54 -0.62 -2.49  7.91 -0.01 
utt>    18                    file_8  748    0   168 16  1 3 2.494242e-12 -1.451748e+02 -1.085908e+05
INFO: cmn.c(133): CMN: 77.36  4.09  1.04 11.11 -9.28 -3.13 -12.01 -2.81  0.51  2.64 -2.59 10.45 -1.10 
utt>    19                    file_9  708    0   176 15  1 3 2.836950e-12 -1.460252e+02 -1.033859e+05
INFO: cmn.c(133): CMN: 74.52  7.18  2.47  5.02 -11.80 -2.81 -12.43 -6.22 -1.41  5.32 -4.18  8.48  1.03 
utt>    20                   file_10  774    0   204 15  1 3 2.544550e-12 -1.443503e+02 -1.117272e+05
INFO: cmn.c(133): CMN: 82.56  4.63 -6.87 10.02 -4.52  8.05 -15.24 -0.69  7.30  3.20 -13.09  2.42  2.91 
utt>    21                   file_11  158    0    64 19  2 4 4.638502e-12 -1.490134e+02 -2.354412e+04
INFO: cmn.c(133): CMN: 84.85  5.46 -2.82  7.65 -0.55 -1.83 -3.22 -0.06 -4.61  4.31  0.39  1.57  0.22 
utt>    22                    file_1  160    0    76 16  2 4 3.404375e-12 -1.437908e+02 -2.300653e+04
INFO: cmn.c(133): CMN: 84.49  6.48 -3.82  1.06  0.48 -4.29 -0.24  4.17 -4.70  3.16  8.02 -0.81 -5.19 
utt>    23                    file_2  134    0    56 13  2 3 3.857015e-12 -1.445741e+02 -1.937293e+04
INFO: cmn.c(133): CMN: 85.31  6.96 -2.02  3.88 -4.00 -4.03 -10.10  1.74 -0.09 -3.14 -4.89 -2.53 -3.81 
utt>    24                    file_3  143    0    52 19  2 5 3.428917e-12 -1.431114e+02 -2.046493e+04
INFO: cmn.c(133): CMN: 90.37  2.82 -7.71  1.79 -0.28  0.97 -9.65 -5.96 -5.37  5.64  7.87 -2.34 -7.91 
utt>    25                    file_4  145    0    72 21  2 4 3.780027e-12 -1.446502e+02 -2.097428e+04
INFO: cmn.c(133): CMN: 84.87  5.98 -6.41  5.43 -0.91  2.04  0.88 -3.35 -5.56 14.16  5.61 -2.73 -1.44 
utt>    26                    file_5  153    0    64 16  2 4 3.748195e-12 -1.433315e+02 -2.192971e+04
INFO: cmn.c(133): CMN: 84.11 12.39 -1.56  7.53 -6.80 -5.82 -1.97 -2.06  1.81  5.87  2.65 -0.00 -3.98 
utt>    27                    file_6  121    0    60 20  2 5 4.358767e-12 -1.424315e+02 -1.723421e+04
INFO: cmn.c(133): CMN: 87.16  2.14 -1.59  4.71 -4.21 -14.48 -10.56  3.10 -8.86  2.63  1.25  1.54  1.98 
utt>    28                    file_7  570    0   180 21  2 4 4.607195e-12 -1.461060e+02 -8.328042e+04
INFO: cmn.c(133): CMN: 83.96  7.93 -6.39  4.41 -2.31 -9.79 -14.42 -2.05 -1.11  3.86 -0.43  0.87  2.06 
utt>    29                    file_8  788    0   168 18  2 3 2.467545e-12 -1.426949e+02 -1.124436e+05
INFO: cmn.c(133): CMN: 83.97  8.04 -6.86  4.56 -2.21 -10.32 -11.70  0.14 -0.60  6.34  1.74 -2.67  1.28 
utt>    30                    file_9  776    0   176 21  2 3 2.872086e-12 -1.445036e+02 -1.121348e+05
INFO: cmn.c(133): CMN: 78.71 10.52 -3.73  3.87 -8.10 -8.68 -7.42 -2.06 -0.90  0.83 -2.50 -2.99  1.54 
utt>    31                   file_10  947    0   204 17  1 3 2.598679e-12 -1.423168e+02 -1.347740e+05
INFO: cmn.c(133): CMN: 85.73 10.40 -5.55  5.49 -4.00  0.40 -5.86 -5.10  2.93 12.77  5.08 -2.84 -3.22 
utt>    32                   file_11  127    0    64 18  2 4 3.050848e-12 -1.409101e+02 -1.789559e+04
INFO: cmn.c(133): CMN: 88.37 -1.66  1.03  1.68 -8.49  1.66 -4.04  1.42 -9.53 -12.22 -0.09  0.45 -10.13 
utt>    33                    file_1  134    0    76 17  2 5 5.945248e-12 -1.456192e+02 -1.951297e+04
INFO: cmn.c(133): CMN: 87.77 -4.21 -4.24  1.57 -14.63  5.76  0.07  4.23 -10.00 -0.92  6.08 -5.76 -9.77 
utt>    34                    file_2  134    0    56 13  2 3 4.909623e-12 -1.439859e+02 -1.929411e+04
INFO: cmn.c(133): CMN: 87.57  2.35  2.24  4.75 -13.79 -3.89 -12.71  1.85 -5.67 -11.28 -2.46  1.82 -0.66 
utt>    35                    file_3  132    0    52 17  2 5 3.820199e-12 -1.453617e+02 -1.918774e+04
INFO: cmn.c(133): CMN: 90.41 -5.74 -4.04  8.78 -3.20  2.39 -6.55 -1.14 -5.58 -6.31  1.52  4.40 -10.14 
utt>    36                    file_4  146    0    72 17  2 4 2.451199e-12 -1.478853e+02 -2.159125e+04
INFO: cmn.c(133): CMN: 91.01 -1.26 -7.67  3.97 -11.43  1.80 -1.92  6.69 -2.94 -2.79  0.70 -0.76 -12.67 
utt>    37                    file_5  142    0    64 15  2 4 4.894350e-12 -1.440533e+02 -2.045557e+04
INFO: cmn.c(133): CMN: 88.61  2.46  1.53 10.24 -12.82  3.62 -3.36  5.00 -5.06 -6.62 -3.51  2.31 -4.27 
utt>    38                    file_6  129    0    60 22  2 4 3.019552e-12 -1.474071e+02 -1.901552e+04
INFO: cmn.c(133): CMN: 85.32 -4.20 -0.39 12.79 -7.80 -5.70 -12.58  2.41 -2.52 -6.75 -2.00  1.41 -5.58 
utt>    39                    file_7  710    0   180 15  1 3 2.301825e-12 -1.434615e+02 -1.018576e+05
INFO: cmn.c(133): CMN: 82.42 -0.36 -0.22 13.67 -8.54 -7.24 -9.55  1.00 -4.83 -6.25 -4.61 -1.75 -1.83 
utt>    40                    file_8  717    0   168 16  1 3 3.372713e-12 -1.428884e+02 -1.024510e+05
INFO: cmn.c(133): CMN: 81.47  0.12 -1.15 13.72 -6.39 -6.95 -6.54  3.37 -4.03 -5.68 -2.62 -3.45  2.79 
utt>    41                    file_9  716    0   176 16  1 3 2.523974e-12 -1.441051e+02 -1.031792e+05
INFO: cmn.c(133): CMN: 82.03  3.20  1.07  4.55 -14.71 -4.46 -7.94  3.02 -4.55 -3.75 -5.00  1.12 -0.30 
utt>    42                   file_10  734    0   204 15  1 3 3.166268e-12 -1.447079e+02 -1.062156e+05
INFO: cmn.c(133): CMN: 88.95  2.30 -3.19  6.88 -6.58  3.89 -11.16  1.26  0.35  2.96 -1.07  2.06 -10.49 
utt>    43                   file_11  125    0    64 20  2 4 4.325273e-12 -1.445961e+02 -1.807452e+04
INFO: cmn.c(133): CMN: 79.85  4.84 -1.56  2.42 -5.91  8.50 -5.36 -0.86  0.85 -3.07 -7.03  4.34 -1.66 
utt>    44                    file_1  137    0    76 17  2 5 7.917754e-12 -1.466130e+02 -2.008598e+04
INFO: cmn.c(133): CMN: 81.49  6.90 -4.33  1.98 -14.52  4.33 -6.37  3.16  3.09 -3.45  1.00 -2.07 -5.35 
utt>    45                    file_2  110    0    56 14  2 4 2.275303e-12 -1.446492e+02 -1.591141e+04
INFO: cmn.c(133): CMN: 80.50  9.57  0.78  3.57 -12.34  5.45 -10.37 -0.14 -4.48 -3.63  2.89  4.51 -2.83 
utt>    46                    file_3  106    0    52 16  2 5 6.538015e-12 -1.463468e+02 -1.551276e+04
INFO: cmn.c(133): CMN: 82.96  1.75 -0.45 11.48 -10.36  8.92 -13.39 -1.40 -7.33 -0.05  2.10 -6.98  2.80 
utt>    47                    file_4  123    0    72 17  2 4 3.921113e-12 -1.483274e+02 -1.824427e+04
INFO: cmn.c(133): CMN: 83.11  9.89 -7.01  5.23 -5.47  8.56 -16.47  1.30 -3.63 -1.85  4.64 -5.61 -2.09 
utt>    48                    file_5  117    0    64 14  2 4 1.442951e-12 -1.428251e+02 -1.671053e+04
INFO: cmn.c(133): CMN: 83.32 11.49 -0.82  8.41 -10.60 12.28 -6.42  0.02 -3.87 -12.18 -0.58 -4.94  0.66 
utt>    49                    file_6  100    0    60 19  2 5 6.628243e-12 -1.447232e+02 -1.447232e+04
INFO: cmn.c(133): CMN: 80.69  1.31 -5.60  4.46 -13.93 -4.75 -10.84  2.53  2.65  1.45 -0.37 -8.49  4.92 
utt>    50                    file_7  784    0   180 16  1 3 3.268376e-12 -1.434786e+02 -1.124872e+05
INFO: cmn.c(133): CMN: 78.16  7.31 -4.06  2.21 -11.63  0.97 -10.38 -0.02 -3.25  5.20 -1.94 -5.44  5.96 
utt>    51                    file_8  775    0   168 17  1 3 2.885386e-12 -1.423330e+02 -1.103081e+05
INFO: cmn.c(133): CMN: 76.22  6.43 -5.03 -0.44 -10.89  3.26 -7.91 -1.54 -1.43  5.03  2.73 -6.94  1.95 
utt>    52                    file_9  810    0   176 17  1 3 2.858563e-12 -1.424597e+02 -1.153924e+05
INFO: cmn.c(133): CMN: 76.42  8.83 -4.24  0.47 -17.11 -5.38 -5.46 -1.35 -3.79  2.78  0.11 -0.91  5.10 
utt>    53                   file_10  845    0   204 16  1 3 2.212604e-12 -1.422808e+02 -1.202273e+05
INFO: cmn.c(133): CMN: 83.01  5.07 -4.26  7.96 -12.13  6.03 -16.53  2.20  0.54  2.02  2.88 -5.06 -5.16 
utt>    54                   file_11  109    0    64 18  2 5 3.168534e-12 -1.456244e+02 -1.587305e+04
INFO: cmn.c(133): CMN: 86.71 -0.09 -6.48  8.21 -3.23  3.37 -10.57 -0.32 -0.01  4.00 -1.29  5.21  8.60 
utt>    55                    file_1  165    0    76 17  2 5 6.171705e-12 -1.433780e+02 -2.365737e+04
INFO: cmn.c(133): CMN: 87.49  1.96 -9.66  6.61 -4.63  1.26 -9.33 -1.49 -2.21  1.82 -3.63 -0.49  7.46 
utt>    56                    file_2  120    0    56 16  2 4 3.132339e-12 -1.455636e+02 -1.746763e+04
INFO: cmn.c(133): CMN: 89.58  3.87 -1.94  4.97 -9.99  0.37 -9.96 -6.60 -8.79  3.92 -1.09  4.36  1.96 
utt>    57                    file_3  114    0    52 19  3 6 7.074022e-12 -1.462444e+02 -1.667186e+04
INFO: cmn.c(133): CMN: 89.37 -2.67 -3.46  7.76 -8.25 -3.62 -16.62 -3.97 -3.46 -2.54 -3.62 -3.31  6.53 
utt>    58                    file_4  148    0    72 19  2 4 4.272217e-12 -1.484956e+02 -2.197735e+04
INFO: cmn.c(133): CMN: 90.80  2.84 -10.22  4.23 -6.86 -7.76 -16.13  2.33 -3.60  0.56 -3.90 -6.42  3.19 
utt>    59                    file_5  127    0    64 17  2 4 4.523517e-12 -1.450171e+02 -1.841717e+04
INFO: cmn.c(133): CMN: 89.87  2.54 -4.74  7.51 -13.20  2.71 -14.18  0.20 -5.59  3.82  0.45  2.38  6.29 
utt>    60                    file_6  121    0    60 22  2 5 3.607038e-12 -1.434857e+02 -1.736177e+04
INFO: cmn.c(133): CMN: 89.88 -4.37 -4.95  9.37 -7.17 -6.23 -9.89  1.99 -2.10 -0.55  1.71  7.97  3.53 
utt>    61                    file_7  608    0   180 20  2 3 3.498124e-12 -1.446970e+02 -8.797578e+04
INFO: cmn.c(133): CMN: 86.36 -0.49 -3.91  9.01 -5.55 -3.93 -8.65  3.71 -1.31  1.35  4.81  8.58  4.58 
utt>    62                    file_8  620    0   168 20  2 4 3.368682e-12 -1.445671e+02 -8.963160e+04
INFO: cmn.c(133): CMN: 88.58 -1.13 -5.40  8.75 -8.22 -4.77 -11.25  0.30 -0.61  0.07  2.27  6.46  2.07 
utt>    63                    file_9  607    0   176 19  2 3 2.705612e-12 -1.452910e+02 -8.819163e+04
INFO: cmn.c(133): CMN: 86.87  2.67 -6.41  2.61 -6.43 -0.21 -9.33 -1.11 -3.26  0.29  5.25  6.95  3.94 
utt>    64                   file_10  603    0   204 19  2 3 3.149144e-12 -1.458279e+02 -8.793420e+04
INFO: cmn.c(133): CMN: 90.90 -2.05 -10.18  2.85 -2.96 -0.11 -10.79  5.82  6.91  6.23 -3.02 11.82 10.37 
utt>    65                   file_11  130    0    64 23  2 5 6.701573e-12 -1.426177e+02 -1.854030e+04
INFO: cmn.c(133): CMN: 83.51  2.64 -3.02  7.12 -1.22  3.91 -5.41 -7.11  5.84  4.15 -5.67 -4.27 -0.47 
utt>    66                    file_1  149    0    76 16  2 5 4.275519e-12 -1.441187e+02 -2.147369e+04
INFO: cmn.c(133): CMN: 83.69  3.57 -6.41  3.09 -8.96  3.96 -1.00 -0.22  1.14  5.54 -2.70 -1.75 -0.15 
utt>    67                    file_2  112    0    56 15  2 4 4.462372e-12 -1.457134e+02 -1.631990e+04
INFO: cmn.c(133): CMN: 85.50  4.87 -5.19  4.77 -11.15 -0.01 -1.58 -3.56 -5.52  3.83  0.33  9.99 11.14 
utt>    68                    file_3  109    0    52 16  2 5 3.415063e-12 -1.480288e+02 -1.613514e+04
INFO: cmn.c(133): CMN: 86.89 -1.63 -7.13  6.36 -7.86  4.29 -6.28 -4.74  3.44  6.78 -3.03 -0.23  6.30 
utt>    69                    file_4  138    0    72 16  2 4 5.271858e-12 -1.487055e+02 -2.052136e+04
INFO: cmn.c(133): CMN: 86.58  3.26 -10.22  5.80 -7.04  1.62 -8.59 -1.32  1.12  8.12 -6.65 -1.74  7.68 
utt>    70                    file_5  124    0    64 14  2 4 4.219339e-12 -1.441836e+02 -1.787877e+04
INFO: cmn.c(133): CMN: 87.14  7.14 -6.96  7.28 -6.89  2.77 -2.37 -2.52 -6.11  3.17  2.25  3.31  6.54 
utt>    71                    file_6  105    0    60 18  2 5 4.934522e-12 -1.450142e+02 -1.522650e+04
INFO: cmn.c(133): CMN: 88.89 -1.76 -7.34  2.44 -6.45 -3.99 -6.40  1.86  7.94  9.29 -1.56  1.50  4.02 
utt>    72                    file_7  538    0   180 18  2 4 3.688354e-12 -1.465469e+02 -7.884224e+04
INFO: cmn.c(133): CMN: 88.51  0.95 -8.57  1.69 -3.32 -0.25 -10.32 -5.22  5.79  8.75 -1.86  1.91 11.35 
utt>    73                    file_8  518    0   168 20  2 4 3.269846e-12 -1.469384e+02 -7.611409e+04
INFO: cmn.c(133): CMN: 89.59 -1.58 -9.10  2.96 -4.67  0.52 -8.28 -5.70  3.85 10.63 -2.38  0.41 11.30 
utt>    74                    file_9  484    0   176 20  2 4 3.902573e-12 -1.491620e+02 -7.219440e+04
INFO: cmn.c(133): CMN: 87.62  0.71 -6.33 -1.42 -8.91  0.83 -8.64 -3.12 -0.07  4.83 -3.27 -0.07  6.74 
utt>    75                   file_10  511    0   204 18  2 4 4.532124e-12 -1.484888e+02 -7.587777e+04
INFO: cmn.c(133): CMN: 89.76  2.94 -7.73  4.57 -0.82  1.57 -13.21 -9.99  3.46 12.81  0.98 -3.35 10.37 
utt>    76                   file_11  120    0    64 20  3 6 5.099962e-12 -1.449572e+02 -1.739486e+04
INFO: cmn.c(133): CMN: 81.27  1.44 -2.49 -0.32  2.73  4.38 -4.88 -1.72 -2.33  4.76  0.57 -3.63  0.49 
utt>    77                    file_1  130    0    76 21  2 5 3.866809e-12 -1.424213e+02 -1.851476e+04
INFO: cmn.c(133): CMN: 84.91  3.99 -7.51  2.14 -0.34 -2.55 -8.81 -2.19 -4.74  3.49  6.93  5.05 -0.91 
utt>    78                    file_2  116    0    56 15  2 4 4.783111e-12 -1.437974e+02 -1.668050e+04
INFO: cmn.c(133): CMN: 78.27 12.30 -3.05  4.59  0.95 -0.90 -7.58 -2.76 -3.53 -3.47  0.19  4.45  2.40 
utt>    79                    file_3  123    0    52 18  3 6 4.570897e-12 -1.424256e+02 -1.751835e+04
INFO: cmn.c(133): CMN: 84.56  0.03 -8.51  8.37  0.19  0.90 -3.73 -7.29 -6.54  1.86  3.49  0.80 -3.63 
utt>    80                    file_4  132    0    72 20  2 4 2.923272e-12 -1.458832e+02 -1.925658e+04
INFO: cmn.c(133): CMN: 83.88 13.40 -9.18  1.33 -3.19 -0.75 -1.94 -3.55 -2.73  3.34  3.50  3.55 -1.73 
utt>    81                    file_5  102    0    64 20  2 5 6.464058e-12 -1.461821e+02 -1.491058e+04
INFO: cmn.c(133): CMN: 77.21 13.52 -2.91  3.00 -0.65  2.29 -1.77  3.44 -1.79 -5.32 -4.60  2.60  1.13 
utt>    82                    file_6  115    0    60 28  2 5 6.130665e-12 -1.436690e+02 -1.652194e+04
INFO: cmn.c(133): CMN: 79.50  4.44 -3.80  3.06  2.74 -5.11 -9.87 -1.90  0.90  3.15 -0.52  1.24 -0.04 
utt>    83                    file_7  738    0   180 17  2 3 2.718874e-12 -1.413858e+02 -1.043427e+05
INFO: cmn.c(133): CMN: 75.54  9.27 -2.09 -0.96 -0.36 -3.66 -4.73 -2.04  0.58  2.51  0.06  1.04 -0.45 
utt>    84                    file_8  815    0   168 17  1 3 2.823251e-12 -1.411021e+02 -1.149982e+05
INFO: cmn.c(133): CMN: 75.17  8.56 -2.60 -0.72 -1.57 -2.91 -4.36 -0.74  2.88  2.88  0.79  1.89  0.54 
utt>    85                    file_9  815    0   176 18  1 3 2.453531e-12 -1.413529e+02 -1.152026e+05
INFO: cmn.c(133): CMN: 76.21 10.47 -3.59 -3.25 -5.42 -4.69 -7.09 -1.73 -1.86 -2.78  0.69  4.35  3.86 
utt>    86                   file_10  809    0   204 16  1 3 2.827095e-12 -1.413496e+02 -1.143519e+05
INFO: cmn.c(133): CMN: 81.44 13.10 -5.79  0.38  1.91 -0.99 -2.01 -2.81 -0.57  0.43  0.58  5.94  2.87 
utt>    87                   file_11  105    0    64 21  3 6 4.568298e-12 -1.420888e+02 -1.491933e+04
INFO: cmn.c(133): CMN: 75.57  2.26 -3.30  5.05  1.55  8.11 -2.00  2.01  6.35  7.40  2.13 -0.47 -2.16 
utt>    88                    file_1  139    0    76 16  2 5 3.945741e-12 -1.442707e+02 -2.005362e+04
INFO: cmn.c(133): CMN: 76.28  5.93 -5.93  2.24 -7.71  3.37 -0.45  0.66  5.18 10.36 11.58  2.74 -2.21 
utt>    89                    file_2  103    0    56 18  2 5 1.917817e-12 -1.471674e+02 -1.515824e+04
INFO: cmn.c(133): CMN: 72.93  7.47 -1.38  8.44 -1.14  5.50 -1.89  2.09  4.41 -3.44  3.61 -1.26 -1.38 
utt>    90                    file_3  115    0    52 17  2 5 4.585776e-12 -1.415186e+02 -1.627463e+04
INFO: cmn.c(133): CMN: 77.59 -1.21 -7.64 10.71 -2.79  1.08 -9.90 -0.36  6.85  6.97  4.94 -2.04 -2.65 
utt>    91                    file_4  143    0    72 20  2 4 5.804460e-12 -1.448352e+02 -2.071143e+04
INFO: cmn.c(133): CMN: 78.22  7.66 -10.51  9.89 -4.23 -2.47 -13.78  2.00  9.31 11.74  7.13 -6.62  0.60 
utt>    92                    file_5  108    0    64 24  2 5 3.632650e-12 -1.458151e+02 -1.574803e+04
INFO: cmn.c(133): CMN: 79.22 11.13 -2.28  9.86 -10.92  0.65 -0.16  3.61 10.19  1.57  4.75 -1.03 -1.18 
utt>    93                    file_6  101    0    60 24  2 5 4.985981e-12 -1.463069e+02 -1.477699e+04
INFO: cmn.c(133): CMN: 75.48  1.08 -1.24  9.05 -3.11 -0.75 -9.60  3.67  3.89  2.15  2.60 -4.92  2.15 
utt>    94                    file_7  775    0   180 22  1 3 3.265803e-12 -1.422617e+02 -1.102529e+05
INFO: cmn.c(133): CMN: 72.15  7.17  0.57  5.17 -6.68 -0.20 -6.85 -0.97  4.87  8.88  0.24 -1.98  7.06 
utt>    95                    file_8  710    0   168 19  2 3 2.679711e-12 -1.402501e+02 -9.957757e+04
INFO: cmn.c(133): CMN: 73.33  5.34 -0.02  7.74 -7.13  0.39 -7.70 -0.08  3.72  7.14  3.36 -0.45  7.99 
utt>    96                    file_9  688    0   176 20  2 3 2.632762e-12 -1.417401e+02 -9.751717e+04
INFO: cmn.c(133): CMN: 72.26  6.73  1.48  3.79 -10.83  1.75 -2.97  3.17  3.91  7.72  2.10  1.19  4.13 
utt>    97                   file_10  774    0   204 18  1 3 2.690122e-12 -1.406042e+02 -1.088276e+05
INFO: cmn.c(133): CMN: 84.74  4.68 -2.49  7.88 -6.44  3.58 -10.96 -3.42  4.19  6.03  3.21 -4.46  5.04 
utt>    98                   file_11  106    0    64 22  3 5 4.135093e-12 -1.426291e+02 -1.511869e+04
INFO: cmn.c(133): CMN: 86.53  1.66  0.01 13.18  0.87  6.81  0.16 -4.11 -12.27 -11.14 -2.33  0.94 -6.66 
utt>    99                    file_1  379    0   180 18  2 4 4.521482e-12 -1.430269e+02 -5.420719e+04
INFO: cmn.c(133): CMN: 80.95  3.30 -5.10  9.96 -3.76  1.87  3.62 -0.30 -5.38 -2.42  1.31  3.71 -6.11 
utt>   100                    file_2  370    0   120 13  1 3 2.840005e-12 -1.400486e+02 -5.181800e+04
INFO: cmn.c(133): CMN: 83.50  6.77  0.09  1.33 -7.08 -6.83 -2.25  0.09 -4.28 -4.35 -6.17 -5.92  1.34 
utt>   101                    file_3  352    0   108 22  2 4 2.965763e-12 -1.411561e+02 -4.968693e+04
INFO: cmn.c(133): CMN: 87.23 -1.27 -5.64  8.68  1.57  2.50 -5.40 -6.16  0.26 -0.13  0.63  3.27 -2.60 
utt>   102                    file_4  420    0   168 20  2 4 4.208240e-12 -1.419155e+02 -5.960450e+04
INFO: cmn.c(133): CMN: 86.99  1.76 -10.61  3.16 -3.35 -1.18 -4.77 -5.18 -4.99 -2.98 -1.56 -0.80 -9.64 
utt>   103                    file_5  402    0   144 18  2 4 3.471574e-12 -1.383295e+02 -5.560846e+04
INFO: cmn.c(133): CMN: 83.42  5.81 -5.51  3.54 -1.97  0.88 -1.34 -3.20 -12.53 -7.94 -3.43 -2.69 -3.08 
utt>   104                    file_6  350    0   108 22  2 4 2.751173e-12 -1.382267e+02 -4.837936e+04
INFO: cmn.c(133): CMN: 88.35 -1.78 -5.63  7.24  1.29 -2.43 -11.24 -1.85 -1.97 -4.82  0.61  0.62 -4.45 
utt>   105                    file_7  713    0   180 17  1 3 2.290971e-12 -1.426540e+02 -1.017123e+05
INFO: cmn.c(133): CMN: 86.19  1.60 -5.11  7.80 -0.77  0.92 -10.07 -5.33 -2.69 -4.43  2.42 -0.32 -4.21 
utt>   106                    file_8  735    0   168 18  1 3 2.452026e-12 -1.423425e+02 -1.046218e+05
INFO: cmn.c(133): CMN: 86.33  3.20 -8.38  3.80 -3.18  0.30 -8.05 -4.98 -5.20 -6.08  0.13  0.11 -4.65 
utt>   107                    file_9  754    0   176 19  1 3 2.855043e-12 -1.439123e+02 -1.085098e+05
INFO: cmn.c(133): CMN: 87.14  6.31 -5.68 -0.06 -8.14 -0.61 -6.36 -2.39 -4.75 -1.94  3.30  3.32  2.71 
utt>   108                   file_10  766    0   204 18  1 3 3.331983e-12 -1.435559e+02 -1.099638e+05
INFO: cmn.c(133): CMN: 91.00  1.93 -6.72  3.49 -5.38  4.03 -4.08 -4.91 -6.67 -2.86  2.57 -1.35 -6.86 
utt>   109                   file_11  138    0    64 20  2 4 5.807489e-12 -1.418090e+02 -1.956964e+04
INFO: cmn.c(133): CMN: 83.36  2.21 -2.33  6.22  3.26 11.28  2.84  2.87  0.82  0.35 -2.49  4.67  2.65 
utt>   110                    file_1  134    0    76 19  2 5 4.813259e-12 -1.499538e+02 -2.009381e+04
INFO: cmn.c(133): CMN: 82.19  8.35 -5.65  8.25 -6.27  9.00  3.39  0.46 -4.20  5.53 -1.54 -1.26  5.75 
utt>   111                    file_2  110    0    56 17  2 4 3.077375e-12 -1.458585e+02 -1.604444e+04
INFO: cmn.c(133): CMN: 81.14 13.41 -2.55  3.68 -6.83 -1.67 -2.85  8.45  0.05  4.78 -1.08  5.74  2.74 
utt>   112                    file_3  120    0    52 16  2 4 5.251163e-12 -1.474079e+02 -1.768895e+04
INFO: cmn.c(133): CMN: 82.91  2.19 -4.94 11.51 -1.90  1.73 -5.58  7.06 -2.06  3.10 -0.70  3.56  8.56 
utt>   113                    file_4  149    0    72 17  2 4 4.788656e-12 -1.477214e+02 -2.201049e+04
INFO: cmn.c(133): CMN: 85.58  5.68 -7.87 10.86 -6.57  0.61 -2.25  3.79 -8.81  4.50 -4.27  0.14  6.04 
utt>   114                    file_5  137    0    64 17  2 4 4.537932e-12 -1.450891e+02 -1.987721e+04
INFO: cmn.c(133): CMN: 82.12 13.66 -0.67  9.51 -4.61  6.23  2.07 13.01 -1.66  6.01 -0.28 -3.35 -0.91 
utt>   115                    file_6  109    0    60 26  2 5 8.180252e-12 -1.453861e+02 -1.584709e+04
INFO: cmn.c(133): CMN: 87.16  1.24 -2.29 12.28 -6.73 -3.86  4.80  9.93  0.55  7.43  0.78  1.35  0.97 
utt>   116                    file_7  625    0   180 20  2 3 3.615818e-12 -1.458433e+02 -9.115208e+04
INFO: cmn.c(133): CMN: 83.81  6.16 -2.53 12.65 -5.50 -5.98  1.58  5.63 -1.31 -0.73 -6.38  0.95  1.91 
utt>   117                    file_8  516    0   168 20  2 4 4.691887e-12 -1.459833e+02 -7.532737e+04
INFO: cmn.c(133): CMN: 81.37  6.63 -1.23 12.72 -6.90 -2.67 -0.01  8.10 -1.97 -0.22 -5.10  1.69  5.08 
utt>   118                    file_9  643    0   176 17  2 3 2.473315e-12 -1.441313e+02 -9.267645e+04
INFO: cmn.c(133): CMN: 81.82  8.06 -2.12  1.31 -12.94 -0.58  2.72  8.55 -3.12  0.90 -3.91  3.11  3.29 
utt>   119                   file_10  662    0   204 18  2 3 2.406386e-12 -1.445672e+02 -9.570351e+04
INFO: cmn.c(133): CMN: 81.49  7.02 -5.73 10.22 -0.66  7.41  3.84 13.96 12.06  2.87 -10.31 -3.43  4.50 
utt>   120                   file_11  138    0    64 21  2 5 4.103665e-12 -1.445939e+02 -1.995395e+04
INFO: cmn.c(133): CMN: 85.07  3.05 -6.21  8.41 -8.76 -2.63 -0.41 -8.26 -14.27 -1.68  3.56  1.10 -7.52 
utt>   121                    file_1  131    0    76 20  2 5 7.421136e-12 -1.474726e+02 -1.931891e+04
INFO: cmn.c(133): CMN: 80.76  6.96 -11.25 12.18 -9.42 -4.08  5.66 -2.00 -13.83 -1.83  2.94  3.36 -4.53 
utt>   122                    file_2  124    0    56 18  2 4 3.817558e-12 -1.416430e+02 -1.756373e+04
INFO: cmn.c(133): CMN: 82.98 10.90 -7.82 11.71 -14.07 -14.46  0.34 -7.00 -17.11 -2.41 -4.73 -1.89  2.77 
utt>   123                    file_3  107    0    52 18  2 5 4.715601e-12 -1.430384e+02 -1.530511e+04
INFO: cmn.c(133): CMN: 87.46  3.64 -13.02 12.43 -8.47 -7.07 -4.14 -11.66 -12.80  1.95  2.97  3.22 -5.93 
utt>   124                    file_4  122    0    72 29  3 6 6.386362e-12 -1.466812e+02 -1.789511e+04
INFO: cmn.c(133): CMN: 89.36  0.68 -14.07  9.22 -10.74 -7.52 -4.23 -11.39 -5.93  4.39  5.34  5.39 -10.21 
utt>   125                    file_5  110    0    64 20  2 5 4.855947e-12 -1.403356e+02 -1.543692e+04
INFO: cmn.c(133): CMN: 79.02  9.87 -7.20 12.36 -5.70 -4.51  1.88  0.92 -10.54 -5.82  1.23 -0.19 -4.16 
utt>   126                    file_6  129    0    60 24  2 5 4.887018e-12 -1.397187e+02 -1.802372e+04
INFO: cmn.c(133): CMN: 80.92  1.36 -8.08 15.59 -5.19 -9.39 -3.64 -6.86 -3.15  0.73 -2.71  5.25  2.43 
utt>   127                    file_7  650    0   180 16  2 3 2.288666e-12 -1.416106e+02 -9.204691e+04
INFO: cmn.c(133): CMN: 79.81  5.80 -8.68 14.46 -3.58 -8.29 -4.10 -8.59 -7.13  2.51 -3.61  1.52  3.77 
utt>   128                    file_8  595    0   168 18  2 3 2.716040e-12 -1.411643e+02 -8.399278e+04
INFO: cmn.c(133): CMN: 80.53  5.08 -8.65 14.14 -8.34 -8.56 -1.59 -8.30 -7.41  0.46 -2.31  3.27  2.60 
utt>   129                    file_9  687    0   176 17  1 3 3.084994e-12 -1.398056e+02 -9.604644e+04
INFO: cmn.c(133): CMN: 80.94  8.83 -9.40  6.05 -13.28 -10.33 -0.97 -2.84 -13.69  0.92  1.11  2.39  5.05 
utt>   130                   file_10  612    0   204 17  2 3 2.569911e-12 -1.427023e+02 -8.733381e+04
INFO: cmn.c(133): CMN: 82.92  9.61 -12.27 10.88 -8.75 -4.75 -3.04 -8.22 -6.28  3.92  4.50 -1.06 -5.80 
utt>   131                   file_11  132    0    64 22  2 5 6.905569e-12 -1.405724e+02 -1.855555e+04
INFO: cmn.c(133): CMN: 88.81  1.13 -2.64  3.99 -10.10 -6.35 -15.99 -3.59 -3.88 -0.91 -0.62 -3.02  6.85 
utt>   132                    file_1  300    0   180 22  2 5 5.302581e-12 -1.492764e+02 -4.478291e+04
INFO: cmn.c(133): CMN: 86.62  4.19 -4.78 -2.74 -8.62  0.70 -6.69 -0.90 -4.33  5.54 -5.23 -4.41  4.25 
utt>   133                    file_2  224    0   120 19  2 4 4.840690e-12 -1.456112e+02 -3.261690e+04
INFO: cmn.c(133): CMN: 87.27  6.08 -8.75 -0.44 -17.78 -8.99 -10.54  3.17 -7.71  2.15  1.31  1.60  7.76 
utt>   134                    file_3  230    0   108 19  2 4 3.919788e-12 -1.467522e+02 -3.375301e+04
INFO: cmn.c(133): CMN: 89.15  0.80 -5.29  4.94 -9.15 -9.08 -19.10  0.87  0.05 12.37 -5.17 -2.19 12.05 
utt>   135                    file_4  306    0   168 22  2 4 4.167414e-12 -1.476868e+02 -4.519215e+04
INFO: cmn.c(133): CMN: 89.58  2.93 -11.72  1.30 -10.97 -7.07 -14.87 -0.34 -3.47 10.32 -5.22  2.02 10.52 
utt>   136                    file_5  268    0   144 26  2 5 4.099374e-12 -1.460837e+02 -3.915043e+04
INFO: cmn.c(133): CMN: 85.26  7.26 -6.25 -0.63 -13.22  0.07 -14.95  0.70 -4.27  3.79 -0.39  3.53 -2.87 
utt>   137                    file_6  239    0   108 24  2 5 5.012342e-12 -1.459134e+02 -3.487331e+04
INFO: cmn.c(133): CMN: 84.56 -0.22 -5.73  1.52 -12.87 -9.39 -9.52  8.44  5.79  0.53 -3.53  1.63 -0.49 
utt>   138                    file_7  723    0   180 17  1 3 2.311661e-12 -1.439604e+02 -1.040834e+05
INFO: cmn.c(133): CMN: 80.96  6.18 -9.75 -2.96 -9.27 -7.08 -11.07  7.12 11.09  4.37 -4.55  2.94  2.87 
utt>   139                    file_8  755    0   168 17  1 3 2.119258e-12 -1.414910e+02 -1.068257e+05
INFO: cmn.c(133): CMN: 82.23  6.26 -9.76 -1.27 -8.20 -4.05 -9.83  8.31  9.62  5.67 -1.54  3.80  4.20 
utt>   140                    file_9  700    0   176 18  1 3 3.645703e-12 -1.425826e+02 -9.980785e+04
INFO: cmn.c(133): CMN: 81.34  6.82 -7.14 -7.65 -14.04 -3.26 -7.55  2.41  0.75  4.74  1.22 -0.20  5.66 
utt>   141                   file_10  765    0   204 16  1 3 2.340155e-12 -1.434168e+02 -1.097139e+05
INFO: cmn.c(133): CMN: 84.38  9.36 -9.02 -2.01 -7.37 -2.68 -15.42  3.14  0.72  7.10  1.75 -2.88  0.33 
utt>   142                   file_11  252    0   112 21  2 4 6.669472e-12 -1.449303e+02 -3.652244e+04
INFO: cmn.c(133): CMN: 85.80  1.97 -0.34  6.14  1.21 -8.84 -6.76 -4.55 -2.79  7.04  9.86 -2.79  8.19 
utt>   143                    file_1  401    0   180 18  2 4 3.010752e-12 -1.443014e+02 -5.786484e+04
INFO: cmn.c(133): CMN: 84.77  4.42 -8.03  4.98 -2.82 -0.99  0.25  0.64 -3.43  5.86 -1.02 -10.17  2.62 
utt>   144                    file_2  331    0   120 14  2 3 2.778090e-12 -1.440316e+02 -4.767448e+04
INFO: cmn.c(133): CMN: 85.19 12.18 -5.60  3.98 -6.23 -5.41 -3.88 -0.32 -7.46 -2.97  2.60  5.12  6.53 
utt>   145                    file_3  288    0   108 19  2 5 3.412797e-12 -1.411197e+02 -4.064247e+04
INFO: cmn.c(133): CMN: 89.74 -0.91 -7.31  5.70 -0.45 -15.02 -13.64  3.92  0.75  4.38  2.80 -1.88  4.46 
utt>   146                    file_4  400    0   168 19  2 4 2.762013e-12 -1.438636e+02 -5.754542e+04
INFO: cmn.c(133): CMN: 86.42  4.88 -9.13  2.45 -0.28 -5.18 -7.28  3.73  0.05  1.18 -0.36 -4.25  0.37 
utt>   147                    file_5  395    0   144 16  2 4 4.712321e-12 -1.408319e+02 -5.562860e+04
INFO: cmn.c(133): CMN: 83.37  5.57 -3.24  1.21  0.35 -2.09 -3.78  2.14  1.48  1.72 -0.07  3.25  4.59 
utt>   148                    file_6  360    0   108 23  2 4 3.397440e-12 -1.412062e+02 -5.083424e+04
INFO: cmn.c(133): CMN: 80.18 -0.45 -3.86  7.12 -1.48 -11.25 -6.60  3.34  1.37  5.15  8.12  6.65  3.64 
utt>   149                    file_7  903    0   180 16  1 3 3.019597e-12 -1.393791e+02 -1.258593e+05
INFO: cmn.c(133): CMN: 78.22  3.06 -4.53  5.12 -0.34 -7.43 -8.83  2.20 -2.22  3.00  2.00  3.12  4.65 
utt>   150                    file_8  956    0   168 17  1 3 1.986923e-12 -1.397850e+02 -1.336344e+05
INFO: cmn.c(133): CMN: 78.24  4.64 -4.27  4.69  0.69 -8.08 -2.63  2.91  1.67  2.51  4.30  4.16  5.53 
utt>   151                    file_9  987    0   176 19  1 3 1.782817e-12 -1.399177e+02 -1.380988e+05
INFO: cmn.c(133): CMN: 78.98  5.43 -4.46  0.54 -2.33 -5.66 -4.13  1.29  2.38  5.02  7.12  3.13  5.40 
utt>   152                   file_10  948    0   204 18  1 3 2.567540e-12 -1.404997e+02 -1.331937e+05
INFO: cmn.c(133): CMN: 80.60  7.77 -5.21  3.37  3.22 -3.45 -3.41 -0.67  4.55  4.93  3.75  2.43  4.36 
utt>   153                   file_11  338    0   112 21  2 4 3.732501e-12 -1.409112e+02 -4.762798e+04
INFO: cmn.c(133): CMN: 87.69  1.08  3.80  4.84 -4.19  0.28 -5.78 -7.00 -2.29 -1.26 -0.30  6.21 -2.83 
utt>   154                    file_1  320    0   180 20  2 5 4.055857e-12 -1.453192e+02 -4.650214e+04
INFO: cmn.c(133): CMN: 81.90  4.05 -0.40  5.93 -4.22  2.35 -0.49  0.27  1.38  0.94  4.37  1.89 -2.12 
utt>   155                    file_2  346    0   120 16  2 4 3.601068e-12 -1.427989e+02 -4.940843e+04
INFO: cmn.c(133): CMN: 78.82  7.87 -1.95  4.38 -5.03 -1.06 -4.96 -1.23 -2.62 -2.56 -0.10  6.09  4.13 
utt>   156                    file_3  341    0   108 18  2 4 4.311503e-12 -1.389824e+02 -4.739299e+04
INFO: cmn.c(133): CMN: 86.16  1.21 -3.48 11.26 -0.88 -2.24 -8.77 -6.66 -0.40 -0.61  3.80  1.90  0.59 
utt>   157                    file_4  405    0   168 19  2 4 4.431571e-12 -1.443720e+02 -5.847067e+04
INFO: cmn.c(133): CMN: 86.10  6.98 -5.00  3.30 -7.06 -3.48 -9.40 -2.95  1.88  3.16  2.60 -0.08 -3.67 
utt>   158                    file_5  368    0   144 18  2 4 4.158399e-12 -1.405497e+02 -5.172228e+04
INFO: cmn.c(133): CMN: 78.22 10.03 -3.23  2.30 -4.04 -0.30 -5.39 -5.49 -4.68 -0.28  3.71  4.85  0.82 
utt>   159                    file_6  373    0   108 20  2 3 3.563428e-12 -1.400446e+02 -5.223662e+04
INFO: cmn.c(133): CMN: 77.46  2.63 -2.14  2.29 -4.09 -2.26 -6.98 -3.95  1.38  3.49  1.48  0.65 -1.12 
utt>   160                    file_7 1083    0   180 19  1 3 2.713454e-12 -1.399705e+02 -1.515880e+05
INFO: cmn.c(133): CMN: 78.16  5.12 -1.08  2.01 -3.31 -1.76 -6.78 -3.80  1.64  1.24  0.41 -0.23  0.52 
utt>   161                    file_8 1063    0   176 19  1 3 2.230525e-12 -1.410280e+02 -1.499128e+05
INFO: cmn.c(133): CMN: 79.08  5.82 -1.44  3.05 -3.97  0.75 -4.62 -2.93 -2.45  1.22 -1.60 -2.79  1.02 
utt>   162                    file_9 1053    0   192 19  1 3 2.428695e-12 -1.401459e+02 -1.475737e+05
INFO: cmn.c(133): CMN: 79.17  6.21 -0.10  2.51 -7.38 -0.98 -5.94 -5.53 -2.66 -0.51  0.77  0.19  2.86 
utt>   163                   file_10 1014    0   204 21  1 3 2.573194e-12 -1.422794e+02 -1.442713e+05
INFO: cmn.c(133): CMN: 86.47 10.38 -2.52  3.64 -4.29 -0.67 -7.84 -7.13 -1.48  2.22  5.14  2.67  1.30 
utt>   164                   file_11  105    0    64 27  3 6 5.956212e-12 -1.416195e+02 -1.487005e+04
INFO: cmn.c(133): CMN: 87.08 -0.03 -0.11  9.07 -6.82  1.23 -3.84  2.98 -4.93  1.95  0.42 -2.31  7.06 
utt>   165                    file_1  411    0   180 19  2 5 5.035654e-12 -1.460861e+02 -6.004138e+04
INFO: cmn.c(133): CMN: 86.02  2.25 -6.66  2.54 -6.20  8.03  5.54  5.66 -6.59 -1.22 -6.88 -6.05 -3.19 
utt>   166                    file_2  367    0   120 14  2 3 3.050909e-12 -1.443094e+02 -5.296155e+04
INFO: cmn.c(133): CMN: 87.72  7.30 -3.12  6.48 -11.06  0.42 -4.86  2.43 -4.62 -1.78 -0.99 -3.21  2.37 
utt>   167                    file_3  321    0   108 18  2 4 4.559503e-12 -1.452199e+02 -4.661558e+04
INFO: cmn.c(133): CMN: 91.58 -1.71 -6.82  8.07 -4.54 -6.25 -11.87  3.21 -5.37  4.30 -2.99 -3.07  6.25 
utt>   168                    file_4  388    0   168 22  2 4 3.850822e-12 -1.460334e+02 -5.666097e+04
INFO: cmn.c(133): CMN: 93.99 -1.25 -11.61  1.06 -9.20 -1.37 -4.23  4.33 -3.05  1.51 -4.66 -1.81  8.18 
utt>   169                    file_5  368    0   144 19  2 4 3.691971e-12 -1.429523e+02 -5.260646e+04
INFO: cmn.c(133): CMN: 90.01  3.08 -4.97  5.54 -9.93 -1.54 -7.58  1.64 -6.11  2.10  2.80  1.74  5.31 
utt>   170                    file_6  307    0   108 25  2 5 5.640043e-12 -1.447866e+02 -4.444948e+04
INFO: cmn.c(133): CMN: 83.77 -4.14 -5.13  8.88 -9.78 -3.21 -3.90  3.22 -3.31  0.12  3.20 -1.74  1.20 
utt>   171                    file_7  921    0   180 17  1 3 2.582493e-12 -1.404319e+02 -1.293377e+05
INFO: cmn.c(133): CMN: 84.16  1.20 -5.33  6.84 -10.42 -4.08 -7.31  5.63 -3.77  0.66  2.49  0.65  5.43 
utt>   172                    file_8  898    0   176 17  1 3 2.353484e-12 -1.414225e+02 -1.269974e+05
INFO: cmn.c(133): CMN: 87.42 -3.48 -5.64  4.15 -11.62 -6.12 -9.09  4.94 -2.13  1.84  4.25  5.09  6.13 
utt>   173                    file_9  903    0   192 18  1 3 2.740221e-12 -1.426507e+02 -1.288135e+05
INFO: cmn.c(133): CMN: 85.76  1.91 -7.21  1.53 -16.22 -5.93 -7.81  4.25 -3.56  0.04  4.21  1.18  4.84 
utt>   174                   file_10  848    0   204 17  1 3 2.291158e-12 -1.421988e+02 -1.205846e+05
INFO: cmn.c(133): CMN: 93.09 -0.48 -10.40  2.81 -3.74 -1.54 -5.49 10.00 -1.08  3.00 -0.12  1.80  8.58 
utt>   175                   file_11  145    0    64 23  2 5 4.465693e-12 -1.435326e+02 -2.081223e+04
INFO: cmn.c(133): CMN: 53.67  2.05  5.36 11.21 -9.13  4.40  8.96 -6.47 -0.71  7.46 -10.91  1.25 16.03 
utt>   176                    file_1  170    0    76 17  2 4 4.613663e-12 -1.495912e+02 -2.543051e+04
INFO: cmn.c(133): CMN: 52.44  7.73 -6.48  1.87 -8.96 11.01 10.66 -5.55  0.30  4.73 -8.43 -8.32 14.39 
utt>   177                    file_2  148    0    56 14  2 4 2.821853e-12 -1.452935e+02 -2.150343e+04
INFO: cmn.c(133): CMN: 52.36 15.01  4.46  7.62 -23.28 -5.87  2.47 -12.71 -2.66 -1.90 -1.81  9.98 20.68 
utt>   178                    file_3  132    0    52 16  2 4 3.109090e-12 -1.487052e+02 -1.962909e+04
INFO: cmn.c(133): CMN: 55.25  6.87 -6.47 10.84 -9.45  5.01  4.30 -7.74  1.84  4.26 -6.62 -4.77 19.93 
utt>   179                    file_4  149    0    72 20  2 5 3.786794e-12 -1.500753e+02 -2.236122e+04
INFO: cmn.c(133): CMN: 54.49 10.92 -7.99  6.47 -11.40  3.99  7.47 -5.32  5.98  2.61 -11.77 -7.04 13.35 
utt>   180                    file_5  170    0    64 16  2 4 5.929897e-12 -1.474631e+02 -2.506873e+04
INFO: cmn.c(133): CMN: 53.15 15.25  5.55  9.81 -17.33  1.81  7.85 -3.38  5.16  0.10 -3.28  5.64 23.80 
utt>   181                    file_6  154    0    60 18  2 4 4.668316e-12 -1.473060e+02 -2.268513e+04
INFO: cmn.c(133): CMN: 49.32  3.74 -0.02 16.95 -12.19 -3.19 -1.40 -1.94 -2.60 -1.15 -2.95 -4.27 12.63 
utt>   182                    file_7  784    0   180 16  2 3 2.944385e-12 -1.450334e+02 -1.137062e+05
INFO: cmn.c(133): CMN: 50.00  9.62 -0.24 14.77 -13.27  0.61  4.58  2.93  2.54 -0.39 -1.10  1.43 10.84 
utt>   183                    file_8  872    0   176 16  1 3 2.919626e-12 -1.454536e+02 -1.268356e+05
INFO: cmn.c(133): CMN: 51.97  8.42 -0.78 13.93 -11.53 -3.04  4.22  1.11  1.09 -2.54 -1.66  4.79 14.40 
utt>   184                    file_9  835    0   200 15  1 3 3.298666e-12 -1.457697e+02 -1.217177e+05
INFO: cmn.c(133): CMN: 50.58 11.57 -2.53  5.86 -14.34  1.70  5.96 -1.88 -3.27 -1.17 -0.87  4.72 14.34 
utt>   185                   file_10  818    0   204 17  1 3 2.647139e-12 -1.475373e+02 -1.206855e+05
INFO: cmn.c(133): CMN: 57.38 12.78 -8.49  1.90 -10.25 -0.60  5.92  7.62  9.30  2.37 -2.99  1.25 15.03 
utt>   186                   file_11  158    0    64 17  2 4 3.952793e-12 -1.494629e+02 -2.361514e+04
INFO: cmn.c(133): CMN: 60.02  5.98 -6.29  9.56 -19.38 16.24  7.07 -8.01 -3.89  5.52 -9.38 -0.36  0.03 
utt>   187                    file_1  200    0    76 14  2 4 1.310446e-12 -1.483307e+02 -2.966613e+04
INFO: cmn.c(133): CMN: 57.10  8.37 -6.84  3.70 -16.85 15.92  6.65 -8.66 -3.91  2.88 -6.78 -0.04 -0.52 
utt>   188                    file_2  180    0    56 13  1 3 3.247302e-12 -1.457743e+02 -2.623938e+04
INFO: cmn.c(133): CMN: 59.45  8.78  2.04 11.87 -33.24  6.66 -1.71 -6.59  1.70  9.22 -6.35 10.99  2.63 
utt>   189                    file_3  209    0    52 17  2 3 2.650393e-12 -1.474547e+02 -3.081802e+04
INFO: cmn.c(133): CMN: 58.64  4.44 -9.68  9.05 -17.42 14.36 -8.38 -5.17  6.79  5.50 -6.32  6.13  4.16 
utt>   190                    file_4  211    0    72 17  2 4 2.148773e-12 -1.492797e+02 -3.149801e+04
INFO: cmn.c(133): CMN: 63.95  1.85 -19.88  4.88 -20.64 16.38 -3.53 -6.65  2.33  0.50 -6.46 -0.52  0.34 
utt>   191                    file_5  203    0    64 14  2 3 1.534360e-12 -1.487105e+02 -3.018824e+04
INFO: cmn.c(133): CMN: 57.00 12.83  0.93  5.91 -36.65 12.40 -5.65  0.51  6.00  3.40 -8.45 -3.77 -8.17 
utt>   192                    file_6  194    0    60 15  2 3 1.024043e-12 -1.501155e+02 -2.912241e+04
INFO: cmn.c(133): CMN: 55.97  2.88 -2.41 14.02 -23.40  4.48 -8.32  2.66  0.63  8.28  0.11  4.97 -0.05 
utt>   193                    file_7  833    0   180 15  1 3 2.695758e-12 -1.448171e+02 -1.206326e+05
INFO: cmn.c(133): CMN: 59.02  7.47 -3.47 10.21 -24.09  7.78 -9.34  8.22 -2.81  7.44  0.70  5.21  6.59 
utt>   194                    file_8  774    0   176 14  1 3 2.092769e-12 -1.467201e+02 -1.135614e+05
INFO: cmn.c(133): CMN: 58.42  6.11 -4.91  8.28 -22.89  4.45 -11.73  9.62 -1.80  7.13  1.58  1.75  7.91 
utt>   195                    file_9  854    0   200 14  1 3 2.531903e-12 -1.462738e+02 -1.249179e+05
INFO: cmn.c(133): CMN: 56.09  7.95 -1.68  0.59 -27.21 10.98 -5.48  7.70  2.65  5.33 -0.45  4.20  7.27 
utt>   196                   file_10  843    0   204 14  1 3 2.180898e-12 -1.464107e+02 -1.234242e+05
INFO: cmn.c(133): CMN: 60.00  9.87 -11.88  3.37 -19.10 14.27 -11.25  1.47  9.73  6.45 -0.55  4.05  8.03 
utt>   197                   file_11  203    0    64 17  2 4 3.282134e-12 -1.494438e+02 -3.033710e+04
INFO: cmn.c(133): CMN: 46.72  8.50  0.19  7.53  3.05  4.95 -5.80 -5.34 -8.10  3.39  2.97 -7.09  5.50 
utt>   198                    file_1  446    0   180 21  2 5 3.408956e-12 -1.441817e+02 -6.430505e+04
INFO: cmn.c(133): CMN: 46.17  7.99 -3.42  9.07 -1.85  9.15  0.43  2.89 -6.05  4.38  6.83 -7.65  6.36 
utt>   199                    file_2  426    0   120 14  2 3 2.285348e-12 -1.441651e+02 -6.141433e+04
INFO: cmn.c(133): CMN: 52.34 14.92 -8.08  2.28 -19.18  6.75  1.06  1.04 -4.51  2.96  4.34 -3.26  6.07 
utt>   200                    file_3  361    0    92 20  2 4 3.019407e-12 -1.473304e+02 -5.318629e+04
INFO: cmn.c(133): CMN: 49.51  7.69 -2.58 15.82 -3.11 -1.46 -11.69  1.85 -4.88  0.87  2.48 -10.46  6.15 
utt>   201                    file_4  436    0   168 20  2 4 4.204681e-12 -1.461001e+02 -6.369966e+04
INFO: cmn.c(133): CMN: 52.03 13.43 -11.77  5.47 -5.64  5.28 -5.44  3.40 -2.10  3.70  4.13 -13.89  6.47 
utt>   202                    file_5  389    0   144 17  2 4 3.189887e-12 -1.443818e+02 -5.616451e+04
INFO: cmn.c(133): CMN: 49.49 15.08 -3.43  4.21 -7.13  6.82 -4.09  1.52 -4.62  2.78  5.10 -8.54  5.55 
utt>   203                    file_6  354    0   108 27  2 4 3.657953e-12 -1.438296e+02 -5.091568e+04
INFO: cmn.c(133): CMN: 48.47  6.20 -3.91 13.97 -15.73 -0.76 -5.28  8.65  1.22  3.81  7.19 -6.28  3.24 
utt>   204                    file_7  730    0   180 17  2 3 2.211413e-12 -1.429301e+02 -1.043390e+05
INFO: cmn.c(133): CMN: 49.61 12.16 -5.41  9.28 -20.32 -1.09 -6.20  2.99 -1.74  3.48  3.11 -5.77  4.70 
utt>   205                    file_8  713    0   176 15  1 3 2.392491e-12 -1.428806e+02 -1.018739e+05
INFO: cmn.c(133): CMN: 49.53  9.92 -3.67  8.39 -17.01 -2.96 -5.07  9.12  0.71  4.52  1.55 -6.71  3.99 
utt>   206                    file_9  764    0   200 16  2 3 2.518865e-12 -1.434058e+02 -1.095620e+05
INFO: cmn.c(133): CMN: 48.68 11.53 -5.15  2.44 -19.28  2.58  0.74 10.51 -1.22  6.16  7.90 -4.83  5.26 
utt>   207                   file_10  726    0   204 17  2 3 2.885934e-12 -1.438886e+02 -1.044631e+05
INFO: cmn.c(133): CMN: 51.99 17.98 -10.05 -0.34 -8.07  7.94 -2.94  6.72  5.30 10.72  5.17 -1.58  5.82 
utt>   208                   file_11  302    0   112 24  2 5 4.251403e-12 -1.435357e+02 -4.334778e+04
INFO: cmn.c(133): CMN: 76.86  8.24  2.06  3.75 -13.10  4.69 -4.77 -4.73 -10.36 -4.64 -0.78  2.32 -3.58 
utt>   209                    file_1  435    0   180 15  2 4 3.437698e-12 -1.439892e+02 -6.263529e+04
INFO: cmn.c(133): CMN: 72.16 10.07 -2.17  2.64 -8.01  4.17 -2.09  0.22 -6.20 -2.58  3.00 -2.63 -8.25 
utt>   210                    file_2  405    0   120 14  1 3 2.388760e-12 -1.437061e+02 -5.820099e+04
INFO: cmn.c(133): CMN: 69.25 14.93  1.12  3.84 -6.55  1.34 -3.08 -3.99 -7.91 -6.23 -5.21 -0.49 -2.09 
utt>   211                    file_3  339    0   108 18  2 5 4.381564e-12 -1.424192e+02 -4.828011e+04
INFO: cmn.c(133): CMN: 77.57  5.60 -3.52  8.55 -8.84  1.01 -6.12 -5.36 -9.01 -4.60  1.02 -1.24 -6.99 
utt>   212                    file_4  423    0   168 15  1 3 2.578513e-12 -1.450600e+02 -6.136040e+04
INFO: cmn.c(133): CMN: 77.05  7.51 -5.48  5.72 -9.36  3.78 -7.26 -1.90 -6.65 -0.83  0.53 -6.22 -4.86 
utt>   213                    file_5  387    0   144 15  1 3 2.625669e-12 -1.418376e+02 -5.489116e+04
INFO: cmn.c(133): CMN: 74.73 13.22 -1.13  6.07 -7.72  5.76  0.70 -0.57 -5.68 -4.39 -4.42 -5.95 -2.04 
utt>   214                    file_6  341    0   108 18  2 3 2.609669e-12 -1.409093e+02 -4.805009e+04
INFO: cmn.c(133): CMN: 76.80  3.73 -3.91  3.82 -7.49 -0.99 -9.12 -5.41 -5.27 -3.91 -3.18 -0.81 -2.40 
utt>   215                    file_7  884    0   180 16  1 3 2.355067e-12 -1.399073e+02 -1.236781e+05
INFO: cmn.c(133): CMN: 77.20  9.40 -2.83  4.12 -9.00 -1.06 -6.61 -4.95 -4.07 -3.09 -3.85 -1.97 -1.52 
utt>   216                    file_8  949    0   176 16  1 2 2.507256e-12 -1.407211e+02 -1.335444e+05
INFO: cmn.c(133): CMN: 77.41  7.61 -2.03  2.95 -8.35  0.70 -7.34 -4.45 -4.67 -3.83 -3.56 -0.15 -1.13 
utt>   217                    file_9  924    0   200 14  1 2 2.037673e-12 -1.410025e+02 -1.302863e+05
INFO: cmn.c(133): CMN: 75.87 10.14 -3.17 -0.25 -12.86 -1.45 -5.61 -4.67 -4.59 -0.65 -2.25 -0.04 -1.26 
utt>   218                   file_10  931    0   204 15  1 3 1.427607e-12 -1.410285e+02 -1.312975e+05
INFO: cmn.c(133): CMN: 82.19  9.55 -4.16 10.10 -5.97  8.29 -6.18 -2.07 -8.86 -3.65 -5.78 -6.80 -2.84 
utt>   219                   file_11  119    0    64 21  2 5 5.787382e-12 -1.475905e+02 -1.756327e+04
INFO: cmn.c(133): CMN: 76.06  6.84 -5.14 17.53 -6.19  3.02  4.47  5.02  1.32 13.45 10.23 -1.82  9.36 
utt>   220                    file_1  438    0   180 18  2 4 3.178936e-12 -1.446904e+02 -6.337439e+04
INFO: cmn.c(133): CMN: 73.42  8.20 -7.35  9.11 -13.77 -2.39 -4.47 -2.91 -5.74  1.57  1.45 -1.16  0.96 
utt>   221                    file_2  369    0   120 14  1 3 2.399767e-12 -1.433583e+02 -5.289920e+04
INFO: cmn.c(133): CMN: 77.10  9.70 -5.21  7.34 -21.83 -4.75  2.17 -4.21 -3.83 -1.97  2.14  9.35  1.68 
utt>   222                    file_3  328    0   108 17  2 4 3.983196e-12 -1.466418e+02 -4.809850e+04
INFO: cmn.c(133): CMN: 79.91  4.83 -11.63 10.36 -13.75 -8.87 -8.25 -1.85  2.36  2.83 -1.87  0.08  1.93 
utt>   223                    file_4  415    0   168 15  1 3 3.581667e-12 -1.455855e+02 -6.041796e+04
INFO: cmn.c(133): CMN: 78.10  8.91 -13.56  9.14 -14.76 -5.48 -4.34 -0.87 -0.11  2.48 -1.25 -1.62  1.78 
utt>   224                    file_5  397    0   144 14  1 3 4.871585e-12 -1.434702e+02 -5.695769e+04
INFO: cmn.c(133): CMN: 74.70 10.23 -8.09  6.77 -17.66 -2.65 -3.09 -0.06  0.59 -0.07  2.32  4.54  0.62 
utt>   225                    file_6  360    0   108 17  2 3 3.510436e-12 -1.430193e+02 -5.148694e+04
INFO: cmn.c(133): CMN: 73.32  4.23 -7.10 12.12 -13.69 -9.74 -4.29 -4.68 -6.12 -0.83 -2.17  1.36 -1.00 
utt>   226                    file_7  930    0   180 16  1 3 2.296407e-12 -1.413201e+02 -1.314277e+05
INFO: cmn.c(133): CMN: 70.50  8.37 -8.36  5.00 -14.49 -6.60 -4.16 -2.77  0.34  0.74 -1.70  3.31  0.36 
utt>   227                    file_8 1099    0   176 17  1 2 2.143167e-12 -1.411988e+02 -1.551775e+05
INFO: cmn.c(133): CMN: 70.33  7.38 -6.01  7.68 -13.21 -6.92 -4.08 -3.32  0.63 -0.21 -1.38  4.39  1.64 
utt>   228                    file_9 1084    0   200 16  1 3 2.052851e-12 -1.409482e+02 -1.527878e+05
INFO: cmn.c(133): CMN: 69.46  8.57 -7.09  0.98 -16.04 -6.46 -2.81 -1.92 -2.77  0.44 -0.99  3.68  1.24 
utt>   229                   file_10 1077    0   204 16  1 2 2.240464e-12 -1.401767e+02 -1.509703e+05
INFO: cmn.c(133): CMN: 78.61 10.96 -11.12  9.01 -11.29 -3.72 -3.96  0.18  6.00  2.68 -3.27  3.61  2.96 
utt>   230                   file_11  160    0    64 17  2 4 3.668899e-12 -1.451588e+02 -2.322541e+04
INFO: cmn.c(133): CMN: 74.19  5.92 -0.70  3.42 -9.80 -3.36 -7.21 -2.24 -2.50  7.45  2.70  5.01  4.42 
utt>   231                    file_1  448    0   180 16  2 4 3.126369e-12 -1.464983e+02 -6.563125e+04
INFO: cmn.c(133): CMN: 74.63  7.71 -4.70 -0.93 -9.13 -0.80 -7.52 -1.70 -1.26  7.74 -2.18 -0.90  3.62 
utt>   232                    file_2  385    0   120 14  1 3 2.441812e-12 -1.450616e+02 -5.584872e+04
INFO: cmn.c(133): CMN: 74.74  9.60 -4.00 -2.27 -14.54 -6.45 -10.46 -7.17 -10.10  0.96  4.00  9.39  8.71 
utt>   233                    file_3  360    0   108 16  2 3 3.036994e-12 -1.458134e+02 -5.249281e+04
INFO: cmn.c(133): CMN: 79.31  2.09 -5.18  5.82 -14.42 -5.89 -13.70 -1.61 -0.50  6.25 -1.29  3.58  6.02 
utt>   234                    file_4  477    0   168 16  1 3 2.803855e-12 -1.466464e+02 -6.995032e+04
INFO: cmn.c(133): CMN: 81.05  5.84 -8.32  2.64 -13.77 -6.37 -10.70 -0.11 -2.29  3.21 -0.68  4.18  4.91 
utt>   235                    file_5  398    0   144 15  2 3 2.989861e-12 -1.443908e+02 -5.746752e+04
INFO: cmn.c(133): CMN: 77.50 10.83 -6.55 -0.31 -12.80 -3.37 -7.28 -4.03 -2.10  4.89  5.15 10.67  4.63 
utt>   236                    file_6  383    0   108 23  2 4 2.891665e-12 -1.420097e+02 -5.438970e+04
INFO: cmn.c(133): CMN: 77.78  1.71 -4.73  3.62 -12.18 -7.54 -8.30 -3.07 -3.93  0.53  3.40  5.81  0.20 
utt>   237                    file_7 1055    0   180 16  1 3 2.093896e-12 -1.429456e+02 -1.508076e+05
INFO: cmn.c(133): CMN: 76.49  6.44 -7.04 -2.80 -12.03 -5.11 -6.66  1.53 -1.02  0.54  1.71  7.66  2.63 
utt>   238                    file_8 1073    0   176 16  1 2 1.949049e-12 -1.425796e+02 -1.529879e+05
INFO: cmn.c(133): CMN: 75.95  5.33 -5.51 -2.52 -13.66 -7.77 -9.19 -1.71 -2.08  0.64 -0.15  5.32  1.52 
utt>   239                    file_9 1137    0   200 16  1 2 1.971504e-12 -1.419935e+02 -1.614466e+05
INFO: cmn.c(133): CMN: 74.59  8.25 -6.75 -4.03 -13.96 -2.67 -6.68 -2.84 -3.70  2.76  2.55  4.41  1.25 
utt>   240                   file_10 1153    0   204 17  1 3 2.058622e-12 -1.436956e+02 -1.656810e+05
INFO: cmn.c(133): CMN: 86.66  3.30 -8.46 -0.61 -11.38  1.35 -7.78  1.63  1.91  1.57 -1.68 11.63  2.13 
utt>   241                   file_11  181    0    64 17  2 4 4.159222e-12 -1.476236e+02 -2.671987e+04
INFO: cmn.c(133): CMN: 84.68  1.89 -1.90  0.90 -0.12 -2.20 -11.76 -2.27 -5.33  3.04  5.84  6.17  4.25 
utt>   242                    file_1  325    0   180 21  2 5 3.390995e-12 -1.463205e+02 -4.755415e+04
INFO: cmn.c(133): CMN: 82.10  3.63 -1.38  0.68 -5.10  0.95 -7.70 -1.00 -11.27 11.38 -0.25  7.54  6.74 
utt>   243                    file_2  276    0   120 15  2 4 4.730822e-12 -1.460150e+02 -4.030013e+04
INFO: cmn.c(133): CMN: 83.42  9.79 -4.57  4.56 -4.16 -5.23 -12.15 -1.78 -10.51  2.21  1.72  7.67  7.74 
utt>   244                    file_3  245    0   108 18  2 5 3.745111e-12 -1.424584e+02 -3.490231e+04
INFO: cmn.c(133): CMN: 88.88 -0.00 -4.13  7.20 -1.97 -3.03 -19.79 -6.38 -1.33  9.57 -3.24  7.18  9.95 
utt>   245                    file_4  327    0   168 20  2 4 3.322804e-12 -1.477684e+02 -4.832027e+04
INFO: cmn.c(133): CMN: 89.38  5.58 -7.52  3.32 -7.89 -10.21 -13.18 -0.49 -3.54  6.95  2.18  4.60  5.70 
utt>   246                    file_5  280    0   144 16  2 4 4.464356e-12 -1.418813e+02 -3.972677e+04
INFO: cmn.c(133): CMN: 87.98  6.87 -7.26  2.00 -4.01 -1.24 -10.95 -2.55 -5.26  5.47  5.08  9.84  5.35 
utt>   247                    file_6  237    0   108 19  2 4 4.489634e-12 -1.424313e+02 -3.375623e+04
INFO: cmn.c(133): CMN: 83.13  0.03 -5.23  2.13 -5.43 -8.09 -13.88  1.18  3.28  9.03 -3.57  8.80  5.54 
utt>   248                    file_7  741    0   180 17  2 3 2.525292e-12 -1.412887e+02 -1.046949e+05
INFO: cmn.c(133): CMN: 88.33  1.23 -7.93 -2.07 -8.02 -8.01 -14.65  1.29  1.86  5.16 -1.00 10.84  6.78 
utt>   249                    file_8  686    0   176 17  1 3 3.088665e-12 -1.436730e+02 -9.855971e+04
INFO: cmn.c(133): CMN: 85.40  2.61 -3.55  0.05 -5.20 -6.84 -16.17 -3.54  0.10  6.73 -1.34  9.20  5.86 
utt>   250                    file_9  683    0   200 16  1 3 3.278408e-12 -1.443220e+02 -9.857190e+04
INFO: cmn.c(133): CMN: 84.23  4.24 -4.81 -3.97 -10.08 -5.64 -14.13 -2.76 -0.62  7.98  3.88  8.80  5.56 
utt>   251                   file_10  692    0   204 17  1 3 3.340584e-12 -1.434989e+02 -9.930125e+04
INFO: cmn.c(133): CMN: 85.41  5.73 -6.84  1.13 -4.69 -4.38 -18.32 -5.19 -3.21 13.42  5.68  5.43  7.78 
utt>   252                   file_11  106    0    64 16  2 5 4.053788e-12 -1.447631e+02 -1.534489e+04
INFO: cmn.c(133): CMN: 72.69  8.03  1.95  9.00 -14.12 -2.10 -7.42 -1.17 -7.31 -13.27  2.78 -5.04 -5.42 
utt>   253                    file_1  438    0   180 16  2 4 4.168928e-12 -1.449759e+02 -6.349944e+04
INFO: cmn.c(133): CMN: 72.70 11.73 -3.32  5.67 -16.99 -4.94 -5.00 -0.79 -6.34 -6.45  3.71 -4.24 -6.13 
utt>   254                    file_2  319    0   120 15  2 3 2.687156e-12 -1.431057e+02 -4.565073e+04
INFO: cmn.c(133): CMN: 72.85 15.61  0.66 10.91 -14.43 -7.22 -3.91 -1.50 -9.00 -12.17 -4.88 -4.03 -4.62 
utt>   255                    file_3  278    0   108 18  2 4 4.166249e-12 -1.440474e+02 -4.004519e+04
INFO: cmn.c(133): CMN: 75.53  7.14  0.20 14.65 -13.32 -1.58 -9.53 -4.46 -7.93 -11.82  5.65 -2.55 -8.95 
utt>   256                    file_4  352    0   168 19  2 4 2.350290e-12 -1.458127e+02 -5.132607e+04
INFO: cmn.c(133): CMN: 78.96 12.65 -9.23 11.63 -11.01 -9.70 -10.24 -0.76 -2.46 -5.89  3.71 -8.07 -11.37 
utt>   257                    file_5  285    0   144 17  2 4 3.751176e-12 -1.440089e+02 -4.104254e+04
INFO: cmn.c(133): CMN: 73.58 17.82 -2.45  7.87 -11.17 -6.40 -2.53  1.50 -7.87 -12.40  0.38 -6.97 -10.86 
utt>   258                    file_6  303    0   108 23  2 4 2.458726e-12 -1.444502e+02 -4.376842e+04
INFO: cmn.c(133): CMN: 73.14  6.99 -2.04 12.23 -9.19 -7.30 -9.31 -2.91 -9.41 -8.59  1.51 -0.94 -2.89 
utt>   259                    file_7  815    0   180 17  1 3 2.657954e-12 -1.404646e+02 -1.144786e+05
INFO: cmn.c(133): CMN: 72.49 12.28 -1.04  5.62 -10.67 -4.67 -11.12 -3.89 -4.39 -7.63 -0.67 -1.07 -4.23 
utt>   260                    file_8  823    0   176 17  1 3 1.823442e-12 -1.411392e+02 -1.161576e+05
INFO: cmn.c(133): CMN: 71.84  9.90 -1.86  8.49 -10.60 -6.90 -9.76 -3.01 -6.52 -4.25  0.12 -6.89 -2.76 
utt>   261                    file_9  829    0   200 16  1 3 2.189156e-12 -1.423976e+02 -1.180476e+05
INFO: cmn.c(133): CMN: 72.56 11.86 -1.43  4.02 -12.57 -5.36 -7.37 -2.00 -5.68 -5.29 -0.88 -2.39 -2.87 
utt>   262                   file_10  793    0   204 17  1 3 2.528635e-12 -1.408436e+02 -1.116890e+05
INFO: cmn.c(133): CMN: 77.51 15.03 -2.34  8.79 -15.52 -4.73 -10.09 -3.66 -7.03 -9.51  6.10 -7.17 -8.54 
utt>   263                   file_11  155    0    64 22  2 4 3.769540e-12 -1.448083e+02 -2.244528e+04
INFO: cmn.c(133): CMN: 89.76  3.52  1.35  4.30 -6.74  7.55 -5.93 -4.62 -9.98 -2.91  0.83  0.91 -1.20 
utt>   264                    file_1  297    0   180 22  2 5 4.999455e-12 -1.430740e+02 -4.249299e+04
INFO: cmn.c(133): CMN: 91.76  6.77 -5.61  2.93 -9.85 -0.53 -4.16 -0.54 -6.85  0.06  5.78  7.11 -1.30 
utt>   265                    file_2  232    0   120 24  2 4 6.263883e-12 -1.435819e+02 -3.331099e+04
INFO: cmn.c(133): CMN: 92.15  8.82 -5.96  4.83 -9.00 -2.97 -4.37 -0.38 -4.25 -7.35 -5.47  7.08  4.26 
utt>   266                    file_3  211    0   108 21  2 5 5.828422e-12 -1.398429e+02 -2.950685e+04
INFO: cmn.c(133): CMN: 92.83  3.63 -4.37  7.55 -5.49  4.34 -8.76 -9.56 -4.73 -1.31  2.04  3.92 -0.99 
utt>   267                    file_4  309    0   168 27  2 5 4.819928e-12 -1.442374e+02 -4.456935e+04
INFO: cmn.c(133): CMN: 91.25  7.97 -7.24  4.27 -5.51  0.33 -12.45 -6.97 -0.12  4.75  0.09  1.05 -6.33 
utt>   268                    file_5  282    0   144 21  2 4 3.355167e-12 -1.403378e+02 -3.957525e+04
INFO: cmn.c(133): CMN: 91.94  8.27 -5.59  6.52 -7.52 -0.72  0.75 -0.57 -4.15 -1.73 -0.47  3.82  0.40 
utt>   269                    file_6  223    0   108 33  2 5 4.673453e-12 -1.391256e+02 -3.102501e+04
INFO: cmn.c(133): CMN: 84.90  4.16 -5.15  3.54 -4.46 -4.72 -15.20 -5.86  4.32  1.68  2.71  6.13  0.92 
utt>   270                    file_7  898    0   180 19  1 3 3.556300e-12 -1.409131e+02 -1.265400e+05
INFO: cmn.c(133): CMN: 87.98  8.04 -5.85  3.64 -6.02 -2.46 -11.36 -6.68 -1.55 -2.36  0.41  3.61 -0.44 
utt>   271                    file_8  821    0   176 21  1 3 2.202961e-12 -1.402199e+02 -1.151205e+05
INFO: cmn.c(133): CMN: 90.77  3.67 -5.72  4.07 -6.02 -1.30 -10.49 -6.30 -1.45 -4.60 -1.76  7.02 -0.84 
utt>   272                    file_9  873    0   200 22  1 3 2.675250e-12 -1.423484e+02 -1.242702e+05
INFO: cmn.c(133): CMN: 89.93  6.86 -6.07  1.27 -10.66 -1.38 -8.98 -6.33 -1.97 -6.45 -2.63  6.57 -0.60 
utt>   273                   file_10  812    0   204 22  2 3 4.181142e-12 -1.420588e+02 -1.153518e+05
INFO: cmn.c(133): CMN: 93.40  6.59 -6.75  4.28 -6.20  2.12 -1.70 -5.21 -2.18  2.00  1.78  4.25 -2.10 
utt>   274                   file_11  148    0    64 27  2 4 5.520152e-12 -1.405899e+02 -2.080731e+04
overall> stats 121508 (-0) -1.431870e+02 -1.739836e+07

INFO: s3mixw_io.c(233): Wrote /home/simone/Documenti/Elaborazione/project-NLP/bwaccumdir/android_db_buff_1/mixw_counts [281x1x2 array]
INFO: s3tmat_io.c(176): Wrote /home/simone/Documenti/Elaborazione/project-NLP/bwaccumdir/android_db_buff_1/tmat_counts [27x3x4 array]
INFO: s3gau_io.c(485): Wrote /home/simone/Documenti/Elaborazione/project-NLP/bwaccumdir/android_db_buff_1/gauden_counts with means with vars (2pass) [281x1x2 vector arrays]
INFO: main.c(999): Counts saved to /home/simone/Documenti/Elaborazione/project-NLP/bwaccumdir/android_db_buff_1
Thu Feb 16 16:24:42 2017
